<?xml version="1.0" encoding="UTF-8"?>
<testsuite xmlns:xsi="http://www.w3.org/2001/XMLSchema-instance" xsi:noNamespaceSchemaLocation="https://maven.apache.org/surefire/maven-surefire-plugin/xsd/surefire-test-report-3.0.xsd" version="3.0" name="fr.eseo.e3.poo.projet.blox.modele.pieces.ElementTest" time="4.71" tests="5970" errors="0" skipped="0" failures="0">
  <properties>
    <property name="java.specification.version" value="23"/>
    <property name="sun.cpu.isalist" value="amd64"/>
    <property name="sun.jnu.encoding" value="Cp1252"/>
    <property name="java.class.path" value="C:\Users\floal\Documents\General\Cours\Sup\Eseo\E3e\S2\PDLO\Projet Tetris\tetris\target\test-classes;C:\Users\floal\Documents\General\Cours\Sup\Eseo\E3e\S2\PDLO\Projet Tetris\tetris\target\classes;C:\Users\floal\.m2\repository\org\junit\jupiter\junit-jupiter\5.12.0\junit-jupiter-5.12.0.jar;C:\Users\floal\.m2\repository\org\junit\jupiter\junit-jupiter-api\5.12.0\junit-jupiter-api-5.12.0.jar;C:\Users\floal\.m2\repository\org\opentest4j\opentest4j\1.3.0\opentest4j-1.3.0.jar;C:\Users\floal\.m2\repository\org\junit\platform\junit-platform-commons\1.12.0\junit-platform-commons-1.12.0.jar;C:\Users\floal\.m2\repository\org\apiguardian\apiguardian-api\1.1.2\apiguardian-api-1.1.2.jar;C:\Users\floal\.m2\repository\org\junit\jupiter\junit-jupiter-params\5.12.0\junit-jupiter-params-5.12.0.jar;C:\Users\floal\.m2\repository\org\junit\jupiter\junit-jupiter-engine\5.12.0\junit-jupiter-engine-5.12.0.jar;C:\Users\floal\.m2\repository\org\junit\platform\junit-platform-engine\1.12.0\junit-platform-engine-1.12.0.jar;"/>
    <property name="java.vm.vendor" value="Oracle Corporation"/>
    <property name="sun.arch.data.model" value="64"/>
    <property name="user.variant" value=""/>
    <property name="java.vendor.url" value="https://java.oracle.com/"/>
    <property name="user.timezone" value="Europe/Paris"/>
    <property name="os.name" value="Windows 11"/>
    <property name="java.vm.specification.version" value="23"/>
    <property name="user.country" value="FR"/>
    <property name="sun.java.launcher" value="SUN_STANDARD"/>
    <property name="sun.boot.library.path" value="C:\Program Files\Java\jdk-23\bin"/>
    <property name="sun.java.command" value="C:\Users\floal\AppData\Local\Temp\surefire9458737618155979392\surefirebooter-20250331102012887_3.jar C:\Users\floal\AppData\Local\Temp\surefire9458737618155979392 2025-03-31T10-20-12_644-jvmRun1 surefire-20250331102012887_1tmp surefire_0-20250331102012887_2tmp"/>
    <property name="jdk.debug" value="release"/>
    <property name="test" value="fr.eseo.e3.poo.projet.blox.modele.pieces.ElementTest"/>
    <property name="surefire.test.class.path" value="C:\Users\floal\Documents\General\Cours\Sup\Eseo\E3e\S2\PDLO\Projet Tetris\tetris\target\test-classes;C:\Users\floal\Documents\General\Cours\Sup\Eseo\E3e\S2\PDLO\Projet Tetris\tetris\target\classes;C:\Users\floal\.m2\repository\org\junit\jupiter\junit-jupiter\5.12.0\junit-jupiter-5.12.0.jar;C:\Users\floal\.m2\repository\org\junit\jupiter\junit-jupiter-api\5.12.0\junit-jupiter-api-5.12.0.jar;C:\Users\floal\.m2\repository\org\opentest4j\opentest4j\1.3.0\opentest4j-1.3.0.jar;C:\Users\floal\.m2\repository\org\junit\platform\junit-platform-commons\1.12.0\junit-platform-commons-1.12.0.jar;C:\Users\floal\.m2\repository\org\apiguardian\apiguardian-api\1.1.2\apiguardian-api-1.1.2.jar;C:\Users\floal\.m2\repository\org\junit\jupiter\junit-jupiter-params\5.12.0\junit-jupiter-params-5.12.0.jar;C:\Users\floal\.m2\repository\org\junit\jupiter\junit-jupiter-engine\5.12.0\junit-jupiter-engine-5.12.0.jar;C:\Users\floal\.m2\repository\org\junit\platform\junit-platform-engine\1.12.0\junit-platform-engine-1.12.0.jar;"/>
    <property name="sun.cpu.endian" value="little"/>
    <property name="user.home" value="C:\Users\floal"/>
    <property name="user.language" value="fr"/>
    <property name="java.specification.vendor" value="Oracle Corporation"/>
    <property name="java.version.date" value="2025-01-21"/>
    <property name="java.home" value="C:\Program Files\Java\jdk-23"/>
    <property name="file.separator" value="\"/>
    <property name="basedir" value="C:\Users\floal\Documents\General\Cours\Sup\Eseo\E3e\S2\PDLO\Projet Tetris\tetris"/>
    <property name="java.vm.compressedOopsMode" value="Zero based"/>
    <property name="line.separator" value="&#10;"/>
    <property name="java.vm.specification.vendor" value="Oracle Corporation"/>
    <property name="java.specification.name" value="Java Platform API Specification"/>
    <property name="surefire.real.class.path" value="C:\Users\floal\AppData\Local\Temp\surefire9458737618155979392\surefirebooter-20250331102012887_3.jar"/>
    <property name="user.script" value=""/>
    <property name="sun.management.compiler" value="HotSpot 64-Bit Tiered Compilers"/>
    <property name="java.runtime.version" value="23.0.2+7-58"/>
    <property name="user.name" value="Flo"/>
    <property name="stdout.encoding" value="Cp1252"/>
    <property name="path.separator" value=";"/>
    <property name="os.version" value="10.0"/>
    <property name="java.runtime.name" value="Java(TM) SE Runtime Environment"/>
    <property name="file.encoding" value="UTF-8"/>
    <property name="java.vm.name" value="Java HotSpot(TM) 64-Bit Server VM"/>
    <property name="maven.ext.class.path" value="C:\Users\floal\.vscode\extensions\oracle.oracle-java-23.1.0\nbcode\java\maven-nblib\netbeans-eventspy.jar"/>
    <property name="localRepository" value="C:\Users\floal\.m2\repository"/>
    <property name="java.vendor.url.bug" value="https://bugreport.java.com/bugreport/"/>
    <property name="java.io.tmpdir" value="C:\Users\floal\AppData\Local\Temp\"/>
    <property name="java.version" value="23.0.2"/>
    <property name="user.dir" value="C:\Users\floal\Documents\General\Cours\Sup\Eseo\E3e\S2\PDLO\Projet Tetris\tetris"/>
    <property name="os.arch" value="amd64"/>
    <property name="java.vm.specification.name" value="Java Virtual Machine Specification"/>
    <property name="sun.os.patch.level" value=""/>
    <property name="native.encoding" value="Cp1252"/>
    <property name="java.library.path" value="C:\Program Files\Java\jdk-23\bin;C:\Windows\Sun\Java\bin;C:\Windows\system32;C:\Windows;C:\Python313\Scripts\;C:\Python313\;C:\Program Files\Common Files\Oracle\Java\javapath;C:\Ruby33-x64\bin;C:\Program Files (x86)\Razer Chroma SDK\bin;C:\Program Files\Razer Chroma SDK\bin;C:\Program Files (x86)\Razer\ChromaBroadcast\bin;C:\Program Files\Razer\ChromaBroadcast\bin;C:\Program Files (x86)\VMware\VMware Workstation\bin\;C:\Program Files (x86)\Common Files\Oracle\Java\java8path;C:\Program Files (x86)\Common Files\Oracle\Java\javapath;C:\Windows\system32;C:\Windows;C:\Windows\System32\Wbem;C:\Windows\System32\WindowsPowerShell\v1.0\;C:\Windows\System32\OpenSSH\;C:\Program Files\MATLAB\R2024b\bin;C:\Program Files\Git\cmd;C:\xampp\php;;C:\Program Files\Docker\Docker\resources\bin;C:\Windows\system32\config\systemprofile\AppData\Local\Microsoft\WindowsApps;C:\ProgramData\ComposerSetup\bin;C:\Program Files\dotnet\;C:\Program Files\nodejs\;C:\ProgramData\chocolatey\bin;C:\Program Files\Go\bin;C:\Users\floal\AppData\Local\Microsoft\WindowsApps;C:\Users\floal\AppData\Local\GitHubDesktop\bin;C:\Users\floal\AppData\Local\Programs\Microsoft VS Code\bin;C:\Program Files\heroku\bin;C:\Users\floal\AppData\Local\Pandoc\;C:\Users\floal\AppData\Local\Programs\MiKTeX\miktex\bin\x64\;C:\Users\floal\AppData\Roaming\Composer\vendor\bin;C:\xampp\php;C:\Program Files\Java\maven\bin;C:\Users\floal\AppData\Local\Packages\PythonSoftwareFoundation.Python.3.11_qbz5n2kfra8p0\LocalCache\local-packages\Python311\Scripts;C:\Users\floal\AppData\Roaming\npm;C:\esp-idf-v5.0.8\tools\;C:\Users\floal\go\bin;."/>
    <property name="java.vm.info" value="mixed mode, sharing"/>
    <property name="stderr.encoding" value="Cp1252"/>
    <property name="java.vendor" value="Oracle Corporation"/>
    <property name="java.vm.version" value="23.0.2+7-58"/>
    <property name="sun.io.unicode.encoding" value="UnicodeLittle"/>
    <property name="java.class.version" value="67.0"/>
  </properties>
  <testcase name="testEqualSymmetrie" classname="fr.eseo.e3.poo.projet.blox.modele.pieces.ElementTest" time="0.044"/>
  <testcase name="testEqualNullite" classname="fr.eseo.e3.poo.projet.blox.modele.pieces.ElementTest" time="0.004"/>
  <testcase name="testHashCodeInegalite(Element, Element)[1]" classname="fr.eseo.e3.poo.projet.blox.modele.pieces.ElementTest" time="0.019"/>
  <testcase name="testHashCodeInegalite(Element, Element)[2]" classname="fr.eseo.e3.poo.projet.blox.modele.pieces.ElementTest" time="0.003"/>
  <testcase name="testHashCodeInegalite(Element, Element)[3]" classname="fr.eseo.e3.poo.projet.blox.modele.pieces.ElementTest" time="0.004"/>
  <testcase name="testHashCodeInegalite(Element, Element)[4]" classname="fr.eseo.e3.poo.projet.blox.modele.pieces.ElementTest" time="0.007"/>
  <testcase name="testHashCodeInegalite(Element, Element)[5]" classname="fr.eseo.e3.poo.projet.blox.modele.pieces.ElementTest" time="0.001"/>
  <testcase name="testHashCodeInegalite(Element, Element)[6]" classname="fr.eseo.e3.poo.projet.blox.modele.pieces.ElementTest" time="0.004"/>
  <testcase name="testHashCodeInegalite(Element, Element)[7]" classname="fr.eseo.e3.poo.projet.blox.modele.pieces.ElementTest" time="0.008"/>
  <testcase name="testHashCodeInegalite(Element, Element)[8]" classname="fr.eseo.e3.poo.projet.blox.modele.pieces.ElementTest" time="0.003"/>
  <testcase name="testHashCodeInegalite(Element, Element)[9]" classname="fr.eseo.e3.poo.projet.blox.modele.pieces.ElementTest" time="0.004"/>
  <testcase name="testHashCodeInegalite(Element, Element)[10]" classname="fr.eseo.e3.poo.projet.blox.modele.pieces.ElementTest" time="0.006"/>
  <testcase name="testHashCodeInegalite(Element, Element)[11]" classname="fr.eseo.e3.poo.projet.blox.modele.pieces.ElementTest" time="0.006"/>
  <testcase name="testHashCodeInegalite(Element, Element)[12]" classname="fr.eseo.e3.poo.projet.blox.modele.pieces.ElementTest" time="0.006"/>
  <testcase name="testHashCodeInegalite(Element, Element)[13]" classname="fr.eseo.e3.poo.projet.blox.modele.pieces.ElementTest" time="0.004"/>
  <testcase name="testHashCodeInegalite(Element, Element)[14]" classname="fr.eseo.e3.poo.projet.blox.modele.pieces.ElementTest" time="0.002"/>
  <testcase name="testHashCodeInegalite(Element, Element)[15]" classname="fr.eseo.e3.poo.projet.blox.modele.pieces.ElementTest" time="0.003"/>
  <testcase name="testHashCodeInegalite(Element, Element)[16]" classname="fr.eseo.e3.poo.projet.blox.modele.pieces.ElementTest" time="0.002"/>
  <testcase name="testHashCodeInegalite(Element, Element)[17]" classname="fr.eseo.e3.poo.projet.blox.modele.pieces.ElementTest" time="0.002"/>
  <testcase name="testHashCodeInegalite(Element, Element)[18]" classname="fr.eseo.e3.poo.projet.blox.modele.pieces.ElementTest" time="0.002"/>
  <testcase name="testHashCodeInegalite(Element, Element)[19]" classname="fr.eseo.e3.poo.projet.blox.modele.pieces.ElementTest" time="0.007"/>
  <testcase name="testHashCodeInegalite(Element, Element)[20]" classname="fr.eseo.e3.poo.projet.blox.modele.pieces.ElementTest" time="0.003"/>
  <testcase name="testHashCodeInegalite(Element, Element)[21]" classname="fr.eseo.e3.poo.projet.blox.modele.pieces.ElementTest" time="0.005"/>
  <testcase name="testHashCodeInegalite(Element, Element)[22]" classname="fr.eseo.e3.poo.projet.blox.modele.pieces.ElementTest" time="0.002"/>
  <testcase name="testHashCodeInegalite(Element, Element)[23]" classname="fr.eseo.e3.poo.projet.blox.modele.pieces.ElementTest" time="0.001"/>
  <testcase name="testHashCodeInegalite(Element, Element)[24]" classname="fr.eseo.e3.poo.projet.blox.modele.pieces.ElementTest" time="0.002"/>
  <testcase name="testHashCodeInegalite(Element, Element)[25]" classname="fr.eseo.e3.poo.projet.blox.modele.pieces.ElementTest" time="0.001"/>
  <testcase name="testHashCodeInegalite(Element, Element)[26]" classname="fr.eseo.e3.poo.projet.blox.modele.pieces.ElementTest" time="0.004"/>
  <testcase name="testHashCodeInegalite(Element, Element)[27]" classname="fr.eseo.e3.poo.projet.blox.modele.pieces.ElementTest" time="0.002"/>
  <testcase name="testHashCodeInegalite(Element, Element)[28]" classname="fr.eseo.e3.poo.projet.blox.modele.pieces.ElementTest" time="0.003"/>
  <testcase name="testHashCodeInegalite(Element, Element)[29]" classname="fr.eseo.e3.poo.projet.blox.modele.pieces.ElementTest" time="0.002"/>
  <testcase name="testHashCodeInegalite(Element, Element)[30]" classname="fr.eseo.e3.poo.projet.blox.modele.pieces.ElementTest" time="0.001"/>
  <testcase name="testHashCodeInegalite(Element, Element)[31]" classname="fr.eseo.e3.poo.projet.blox.modele.pieces.ElementTest" time="0.002"/>
  <testcase name="testHashCodeInegalite(Element, Element)[32]" classname="fr.eseo.e3.poo.projet.blox.modele.pieces.ElementTest" time="0.002"/>
  <testcase name="testHashCodeInegalite(Element, Element)[33]" classname="fr.eseo.e3.poo.projet.blox.modele.pieces.ElementTest" time="0.001"/>
  <testcase name="testHashCodeInegalite(Element, Element)[34]" classname="fr.eseo.e3.poo.projet.blox.modele.pieces.ElementTest" time="0.001"/>
  <testcase name="testHashCodeInegalite(Element, Element)[35]" classname="fr.eseo.e3.poo.projet.blox.modele.pieces.ElementTest" time="0.005"/>
  <testcase name="testHashCodeInegalite(Element, Element)[36]" classname="fr.eseo.e3.poo.projet.blox.modele.pieces.ElementTest" time="0.001"/>
  <testcase name="testHashCodeInegalite(Element, Element)[37]" classname="fr.eseo.e3.poo.projet.blox.modele.pieces.ElementTest" time="0.003"/>
  <testcase name="testHashCodeInegalite(Element, Element)[38]" classname="fr.eseo.e3.poo.projet.blox.modele.pieces.ElementTest" time="0.001"/>
  <testcase name="testHashCodeInegalite(Element, Element)[39]" classname="fr.eseo.e3.poo.projet.blox.modele.pieces.ElementTest" time="0.001"/>
  <testcase name="testHashCodeInegalite(Element, Element)[40]" classname="fr.eseo.e3.poo.projet.blox.modele.pieces.ElementTest" time="0.002"/>
  <testcase name="testHashCodeInegalite(Element, Element)[41]" classname="fr.eseo.e3.poo.projet.blox.modele.pieces.ElementTest" time="0.002"/>
  <testcase name="testHashCodeInegalite(Element, Element)[42]" classname="fr.eseo.e3.poo.projet.blox.modele.pieces.ElementTest" time="0.001"/>
  <testcase name="testHashCodeInegalite(Element, Element)[43]" classname="fr.eseo.e3.poo.projet.blox.modele.pieces.ElementTest" time="0.002"/>
  <testcase name="testHashCodeInegalite(Element, Element)[44]" classname="fr.eseo.e3.poo.projet.blox.modele.pieces.ElementTest" time="0.001"/>
  <testcase name="testHashCodeInegalite(Element, Element)[45]" classname="fr.eseo.e3.poo.projet.blox.modele.pieces.ElementTest" time="0.002"/>
  <testcase name="testHashCodeInegalite(Element, Element)[46]" classname="fr.eseo.e3.poo.projet.blox.modele.pieces.ElementTest" time="0.002"/>
  <testcase name="testHashCodeInegalite(Element, Element)[47]" classname="fr.eseo.e3.poo.projet.blox.modele.pieces.ElementTest" time="0.001"/>
  <testcase name="testHashCodeInegalite(Element, Element)[48]" classname="fr.eseo.e3.poo.projet.blox.modele.pieces.ElementTest" time="0.001"/>
  <testcase name="testHashCodeInegalite(Element, Element)[49]" classname="fr.eseo.e3.poo.projet.blox.modele.pieces.ElementTest" time="0.001"/>
  <testcase name="testHashCodeInegalite(Element, Element)[50]" classname="fr.eseo.e3.poo.projet.blox.modele.pieces.ElementTest" time="0.002"/>
  <testcase name="testHashCodeInegalite(Element, Element)[51]" classname="fr.eseo.e3.poo.projet.blox.modele.pieces.ElementTest" time="0.001"/>
  <testcase name="testHashCodeInegalite(Element, Element)[52]" classname="fr.eseo.e3.poo.projet.blox.modele.pieces.ElementTest" time="0.001"/>
  <testcase name="testHashCodeInegalite(Element, Element)[53]" classname="fr.eseo.e3.poo.projet.blox.modele.pieces.ElementTest" time="0.002"/>
  <testcase name="testHashCodeInegalite(Element, Element)[54]" classname="fr.eseo.e3.poo.projet.blox.modele.pieces.ElementTest" time="0.001"/>
  <testcase name="testHashCodeInegalite(Element, Element)[55]" classname="fr.eseo.e3.poo.projet.blox.modele.pieces.ElementTest" time="0.001"/>
  <testcase name="testHashCodeInegalite(Element, Element)[56]" classname="fr.eseo.e3.poo.projet.blox.modele.pieces.ElementTest" time="0.002"/>
  <testcase name="testHashCodeInegalite(Element, Element)[57]" classname="fr.eseo.e3.poo.projet.blox.modele.pieces.ElementTest" time="0.008"/>
  <testcase name="testHashCodeInegalite(Element, Element)[58]" classname="fr.eseo.e3.poo.projet.blox.modele.pieces.ElementTest" time="0.008"/>
  <testcase name="testHashCodeInegalite(Element, Element)[59]" classname="fr.eseo.e3.poo.projet.blox.modele.pieces.ElementTest" time="0.002"/>
  <testcase name="testHashCodeInegalite(Element, Element)[60]" classname="fr.eseo.e3.poo.projet.blox.modele.pieces.ElementTest" time="0.002"/>
  <testcase name="testHashCodeInegalite(Element, Element)[61]" classname="fr.eseo.e3.poo.projet.blox.modele.pieces.ElementTest" time="0.001"/>
  <testcase name="testHashCodeInegalite(Element, Element)[62]" classname="fr.eseo.e3.poo.projet.blox.modele.pieces.ElementTest" time="0.005"/>
  <testcase name="testHashCodeInegalite(Element, Element)[63]" classname="fr.eseo.e3.poo.projet.blox.modele.pieces.ElementTest" time="0.004"/>
  <testcase name="testHashCodeInegalite(Element, Element)[64]" classname="fr.eseo.e3.poo.projet.blox.modele.pieces.ElementTest" time="0.001"/>
  <testcase name="testHashCodeInegalite(Element, Element)[65]" classname="fr.eseo.e3.poo.projet.blox.modele.pieces.ElementTest" time="0.002"/>
  <testcase name="testHashCodeInegalite(Element, Element)[66]" classname="fr.eseo.e3.poo.projet.blox.modele.pieces.ElementTest" time="0.001"/>
  <testcase name="testHashCodeInegalite(Element, Element)[67]" classname="fr.eseo.e3.poo.projet.blox.modele.pieces.ElementTest" time="0.001"/>
  <testcase name="testHashCodeInegalite(Element, Element)[68]" classname="fr.eseo.e3.poo.projet.blox.modele.pieces.ElementTest" time="0.002"/>
  <testcase name="testHashCodeInegalite(Element, Element)[69]" classname="fr.eseo.e3.poo.projet.blox.modele.pieces.ElementTest" time="0.001"/>
  <testcase name="testHashCodeInegalite(Element, Element)[70]" classname="fr.eseo.e3.poo.projet.blox.modele.pieces.ElementTest" time="0.001"/>
  <testcase name="testHashCodeInegalite(Element, Element)[71]" classname="fr.eseo.e3.poo.projet.blox.modele.pieces.ElementTest" time="0.001"/>
  <testcase name="testHashCodeInegalite(Element, Element)[72]" classname="fr.eseo.e3.poo.projet.blox.modele.pieces.ElementTest" time="0.003"/>
  <testcase name="testHashCodeInegalite(Element, Element)[73]" classname="fr.eseo.e3.poo.projet.blox.modele.pieces.ElementTest" time="0.001"/>
  <testcase name="testHashCodeInegalite(Element, Element)[74]" classname="fr.eseo.e3.poo.projet.blox.modele.pieces.ElementTest" time="0.002"/>
  <testcase name="testHashCodeInegalite(Element, Element)[75]" classname="fr.eseo.e3.poo.projet.blox.modele.pieces.ElementTest" time="0.001"/>
  <testcase name="testHashCodeInegalite(Element, Element)[76]" classname="fr.eseo.e3.poo.projet.blox.modele.pieces.ElementTest" time="0.001"/>
  <testcase name="testHashCodeInegalite(Element, Element)[77]" classname="fr.eseo.e3.poo.projet.blox.modele.pieces.ElementTest" time="0.002"/>
  <testcase name="testHashCodeInegalite(Element, Element)[78]" classname="fr.eseo.e3.poo.projet.blox.modele.pieces.ElementTest" time="0.001"/>
  <testcase name="testHashCodeInegalite(Element, Element)[79]" classname="fr.eseo.e3.poo.projet.blox.modele.pieces.ElementTest" time="0.001"/>
  <testcase name="testHashCodeInegalite(Element, Element)[80]" classname="fr.eseo.e3.poo.projet.blox.modele.pieces.ElementTest" time="0.002"/>
  <testcase name="testHashCodeInegalite(Element, Element)[81]" classname="fr.eseo.e3.poo.projet.blox.modele.pieces.ElementTest" time="0.001"/>
  <testcase name="testHashCodeInegalite(Element, Element)[82]" classname="fr.eseo.e3.poo.projet.blox.modele.pieces.ElementTest" time="0.001"/>
  <testcase name="testHashCodeInegalite(Element, Element)[83]" classname="fr.eseo.e3.poo.projet.blox.modele.pieces.ElementTest" time="0.003"/>
  <testcase name="testHashCodeInegalite(Element, Element)[84]" classname="fr.eseo.e3.poo.projet.blox.modele.pieces.ElementTest" time="0.001"/>
  <testcase name="testHashCodeInegalite(Element, Element)[85]" classname="fr.eseo.e3.poo.projet.blox.modele.pieces.ElementTest" time="0.002"/>
  <testcase name="testHashCodeInegalite(Element, Element)[86]" classname="fr.eseo.e3.poo.projet.blox.modele.pieces.ElementTest" time="0.001"/>
  <testcase name="testHashCodeInegalite(Element, Element)[87]" classname="fr.eseo.e3.poo.projet.blox.modele.pieces.ElementTest" time="0.001"/>
  <testcase name="testHashCodeInegalite(Element, Element)[88]" classname="fr.eseo.e3.poo.projet.blox.modele.pieces.ElementTest" time="0.001"/>
  <testcase name="testHashCodeInegalite(Element, Element)[89]" classname="fr.eseo.e3.poo.projet.blox.modele.pieces.ElementTest" time="0.003"/>
  <testcase name="testHashCodeInegalite(Element, Element)[90]" classname="fr.eseo.e3.poo.projet.blox.modele.pieces.ElementTest" time="0.001"/>
  <testcase name="testHashCodeInegalite(Element, Element)[91]" classname="fr.eseo.e3.poo.projet.blox.modele.pieces.ElementTest" time="0.001"/>
  <testcase name="testHashCodeInegalite(Element, Element)[92]" classname="fr.eseo.e3.poo.projet.blox.modele.pieces.ElementTest" time="0.001"/>
  <testcase name="testHashCodeInegalite(Element, Element)[93]" classname="fr.eseo.e3.poo.projet.blox.modele.pieces.ElementTest" time="0.001"/>
  <testcase name="testHashCodeInegalite(Element, Element)[94]" classname="fr.eseo.e3.poo.projet.blox.modele.pieces.ElementTest" time="0.001"/>
  <testcase name="testHashCodeInegalite(Element, Element)[95]" classname="fr.eseo.e3.poo.projet.blox.modele.pieces.ElementTest" time="0.001"/>
  <testcase name="testHashCodeInegalite(Element, Element)[96]" classname="fr.eseo.e3.poo.projet.blox.modele.pieces.ElementTest" time="0.001"/>
  <testcase name="testHashCodeInegalite(Element, Element)[97]" classname="fr.eseo.e3.poo.projet.blox.modele.pieces.ElementTest" time="0.001"/>
  <testcase name="testHashCodeInegalite(Element, Element)[98]" classname="fr.eseo.e3.poo.projet.blox.modele.pieces.ElementTest" time="0.001"/>
  <testcase name="testHashCodeInegalite(Element, Element)[99]" classname="fr.eseo.e3.poo.projet.blox.modele.pieces.ElementTest" time="0.001"/>
  <testcase name="testHashCodeInegalite(Element, Element)[100]" classname="fr.eseo.e3.poo.projet.blox.modele.pieces.ElementTest" time="0.001"/>
  <testcase name="testHashCodeInegalite(Element, Element)[101]" classname="fr.eseo.e3.poo.projet.blox.modele.pieces.ElementTest" time="0.001"/>
  <testcase name="testHashCodeInegalite(Element, Element)[102]" classname="fr.eseo.e3.poo.projet.blox.modele.pieces.ElementTest" time="0.003"/>
  <testcase name="testHashCodeInegalite(Element, Element)[103]" classname="fr.eseo.e3.poo.projet.blox.modele.pieces.ElementTest" time="0.001"/>
  <testcase name="testHashCodeInegalite(Element, Element)[104]" classname="fr.eseo.e3.poo.projet.blox.modele.pieces.ElementTest" time="0.0"/>
  <testcase name="testHashCodeInegalite(Element, Element)[105]" classname="fr.eseo.e3.poo.projet.blox.modele.pieces.ElementTest" time="0.0"/>
  <testcase name="testHashCodeInegalite(Element, Element)[106]" classname="fr.eseo.e3.poo.projet.blox.modele.pieces.ElementTest" time="0.001"/>
  <testcase name="testHashCodeInegalite(Element, Element)[107]" classname="fr.eseo.e3.poo.projet.blox.modele.pieces.ElementTest" time="0.001"/>
  <testcase name="testHashCodeInegalite(Element, Element)[108]" classname="fr.eseo.e3.poo.projet.blox.modele.pieces.ElementTest" time="0.001"/>
  <testcase name="testHashCodeInegalite(Element, Element)[109]" classname="fr.eseo.e3.poo.projet.blox.modele.pieces.ElementTest" time="0.001"/>
  <testcase name="testHashCodeInegalite(Element, Element)[110]" classname="fr.eseo.e3.poo.projet.blox.modele.pieces.ElementTest" time="0.001"/>
  <testcase name="testHashCodeInegalite(Element, Element)[111]" classname="fr.eseo.e3.poo.projet.blox.modele.pieces.ElementTest" time="0.001"/>
  <testcase name="testHashCodeInegalite(Element, Element)[112]" classname="fr.eseo.e3.poo.projet.blox.modele.pieces.ElementTest" time="0.001"/>
  <testcase name="testHashCodeInegalite(Element, Element)[113]" classname="fr.eseo.e3.poo.projet.blox.modele.pieces.ElementTest" time="0.001"/>
  <testcase name="testHashCodeInegalite(Element, Element)[114]" classname="fr.eseo.e3.poo.projet.blox.modele.pieces.ElementTest" time="0.001"/>
  <testcase name="testHashCodeInegalite(Element, Element)[115]" classname="fr.eseo.e3.poo.projet.blox.modele.pieces.ElementTest" time="0.001"/>
  <testcase name="testHashCodeInegalite(Element, Element)[116]" classname="fr.eseo.e3.poo.projet.blox.modele.pieces.ElementTest" time="0.001"/>
  <testcase name="testHashCodeInegalite(Element, Element)[117]" classname="fr.eseo.e3.poo.projet.blox.modele.pieces.ElementTest" time="0.01"/>
  <testcase name="testHashCodeInegalite(Element, Element)[118]" classname="fr.eseo.e3.poo.projet.blox.modele.pieces.ElementTest" time="0.002"/>
  <testcase name="testHashCodeInegalite(Element, Element)[119]" classname="fr.eseo.e3.poo.projet.blox.modele.pieces.ElementTest" time="0.001"/>
  <testcase name="testHashCodeInegalite(Element, Element)[120]" classname="fr.eseo.e3.poo.projet.blox.modele.pieces.ElementTest" time="0.001"/>
  <testcase name="testHashCodeInegalite(Element, Element)[121]" classname="fr.eseo.e3.poo.projet.blox.modele.pieces.ElementTest" time="0.001"/>
  <testcase name="testHashCodeInegalite(Element, Element)[122]" classname="fr.eseo.e3.poo.projet.blox.modele.pieces.ElementTest" time="0.001"/>
  <testcase name="testHashCodeInegalite(Element, Element)[123]" classname="fr.eseo.e3.poo.projet.blox.modele.pieces.ElementTest" time="0.002"/>
  <testcase name="testHashCodeInegalite(Element, Element)[124]" classname="fr.eseo.e3.poo.projet.blox.modele.pieces.ElementTest" time="0.001"/>
  <testcase name="testHashCodeInegalite(Element, Element)[125]" classname="fr.eseo.e3.poo.projet.blox.modele.pieces.ElementTest" time="0.001"/>
  <testcase name="testHashCodeInegalite(Element, Element)[126]" classname="fr.eseo.e3.poo.projet.blox.modele.pieces.ElementTest" time="0.001"/>
  <testcase name="testHashCodeInegalite(Element, Element)[127]" classname="fr.eseo.e3.poo.projet.blox.modele.pieces.ElementTest" time="0.001"/>
  <testcase name="testHashCodeInegalite(Element, Element)[128]" classname="fr.eseo.e3.poo.projet.blox.modele.pieces.ElementTest" time="0.002"/>
  <testcase name="testHashCodeInegalite(Element, Element)[129]" classname="fr.eseo.e3.poo.projet.blox.modele.pieces.ElementTest" time="0.002"/>
  <testcase name="testHashCodeInegalite(Element, Element)[130]" classname="fr.eseo.e3.poo.projet.blox.modele.pieces.ElementTest" time="0.0"/>
  <testcase name="testHashCodeInegalite(Element, Element)[131]" classname="fr.eseo.e3.poo.projet.blox.modele.pieces.ElementTest" time="0.001"/>
  <testcase name="testHashCodeInegalite(Element, Element)[132]" classname="fr.eseo.e3.poo.projet.blox.modele.pieces.ElementTest" time="0.0"/>
  <testcase name="testHashCodeInegalite(Element, Element)[133]" classname="fr.eseo.e3.poo.projet.blox.modele.pieces.ElementTest" time="0.001"/>
  <testcase name="testHashCodeInegalite(Element, Element)[134]" classname="fr.eseo.e3.poo.projet.blox.modele.pieces.ElementTest" time="0.001"/>
  <testcase name="testHashCodeInegalite(Element, Element)[135]" classname="fr.eseo.e3.poo.projet.blox.modele.pieces.ElementTest" time="0.001"/>
  <testcase name="testHashCodeInegalite(Element, Element)[136]" classname="fr.eseo.e3.poo.projet.blox.modele.pieces.ElementTest" time="0.002"/>
  <testcase name="testHashCodeInegalite(Element, Element)[137]" classname="fr.eseo.e3.poo.projet.blox.modele.pieces.ElementTest" time="0.001"/>
  <testcase name="testHashCodeInegalite(Element, Element)[138]" classname="fr.eseo.e3.poo.projet.blox.modele.pieces.ElementTest" time="0.001"/>
  <testcase name="testHashCodeInegalite(Element, Element)[139]" classname="fr.eseo.e3.poo.projet.blox.modele.pieces.ElementTest" time="0.001"/>
  <testcase name="testHashCodeInegalite(Element, Element)[140]" classname="fr.eseo.e3.poo.projet.blox.modele.pieces.ElementTest" time="0.003"/>
  <testcase name="testHashCodeInegalite(Element, Element)[141]" classname="fr.eseo.e3.poo.projet.blox.modele.pieces.ElementTest" time="0.002"/>
  <testcase name="testHashCodeInegalite(Element, Element)[142]" classname="fr.eseo.e3.poo.projet.blox.modele.pieces.ElementTest" time="0.001"/>
  <testcase name="testHashCodeInegalite(Element, Element)[143]" classname="fr.eseo.e3.poo.projet.blox.modele.pieces.ElementTest" time="0.001"/>
  <testcase name="testHashCodeInegalite(Element, Element)[144]" classname="fr.eseo.e3.poo.projet.blox.modele.pieces.ElementTest" time="0.002"/>
  <testcase name="testHashCodeInegalite(Element, Element)[145]" classname="fr.eseo.e3.poo.projet.blox.modele.pieces.ElementTest" time="0.001"/>
  <testcase name="testHashCodeInegalite(Element, Element)[146]" classname="fr.eseo.e3.poo.projet.blox.modele.pieces.ElementTest" time="0.0"/>
  <testcase name="testHashCodeInegalite(Element, Element)[147]" classname="fr.eseo.e3.poo.projet.blox.modele.pieces.ElementTest" time="0.001"/>
  <testcase name="testHashCodeInegalite(Element, Element)[148]" classname="fr.eseo.e3.poo.projet.blox.modele.pieces.ElementTest" time="0.001"/>
  <testcase name="testHashCodeInegalite(Element, Element)[149]" classname="fr.eseo.e3.poo.projet.blox.modele.pieces.ElementTest" time="0.001"/>
  <testcase name="testHashCodeInegalite(Element, Element)[150]" classname="fr.eseo.e3.poo.projet.blox.modele.pieces.ElementTest" time="0.001"/>
  <testcase name="testHashCodeInegalite(Element, Element)[151]" classname="fr.eseo.e3.poo.projet.blox.modele.pieces.ElementTest" time="0.0"/>
  <testcase name="testHashCodeInegalite(Element, Element)[152]" classname="fr.eseo.e3.poo.projet.blox.modele.pieces.ElementTest" time="0.002"/>
  <testcase name="testHashCodeInegalite(Element, Element)[153]" classname="fr.eseo.e3.poo.projet.blox.modele.pieces.ElementTest" time="0.001"/>
  <testcase name="testHashCodeInegalite(Element, Element)[154]" classname="fr.eseo.e3.poo.projet.blox.modele.pieces.ElementTest" time="0.001"/>
  <testcase name="testHashCodeInegalite(Element, Element)[155]" classname="fr.eseo.e3.poo.projet.blox.modele.pieces.ElementTest" time="0.001"/>
  <testcase name="testHashCodeInegalite(Element, Element)[156]" classname="fr.eseo.e3.poo.projet.blox.modele.pieces.ElementTest" time="0.001"/>
  <testcase name="testHashCodeInegalite(Element, Element)[157]" classname="fr.eseo.e3.poo.projet.blox.modele.pieces.ElementTest" time="0.001"/>
  <testcase name="testHashCodeInegalite(Element, Element)[158]" classname="fr.eseo.e3.poo.projet.blox.modele.pieces.ElementTest" time="0.001"/>
  <testcase name="testHashCodeInegalite(Element, Element)[159]" classname="fr.eseo.e3.poo.projet.blox.modele.pieces.ElementTest" time="0.002"/>
  <testcase name="testHashCodeInegalite(Element, Element)[160]" classname="fr.eseo.e3.poo.projet.blox.modele.pieces.ElementTest" time="0.001"/>
  <testcase name="testHashCodeInegalite(Element, Element)[161]" classname="fr.eseo.e3.poo.projet.blox.modele.pieces.ElementTest" time="0.001"/>
  <testcase name="testHashCodeInegalite(Element, Element)[162]" classname="fr.eseo.e3.poo.projet.blox.modele.pieces.ElementTest" time="0.001"/>
  <testcase name="testHashCodeInegalite(Element, Element)[163]" classname="fr.eseo.e3.poo.projet.blox.modele.pieces.ElementTest" time="0.001"/>
  <testcase name="testHashCodeInegalite(Element, Element)[164]" classname="fr.eseo.e3.poo.projet.blox.modele.pieces.ElementTest" time="0.001"/>
  <testcase name="testHashCodeInegalite(Element, Element)[165]" classname="fr.eseo.e3.poo.projet.blox.modele.pieces.ElementTest" time="0.001"/>
  <testcase name="testHashCodeInegalite(Element, Element)[166]" classname="fr.eseo.e3.poo.projet.blox.modele.pieces.ElementTest" time="0.001"/>
  <testcase name="testHashCodeInegalite(Element, Element)[167]" classname="fr.eseo.e3.poo.projet.blox.modele.pieces.ElementTest" time="0.001"/>
  <testcase name="testHashCodeInegalite(Element, Element)[168]" classname="fr.eseo.e3.poo.projet.blox.modele.pieces.ElementTest" time="0.0"/>
  <testcase name="testHashCodeInegalite(Element, Element)[169]" classname="fr.eseo.e3.poo.projet.blox.modele.pieces.ElementTest" time="0.001"/>
  <testcase name="testHashCodeInegalite(Element, Element)[170]" classname="fr.eseo.e3.poo.projet.blox.modele.pieces.ElementTest" time="0.001"/>
  <testcase name="testHashCodeInegalite(Element, Element)[171]" classname="fr.eseo.e3.poo.projet.blox.modele.pieces.ElementTest" time="0.001"/>
  <testcase name="testHashCodeInegalite(Element, Element)[172]" classname="fr.eseo.e3.poo.projet.blox.modele.pieces.ElementTest" time="0.001"/>
  <testcase name="testHashCodeInegalite(Element, Element)[173]" classname="fr.eseo.e3.poo.projet.blox.modele.pieces.ElementTest" time="0.0"/>
  <testcase name="testHashCodeInegalite(Element, Element)[174]" classname="fr.eseo.e3.poo.projet.blox.modele.pieces.ElementTest" time="0.002"/>
  <testcase name="testHashCodeInegalite(Element, Element)[175]" classname="fr.eseo.e3.poo.projet.blox.modele.pieces.ElementTest" time="0.0"/>
  <testcase name="testHashCodeInegalite(Element, Element)[176]" classname="fr.eseo.e3.poo.projet.blox.modele.pieces.ElementTest" time="0.001"/>
  <testcase name="testHashCodeInegalite(Element, Element)[177]" classname="fr.eseo.e3.poo.projet.blox.modele.pieces.ElementTest" time="0.005"/>
  <testcase name="testHashCodeInegalite(Element, Element)[178]" classname="fr.eseo.e3.poo.projet.blox.modele.pieces.ElementTest" time="0.001"/>
  <testcase name="testHashCodeInegalite(Element, Element)[179]" classname="fr.eseo.e3.poo.projet.blox.modele.pieces.ElementTest" time="0.001"/>
  <testcase name="testHashCodeInegalite(Element, Element)[180]" classname="fr.eseo.e3.poo.projet.blox.modele.pieces.ElementTest" time="0.054"/>
  <testcase name="testHashCodeInegalite(Element, Element)[181]" classname="fr.eseo.e3.poo.projet.blox.modele.pieces.ElementTest" time="0.0"/>
  <testcase name="testHashCodeInegalite(Element, Element)[182]" classname="fr.eseo.e3.poo.projet.blox.modele.pieces.ElementTest" time="0.0"/>
  <testcase name="testHashCodeInegalite(Element, Element)[183]" classname="fr.eseo.e3.poo.projet.blox.modele.pieces.ElementTest" time="0.001"/>
  <testcase name="testHashCodeInegalite(Element, Element)[184]" classname="fr.eseo.e3.poo.projet.blox.modele.pieces.ElementTest" time="0.001"/>
  <testcase name="testHashCodeInegalite(Element, Element)[185]" classname="fr.eseo.e3.poo.projet.blox.modele.pieces.ElementTest" time="0.001"/>
  <testcase name="testHashCodeInegalite(Element, Element)[186]" classname="fr.eseo.e3.poo.projet.blox.modele.pieces.ElementTest" time="0.008"/>
  <testcase name="testHashCodeInegalite(Element, Element)[187]" classname="fr.eseo.e3.poo.projet.blox.modele.pieces.ElementTest" time="0.001"/>
  <testcase name="testHashCodeInegalite(Element, Element)[188]" classname="fr.eseo.e3.poo.projet.blox.modele.pieces.ElementTest" time="0.001"/>
  <testcase name="testHashCodeInegalite(Element, Element)[189]" classname="fr.eseo.e3.poo.projet.blox.modele.pieces.ElementTest" time="0.003"/>
  <testcase name="testHashCodeInegalite(Element, Element)[190]" classname="fr.eseo.e3.poo.projet.blox.modele.pieces.ElementTest" time="0.002"/>
  <testcase name="testHashCodeInegalite(Element, Element)[191]" classname="fr.eseo.e3.poo.projet.blox.modele.pieces.ElementTest" time="0.001"/>
  <testcase name="testHashCodeInegalite(Element, Element)[192]" classname="fr.eseo.e3.poo.projet.blox.modele.pieces.ElementTest" time="0.001"/>
  <testcase name="testHashCodeInegalite(Element, Element)[193]" classname="fr.eseo.e3.poo.projet.blox.modele.pieces.ElementTest" time="0.002"/>
  <testcase name="testHashCodeInegalite(Element, Element)[194]" classname="fr.eseo.e3.poo.projet.blox.modele.pieces.ElementTest" time="0.001"/>
  <testcase name="testHashCodeInegalite(Element, Element)[195]" classname="fr.eseo.e3.poo.projet.blox.modele.pieces.ElementTest" time="0.002"/>
  <testcase name="testHashCodeInegalite(Element, Element)[196]" classname="fr.eseo.e3.poo.projet.blox.modele.pieces.ElementTest" time="0.002"/>
  <testcase name="testHashCodeInegalite(Element, Element)[197]" classname="fr.eseo.e3.poo.projet.blox.modele.pieces.ElementTest" time="0.0"/>
  <testcase name="testHashCodeInegalite(Element, Element)[198]" classname="fr.eseo.e3.poo.projet.blox.modele.pieces.ElementTest" time="0.0"/>
  <testcase name="testHashCodeInegalite(Element, Element)[199]" classname="fr.eseo.e3.poo.projet.blox.modele.pieces.ElementTest" time="0.0"/>
  <testcase name="testHashCodeInegalite(Element, Element)[200]" classname="fr.eseo.e3.poo.projet.blox.modele.pieces.ElementTest" time="0.0"/>
  <testcase name="testHashCodeInegalite(Element, Element)[201]" classname="fr.eseo.e3.poo.projet.blox.modele.pieces.ElementTest" time="0.005"/>
  <testcase name="testHashCodeInegalite(Element, Element)[202]" classname="fr.eseo.e3.poo.projet.blox.modele.pieces.ElementTest" time="0.001"/>
  <testcase name="testHashCodeInegalite(Element, Element)[203]" classname="fr.eseo.e3.poo.projet.blox.modele.pieces.ElementTest" time="0.001"/>
  <testcase name="testHashCodeInegalite(Element, Element)[204]" classname="fr.eseo.e3.poo.projet.blox.modele.pieces.ElementTest" time="0.001"/>
  <testcase name="testHashCodeInegalite(Element, Element)[205]" classname="fr.eseo.e3.poo.projet.blox.modele.pieces.ElementTest" time="0.001"/>
  <testcase name="testHashCodeInegalite(Element, Element)[206]" classname="fr.eseo.e3.poo.projet.blox.modele.pieces.ElementTest" time="0.001"/>
  <testcase name="testHashCodeInegalite(Element, Element)[207]" classname="fr.eseo.e3.poo.projet.blox.modele.pieces.ElementTest" time="0.002"/>
  <testcase name="testHashCodeInegalite(Element, Element)[208]" classname="fr.eseo.e3.poo.projet.blox.modele.pieces.ElementTest" time="0.001"/>
  <testcase name="testHashCodeInegalite(Element, Element)[209]" classname="fr.eseo.e3.poo.projet.blox.modele.pieces.ElementTest" time="0.0"/>
  <testcase name="testHashCodeInegalite(Element, Element)[210]" classname="fr.eseo.e3.poo.projet.blox.modele.pieces.ElementTest" time="0.0"/>
  <testcase name="testHashCodeInegalite(Element, Element)[211]" classname="fr.eseo.e3.poo.projet.blox.modele.pieces.ElementTest" time="0.002"/>
  <testcase name="testHashCodeInegalite(Element, Element)[212]" classname="fr.eseo.e3.poo.projet.blox.modele.pieces.ElementTest" time="0.001"/>
  <testcase name="testHashCodeInegalite(Element, Element)[213]" classname="fr.eseo.e3.poo.projet.blox.modele.pieces.ElementTest" time="0.0"/>
  <testcase name="testHashCodeInegalite(Element, Element)[214]" classname="fr.eseo.e3.poo.projet.blox.modele.pieces.ElementTest" time="0.001"/>
  <testcase name="testHashCodeInegalite(Element, Element)[215]" classname="fr.eseo.e3.poo.projet.blox.modele.pieces.ElementTest" time="0.0"/>
  <testcase name="testHashCodeInegalite(Element, Element)[216]" classname="fr.eseo.e3.poo.projet.blox.modele.pieces.ElementTest" time="0.001"/>
  <testcase name="testHashCodeInegalite(Element, Element)[217]" classname="fr.eseo.e3.poo.projet.blox.modele.pieces.ElementTest" time="0.001"/>
  <testcase name="testHashCodeInegalite(Element, Element)[218]" classname="fr.eseo.e3.poo.projet.blox.modele.pieces.ElementTest" time="0.001"/>
  <testcase name="testHashCodeInegalite(Element, Element)[219]" classname="fr.eseo.e3.poo.projet.blox.modele.pieces.ElementTest" time="0.003"/>
  <testcase name="testHashCodeInegalite(Element, Element)[220]" classname="fr.eseo.e3.poo.projet.blox.modele.pieces.ElementTest" time="0.0"/>
  <testcase name="testHashCodeInegalite(Element, Element)[221]" classname="fr.eseo.e3.poo.projet.blox.modele.pieces.ElementTest" time="0.001"/>
  <testcase name="testHashCodeInegalite(Element, Element)[222]" classname="fr.eseo.e3.poo.projet.blox.modele.pieces.ElementTest" time="0.001"/>
  <testcase name="testHashCodeInegalite(Element, Element)[223]" classname="fr.eseo.e3.poo.projet.blox.modele.pieces.ElementTest" time="0.001"/>
  <testcase name="testHashCodeInegalite(Element, Element)[224]" classname="fr.eseo.e3.poo.projet.blox.modele.pieces.ElementTest" time="0.001"/>
  <testcase name="testHashCodeInegalite(Element, Element)[225]" classname="fr.eseo.e3.poo.projet.blox.modele.pieces.ElementTest" time="0.001"/>
  <testcase name="testHashCodeInegalite(Element, Element)[226]" classname="fr.eseo.e3.poo.projet.blox.modele.pieces.ElementTest" time="0.001"/>
  <testcase name="testHashCodeInegalite(Element, Element)[227]" classname="fr.eseo.e3.poo.projet.blox.modele.pieces.ElementTest" time="0.002"/>
  <testcase name="testHashCodeInegalite(Element, Element)[228]" classname="fr.eseo.e3.poo.projet.blox.modele.pieces.ElementTest" time="0.001"/>
  <testcase name="testHashCodeInegalite(Element, Element)[229]" classname="fr.eseo.e3.poo.projet.blox.modele.pieces.ElementTest" time="0.001"/>
  <testcase name="testHashCodeInegalite(Element, Element)[230]" classname="fr.eseo.e3.poo.projet.blox.modele.pieces.ElementTest" time="0.001"/>
  <testcase name="testHashCodeInegalite(Element, Element)[231]" classname="fr.eseo.e3.poo.projet.blox.modele.pieces.ElementTest" time="0.001"/>
  <testcase name="testHashCodeInegalite(Element, Element)[232]" classname="fr.eseo.e3.poo.projet.blox.modele.pieces.ElementTest" time="0.002"/>
  <testcase name="testHashCodeInegalite(Element, Element)[233]" classname="fr.eseo.e3.poo.projet.blox.modele.pieces.ElementTest" time="0.005"/>
  <testcase name="testHashCodeInegalite(Element, Element)[234]" classname="fr.eseo.e3.poo.projet.blox.modele.pieces.ElementTest" time="0.001"/>
  <testcase name="testHashCodeInegalite(Element, Element)[235]" classname="fr.eseo.e3.poo.projet.blox.modele.pieces.ElementTest" time="0.001"/>
  <testcase name="testHashCodeInegalite(Element, Element)[236]" classname="fr.eseo.e3.poo.projet.blox.modele.pieces.ElementTest" time="0.001"/>
  <testcase name="testHashCodeInegalite(Element, Element)[237]" classname="fr.eseo.e3.poo.projet.blox.modele.pieces.ElementTest" time="0.0"/>
  <testcase name="testHashCodeInegalite(Element, Element)[238]" classname="fr.eseo.e3.poo.projet.blox.modele.pieces.ElementTest" time="0.0"/>
  <testcase name="testHashCodeInegalite(Element, Element)[239]" classname="fr.eseo.e3.poo.projet.blox.modele.pieces.ElementTest" time="0.002"/>
  <testcase name="testHashCodeInegalite(Element, Element)[240]" classname="fr.eseo.e3.poo.projet.blox.modele.pieces.ElementTest" time="0.0"/>
  <testcase name="testHashCodeInegalite(Element, Element)[241]" classname="fr.eseo.e3.poo.projet.blox.modele.pieces.ElementTest" time="0.001"/>
  <testcase name="testHashCodeInegalite(Element, Element)[242]" classname="fr.eseo.e3.poo.projet.blox.modele.pieces.ElementTest" time="0.0"/>
  <testcase name="testHashCodeInegalite(Element, Element)[243]" classname="fr.eseo.e3.poo.projet.blox.modele.pieces.ElementTest" time="0.002"/>
  <testcase name="testHashCodeInegalite(Element, Element)[244]" classname="fr.eseo.e3.poo.projet.blox.modele.pieces.ElementTest" time="0.0"/>
  <testcase name="testHashCodeInegalite(Element, Element)[245]" classname="fr.eseo.e3.poo.projet.blox.modele.pieces.ElementTest" time="0.001"/>
  <testcase name="testHashCodeInegalite(Element, Element)[246]" classname="fr.eseo.e3.poo.projet.blox.modele.pieces.ElementTest" time="0.001"/>
  <testcase name="testHashCodeInegalite(Element, Element)[247]" classname="fr.eseo.e3.poo.projet.blox.modele.pieces.ElementTest" time="0.001"/>
  <testcase name="testHashCodeInegalite(Element, Element)[248]" classname="fr.eseo.e3.poo.projet.blox.modele.pieces.ElementTest" time="0.001"/>
  <testcase name="testHashCodeInegalite(Element, Element)[249]" classname="fr.eseo.e3.poo.projet.blox.modele.pieces.ElementTest" time="0.002"/>
  <testcase name="testHashCodeInegalite(Element, Element)[250]" classname="fr.eseo.e3.poo.projet.blox.modele.pieces.ElementTest" time="0.001"/>
  <testcase name="testHashCodeInegalite(Element, Element)[251]" classname="fr.eseo.e3.poo.projet.blox.modele.pieces.ElementTest" time="0.001"/>
  <testcase name="testHashCodeInegalite(Element, Element)[252]" classname="fr.eseo.e3.poo.projet.blox.modele.pieces.ElementTest" time="0.001"/>
  <testcase name="testHashCodeInegalite(Element, Element)[253]" classname="fr.eseo.e3.poo.projet.blox.modele.pieces.ElementTest" time="0.001"/>
  <testcase name="testHashCodeInegalite(Element, Element)[254]" classname="fr.eseo.e3.poo.projet.blox.modele.pieces.ElementTest" time="0.002"/>
  <testcase name="testHashCodeInegalite(Element, Element)[255]" classname="fr.eseo.e3.poo.projet.blox.modele.pieces.ElementTest" time="0.002"/>
  <testcase name="testHashCodeInegalite(Element, Element)[256]" classname="fr.eseo.e3.poo.projet.blox.modele.pieces.ElementTest" time="0.003"/>
  <testcase name="testHashCodeInegalite(Element, Element)[257]" classname="fr.eseo.e3.poo.projet.blox.modele.pieces.ElementTest" time="0.001"/>
  <testcase name="testHashCodeInegalite(Element, Element)[258]" classname="fr.eseo.e3.poo.projet.blox.modele.pieces.ElementTest" time="0.001"/>
  <testcase name="testHashCodeInegalite(Element, Element)[259]" classname="fr.eseo.e3.poo.projet.blox.modele.pieces.ElementTest" time="0.001"/>
  <testcase name="testHashCodeInegalite(Element, Element)[260]" classname="fr.eseo.e3.poo.projet.blox.modele.pieces.ElementTest" time="0.001"/>
  <testcase name="testHashCodeInegalite(Element, Element)[261]" classname="fr.eseo.e3.poo.projet.blox.modele.pieces.ElementTest" time="0.001"/>
  <testcase name="testHashCodeInegalite(Element, Element)[262]" classname="fr.eseo.e3.poo.projet.blox.modele.pieces.ElementTest" time="0.001"/>
  <testcase name="testHashCodeInegalite(Element, Element)[263]" classname="fr.eseo.e3.poo.projet.blox.modele.pieces.ElementTest" time="0.001"/>
  <testcase name="testHashCodeInegalite(Element, Element)[264]" classname="fr.eseo.e3.poo.projet.blox.modele.pieces.ElementTest" time="0.002"/>
  <testcase name="testHashCodeInegalite(Element, Element)[265]" classname="fr.eseo.e3.poo.projet.blox.modele.pieces.ElementTest" time="0.001"/>
  <testcase name="testHashCodeInegalite(Element, Element)[266]" classname="fr.eseo.e3.poo.projet.blox.modele.pieces.ElementTest" time="0.001"/>
  <testcase name="testHashCodeInegalite(Element, Element)[267]" classname="fr.eseo.e3.poo.projet.blox.modele.pieces.ElementTest" time="0.0"/>
  <testcase name="testHashCodeInegalite(Element, Element)[268]" classname="fr.eseo.e3.poo.projet.blox.modele.pieces.ElementTest" time="0.001"/>
  <testcase name="testHashCodeInegalite(Element, Element)[269]" classname="fr.eseo.e3.poo.projet.blox.modele.pieces.ElementTest" time="0.001"/>
  <testcase name="testHashCodeInegalite(Element, Element)[270]" classname="fr.eseo.e3.poo.projet.blox.modele.pieces.ElementTest" time="0.001"/>
  <testcase name="testHashCodeInegalite(Element, Element)[271]" classname="fr.eseo.e3.poo.projet.blox.modele.pieces.ElementTest" time="0.002"/>
  <testcase name="testHashCodeInegalite(Element, Element)[272]" classname="fr.eseo.e3.poo.projet.blox.modele.pieces.ElementTest" time="0.001"/>
  <testcase name="testHashCodeInegalite(Element, Element)[273]" classname="fr.eseo.e3.poo.projet.blox.modele.pieces.ElementTest" time="0.001"/>
  <testcase name="testHashCodeInegalite(Element, Element)[274]" classname="fr.eseo.e3.poo.projet.blox.modele.pieces.ElementTest" time="0.0"/>
  <testcase name="testHashCodeInegalite(Element, Element)[275]" classname="fr.eseo.e3.poo.projet.blox.modele.pieces.ElementTest" time="0.001"/>
  <testcase name="testHashCodeInegalite(Element, Element)[276]" classname="fr.eseo.e3.poo.projet.blox.modele.pieces.ElementTest" time="0.0"/>
  <testcase name="testHashCodeInegalite(Element, Element)[277]" classname="fr.eseo.e3.poo.projet.blox.modele.pieces.ElementTest" time="0.006"/>
  <testcase name="testHashCodeInegalite(Element, Element)[278]" classname="fr.eseo.e3.poo.projet.blox.modele.pieces.ElementTest" time="0.0"/>
  <testcase name="testHashCodeInegalite(Element, Element)[279]" classname="fr.eseo.e3.poo.projet.blox.modele.pieces.ElementTest" time="0.001"/>
  <testcase name="testHashCodeInegalite(Element, Element)[280]" classname="fr.eseo.e3.poo.projet.blox.modele.pieces.ElementTest" time="0.0"/>
  <testcase name="testHashCodeInegalite(Element, Element)[281]" classname="fr.eseo.e3.poo.projet.blox.modele.pieces.ElementTest" time="0.002"/>
  <testcase name="testHashCodeInegalite(Element, Element)[282]" classname="fr.eseo.e3.poo.projet.blox.modele.pieces.ElementTest" time="0.0"/>
  <testcase name="testHashCodeInegalite(Element, Element)[283]" classname="fr.eseo.e3.poo.projet.blox.modele.pieces.ElementTest" time="0.001"/>
  <testcase name="testHashCodeInegalite(Element, Element)[284]" classname="fr.eseo.e3.poo.projet.blox.modele.pieces.ElementTest" time="0.001"/>
  <testcase name="testHashCodeInegalite(Element, Element)[285]" classname="fr.eseo.e3.poo.projet.blox.modele.pieces.ElementTest" time="0.001"/>
  <testcase name="testHashCodeInegalite(Element, Element)[286]" classname="fr.eseo.e3.poo.projet.blox.modele.pieces.ElementTest" time="0.002"/>
  <testcase name="testHashCodeInegalite(Element, Element)[287]" classname="fr.eseo.e3.poo.projet.blox.modele.pieces.ElementTest" time="0.001"/>
  <testcase name="testHashCodeInegalite(Element, Element)[288]" classname="fr.eseo.e3.poo.projet.blox.modele.pieces.ElementTest" time="0.001"/>
  <testcase name="testHashCodeInegalite(Element, Element)[289]" classname="fr.eseo.e3.poo.projet.blox.modele.pieces.ElementTest" time="0.0"/>
  <testcase name="testHashCodeInegalite(Element, Element)[290]" classname="fr.eseo.e3.poo.projet.blox.modele.pieces.ElementTest" time="0.001"/>
  <testcase name="testHashCodeInegalite(Element, Element)[291]" classname="fr.eseo.e3.poo.projet.blox.modele.pieces.ElementTest" time="0.001"/>
  <testcase name="testHashCodeInegalite(Element, Element)[292]" classname="fr.eseo.e3.poo.projet.blox.modele.pieces.ElementTest" time="0.0"/>
  <testcase name="testHashCodeInegalite(Element, Element)[293]" classname="fr.eseo.e3.poo.projet.blox.modele.pieces.ElementTest" time="0.0"/>
  <testcase name="testHashCodeInegalite(Element, Element)[294]" classname="fr.eseo.e3.poo.projet.blox.modele.pieces.ElementTest" time="0.0"/>
  <testcase name="testHashCodeInegalite(Element, Element)[295]" classname="fr.eseo.e3.poo.projet.blox.modele.pieces.ElementTest" time="0.001"/>
  <testcase name="testHashCodeInegalite(Element, Element)[296]" classname="fr.eseo.e3.poo.projet.blox.modele.pieces.ElementTest" time="0.001"/>
  <testcase name="testHashCodeInegalite(Element, Element)[297]" classname="fr.eseo.e3.poo.projet.blox.modele.pieces.ElementTest" time="0.001"/>
  <testcase name="testHashCodeInegalite(Element, Element)[298]" classname="fr.eseo.e3.poo.projet.blox.modele.pieces.ElementTest" time="0.001"/>
  <testcase name="testHashCodeInegalite(Element, Element)[299]" classname="fr.eseo.e3.poo.projet.blox.modele.pieces.ElementTest" time="0.0"/>
  <testcase name="testHashCodeInegalite(Element, Element)[300]" classname="fr.eseo.e3.poo.projet.blox.modele.pieces.ElementTest" time="0.001"/>
  <testcase name="testHashCodeInegalite(Element, Element)[301]" classname="fr.eseo.e3.poo.projet.blox.modele.pieces.ElementTest" time="0.001"/>
  <testcase name="testHashCodeInegalite(Element, Element)[302]" classname="fr.eseo.e3.poo.projet.blox.modele.pieces.ElementTest" time="0.0"/>
  <testcase name="testHashCodeInegalite(Element, Element)[303]" classname="fr.eseo.e3.poo.projet.blox.modele.pieces.ElementTest" time="0.0"/>
  <testcase name="testHashCodeInegalite(Element, Element)[304]" classname="fr.eseo.e3.poo.projet.blox.modele.pieces.ElementTest" time="0.001"/>
  <testcase name="testHashCodeInegalite(Element, Element)[305]" classname="fr.eseo.e3.poo.projet.blox.modele.pieces.ElementTest" time="0.001"/>
  <testcase name="testHashCodeInegalite(Element, Element)[306]" classname="fr.eseo.e3.poo.projet.blox.modele.pieces.ElementTest" time="0.0"/>
  <testcase name="testHashCodeInegalite(Element, Element)[307]" classname="fr.eseo.e3.poo.projet.blox.modele.pieces.ElementTest" time="0.001"/>
  <testcase name="testHashCodeInegalite(Element, Element)[308]" classname="fr.eseo.e3.poo.projet.blox.modele.pieces.ElementTest" time="0.0"/>
  <testcase name="testHashCodeInegalite(Element, Element)[309]" classname="fr.eseo.e3.poo.projet.blox.modele.pieces.ElementTest" time="0.0"/>
  <testcase name="testHashCodeInegalite(Element, Element)[310]" classname="fr.eseo.e3.poo.projet.blox.modele.pieces.ElementTest" time="0.0"/>
  <testcase name="testHashCodeInegalite(Element, Element)[311]" classname="fr.eseo.e3.poo.projet.blox.modele.pieces.ElementTest" time="0.0"/>
  <testcase name="testHashCodeInegalite(Element, Element)[312]" classname="fr.eseo.e3.poo.projet.blox.modele.pieces.ElementTest" time="0.0"/>
  <testcase name="testHashCodeInegalite(Element, Element)[313]" classname="fr.eseo.e3.poo.projet.blox.modele.pieces.ElementTest" time="0.001"/>
  <testcase name="testHashCodeInegalite(Element, Element)[314]" classname="fr.eseo.e3.poo.projet.blox.modele.pieces.ElementTest" time="0.0"/>
  <testcase name="testHashCodeInegalite(Element, Element)[315]" classname="fr.eseo.e3.poo.projet.blox.modele.pieces.ElementTest" time="0.0"/>
  <testcase name="testHashCodeInegalite(Element, Element)[316]" classname="fr.eseo.e3.poo.projet.blox.modele.pieces.ElementTest" time="0.0"/>
  <testcase name="testHashCodeInegalite(Element, Element)[317]" classname="fr.eseo.e3.poo.projet.blox.modele.pieces.ElementTest" time="0.0"/>
  <testcase name="testHashCodeInegalite(Element, Element)[318]" classname="fr.eseo.e3.poo.projet.blox.modele.pieces.ElementTest" time="0.001"/>
  <testcase name="testHashCodeInegalite(Element, Element)[319]" classname="fr.eseo.e3.poo.projet.blox.modele.pieces.ElementTest" time="0.0"/>
  <testcase name="testHashCodeInegalite(Element, Element)[320]" classname="fr.eseo.e3.poo.projet.blox.modele.pieces.ElementTest" time="0.0"/>
  <testcase name="testHashCodeInegalite(Element, Element)[321]" classname="fr.eseo.e3.poo.projet.blox.modele.pieces.ElementTest" time="0.0"/>
  <testcase name="testHashCodeInegalite(Element, Element)[322]" classname="fr.eseo.e3.poo.projet.blox.modele.pieces.ElementTest" time="0.001"/>
  <testcase name="testHashCodeInegalite(Element, Element)[323]" classname="fr.eseo.e3.poo.projet.blox.modele.pieces.ElementTest" time="0.001"/>
  <testcase name="testHashCodeInegalite(Element, Element)[324]" classname="fr.eseo.e3.poo.projet.blox.modele.pieces.ElementTest" time="0.001"/>
  <testcase name="testHashCodeInegalite(Element, Element)[325]" classname="fr.eseo.e3.poo.projet.blox.modele.pieces.ElementTest" time="0.001"/>
  <testcase name="testHashCodeInegalite(Element, Element)[326]" classname="fr.eseo.e3.poo.projet.blox.modele.pieces.ElementTest" time="0.001"/>
  <testcase name="testHashCodeInegalite(Element, Element)[327]" classname="fr.eseo.e3.poo.projet.blox.modele.pieces.ElementTest" time="0.001"/>
  <testcase name="testHashCodeInegalite(Element, Element)[328]" classname="fr.eseo.e3.poo.projet.blox.modele.pieces.ElementTest" time="0.0"/>
  <testcase name="testHashCodeInegalite(Element, Element)[329]" classname="fr.eseo.e3.poo.projet.blox.modele.pieces.ElementTest" time="0.0"/>
  <testcase name="testHashCodeInegalite(Element, Element)[330]" classname="fr.eseo.e3.poo.projet.blox.modele.pieces.ElementTest" time="0.0"/>
  <testcase name="testHashCodeInegalite(Element, Element)[331]" classname="fr.eseo.e3.poo.projet.blox.modele.pieces.ElementTest" time="0.001"/>
  <testcase name="testHashCodeInegalite(Element, Element)[332]" classname="fr.eseo.e3.poo.projet.blox.modele.pieces.ElementTest" time="0.001"/>
  <testcase name="testHashCodeInegalite(Element, Element)[333]" classname="fr.eseo.e3.poo.projet.blox.modele.pieces.ElementTest" time="0.0"/>
  <testcase name="testHashCodeInegalite(Element, Element)[334]" classname="fr.eseo.e3.poo.projet.blox.modele.pieces.ElementTest" time="0.0"/>
  <testcase name="testHashCodeInegalite(Element, Element)[335]" classname="fr.eseo.e3.poo.projet.blox.modele.pieces.ElementTest" time="0.0"/>
  <testcase name="testHashCodeInegalite(Element, Element)[336]" classname="fr.eseo.e3.poo.projet.blox.modele.pieces.ElementTest" time="0.0"/>
  <testcase name="testHashCodeInegalite(Element, Element)[337]" classname="fr.eseo.e3.poo.projet.blox.modele.pieces.ElementTest" time="0.0"/>
  <testcase name="testHashCodeInegalite(Element, Element)[338]" classname="fr.eseo.e3.poo.projet.blox.modele.pieces.ElementTest" time="0.0"/>
  <testcase name="testHashCodeInegalite(Element, Element)[339]" classname="fr.eseo.e3.poo.projet.blox.modele.pieces.ElementTest" time="0.001"/>
  <testcase name="testHashCodeInegalite(Element, Element)[340]" classname="fr.eseo.e3.poo.projet.blox.modele.pieces.ElementTest" time="0.001"/>
  <testcase name="testHashCodeInegalite(Element, Element)[341]" classname="fr.eseo.e3.poo.projet.blox.modele.pieces.ElementTest" time="0.001"/>
  <testcase name="testHashCodeInegalite(Element, Element)[342]" classname="fr.eseo.e3.poo.projet.blox.modele.pieces.ElementTest" time="0.001"/>
  <testcase name="testHashCodeInegalite(Element, Element)[343]" classname="fr.eseo.e3.poo.projet.blox.modele.pieces.ElementTest" time="0.001"/>
  <testcase name="testHashCodeInegalite(Element, Element)[344]" classname="fr.eseo.e3.poo.projet.blox.modele.pieces.ElementTest" time="0.0"/>
  <testcase name="testHashCodeInegalite(Element, Element)[345]" classname="fr.eseo.e3.poo.projet.blox.modele.pieces.ElementTest" time="0.001"/>
  <testcase name="testHashCodeInegalite(Element, Element)[346]" classname="fr.eseo.e3.poo.projet.blox.modele.pieces.ElementTest" time="0.0"/>
  <testcase name="testHashCodeInegalite(Element, Element)[347]" classname="fr.eseo.e3.poo.projet.blox.modele.pieces.ElementTest" time="0.0"/>
  <testcase name="testHashCodeInegalite(Element, Element)[348]" classname="fr.eseo.e3.poo.projet.blox.modele.pieces.ElementTest" time="0.0"/>
  <testcase name="testHashCodeInegalite(Element, Element)[349]" classname="fr.eseo.e3.poo.projet.blox.modele.pieces.ElementTest" time="0.0"/>
  <testcase name="testHashCodeInegalite(Element, Element)[350]" classname="fr.eseo.e3.poo.projet.blox.modele.pieces.ElementTest" time="0.001"/>
  <testcase name="testHashCodeInegalite(Element, Element)[351]" classname="fr.eseo.e3.poo.projet.blox.modele.pieces.ElementTest" time="0.0"/>
  <testcase name="testHashCodeInegalite(Element, Element)[352]" classname="fr.eseo.e3.poo.projet.blox.modele.pieces.ElementTest" time="0.0"/>
  <testcase name="testHashCodeInegalite(Element, Element)[353]" classname="fr.eseo.e3.poo.projet.blox.modele.pieces.ElementTest" time="0.001"/>
  <testcase name="testHashCodeInegalite(Element, Element)[354]" classname="fr.eseo.e3.poo.projet.blox.modele.pieces.ElementTest" time="0.001"/>
  <testcase name="testHashCodeInegalite(Element, Element)[355]" classname="fr.eseo.e3.poo.projet.blox.modele.pieces.ElementTest" time="0.0"/>
  <testcase name="testHashCodeInegalite(Element, Element)[356]" classname="fr.eseo.e3.poo.projet.blox.modele.pieces.ElementTest" time="0.0"/>
  <testcase name="testHashCodeInegalite(Element, Element)[357]" classname="fr.eseo.e3.poo.projet.blox.modele.pieces.ElementTest" time="0.0"/>
  <testcase name="testHashCodeInegalite(Element, Element)[358]" classname="fr.eseo.e3.poo.projet.blox.modele.pieces.ElementTest" time="0.0"/>
  <testcase name="testHashCodeInegalite(Element, Element)[359]" classname="fr.eseo.e3.poo.projet.blox.modele.pieces.ElementTest" time="0.001"/>
  <testcase name="testHashCodeInegalite(Element, Element)[360]" classname="fr.eseo.e3.poo.projet.blox.modele.pieces.ElementTest" time="0.001"/>
  <testcase name="testHashCodeInegalite(Element, Element)[361]" classname="fr.eseo.e3.poo.projet.blox.modele.pieces.ElementTest" time="0.001"/>
  <testcase name="testHashCodeInegalite(Element, Element)[362]" classname="fr.eseo.e3.poo.projet.blox.modele.pieces.ElementTest" time="0.001"/>
  <testcase name="testHashCodeInegalite(Element, Element)[363]" classname="fr.eseo.e3.poo.projet.blox.modele.pieces.ElementTest" time="0.001"/>
  <testcase name="testHashCodeInegalite(Element, Element)[364]" classname="fr.eseo.e3.poo.projet.blox.modele.pieces.ElementTest" time="0.0"/>
  <testcase name="testHashCodeInegalite(Element, Element)[365]" classname="fr.eseo.e3.poo.projet.blox.modele.pieces.ElementTest" time="0.001"/>
  <testcase name="testHashCodeInegalite(Element, Element)[366]" classname="fr.eseo.e3.poo.projet.blox.modele.pieces.ElementTest" time="0.0"/>
  <testcase name="testHashCodeInegalite(Element, Element)[367]" classname="fr.eseo.e3.poo.projet.blox.modele.pieces.ElementTest" time="0.0"/>
  <testcase name="testHashCodeInegalite(Element, Element)[368]" classname="fr.eseo.e3.poo.projet.blox.modele.pieces.ElementTest" time="0.0"/>
  <testcase name="testHashCodeInegalite(Element, Element)[369]" classname="fr.eseo.e3.poo.projet.blox.modele.pieces.ElementTest" time="0.0"/>
  <testcase name="testHashCodeInegalite(Element, Element)[370]" classname="fr.eseo.e3.poo.projet.blox.modele.pieces.ElementTest" time="0.001"/>
  <testcase name="testHashCodeInegalite(Element, Element)[371]" classname="fr.eseo.e3.poo.projet.blox.modele.pieces.ElementTest" time="0.0"/>
  <testcase name="testHashCodeInegalite(Element, Element)[372]" classname="fr.eseo.e3.poo.projet.blox.modele.pieces.ElementTest" time="0.002"/>
  <testcase name="testHashCodeInegalite(Element, Element)[373]" classname="fr.eseo.e3.poo.projet.blox.modele.pieces.ElementTest" time="0.001"/>
  <testcase name="testHashCodeInegalite(Element, Element)[374]" classname="fr.eseo.e3.poo.projet.blox.modele.pieces.ElementTest" time="0.0"/>
  <testcase name="testHashCodeInegalite(Element, Element)[375]" classname="fr.eseo.e3.poo.projet.blox.modele.pieces.ElementTest" time="0.0"/>
  <testcase name="testHashCodeInegalite(Element, Element)[376]" classname="fr.eseo.e3.poo.projet.blox.modele.pieces.ElementTest" time="0.001"/>
  <testcase name="testHashCodeInegalite(Element, Element)[377]" classname="fr.eseo.e3.poo.projet.blox.modele.pieces.ElementTest" time="0.001"/>
  <testcase name="testHashCodeInegalite(Element, Element)[378]" classname="fr.eseo.e3.poo.projet.blox.modele.pieces.ElementTest" time="0.0"/>
  <testcase name="testHashCodeInegalite(Element, Element)[379]" classname="fr.eseo.e3.poo.projet.blox.modele.pieces.ElementTest" time="0.0"/>
  <testcase name="testHashCodeInegalite(Element, Element)[380]" classname="fr.eseo.e3.poo.projet.blox.modele.pieces.ElementTest" time="0.001"/>
  <testcase name="testHashCodeInegalite(Element, Element)[381]" classname="fr.eseo.e3.poo.projet.blox.modele.pieces.ElementTest" time="0.0"/>
  <testcase name="testHashCodeInegalite(Element, Element)[382]" classname="fr.eseo.e3.poo.projet.blox.modele.pieces.ElementTest" time="0.001"/>
  <testcase name="testHashCodeInegalite(Element, Element)[383]" classname="fr.eseo.e3.poo.projet.blox.modele.pieces.ElementTest" time="0.001"/>
  <testcase name="testHashCodeInegalite(Element, Element)[384]" classname="fr.eseo.e3.poo.projet.blox.modele.pieces.ElementTest" time="0.002"/>
  <testcase name="testHashCodeInegalite(Element, Element)[385]" classname="fr.eseo.e3.poo.projet.blox.modele.pieces.ElementTest" time="0.001"/>
  <testcase name="testHashCodeInegalite(Element, Element)[386]" classname="fr.eseo.e3.poo.projet.blox.modele.pieces.ElementTest" time="0.0"/>
  <testcase name="testHashCodeInegalite(Element, Element)[387]" classname="fr.eseo.e3.poo.projet.blox.modele.pieces.ElementTest" time="0.0"/>
  <testcase name="testHashCodeInegalite(Element, Element)[388]" classname="fr.eseo.e3.poo.projet.blox.modele.pieces.ElementTest" time="0.0"/>
  <testcase name="testHashCodeInegalite(Element, Element)[389]" classname="fr.eseo.e3.poo.projet.blox.modele.pieces.ElementTest" time="0.0"/>
  <testcase name="testHashCodeInegalite(Element, Element)[390]" classname="fr.eseo.e3.poo.projet.blox.modele.pieces.ElementTest" time="0.001"/>
  <testcase name="testHashCodeInegalite(Element, Element)[391]" classname="fr.eseo.e3.poo.projet.blox.modele.pieces.ElementTest" time="0.0"/>
  <testcase name="testHashCodeInegalite(Element, Element)[392]" classname="fr.eseo.e3.poo.projet.blox.modele.pieces.ElementTest" time="0.0"/>
  <testcase name="testHashCodeInegalite(Element, Element)[393]" classname="fr.eseo.e3.poo.projet.blox.modele.pieces.ElementTest" time="0.0"/>
  <testcase name="testHashCodeInegalite(Element, Element)[394]" classname="fr.eseo.e3.poo.projet.blox.modele.pieces.ElementTest" time="0.0"/>
  <testcase name="testHashCodeInegalite(Element, Element)[395]" classname="fr.eseo.e3.poo.projet.blox.modele.pieces.ElementTest" time="0.0"/>
  <testcase name="testHashCodeInegalite(Element, Element)[396]" classname="fr.eseo.e3.poo.projet.blox.modele.pieces.ElementTest" time="0.0"/>
  <testcase name="testHashCodeInegalite(Element, Element)[397]" classname="fr.eseo.e3.poo.projet.blox.modele.pieces.ElementTest" time="0.0"/>
  <testcase name="testHashCodeInegalite(Element, Element)[398]" classname="fr.eseo.e3.poo.projet.blox.modele.pieces.ElementTest" time="0.0"/>
  <testcase name="testHashCodeInegalite(Element, Element)[399]" classname="fr.eseo.e3.poo.projet.blox.modele.pieces.ElementTest" time="0.0"/>
  <testcase name="testHashCodeInegalite(Element, Element)[400]" classname="fr.eseo.e3.poo.projet.blox.modele.pieces.ElementTest" time="0.0"/>
  <testcase name="testHashCodeInegalite(Element, Element)[401]" classname="fr.eseo.e3.poo.projet.blox.modele.pieces.ElementTest" time="0.001"/>
  <testcase name="testHashCodeInegalite(Element, Element)[402]" classname="fr.eseo.e3.poo.projet.blox.modele.pieces.ElementTest" time="0.001"/>
  <testcase name="testHashCodeInegalite(Element, Element)[403]" classname="fr.eseo.e3.poo.projet.blox.modele.pieces.ElementTest" time="0.0"/>
  <testcase name="testHashCodeInegalite(Element, Element)[404]" classname="fr.eseo.e3.poo.projet.blox.modele.pieces.ElementTest" time="0.001"/>
  <testcase name="testHashCodeInegalite(Element, Element)[405]" classname="fr.eseo.e3.poo.projet.blox.modele.pieces.ElementTest" time="0.001"/>
  <testcase name="testHashCodeInegalite(Element, Element)[406]" classname="fr.eseo.e3.poo.projet.blox.modele.pieces.ElementTest" time="0.001"/>
  <testcase name="testHashCodeInegalite(Element, Element)[407]" classname="fr.eseo.e3.poo.projet.blox.modele.pieces.ElementTest" time="0.0"/>
  <testcase name="testHashCodeInegalite(Element, Element)[408]" classname="fr.eseo.e3.poo.projet.blox.modele.pieces.ElementTest" time="0.0"/>
  <testcase name="testHashCodeInegalite(Element, Element)[409]" classname="fr.eseo.e3.poo.projet.blox.modele.pieces.ElementTest" time="0.0"/>
  <testcase name="testHashCodeInegalite(Element, Element)[410]" classname="fr.eseo.e3.poo.projet.blox.modele.pieces.ElementTest" time="0.001"/>
  <testcase name="testHashCodeInegalite(Element, Element)[411]" classname="fr.eseo.e3.poo.projet.blox.modele.pieces.ElementTest" time="0.001"/>
  <testcase name="testHashCodeInegalite(Element, Element)[412]" classname="fr.eseo.e3.poo.projet.blox.modele.pieces.ElementTest" time="0.001"/>
  <testcase name="testHashCodeInegalite(Element, Element)[413]" classname="fr.eseo.e3.poo.projet.blox.modele.pieces.ElementTest" time="0.0"/>
  <testcase name="testHashCodeInegalite(Element, Element)[414]" classname="fr.eseo.e3.poo.projet.blox.modele.pieces.ElementTest" time="0.001"/>
  <testcase name="testHashCodeInegalite(Element, Element)[415]" classname="fr.eseo.e3.poo.projet.blox.modele.pieces.ElementTest" time="0.001"/>
  <testcase name="testHashCodeInegalite(Element, Element)[416]" classname="fr.eseo.e3.poo.projet.blox.modele.pieces.ElementTest" time="0.001"/>
  <testcase name="testHashCodeInegalite(Element, Element)[417]" classname="fr.eseo.e3.poo.projet.blox.modele.pieces.ElementTest" time="0.001"/>
  <testcase name="testHashCodeInegalite(Element, Element)[418]" classname="fr.eseo.e3.poo.projet.blox.modele.pieces.ElementTest" time="0.001"/>
  <testcase name="testHashCodeInegalite(Element, Element)[419]" classname="fr.eseo.e3.poo.projet.blox.modele.pieces.ElementTest" time="0.0"/>
  <testcase name="testHashCodeInegalite(Element, Element)[420]" classname="fr.eseo.e3.poo.projet.blox.modele.pieces.ElementTest" time="0.0"/>
  <testcase name="testHashCodeInegalite(Element, Element)[421]" classname="fr.eseo.e3.poo.projet.blox.modele.pieces.ElementTest" time="0.0"/>
  <testcase name="testHashCodeInegalite(Element, Element)[422]" classname="fr.eseo.e3.poo.projet.blox.modele.pieces.ElementTest" time="0.0"/>
  <testcase name="testHashCodeInegalite(Element, Element)[423]" classname="fr.eseo.e3.poo.projet.blox.modele.pieces.ElementTest" time="0.001"/>
  <testcase name="testHashCodeInegalite(Element, Element)[424]" classname="fr.eseo.e3.poo.projet.blox.modele.pieces.ElementTest" time="0.0"/>
  <testcase name="testHashCodeInegalite(Element, Element)[425]" classname="fr.eseo.e3.poo.projet.blox.modele.pieces.ElementTest" time="0.0"/>
  <testcase name="testHashCodeInegalite(Element, Element)[426]" classname="fr.eseo.e3.poo.projet.blox.modele.pieces.ElementTest" time="0.0"/>
  <testcase name="testHashCodeInegalite(Element, Element)[427]" classname="fr.eseo.e3.poo.projet.blox.modele.pieces.ElementTest" time="0.0"/>
  <testcase name="testHashCodeInegalite(Element, Element)[428]" classname="fr.eseo.e3.poo.projet.blox.modele.pieces.ElementTest" time="0.001"/>
  <testcase name="testHashCodeInegalite(Element, Element)[429]" classname="fr.eseo.e3.poo.projet.blox.modele.pieces.ElementTest" time="0.001"/>
  <testcase name="testHashCodeInegalite(Element, Element)[430]" classname="fr.eseo.e3.poo.projet.blox.modele.pieces.ElementTest" time="0.001"/>
  <testcase name="testHashCodeInegalite(Element, Element)[431]" classname="fr.eseo.e3.poo.projet.blox.modele.pieces.ElementTest" time="0.001"/>
  <testcase name="testHashCodeInegalite(Element, Element)[432]" classname="fr.eseo.e3.poo.projet.blox.modele.pieces.ElementTest" time="0.001"/>
  <testcase name="testHashCodeInegalite(Element, Element)[433]" classname="fr.eseo.e3.poo.projet.blox.modele.pieces.ElementTest" time="0.001"/>
  <testcase name="testHashCodeInegalite(Element, Element)[434]" classname="fr.eseo.e3.poo.projet.blox.modele.pieces.ElementTest" time="0.001"/>
  <testcase name="testHashCodeInegalite(Element, Element)[435]" classname="fr.eseo.e3.poo.projet.blox.modele.pieces.ElementTest" time="0.001"/>
  <testcase name="testHashCodeInegalite(Element, Element)[436]" classname="fr.eseo.e3.poo.projet.blox.modele.pieces.ElementTest" time="0.001"/>
  <testcase name="testHashCodeInegalite(Element, Element)[437]" classname="fr.eseo.e3.poo.projet.blox.modele.pieces.ElementTest" time="0.001"/>
  <testcase name="testHashCodeInegalite(Element, Element)[438]" classname="fr.eseo.e3.poo.projet.blox.modele.pieces.ElementTest" time="0.001"/>
  <testcase name="testHashCodeInegalite(Element, Element)[439]" classname="fr.eseo.e3.poo.projet.blox.modele.pieces.ElementTest" time="0.0"/>
  <testcase name="testHashCodeInegalite(Element, Element)[440]" classname="fr.eseo.e3.poo.projet.blox.modele.pieces.ElementTest" time="0.0"/>
  <testcase name="testHashCodeInegalite(Element, Element)[441]" classname="fr.eseo.e3.poo.projet.blox.modele.pieces.ElementTest" time="0.0"/>
  <testcase name="testHashCodeInegalite(Element, Element)[442]" classname="fr.eseo.e3.poo.projet.blox.modele.pieces.ElementTest" time="0.001"/>
  <testcase name="testHashCodeInegalite(Element, Element)[443]" classname="fr.eseo.e3.poo.projet.blox.modele.pieces.ElementTest" time="0.001"/>
  <testcase name="testHashCodeInegalite(Element, Element)[444]" classname="fr.eseo.e3.poo.projet.blox.modele.pieces.ElementTest" time="0.001"/>
  <testcase name="testHashCodeInegalite(Element, Element)[445]" classname="fr.eseo.e3.poo.projet.blox.modele.pieces.ElementTest" time="0.001"/>
  <testcase name="testHashCodeInegalite(Element, Element)[446]" classname="fr.eseo.e3.poo.projet.blox.modele.pieces.ElementTest" time="0.001"/>
  <testcase name="testHashCodeInegalite(Element, Element)[447]" classname="fr.eseo.e3.poo.projet.blox.modele.pieces.ElementTest" time="0.001"/>
  <testcase name="testHashCodeInegalite(Element, Element)[448]" classname="fr.eseo.e3.poo.projet.blox.modele.pieces.ElementTest" time="0.0"/>
  <testcase name="testHashCodeInegalite(Element, Element)[449]" classname="fr.eseo.e3.poo.projet.blox.modele.pieces.ElementTest" time="0.0"/>
  <testcase name="testHashCodeInegalite(Element, Element)[450]" classname="fr.eseo.e3.poo.projet.blox.modele.pieces.ElementTest" time="0.0"/>
  <testcase name="testHashCodeInegalite(Element, Element)[451]" classname="fr.eseo.e3.poo.projet.blox.modele.pieces.ElementTest" time="0.001"/>
  <testcase name="testHashCodeInegalite(Element, Element)[452]" classname="fr.eseo.e3.poo.projet.blox.modele.pieces.ElementTest" time="0.001"/>
  <testcase name="testHashCodeInegalite(Element, Element)[453]" classname="fr.eseo.e3.poo.projet.blox.modele.pieces.ElementTest" time="0.001"/>
  <testcase name="testHashCodeInegalite(Element, Element)[454]" classname="fr.eseo.e3.poo.projet.blox.modele.pieces.ElementTest" time="0.0"/>
  <testcase name="testHashCodeInegalite(Element, Element)[455]" classname="fr.eseo.e3.poo.projet.blox.modele.pieces.ElementTest" time="0.0"/>
  <testcase name="testHashCodeInegalite(Element, Element)[456]" classname="fr.eseo.e3.poo.projet.blox.modele.pieces.ElementTest" time="0.001"/>
  <testcase name="testHashCodeInegalite(Element, Element)[457]" classname="fr.eseo.e3.poo.projet.blox.modele.pieces.ElementTest" time="0.001"/>
  <testcase name="testHashCodeInegalite(Element, Element)[458]" classname="fr.eseo.e3.poo.projet.blox.modele.pieces.ElementTest" time="0.001"/>
  <testcase name="testHashCodeInegalite(Element, Element)[459]" classname="fr.eseo.e3.poo.projet.blox.modele.pieces.ElementTest" time="0.001"/>
  <testcase name="testHashCodeInegalite(Element, Element)[460]" classname="fr.eseo.e3.poo.projet.blox.modele.pieces.ElementTest" time="0.0"/>
  <testcase name="testHashCodeInegalite(Element, Element)[461]" classname="fr.eseo.e3.poo.projet.blox.modele.pieces.ElementTest" time="0.0"/>
  <testcase name="testHashCodeInegalite(Element, Element)[462]" classname="fr.eseo.e3.poo.projet.blox.modele.pieces.ElementTest" time="0.001"/>
  <testcase name="testHashCodeInegalite(Element, Element)[463]" classname="fr.eseo.e3.poo.projet.blox.modele.pieces.ElementTest" time="0.0"/>
  <testcase name="testHashCodeInegalite(Element, Element)[464]" classname="fr.eseo.e3.poo.projet.blox.modele.pieces.ElementTest" time="0.0"/>
  <testcase name="testHashCodeInegalite(Element, Element)[465]" classname="fr.eseo.e3.poo.projet.blox.modele.pieces.ElementTest" time="0.001"/>
  <testcase name="testHashCodeInegalite(Element, Element)[466]" classname="fr.eseo.e3.poo.projet.blox.modele.pieces.ElementTest" time="0.0"/>
  <testcase name="testHashCodeInegalite(Element, Element)[467]" classname="fr.eseo.e3.poo.projet.blox.modele.pieces.ElementTest" time="0.0"/>
  <testcase name="testHashCodeInegalite(Element, Element)[468]" classname="fr.eseo.e3.poo.projet.blox.modele.pieces.ElementTest" time="0.0"/>
  <testcase name="testHashCodeInegalite(Element, Element)[469]" classname="fr.eseo.e3.poo.projet.blox.modele.pieces.ElementTest" time="0.001"/>
  <testcase name="testHashCodeInegalite(Element, Element)[470]" classname="fr.eseo.e3.poo.projet.blox.modele.pieces.ElementTest" time="0.0"/>
  <testcase name="testHashCodeInegalite(Element, Element)[471]" classname="fr.eseo.e3.poo.projet.blox.modele.pieces.ElementTest" time="0.0"/>
  <testcase name="testHashCodeInegalite(Element, Element)[472]" classname="fr.eseo.e3.poo.projet.blox.modele.pieces.ElementTest" time="0.001"/>
  <testcase name="testHashCodeInegalite(Element, Element)[473]" classname="fr.eseo.e3.poo.projet.blox.modele.pieces.ElementTest" time="0.0"/>
  <testcase name="testHashCodeInegalite(Element, Element)[474]" classname="fr.eseo.e3.poo.projet.blox.modele.pieces.ElementTest" time="0.001"/>
  <testcase name="testHashCodeInegalite(Element, Element)[475]" classname="fr.eseo.e3.poo.projet.blox.modele.pieces.ElementTest" time="0.0"/>
  <testcase name="testHashCodeInegalite(Element, Element)[476]" classname="fr.eseo.e3.poo.projet.blox.modele.pieces.ElementTest" time="0.0"/>
  <testcase name="testHashCodeInegalite(Element, Element)[477]" classname="fr.eseo.e3.poo.projet.blox.modele.pieces.ElementTest" time="0.001"/>
  <testcase name="testHashCodeInegalite(Element, Element)[478]" classname="fr.eseo.e3.poo.projet.blox.modele.pieces.ElementTest" time="0.0"/>
  <testcase name="testHashCodeInegalite(Element, Element)[479]" classname="fr.eseo.e3.poo.projet.blox.modele.pieces.ElementTest" time="0.0"/>
  <testcase name="testHashCodeInegalite(Element, Element)[480]" classname="fr.eseo.e3.poo.projet.blox.modele.pieces.ElementTest" time="0.0"/>
  <testcase name="testHashCodeInegalite(Element, Element)[481]" classname="fr.eseo.e3.poo.projet.blox.modele.pieces.ElementTest" time="0.0"/>
  <testcase name="testHashCodeInegalite(Element, Element)[482]" classname="fr.eseo.e3.poo.projet.blox.modele.pieces.ElementTest" time="0.001"/>
  <testcase name="testHashCodeInegalite(Element, Element)[483]" classname="fr.eseo.e3.poo.projet.blox.modele.pieces.ElementTest" time="0.0"/>
  <testcase name="testHashCodeInegalite(Element, Element)[484]" classname="fr.eseo.e3.poo.projet.blox.modele.pieces.ElementTest" time="0.0"/>
  <testcase name="testHashCodeInegalite(Element, Element)[485]" classname="fr.eseo.e3.poo.projet.blox.modele.pieces.ElementTest" time="0.0"/>
  <testcase name="testHashCodeInegalite(Element, Element)[486]" classname="fr.eseo.e3.poo.projet.blox.modele.pieces.ElementTest" time="0.0"/>
  <testcase name="testHashCodeInegalite(Element, Element)[487]" classname="fr.eseo.e3.poo.projet.blox.modele.pieces.ElementTest" time="0.0"/>
  <testcase name="testHashCodeInegalite(Element, Element)[488]" classname="fr.eseo.e3.poo.projet.blox.modele.pieces.ElementTest" time="0.001"/>
  <testcase name="testHashCodeInegalite(Element, Element)[489]" classname="fr.eseo.e3.poo.projet.blox.modele.pieces.ElementTest" time="0.001"/>
  <testcase name="testHashCodeInegalite(Element, Element)[490]" classname="fr.eseo.e3.poo.projet.blox.modele.pieces.ElementTest" time="0.001"/>
  <testcase name="testHashCodeInegalite(Element, Element)[491]" classname="fr.eseo.e3.poo.projet.blox.modele.pieces.ElementTest" time="0.0"/>
  <testcase name="testHashCodeInegalite(Element, Element)[492]" classname="fr.eseo.e3.poo.projet.blox.modele.pieces.ElementTest" time="0.001"/>
  <testcase name="testHashCodeInegalite(Element, Element)[493]" classname="fr.eseo.e3.poo.projet.blox.modele.pieces.ElementTest" time="0.0"/>
  <testcase name="testHashCodeInegalite(Element, Element)[494]" classname="fr.eseo.e3.poo.projet.blox.modele.pieces.ElementTest" time="0.001"/>
  <testcase name="testHashCodeInegalite(Element, Element)[495]" classname="fr.eseo.e3.poo.projet.blox.modele.pieces.ElementTest" time="0.0"/>
  <testcase name="testHashCodeInegalite(Element, Element)[496]" classname="fr.eseo.e3.poo.projet.blox.modele.pieces.ElementTest" time="0.0"/>
  <testcase name="testHashCodeInegalite(Element, Element)[497]" classname="fr.eseo.e3.poo.projet.blox.modele.pieces.ElementTest" time="0.0"/>
  <testcase name="testHashCodeInegalite(Element, Element)[498]" classname="fr.eseo.e3.poo.projet.blox.modele.pieces.ElementTest" time="0.0"/>
  <testcase name="testHashCodeInegalite(Element, Element)[499]" classname="fr.eseo.e3.poo.projet.blox.modele.pieces.ElementTest" time="0.0"/>
  <testcase name="testHashCodeInegalite(Element, Element)[500]" classname="fr.eseo.e3.poo.projet.blox.modele.pieces.ElementTest" time="0.0"/>
  <testcase name="testHashCodeInegalite(Element, Element)[501]" classname="fr.eseo.e3.poo.projet.blox.modele.pieces.ElementTest" time="0.0"/>
  <testcase name="testHashCodeInegalite(Element, Element)[502]" classname="fr.eseo.e3.poo.projet.blox.modele.pieces.ElementTest" time="0.0"/>
  <testcase name="testHashCodeInegalite(Element, Element)[503]" classname="fr.eseo.e3.poo.projet.blox.modele.pieces.ElementTest" time="0.001"/>
  <testcase name="testHashCodeInegalite(Element, Element)[504]" classname="fr.eseo.e3.poo.projet.blox.modele.pieces.ElementTest" time="0.001"/>
  <testcase name="testHashCodeInegalite(Element, Element)[505]" classname="fr.eseo.e3.poo.projet.blox.modele.pieces.ElementTest" time="0.0"/>
  <testcase name="testHashCodeInegalite(Element, Element)[506]" classname="fr.eseo.e3.poo.projet.blox.modele.pieces.ElementTest" time="0.001"/>
  <testcase name="testHashCodeInegalite(Element, Element)[507]" classname="fr.eseo.e3.poo.projet.blox.modele.pieces.ElementTest" time="0.001"/>
  <testcase name="testHashCodeInegalite(Element, Element)[508]" classname="fr.eseo.e3.poo.projet.blox.modele.pieces.ElementTest" time="0.0"/>
  <testcase name="testHashCodeInegalite(Element, Element)[509]" classname="fr.eseo.e3.poo.projet.blox.modele.pieces.ElementTest" time="0.0"/>
  <testcase name="testHashCodeInegalite(Element, Element)[510]" classname="fr.eseo.e3.poo.projet.blox.modele.pieces.ElementTest" time="0.002"/>
  <testcase name="testHashCodeInegalite(Element, Element)[511]" classname="fr.eseo.e3.poo.projet.blox.modele.pieces.ElementTest" time="0.0"/>
  <testcase name="testHashCodeInegalite(Element, Element)[512]" classname="fr.eseo.e3.poo.projet.blox.modele.pieces.ElementTest" time="0.001"/>
  <testcase name="testHashCodeInegalite(Element, Element)[513]" classname="fr.eseo.e3.poo.projet.blox.modele.pieces.ElementTest" time="0.001"/>
  <testcase name="testHashCodeInegalite(Element, Element)[514]" classname="fr.eseo.e3.poo.projet.blox.modele.pieces.ElementTest" time="0.0"/>
  <testcase name="testHashCodeInegalite(Element, Element)[515]" classname="fr.eseo.e3.poo.projet.blox.modele.pieces.ElementTest" time="0.0"/>
  <testcase name="testHashCodeInegalite(Element, Element)[516]" classname="fr.eseo.e3.poo.projet.blox.modele.pieces.ElementTest" time="0.001"/>
  <testcase name="testHashCodeInegalite(Element, Element)[517]" classname="fr.eseo.e3.poo.projet.blox.modele.pieces.ElementTest" time="0.001"/>
  <testcase name="testHashCodeInegalite(Element, Element)[518]" classname="fr.eseo.e3.poo.projet.blox.modele.pieces.ElementTest" time="0.0"/>
  <testcase name="testHashCodeInegalite(Element, Element)[519]" classname="fr.eseo.e3.poo.projet.blox.modele.pieces.ElementTest" time="0.0"/>
  <testcase name="testHashCodeInegalite(Element, Element)[520]" classname="fr.eseo.e3.poo.projet.blox.modele.pieces.ElementTest" time="0.0"/>
  <testcase name="testHashCodeInegalite(Element, Element)[521]" classname="fr.eseo.e3.poo.projet.blox.modele.pieces.ElementTest" time="0.0"/>
  <testcase name="testHashCodeInegalite(Element, Element)[522]" classname="fr.eseo.e3.poo.projet.blox.modele.pieces.ElementTest" time="0.001"/>
  <testcase name="testHashCodeInegalite(Element, Element)[523]" classname="fr.eseo.e3.poo.projet.blox.modele.pieces.ElementTest" time="0.001"/>
  <testcase name="testHashCodeInegalite(Element, Element)[524]" classname="fr.eseo.e3.poo.projet.blox.modele.pieces.ElementTest" time="0.001"/>
  <testcase name="testHashCodeInegalite(Element, Element)[525]" classname="fr.eseo.e3.poo.projet.blox.modele.pieces.ElementTest" time="0.0"/>
  <testcase name="testHashCodeInegalite(Element, Element)[526]" classname="fr.eseo.e3.poo.projet.blox.modele.pieces.ElementTest" time="0.0"/>
  <testcase name="testHashCodeInegalite(Element, Element)[527]" classname="fr.eseo.e3.poo.projet.blox.modele.pieces.ElementTest" time="0.0"/>
  <testcase name="testHashCodeInegalite(Element, Element)[528]" classname="fr.eseo.e3.poo.projet.blox.modele.pieces.ElementTest" time="0.001"/>
  <testcase name="testHashCodeInegalite(Element, Element)[529]" classname="fr.eseo.e3.poo.projet.blox.modele.pieces.ElementTest" time="0.0"/>
  <testcase name="testHashCodeInegalite(Element, Element)[530]" classname="fr.eseo.e3.poo.projet.blox.modele.pieces.ElementTest" time="0.001"/>
  <testcase name="testHashCodeInegalite(Element, Element)[531]" classname="fr.eseo.e3.poo.projet.blox.modele.pieces.ElementTest" time="0.0"/>
  <testcase name="testHashCodeInegalite(Element, Element)[532]" classname="fr.eseo.e3.poo.projet.blox.modele.pieces.ElementTest" time="0.0"/>
  <testcase name="testHashCodeInegalite(Element, Element)[533]" classname="fr.eseo.e3.poo.projet.blox.modele.pieces.ElementTest" time="0.0"/>
  <testcase name="testHashCodeInegalite(Element, Element)[534]" classname="fr.eseo.e3.poo.projet.blox.modele.pieces.ElementTest" time="0.001"/>
  <testcase name="testHashCodeInegalite(Element, Element)[535]" classname="fr.eseo.e3.poo.projet.blox.modele.pieces.ElementTest" time="0.001"/>
  <testcase name="testHashCodeInegalite(Element, Element)[536]" classname="fr.eseo.e3.poo.projet.blox.modele.pieces.ElementTest" time="0.001"/>
  <testcase name="testHashCodeInegalite(Element, Element)[537]" classname="fr.eseo.e3.poo.projet.blox.modele.pieces.ElementTest" time="0.001"/>
  <testcase name="testHashCodeInegalite(Element, Element)[538]" classname="fr.eseo.e3.poo.projet.blox.modele.pieces.ElementTest" time="0.0"/>
  <testcase name="testHashCodeInegalite(Element, Element)[539]" classname="fr.eseo.e3.poo.projet.blox.modele.pieces.ElementTest" time="0.001"/>
  <testcase name="testHashCodeInegalite(Element, Element)[540]" classname="fr.eseo.e3.poo.projet.blox.modele.pieces.ElementTest" time="0.001"/>
  <testcase name="testHashCodeInegalite(Element, Element)[541]" classname="fr.eseo.e3.poo.projet.blox.modele.pieces.ElementTest" time="0.0"/>
  <testcase name="testHashCodeInegalite(Element, Element)[542]" classname="fr.eseo.e3.poo.projet.blox.modele.pieces.ElementTest" time="0.0"/>
  <testcase name="testHashCodeInegalite(Element, Element)[543]" classname="fr.eseo.e3.poo.projet.blox.modele.pieces.ElementTest" time="0.001"/>
  <testcase name="testHashCodeInegalite(Element, Element)[544]" classname="fr.eseo.e3.poo.projet.blox.modele.pieces.ElementTest" time="0.0"/>
  <testcase name="testHashCodeInegalite(Element, Element)[545]" classname="fr.eseo.e3.poo.projet.blox.modele.pieces.ElementTest" time="0.0"/>
  <testcase name="testHashCodeInegalite(Element, Element)[546]" classname="fr.eseo.e3.poo.projet.blox.modele.pieces.ElementTest" time="0.001"/>
  <testcase name="testHashCodeInegalite(Element, Element)[547]" classname="fr.eseo.e3.poo.projet.blox.modele.pieces.ElementTest" time="0.0"/>
  <testcase name="testHashCodeInegalite(Element, Element)[548]" classname="fr.eseo.e3.poo.projet.blox.modele.pieces.ElementTest" time="0.0"/>
  <testcase name="testHashCodeInegalite(Element, Element)[549]" classname="fr.eseo.e3.poo.projet.blox.modele.pieces.ElementTest" time="0.0"/>
  <testcase name="testHashCodeInegalite(Element, Element)[550]" classname="fr.eseo.e3.poo.projet.blox.modele.pieces.ElementTest" time="0.001"/>
  <testcase name="testHashCodeInegalite(Element, Element)[551]" classname="fr.eseo.e3.poo.projet.blox.modele.pieces.ElementTest" time="0.001"/>
  <testcase name="testHashCodeInegalite(Element, Element)[552]" classname="fr.eseo.e3.poo.projet.blox.modele.pieces.ElementTest" time="0.0"/>
  <testcase name="testHashCodeInegalite(Element, Element)[553]" classname="fr.eseo.e3.poo.projet.blox.modele.pieces.ElementTest" time="0.0"/>
  <testcase name="testHashCodeInegalite(Element, Element)[554]" classname="fr.eseo.e3.poo.projet.blox.modele.pieces.ElementTest" time="0.001"/>
  <testcase name="testHashCodeInegalite(Element, Element)[555]" classname="fr.eseo.e3.poo.projet.blox.modele.pieces.ElementTest" time="0.0"/>
  <testcase name="testHashCodeInegalite(Element, Element)[556]" classname="fr.eseo.e3.poo.projet.blox.modele.pieces.ElementTest" time="0.0"/>
  <testcase name="testHashCodeInegalite(Element, Element)[557]" classname="fr.eseo.e3.poo.projet.blox.modele.pieces.ElementTest" time="0.0"/>
  <testcase name="testHashCodeInegalite(Element, Element)[558]" classname="fr.eseo.e3.poo.projet.blox.modele.pieces.ElementTest" time="0.001"/>
  <testcase name="testHashCodeInegalite(Element, Element)[559]" classname="fr.eseo.e3.poo.projet.blox.modele.pieces.ElementTest" time="0.001"/>
  <testcase name="testHashCodeInegalite(Element, Element)[560]" classname="fr.eseo.e3.poo.projet.blox.modele.pieces.ElementTest" time="0.0"/>
  <testcase name="testHashCodeInegalite(Element, Element)[561]" classname="fr.eseo.e3.poo.projet.blox.modele.pieces.ElementTest" time="0.0"/>
  <testcase name="testHashCodeInegalite(Element, Element)[562]" classname="fr.eseo.e3.poo.projet.blox.modele.pieces.ElementTest" time="0.001"/>
  <testcase name="testHashCodeInegalite(Element, Element)[563]" classname="fr.eseo.e3.poo.projet.blox.modele.pieces.ElementTest" time="0.0"/>
  <testcase name="testHashCodeInegalite(Element, Element)[564]" classname="fr.eseo.e3.poo.projet.blox.modele.pieces.ElementTest" time="0.0"/>
  <testcase name="testHashCodeInegalite(Element, Element)[565]" classname="fr.eseo.e3.poo.projet.blox.modele.pieces.ElementTest" time="0.0"/>
  <testcase name="testHashCodeInegalite(Element, Element)[566]" classname="fr.eseo.e3.poo.projet.blox.modele.pieces.ElementTest" time="0.0"/>
  <testcase name="testHashCodeInegalite(Element, Element)[567]" classname="fr.eseo.e3.poo.projet.blox.modele.pieces.ElementTest" time="0.001"/>
  <testcase name="testHashCodeInegalite(Element, Element)[568]" classname="fr.eseo.e3.poo.projet.blox.modele.pieces.ElementTest" time="0.0"/>
  <testcase name="testHashCodeInegalite(Element, Element)[569]" classname="fr.eseo.e3.poo.projet.blox.modele.pieces.ElementTest" time="0.001"/>
  <testcase name="testHashCodeInegalite(Element, Element)[570]" classname="fr.eseo.e3.poo.projet.blox.modele.pieces.ElementTest" time="0.0"/>
  <testcase name="testHashCodeInegalite(Element, Element)[571]" classname="fr.eseo.e3.poo.projet.blox.modele.pieces.ElementTest" time="0.001"/>
  <testcase name="testHashCodeInegalite(Element, Element)[572]" classname="fr.eseo.e3.poo.projet.blox.modele.pieces.ElementTest" time="0.0"/>
  <testcase name="testHashCodeInegalite(Element, Element)[573]" classname="fr.eseo.e3.poo.projet.blox.modele.pieces.ElementTest" time="0.0"/>
  <testcase name="testHashCodeInegalite(Element, Element)[574]" classname="fr.eseo.e3.poo.projet.blox.modele.pieces.ElementTest" time="0.0"/>
  <testcase name="testHashCodeInegalite(Element, Element)[575]" classname="fr.eseo.e3.poo.projet.blox.modele.pieces.ElementTest" time="0.0"/>
  <testcase name="testHashCodeInegalite(Element, Element)[576]" classname="fr.eseo.e3.poo.projet.blox.modele.pieces.ElementTest" time="0.0"/>
  <testcase name="testHashCodeInegalite(Element, Element)[577]" classname="fr.eseo.e3.poo.projet.blox.modele.pieces.ElementTest" time="0.001"/>
  <testcase name="testHashCodeInegalite(Element, Element)[578]" classname="fr.eseo.e3.poo.projet.blox.modele.pieces.ElementTest" time="0.0"/>
  <testcase name="testHashCodeInegalite(Element, Element)[579]" classname="fr.eseo.e3.poo.projet.blox.modele.pieces.ElementTest" time="0.0"/>
  <testcase name="testHashCodeInegalite(Element, Element)[580]" classname="fr.eseo.e3.poo.projet.blox.modele.pieces.ElementTest" time="0.0"/>
  <testcase name="testHashCodeInegalite(Element, Element)[581]" classname="fr.eseo.e3.poo.projet.blox.modele.pieces.ElementTest" time="0.001"/>
  <testcase name="testHashCodeInegalite(Element, Element)[582]" classname="fr.eseo.e3.poo.projet.blox.modele.pieces.ElementTest" time="0.001"/>
  <testcase name="testHashCodeInegalite(Element, Element)[583]" classname="fr.eseo.e3.poo.projet.blox.modele.pieces.ElementTest" time="0.001"/>
  <testcase name="testHashCodeInegalite(Element, Element)[584]" classname="fr.eseo.e3.poo.projet.blox.modele.pieces.ElementTest" time="0.0"/>
  <testcase name="testHashCodeInegalite(Element, Element)[585]" classname="fr.eseo.e3.poo.projet.blox.modele.pieces.ElementTest" time="0.0"/>
  <testcase name="testHashCodeInegalite(Element, Element)[586]" classname="fr.eseo.e3.poo.projet.blox.modele.pieces.ElementTest" time="0.001"/>
  <testcase name="testHashCodeInegalite(Element, Element)[587]" classname="fr.eseo.e3.poo.projet.blox.modele.pieces.ElementTest" time="0.001"/>
  <testcase name="testHashCodeInegalite(Element, Element)[588]" classname="fr.eseo.e3.poo.projet.blox.modele.pieces.ElementTest" time="0.0"/>
  <testcase name="testHashCodeInegalite(Element, Element)[589]" classname="fr.eseo.e3.poo.projet.blox.modele.pieces.ElementTest" time="0.001"/>
  <testcase name="testHashCodeInegalite(Element, Element)[590]" classname="fr.eseo.e3.poo.projet.blox.modele.pieces.ElementTest" time="0.0"/>
  <testcase name="testHashCodeInegalite(Element, Element)[591]" classname="fr.eseo.e3.poo.projet.blox.modele.pieces.ElementTest" time="0.0"/>
  <testcase name="testHashCodeInegalite(Element, Element)[592]" classname="fr.eseo.e3.poo.projet.blox.modele.pieces.ElementTest" time="0.001"/>
  <testcase name="testHashCodeInegalite(Element, Element)[593]" classname="fr.eseo.e3.poo.projet.blox.modele.pieces.ElementTest" time="0.0"/>
  <testcase name="testHashCodeInegalite(Element, Element)[594]" classname="fr.eseo.e3.poo.projet.blox.modele.pieces.ElementTest" time="0.001"/>
  <testcase name="testHashCodeInegalite(Element, Element)[595]" classname="fr.eseo.e3.poo.projet.blox.modele.pieces.ElementTest" time="0.001"/>
  <testcase name="testHashCodeInegalite(Element, Element)[596]" classname="fr.eseo.e3.poo.projet.blox.modele.pieces.ElementTest" time="0.0"/>
  <testcase name="testHashCodeInegalite(Element, Element)[597]" classname="fr.eseo.e3.poo.projet.blox.modele.pieces.ElementTest" time="0.0"/>
  <testcase name="testHashCodeInegalite(Element, Element)[598]" classname="fr.eseo.e3.poo.projet.blox.modele.pieces.ElementTest" time="0.001"/>
  <testcase name="testHashCodeInegalite(Element, Element)[599]" classname="fr.eseo.e3.poo.projet.blox.modele.pieces.ElementTest" time="0.0"/>
  <testcase name="testHashCodeInegalite(Element, Element)[600]" classname="fr.eseo.e3.poo.projet.blox.modele.pieces.ElementTest" time="0.0"/>
  <testcase name="testHashCodeInegalite(Element, Element)[601]" classname="fr.eseo.e3.poo.projet.blox.modele.pieces.ElementTest" time="0.001"/>
  <testcase name="testHashCodeInegalite(Element, Element)[602]" classname="fr.eseo.e3.poo.projet.blox.modele.pieces.ElementTest" time="0.0"/>
  <testcase name="testHashCodeInegalite(Element, Element)[603]" classname="fr.eseo.e3.poo.projet.blox.modele.pieces.ElementTest" time="0.0"/>
  <testcase name="testHashCodeInegalite(Element, Element)[604]" classname="fr.eseo.e3.poo.projet.blox.modele.pieces.ElementTest" time="0.0"/>
  <testcase name="testHashCodeInegalite(Element, Element)[605]" classname="fr.eseo.e3.poo.projet.blox.modele.pieces.ElementTest" time="0.001"/>
  <testcase name="testHashCodeInegalite(Element, Element)[606]" classname="fr.eseo.e3.poo.projet.blox.modele.pieces.ElementTest" time="0.0"/>
  <testcase name="testHashCodeInegalite(Element, Element)[607]" classname="fr.eseo.e3.poo.projet.blox.modele.pieces.ElementTest" time="0.0"/>
  <testcase name="testHashCodeInegalite(Element, Element)[608]" classname="fr.eseo.e3.poo.projet.blox.modele.pieces.ElementTest" time="0.001"/>
  <testcase name="testHashCodeInegalite(Element, Element)[609]" classname="fr.eseo.e3.poo.projet.blox.modele.pieces.ElementTest" time="0.001"/>
  <testcase name="testHashCodeInegalite(Element, Element)[610]" classname="fr.eseo.e3.poo.projet.blox.modele.pieces.ElementTest" time="0.0"/>
  <testcase name="testHashCodeInegalite(Element, Element)[611]" classname="fr.eseo.e3.poo.projet.blox.modele.pieces.ElementTest" time="0.001"/>
  <testcase name="testHashCodeInegalite(Element, Element)[612]" classname="fr.eseo.e3.poo.projet.blox.modele.pieces.ElementTest" time="0.0"/>
  <testcase name="testHashCodeInegalite(Element, Element)[613]" classname="fr.eseo.e3.poo.projet.blox.modele.pieces.ElementTest" time="0.0"/>
  <testcase name="testHashCodeInegalite(Element, Element)[614]" classname="fr.eseo.e3.poo.projet.blox.modele.pieces.ElementTest" time="0.001"/>
  <testcase name="testHashCodeInegalite(Element, Element)[615]" classname="fr.eseo.e3.poo.projet.blox.modele.pieces.ElementTest" time="0.0"/>
  <testcase name="testHashCodeInegalite(Element, Element)[616]" classname="fr.eseo.e3.poo.projet.blox.modele.pieces.ElementTest" time="0.0"/>
  <testcase name="testHashCodeInegalite(Element, Element)[617]" classname="fr.eseo.e3.poo.projet.blox.modele.pieces.ElementTest" time="0.001"/>
  <testcase name="testHashCodeInegalite(Element, Element)[618]" classname="fr.eseo.e3.poo.projet.blox.modele.pieces.ElementTest" time="0.0"/>
  <testcase name="testHashCodeInegalite(Element, Element)[619]" classname="fr.eseo.e3.poo.projet.blox.modele.pieces.ElementTest" time="0.0"/>
  <testcase name="testHashCodeInegalite(Element, Element)[620]" classname="fr.eseo.e3.poo.projet.blox.modele.pieces.ElementTest" time="0.001"/>
  <testcase name="testHashCodeInegalite(Element, Element)[621]" classname="fr.eseo.e3.poo.projet.blox.modele.pieces.ElementTest" time="0.0"/>
  <testcase name="testHashCodeInegalite(Element, Element)[622]" classname="fr.eseo.e3.poo.projet.blox.modele.pieces.ElementTest" time="0.0"/>
  <testcase name="testHashCodeInegalite(Element, Element)[623]" classname="fr.eseo.e3.poo.projet.blox.modele.pieces.ElementTest" time="0.001"/>
  <testcase name="testHashCodeInegalite(Element, Element)[624]" classname="fr.eseo.e3.poo.projet.blox.modele.pieces.ElementTest" time="0.0"/>
  <testcase name="testHashCodeInegalite(Element, Element)[625]" classname="fr.eseo.e3.poo.projet.blox.modele.pieces.ElementTest" time="0.0"/>
  <testcase name="testHashCodeInegalite(Element, Element)[626]" classname="fr.eseo.e3.poo.projet.blox.modele.pieces.ElementTest" time="0.001"/>
  <testcase name="testHashCodeInegalite(Element, Element)[627]" classname="fr.eseo.e3.poo.projet.blox.modele.pieces.ElementTest" time="0.001"/>
  <testcase name="testHashCodeInegalite(Element, Element)[628]" classname="fr.eseo.e3.poo.projet.blox.modele.pieces.ElementTest" time="0.0"/>
  <testcase name="testHashCodeInegalite(Element, Element)[629]" classname="fr.eseo.e3.poo.projet.blox.modele.pieces.ElementTest" time="0.001"/>
  <testcase name="testHashCodeInegalite(Element, Element)[630]" classname="fr.eseo.e3.poo.projet.blox.modele.pieces.ElementTest" time="0.0"/>
  <testcase name="testHashCodeInegalite(Element, Element)[631]" classname="fr.eseo.e3.poo.projet.blox.modele.pieces.ElementTest" time="0.0"/>
  <testcase name="testHashCodeInegalite(Element, Element)[632]" classname="fr.eseo.e3.poo.projet.blox.modele.pieces.ElementTest" time="0.0"/>
  <testcase name="testHashCodeInegalite(Element, Element)[633]" classname="fr.eseo.e3.poo.projet.blox.modele.pieces.ElementTest" time="0.0"/>
  <testcase name="testHashCodeInegalite(Element, Element)[634]" classname="fr.eseo.e3.poo.projet.blox.modele.pieces.ElementTest" time="0.0"/>
  <testcase name="testHashCodeInegalite(Element, Element)[635]" classname="fr.eseo.e3.poo.projet.blox.modele.pieces.ElementTest" time="0.0"/>
  <testcase name="testHashCodeInegalite(Element, Element)[636]" classname="fr.eseo.e3.poo.projet.blox.modele.pieces.ElementTest" time="0.001"/>
  <testcase name="testHashCodeInegalite(Element, Element)[637]" classname="fr.eseo.e3.poo.projet.blox.modele.pieces.ElementTest" time="0.0"/>
  <testcase name="testHashCodeInegalite(Element, Element)[638]" classname="fr.eseo.e3.poo.projet.blox.modele.pieces.ElementTest" time="0.0"/>
  <testcase name="testHashCodeInegalite(Element, Element)[639]" classname="fr.eseo.e3.poo.projet.blox.modele.pieces.ElementTest" time="0.0"/>
  <testcase name="testHashCodeInegalite(Element, Element)[640]" classname="fr.eseo.e3.poo.projet.blox.modele.pieces.ElementTest" time="0.001"/>
  <testcase name="testHashCodeInegalite(Element, Element)[641]" classname="fr.eseo.e3.poo.projet.blox.modele.pieces.ElementTest" time="0.001"/>
  <testcase name="testHashCodeInegalite(Element, Element)[642]" classname="fr.eseo.e3.poo.projet.blox.modele.pieces.ElementTest" time="0.0"/>
  <testcase name="testHashCodeInegalite(Element, Element)[643]" classname="fr.eseo.e3.poo.projet.blox.modele.pieces.ElementTest" time="0.0"/>
  <testcase name="testHashCodeInegalite(Element, Element)[644]" classname="fr.eseo.e3.poo.projet.blox.modele.pieces.ElementTest" time="0.0"/>
  <testcase name="testHashCodeInegalite(Element, Element)[645]" classname="fr.eseo.e3.poo.projet.blox.modele.pieces.ElementTest" time="0.001"/>
  <testcase name="testHashCodeInegalite(Element, Element)[646]" classname="fr.eseo.e3.poo.projet.blox.modele.pieces.ElementTest" time="0.0"/>
  <testcase name="testHashCodeInegalite(Element, Element)[647]" classname="fr.eseo.e3.poo.projet.blox.modele.pieces.ElementTest" time="0.0"/>
  <testcase name="testHashCodeInegalite(Element, Element)[648]" classname="fr.eseo.e3.poo.projet.blox.modele.pieces.ElementTest" time="0.0"/>
  <testcase name="testHashCodeInegalite(Element, Element)[649]" classname="fr.eseo.e3.poo.projet.blox.modele.pieces.ElementTest" time="0.0"/>
  <testcase name="testHashCodeInegalite(Element, Element)[650]" classname="fr.eseo.e3.poo.projet.blox.modele.pieces.ElementTest" time="0.001"/>
  <testcase name="testHashCodeInegalite(Element, Element)[651]" classname="fr.eseo.e3.poo.projet.blox.modele.pieces.ElementTest" time="0.0"/>
  <testcase name="testHashCodeInegalite(Element, Element)[652]" classname="fr.eseo.e3.poo.projet.blox.modele.pieces.ElementTest" time="0.0"/>
  <testcase name="testHashCodeInegalite(Element, Element)[653]" classname="fr.eseo.e3.poo.projet.blox.modele.pieces.ElementTest" time="0.001"/>
  <testcase name="testHashCodeInegalite(Element, Element)[654]" classname="fr.eseo.e3.poo.projet.blox.modele.pieces.ElementTest" time="0.001"/>
  <testcase name="testHashCodeInegalite(Element, Element)[655]" classname="fr.eseo.e3.poo.projet.blox.modele.pieces.ElementTest" time="0.0"/>
  <testcase name="testHashCodeInegalite(Element, Element)[656]" classname="fr.eseo.e3.poo.projet.blox.modele.pieces.ElementTest" time="0.001"/>
  <testcase name="testHashCodeInegalite(Element, Element)[657]" classname="fr.eseo.e3.poo.projet.blox.modele.pieces.ElementTest" time="0.0"/>
  <testcase name="testHashCodeInegalite(Element, Element)[658]" classname="fr.eseo.e3.poo.projet.blox.modele.pieces.ElementTest" time="0.0"/>
  <testcase name="testHashCodeInegalite(Element, Element)[659]" classname="fr.eseo.e3.poo.projet.blox.modele.pieces.ElementTest" time="0.001"/>
  <testcase name="testHashCodeInegalite(Element, Element)[660]" classname="fr.eseo.e3.poo.projet.blox.modele.pieces.ElementTest" time="0.0"/>
  <testcase name="testHashCodeInegalite(Element, Element)[661]" classname="fr.eseo.e3.poo.projet.blox.modele.pieces.ElementTest" time="0.0"/>
  <testcase name="testHashCodeInegalite(Element, Element)[662]" classname="fr.eseo.e3.poo.projet.blox.modele.pieces.ElementTest" time="0.001"/>
  <testcase name="testHashCodeInegalite(Element, Element)[663]" classname="fr.eseo.e3.poo.projet.blox.modele.pieces.ElementTest" time="0.0"/>
  <testcase name="testHashCodeInegalite(Element, Element)[664]" classname="fr.eseo.e3.poo.projet.blox.modele.pieces.ElementTest" time="0.0"/>
  <testcase name="testHashCodeInegalite(Element, Element)[665]" classname="fr.eseo.e3.poo.projet.blox.modele.pieces.ElementTest" time="0.0"/>
  <testcase name="testHashCodeInegalite(Element, Element)[666]" classname="fr.eseo.e3.poo.projet.blox.modele.pieces.ElementTest" time="0.0"/>
  <testcase name="testHashCodeInegalite(Element, Element)[667]" classname="fr.eseo.e3.poo.projet.blox.modele.pieces.ElementTest" time="0.0"/>
  <testcase name="testHashCodeInegalite(Element, Element)[668]" classname="fr.eseo.e3.poo.projet.blox.modele.pieces.ElementTest" time="0.0"/>
  <testcase name="testHashCodeInegalite(Element, Element)[669]" classname="fr.eseo.e3.poo.projet.blox.modele.pieces.ElementTest" time="0.0"/>
  <testcase name="testHashCodeInegalite(Element, Element)[670]" classname="fr.eseo.e3.poo.projet.blox.modele.pieces.ElementTest" time="0.0"/>
  <testcase name="testHashCodeInegalite(Element, Element)[671]" classname="fr.eseo.e3.poo.projet.blox.modele.pieces.ElementTest" time="0.001"/>
  <testcase name="testHashCodeInegalite(Element, Element)[672]" classname="fr.eseo.e3.poo.projet.blox.modele.pieces.ElementTest" time="0.001"/>
  <testcase name="testHashCodeInegalite(Element, Element)[673]" classname="fr.eseo.e3.poo.projet.blox.modele.pieces.ElementTest" time="0.001"/>
  <testcase name="testHashCodeInegalite(Element, Element)[674]" classname="fr.eseo.e3.poo.projet.blox.modele.pieces.ElementTest" time="0.0"/>
  <testcase name="testHashCodeInegalite(Element, Element)[675]" classname="fr.eseo.e3.poo.projet.blox.modele.pieces.ElementTest" time="0.0"/>
  <testcase name="testHashCodeInegalite(Element, Element)[676]" classname="fr.eseo.e3.poo.projet.blox.modele.pieces.ElementTest" time="0.0"/>
  <testcase name="testHashCodeInegalite(Element, Element)[677]" classname="fr.eseo.e3.poo.projet.blox.modele.pieces.ElementTest" time="0.0"/>
  <testcase name="testHashCodeInegalite(Element, Element)[678]" classname="fr.eseo.e3.poo.projet.blox.modele.pieces.ElementTest" time="0.001"/>
  <testcase name="testHashCodeInegalite(Element, Element)[679]" classname="fr.eseo.e3.poo.projet.blox.modele.pieces.ElementTest" time="0.0"/>
  <testcase name="testHashCodeInegalite(Element, Element)[680]" classname="fr.eseo.e3.poo.projet.blox.modele.pieces.ElementTest" time="0.0"/>
  <testcase name="testHashCodeInegalite(Element, Element)[681]" classname="fr.eseo.e3.poo.projet.blox.modele.pieces.ElementTest" time="0.001"/>
  <testcase name="testHashCodeInegalite(Element, Element)[682]" classname="fr.eseo.e3.poo.projet.blox.modele.pieces.ElementTest" time="0.0"/>
  <testcase name="testHashCodeInegalite(Element, Element)[683]" classname="fr.eseo.e3.poo.projet.blox.modele.pieces.ElementTest" time="0.001"/>
  <testcase name="testHashCodeInegalite(Element, Element)[684]" classname="fr.eseo.e3.poo.projet.blox.modele.pieces.ElementTest" time="0.0"/>
  <testcase name="testHashCodeInegalite(Element, Element)[685]" classname="fr.eseo.e3.poo.projet.blox.modele.pieces.ElementTest" time="0.0"/>
  <testcase name="testHashCodeInegalite(Element, Element)[686]" classname="fr.eseo.e3.poo.projet.blox.modele.pieces.ElementTest" time="0.001"/>
  <testcase name="testHashCodeInegalite(Element, Element)[687]" classname="fr.eseo.e3.poo.projet.blox.modele.pieces.ElementTest" time="0.001"/>
  <testcase name="testHashCodeInegalite(Element, Element)[688]" classname="fr.eseo.e3.poo.projet.blox.modele.pieces.ElementTest" time="0.0"/>
  <testcase name="testHashCodeInegalite(Element, Element)[689]" classname="fr.eseo.e3.poo.projet.blox.modele.pieces.ElementTest" time="0.0"/>
  <testcase name="testHashCodeInegalite(Element, Element)[690]" classname="fr.eseo.e3.poo.projet.blox.modele.pieces.ElementTest" time="0.001"/>
  <testcase name="testHashCodeInegalite(Element, Element)[691]" classname="fr.eseo.e3.poo.projet.blox.modele.pieces.ElementTest" time="0.001"/>
  <testcase name="testHashCodeInegalite(Element, Element)[692]" classname="fr.eseo.e3.poo.projet.blox.modele.pieces.ElementTest" time="0.0"/>
  <testcase name="testHashCodeInegalite(Element, Element)[693]" classname="fr.eseo.e3.poo.projet.blox.modele.pieces.ElementTest" time="0.001"/>
  <testcase name="testHashCodeInegalite(Element, Element)[694]" classname="fr.eseo.e3.poo.projet.blox.modele.pieces.ElementTest" time="0.001"/>
  <testcase name="testHashCodeInegalite(Element, Element)[695]" classname="fr.eseo.e3.poo.projet.blox.modele.pieces.ElementTest" time="0.0"/>
  <testcase name="testHashCodeInegalite(Element, Element)[696]" classname="fr.eseo.e3.poo.projet.blox.modele.pieces.ElementTest" time="0.0"/>
  <testcase name="testHashCodeInegalite(Element, Element)[697]" classname="fr.eseo.e3.poo.projet.blox.modele.pieces.ElementTest" time="0.0"/>
  <testcase name="testHashCodeInegalite(Element, Element)[698]" classname="fr.eseo.e3.poo.projet.blox.modele.pieces.ElementTest" time="0.001"/>
  <testcase name="testHashCodeInegalite(Element, Element)[699]" classname="fr.eseo.e3.poo.projet.blox.modele.pieces.ElementTest" time="0.001"/>
  <testcase name="testHashCodeInegalite(Element, Element)[700]" classname="fr.eseo.e3.poo.projet.blox.modele.pieces.ElementTest" time="0.0"/>
  <testcase name="testHashCodeInegalite(Element, Element)[701]" classname="fr.eseo.e3.poo.projet.blox.modele.pieces.ElementTest" time="0.0"/>
  <testcase name="testHashCodeInegalite(Element, Element)[702]" classname="fr.eseo.e3.poo.projet.blox.modele.pieces.ElementTest" time="0.001"/>
  <testcase name="testHashCodeInegalite(Element, Element)[703]" classname="fr.eseo.e3.poo.projet.blox.modele.pieces.ElementTest" time="0.0"/>
  <testcase name="testHashCodeInegalite(Element, Element)[704]" classname="fr.eseo.e3.poo.projet.blox.modele.pieces.ElementTest" time="0.0"/>
  <testcase name="testHashCodeInegalite(Element, Element)[705]" classname="fr.eseo.e3.poo.projet.blox.modele.pieces.ElementTest" time="0.0"/>
  <testcase name="testHashCodeInegalite(Element, Element)[706]" classname="fr.eseo.e3.poo.projet.blox.modele.pieces.ElementTest" time="0.0"/>
  <testcase name="testHashCodeInegalite(Element, Element)[707]" classname="fr.eseo.e3.poo.projet.blox.modele.pieces.ElementTest" time="0.0"/>
  <testcase name="testHashCodeInegalite(Element, Element)[708]" classname="fr.eseo.e3.poo.projet.blox.modele.pieces.ElementTest" time="0.001"/>
  <testcase name="testHashCodeInegalite(Element, Element)[709]" classname="fr.eseo.e3.poo.projet.blox.modele.pieces.ElementTest" time="0.0"/>
  <testcase name="testHashCodeInegalite(Element, Element)[710]" classname="fr.eseo.e3.poo.projet.blox.modele.pieces.ElementTest" time="0.0"/>
  <testcase name="testHashCodeInegalite(Element, Element)[711]" classname="fr.eseo.e3.poo.projet.blox.modele.pieces.ElementTest" time="0.001"/>
  <testcase name="testHashCodeInegalite(Element, Element)[712]" classname="fr.eseo.e3.poo.projet.blox.modele.pieces.ElementTest" time="0.0"/>
  <testcase name="testHashCodeInegalite(Element, Element)[713]" classname="fr.eseo.e3.poo.projet.blox.modele.pieces.ElementTest" time="0.001"/>
  <testcase name="testHashCodeInegalite(Element, Element)[714]" classname="fr.eseo.e3.poo.projet.blox.modele.pieces.ElementTest" time="0.001"/>
  <testcase name="testHashCodeInegalite(Element, Element)[715]" classname="fr.eseo.e3.poo.projet.blox.modele.pieces.ElementTest" time="0.001"/>
  <testcase name="testHashCodeInegalite(Element, Element)[716]" classname="fr.eseo.e3.poo.projet.blox.modele.pieces.ElementTest" time="0.0"/>
  <testcase name="testHashCodeInegalite(Element, Element)[717]" classname="fr.eseo.e3.poo.projet.blox.modele.pieces.ElementTest" time="0.001"/>
  <testcase name="testHashCodeInegalite(Element, Element)[718]" classname="fr.eseo.e3.poo.projet.blox.modele.pieces.ElementTest" time="0.001"/>
  <testcase name="testHashCodeInegalite(Element, Element)[719]" classname="fr.eseo.e3.poo.projet.blox.modele.pieces.ElementTest" time="0.0"/>
  <testcase name="testHashCodeInegalite(Element, Element)[720]" classname="fr.eseo.e3.poo.projet.blox.modele.pieces.ElementTest" time="0.0"/>
  <testcase name="testHashCodeInegalite(Element, Element)[721]" classname="fr.eseo.e3.poo.projet.blox.modele.pieces.ElementTest" time="0.0"/>
  <testcase name="testHashCodeInegalite(Element, Element)[722]" classname="fr.eseo.e3.poo.projet.blox.modele.pieces.ElementTest" time="0.0"/>
  <testcase name="testHashCodeInegalite(Element, Element)[723]" classname="fr.eseo.e3.poo.projet.blox.modele.pieces.ElementTest" time="0.001"/>
  <testcase name="testHashCodeInegalite(Element, Element)[724]" classname="fr.eseo.e3.poo.projet.blox.modele.pieces.ElementTest" time="0.001"/>
  <testcase name="testHashCodeInegalite(Element, Element)[725]" classname="fr.eseo.e3.poo.projet.blox.modele.pieces.ElementTest" time="0.001"/>
  <testcase name="testHashCodeInegalite(Element, Element)[726]" classname="fr.eseo.e3.poo.projet.blox.modele.pieces.ElementTest" time="0.0"/>
  <testcase name="testHashCodeInegalite(Element, Element)[727]" classname="fr.eseo.e3.poo.projet.blox.modele.pieces.ElementTest" time="0.001"/>
  <testcase name="testHashCodeInegalite(Element, Element)[728]" classname="fr.eseo.e3.poo.projet.blox.modele.pieces.ElementTest" time="0.0"/>
  <testcase name="testHashCodeInegalite(Element, Element)[729]" classname="fr.eseo.e3.poo.projet.blox.modele.pieces.ElementTest" time="0.0"/>
  <testcase name="testHashCodeInegalite(Element, Element)[730]" classname="fr.eseo.e3.poo.projet.blox.modele.pieces.ElementTest" time="0.0"/>
  <testcase name="testHashCodeInegalite(Element, Element)[731]" classname="fr.eseo.e3.poo.projet.blox.modele.pieces.ElementTest" time="0.0"/>
  <testcase name="testHashCodeInegalite(Element, Element)[732]" classname="fr.eseo.e3.poo.projet.blox.modele.pieces.ElementTest" time="0.0"/>
  <testcase name="testHashCodeInegalite(Element, Element)[733]" classname="fr.eseo.e3.poo.projet.blox.modele.pieces.ElementTest" time="0.0"/>
  <testcase name="testHashCodeInegalite(Element, Element)[734]" classname="fr.eseo.e3.poo.projet.blox.modele.pieces.ElementTest" time="0.0"/>
  <testcase name="testHashCodeInegalite(Element, Element)[735]" classname="fr.eseo.e3.poo.projet.blox.modele.pieces.ElementTest" time="0.0"/>
  <testcase name="testHashCodeInegalite(Element, Element)[736]" classname="fr.eseo.e3.poo.projet.blox.modele.pieces.ElementTest" time="0.001"/>
  <testcase name="testHashCodeInegalite(Element, Element)[737]" classname="fr.eseo.e3.poo.projet.blox.modele.pieces.ElementTest" time="0.0"/>
  <testcase name="testHashCodeInegalite(Element, Element)[738]" classname="fr.eseo.e3.poo.projet.blox.modele.pieces.ElementTest" time="0.0"/>
  <testcase name="testHashCodeInegalite(Element, Element)[739]" classname="fr.eseo.e3.poo.projet.blox.modele.pieces.ElementTest" time="0.001"/>
  <testcase name="testHashCodeInegalite(Element, Element)[740]" classname="fr.eseo.e3.poo.projet.blox.modele.pieces.ElementTest" time="0.0"/>
  <testcase name="testHashCodeInegalite(Element, Element)[741]" classname="fr.eseo.e3.poo.projet.blox.modele.pieces.ElementTest" time="0.001"/>
  <testcase name="testHashCodeInegalite(Element, Element)[742]" classname="fr.eseo.e3.poo.projet.blox.modele.pieces.ElementTest" time="0.0"/>
  <testcase name="testHashCodeInegalite(Element, Element)[743]" classname="fr.eseo.e3.poo.projet.blox.modele.pieces.ElementTest" time="0.0"/>
  <testcase name="testHashCodeInegalite(Element, Element)[744]" classname="fr.eseo.e3.poo.projet.blox.modele.pieces.ElementTest" time="0.0"/>
  <testcase name="testHashCodeInegalite(Element, Element)[745]" classname="fr.eseo.e3.poo.projet.blox.modele.pieces.ElementTest" time="0.0"/>
  <testcase name="testHashCodeInegalite(Element, Element)[746]" classname="fr.eseo.e3.poo.projet.blox.modele.pieces.ElementTest" time="0.0"/>
  <testcase name="testHashCodeInegalite(Element, Element)[747]" classname="fr.eseo.e3.poo.projet.blox.modele.pieces.ElementTest" time="0.001"/>
  <testcase name="testHashCodeInegalite(Element, Element)[748]" classname="fr.eseo.e3.poo.projet.blox.modele.pieces.ElementTest" time="0.0"/>
  <testcase name="testHashCodeInegalite(Element, Element)[749]" classname="fr.eseo.e3.poo.projet.blox.modele.pieces.ElementTest" time="0.0"/>
  <testcase name="testHashCodeInegalite(Element, Element)[750]" classname="fr.eseo.e3.poo.projet.blox.modele.pieces.ElementTest" time="0.001"/>
  <testcase name="testHashCodeInegalite(Element, Element)[751]" classname="fr.eseo.e3.poo.projet.blox.modele.pieces.ElementTest" time="0.0"/>
  <testcase name="testHashCodeInegalite(Element, Element)[752]" classname="fr.eseo.e3.poo.projet.blox.modele.pieces.ElementTest" time="0.0"/>
  <testcase name="testHashCodeInegalite(Element, Element)[753]" classname="fr.eseo.e3.poo.projet.blox.modele.pieces.ElementTest" time="0.001"/>
  <testcase name="testHashCodeInegalite(Element, Element)[754]" classname="fr.eseo.e3.poo.projet.blox.modele.pieces.ElementTest" time="0.001"/>
  <testcase name="testHashCodeInegalite(Element, Element)[755]" classname="fr.eseo.e3.poo.projet.blox.modele.pieces.ElementTest" time="0.0"/>
  <testcase name="testHashCodeInegalite(Element, Element)[756]" classname="fr.eseo.e3.poo.projet.blox.modele.pieces.ElementTest" time="0.0"/>
  <testcase name="testHashCodeInegalite(Element, Element)[757]" classname="fr.eseo.e3.poo.projet.blox.modele.pieces.ElementTest" time="0.0"/>
  <testcase name="testHashCodeInegalite(Element, Element)[758]" classname="fr.eseo.e3.poo.projet.blox.modele.pieces.ElementTest" time="0.001"/>
  <testcase name="testHashCodeInegalite(Element, Element)[759]" classname="fr.eseo.e3.poo.projet.blox.modele.pieces.ElementTest" time="0.001"/>
  <testcase name="testHashCodeInegalite(Element, Element)[760]" classname="fr.eseo.e3.poo.projet.blox.modele.pieces.ElementTest" time="0.001"/>
  <testcase name="testHashCodeInegalite(Element, Element)[761]" classname="fr.eseo.e3.poo.projet.blox.modele.pieces.ElementTest" time="0.0"/>
  <testcase name="testHashCodeInegalite(Element, Element)[762]" classname="fr.eseo.e3.poo.projet.blox.modele.pieces.ElementTest" time="0.001"/>
  <testcase name="testHashCodeInegalite(Element, Element)[763]" classname="fr.eseo.e3.poo.projet.blox.modele.pieces.ElementTest" time="0.0"/>
  <testcase name="testHashCodeInegalite(Element, Element)[764]" classname="fr.eseo.e3.poo.projet.blox.modele.pieces.ElementTest" time="0.0"/>
  <testcase name="testHashCodeInegalite(Element, Element)[765]" classname="fr.eseo.e3.poo.projet.blox.modele.pieces.ElementTest" time="0.002"/>
  <testcase name="testHashCodeInegalite(Element, Element)[766]" classname="fr.eseo.e3.poo.projet.blox.modele.pieces.ElementTest" time="0.001"/>
  <testcase name="testHashCodeInegalite(Element, Element)[767]" classname="fr.eseo.e3.poo.projet.blox.modele.pieces.ElementTest" time="0.001"/>
  <testcase name="testHashCodeInegalite(Element, Element)[768]" classname="fr.eseo.e3.poo.projet.blox.modele.pieces.ElementTest" time="0.001"/>
  <testcase name="testHashCodeInegalite(Element, Element)[769]" classname="fr.eseo.e3.poo.projet.blox.modele.pieces.ElementTest" time="0.001"/>
  <testcase name="testHashCodeInegalite(Element, Element)[770]" classname="fr.eseo.e3.poo.projet.blox.modele.pieces.ElementTest" time="0.001"/>
  <testcase name="testHashCodeInegalite(Element, Element)[771]" classname="fr.eseo.e3.poo.projet.blox.modele.pieces.ElementTest" time="0.0"/>
  <testcase name="testHashCodeInegalite(Element, Element)[772]" classname="fr.eseo.e3.poo.projet.blox.modele.pieces.ElementTest" time="0.001"/>
  <testcase name="testHashCodeInegalite(Element, Element)[773]" classname="fr.eseo.e3.poo.projet.blox.modele.pieces.ElementTest" time="0.0"/>
  <testcase name="testHashCodeInegalite(Element, Element)[774]" classname="fr.eseo.e3.poo.projet.blox.modele.pieces.ElementTest" time="0.0"/>
  <testcase name="testHashCodeInegalite(Element, Element)[775]" classname="fr.eseo.e3.poo.projet.blox.modele.pieces.ElementTest" time="0.0"/>
  <testcase name="testHashCodeInegalite(Element, Element)[776]" classname="fr.eseo.e3.poo.projet.blox.modele.pieces.ElementTest" time="0.001"/>
  <testcase name="testHashCodeInegalite(Element, Element)[777]" classname="fr.eseo.e3.poo.projet.blox.modele.pieces.ElementTest" time="0.001"/>
  <testcase name="testHashCodeInegalite(Element, Element)[778]" classname="fr.eseo.e3.poo.projet.blox.modele.pieces.ElementTest" time="0.0"/>
  <testcase name="testHashCodeInegalite(Element, Element)[779]" classname="fr.eseo.e3.poo.projet.blox.modele.pieces.ElementTest" time="0.0"/>
  <testcase name="testHashCodeInegalite(Element, Element)[780]" classname="fr.eseo.e3.poo.projet.blox.modele.pieces.ElementTest" time="0.0"/>
  <testcase name="testHashCodeInegalite(Element, Element)[781]" classname="fr.eseo.e3.poo.projet.blox.modele.pieces.ElementTest" time="0.001"/>
  <testcase name="testHashCodeInegalite(Element, Element)[782]" classname="fr.eseo.e3.poo.projet.blox.modele.pieces.ElementTest" time="0.0"/>
  <testcase name="testHashCodeInegalite(Element, Element)[783]" classname="fr.eseo.e3.poo.projet.blox.modele.pieces.ElementTest" time="0.0"/>
  <testcase name="testHashCodeInegalite(Element, Element)[784]" classname="fr.eseo.e3.poo.projet.blox.modele.pieces.ElementTest" time="0.0"/>
  <testcase name="testHashCodeInegalite(Element, Element)[785]" classname="fr.eseo.e3.poo.projet.blox.modele.pieces.ElementTest" time="0.0"/>
  <testcase name="testHashCodeInegalite(Element, Element)[786]" classname="fr.eseo.e3.poo.projet.blox.modele.pieces.ElementTest" time="0.0"/>
  <testcase name="testHashCodeInegalite(Element, Element)[787]" classname="fr.eseo.e3.poo.projet.blox.modele.pieces.ElementTest" time="0.001"/>
  <testcase name="testHashCodeInegalite(Element, Element)[788]" classname="fr.eseo.e3.poo.projet.blox.modele.pieces.ElementTest" time="0.0"/>
  <testcase name="testHashCodeInegalite(Element, Element)[789]" classname="fr.eseo.e3.poo.projet.blox.modele.pieces.ElementTest" time="0.0"/>
  <testcase name="testHashCodeInegalite(Element, Element)[790]" classname="fr.eseo.e3.poo.projet.blox.modele.pieces.ElementTest" time="0.001"/>
  <testcase name="testHashCodeInegalite(Element, Element)[791]" classname="fr.eseo.e3.poo.projet.blox.modele.pieces.ElementTest" time="0.001"/>
  <testcase name="testHashCodeInegalite(Element, Element)[792]" classname="fr.eseo.e3.poo.projet.blox.modele.pieces.ElementTest" time="0.001"/>
  <testcase name="testHashCodeInegalite(Element, Element)[793]" classname="fr.eseo.e3.poo.projet.blox.modele.pieces.ElementTest" time="0.001"/>
  <testcase name="testHashCodeInegalite(Element, Element)[794]" classname="fr.eseo.e3.poo.projet.blox.modele.pieces.ElementTest" time="0.0"/>
  <testcase name="testHashCodeInegalite(Element, Element)[795]" classname="fr.eseo.e3.poo.projet.blox.modele.pieces.ElementTest" time="0.0"/>
  <testcase name="testHashCodeInegalite(Element, Element)[796]" classname="fr.eseo.e3.poo.projet.blox.modele.pieces.ElementTest" time="0.0"/>
  <testcase name="testHashCodeInegalite(Element, Element)[797]" classname="fr.eseo.e3.poo.projet.blox.modele.pieces.ElementTest" time="0.0"/>
  <testcase name="testHashCodeInegalite(Element, Element)[798]" classname="fr.eseo.e3.poo.projet.blox.modele.pieces.ElementTest" time="0.001"/>
  <testcase name="testHashCodeInegalite(Element, Element)[799]" classname="fr.eseo.e3.poo.projet.blox.modele.pieces.ElementTest" time="0.0"/>
  <testcase name="testHashCodeInegalite(Element, Element)[800]" classname="fr.eseo.e3.poo.projet.blox.modele.pieces.ElementTest" time="0.0"/>
  <testcase name="testHashCodeInegalite(Element, Element)[801]" classname="fr.eseo.e3.poo.projet.blox.modele.pieces.ElementTest" time="0.001"/>
  <testcase name="testHashCodeInegalite(Element, Element)[802]" classname="fr.eseo.e3.poo.projet.blox.modele.pieces.ElementTest" time="0.0"/>
  <testcase name="testHashCodeInegalite(Element, Element)[803]" classname="fr.eseo.e3.poo.projet.blox.modele.pieces.ElementTest" time="0.0"/>
  <testcase name="testHashCodeInegalite(Element, Element)[804]" classname="fr.eseo.e3.poo.projet.blox.modele.pieces.ElementTest" time="0.0"/>
  <testcase name="testHashCodeInegalite(Element, Element)[805]" classname="fr.eseo.e3.poo.projet.blox.modele.pieces.ElementTest" time="0.001"/>
  <testcase name="testHashCodeInegalite(Element, Element)[806]" classname="fr.eseo.e3.poo.projet.blox.modele.pieces.ElementTest" time="0.001"/>
  <testcase name="testHashCodeInegalite(Element, Element)[807]" classname="fr.eseo.e3.poo.projet.blox.modele.pieces.ElementTest" time="0.0"/>
  <testcase name="testHashCodeInegalite(Element, Element)[808]" classname="fr.eseo.e3.poo.projet.blox.modele.pieces.ElementTest" time="0.0"/>
  <testcase name="testHashCodeInegalite(Element, Element)[809]" classname="fr.eseo.e3.poo.projet.blox.modele.pieces.ElementTest" time="0.0"/>
  <testcase name="testHashCodeInegalite(Element, Element)[810]" classname="fr.eseo.e3.poo.projet.blox.modele.pieces.ElementTest" time="0.0"/>
  <testcase name="testHashCodeInegalite(Element, Element)[811]" classname="fr.eseo.e3.poo.projet.blox.modele.pieces.ElementTest" time="0.0"/>
  <testcase name="testHashCodeInegalite(Element, Element)[812]" classname="fr.eseo.e3.poo.projet.blox.modele.pieces.ElementTest" time="0.001"/>
  <testcase name="testHashCodeInegalite(Element, Element)[813]" classname="fr.eseo.e3.poo.projet.blox.modele.pieces.ElementTest" time="0.0"/>
  <testcase name="testHashCodeInegalite(Element, Element)[814]" classname="fr.eseo.e3.poo.projet.blox.modele.pieces.ElementTest" time="0.0"/>
  <testcase name="testHashCodeInegalite(Element, Element)[815]" classname="fr.eseo.e3.poo.projet.blox.modele.pieces.ElementTest" time="0.0"/>
  <testcase name="testHashCodeInegalite(Element, Element)[816]" classname="fr.eseo.e3.poo.projet.blox.modele.pieces.ElementTest" time="0.0"/>
  <testcase name="testHashCodeInegalite(Element, Element)[817]" classname="fr.eseo.e3.poo.projet.blox.modele.pieces.ElementTest" time="0.001"/>
  <testcase name="testHashCodeInegalite(Element, Element)[818]" classname="fr.eseo.e3.poo.projet.blox.modele.pieces.ElementTest" time="0.0"/>
  <testcase name="testHashCodeInegalite(Element, Element)[819]" classname="fr.eseo.e3.poo.projet.blox.modele.pieces.ElementTest" time="0.001"/>
  <testcase name="testHashCodeInegalite(Element, Element)[820]" classname="fr.eseo.e3.poo.projet.blox.modele.pieces.ElementTest" time="0.0"/>
  <testcase name="testHashCodeInegalite(Element, Element)[821]" classname="fr.eseo.e3.poo.projet.blox.modele.pieces.ElementTest" time="0.001"/>
  <testcase name="testHashCodeInegalite(Element, Element)[822]" classname="fr.eseo.e3.poo.projet.blox.modele.pieces.ElementTest" time="0.0"/>
  <testcase name="testHashCodeInegalite(Element, Element)[823]" classname="fr.eseo.e3.poo.projet.blox.modele.pieces.ElementTest" time="0.0"/>
  <testcase name="testHashCodeInegalite(Element, Element)[824]" classname="fr.eseo.e3.poo.projet.blox.modele.pieces.ElementTest" time="0.0"/>
  <testcase name="testHashCodeInegalite(Element, Element)[825]" classname="fr.eseo.e3.poo.projet.blox.modele.pieces.ElementTest" time="0.0"/>
  <testcase name="testHashCodeInegalite(Element, Element)[826]" classname="fr.eseo.e3.poo.projet.blox.modele.pieces.ElementTest" time="0.001"/>
  <testcase name="testHashCodeInegalite(Element, Element)[827]" classname="fr.eseo.e3.poo.projet.blox.modele.pieces.ElementTest" time="0.0"/>
  <testcase name="testHashCodeInegalite(Element, Element)[828]" classname="fr.eseo.e3.poo.projet.blox.modele.pieces.ElementTest" time="0.0"/>
  <testcase name="testHashCodeInegalite(Element, Element)[829]" classname="fr.eseo.e3.poo.projet.blox.modele.pieces.ElementTest" time="0.001"/>
  <testcase name="testHashCodeInegalite(Element, Element)[830]" classname="fr.eseo.e3.poo.projet.blox.modele.pieces.ElementTest" time="0.0"/>
  <testcase name="testHashCodeInegalite(Element, Element)[831]" classname="fr.eseo.e3.poo.projet.blox.modele.pieces.ElementTest" time="0.001"/>
  <testcase name="testHashCodeInegalite(Element, Element)[832]" classname="fr.eseo.e3.poo.projet.blox.modele.pieces.ElementTest" time="0.0"/>
  <testcase name="testHashCodeInegalite(Element, Element)[833]" classname="fr.eseo.e3.poo.projet.blox.modele.pieces.ElementTest" time="0.0"/>
  <testcase name="testHashCodeInegalite(Element, Element)[834]" classname="fr.eseo.e3.poo.projet.blox.modele.pieces.ElementTest" time="0.0"/>
  <testcase name="testHashCodeInegalite(Element, Element)[835]" classname="fr.eseo.e3.poo.projet.blox.modele.pieces.ElementTest" time="0.001"/>
  <testcase name="testHashCodeInegalite(Element, Element)[836]" classname="fr.eseo.e3.poo.projet.blox.modele.pieces.ElementTest" time="0.0"/>
  <testcase name="testHashCodeInegalite(Element, Element)[837]" classname="fr.eseo.e3.poo.projet.blox.modele.pieces.ElementTest" time="0.0"/>
  <testcase name="testHashCodeInegalite(Element, Element)[838]" classname="fr.eseo.e3.poo.projet.blox.modele.pieces.ElementTest" time="0.0"/>
  <testcase name="testHashCodeInegalite(Element, Element)[839]" classname="fr.eseo.e3.poo.projet.blox.modele.pieces.ElementTest" time="0.0"/>
  <testcase name="testHashCodeInegalite(Element, Element)[840]" classname="fr.eseo.e3.poo.projet.blox.modele.pieces.ElementTest" time="0.001"/>
  <testcase name="testHashCodeInegalite(Element, Element)[841]" classname="fr.eseo.e3.poo.projet.blox.modele.pieces.ElementTest" time="0.0"/>
  <testcase name="testHashCodeInegalite(Element, Element)[842]" classname="fr.eseo.e3.poo.projet.blox.modele.pieces.ElementTest" time="0.0"/>
  <testcase name="testHashCodeInegalite(Element, Element)[843]" classname="fr.eseo.e3.poo.projet.blox.modele.pieces.ElementTest" time="0.001"/>
  <testcase name="testHashCodeInegalite(Element, Element)[844]" classname="fr.eseo.e3.poo.projet.blox.modele.pieces.ElementTest" time="0.0"/>
  <testcase name="testHashCodeInegalite(Element, Element)[845]" classname="fr.eseo.e3.poo.projet.blox.modele.pieces.ElementTest" time="0.0"/>
  <testcase name="testHashCodeInegalite(Element, Element)[846]" classname="fr.eseo.e3.poo.projet.blox.modele.pieces.ElementTest" time="0.0"/>
  <testcase name="testHashCodeInegalite(Element, Element)[847]" classname="fr.eseo.e3.poo.projet.blox.modele.pieces.ElementTest" time="0.001"/>
  <testcase name="testHashCodeInegalite(Element, Element)[848]" classname="fr.eseo.e3.poo.projet.blox.modele.pieces.ElementTest" time="0.0"/>
  <testcase name="testHashCodeInegalite(Element, Element)[849]" classname="fr.eseo.e3.poo.projet.blox.modele.pieces.ElementTest" time="0.0"/>
  <testcase name="testHashCodeInegalite(Element, Element)[850]" classname="fr.eseo.e3.poo.projet.blox.modele.pieces.ElementTest" time="0.0"/>
  <testcase name="testHashCodeInegalite(Element, Element)[851]" classname="fr.eseo.e3.poo.projet.blox.modele.pieces.ElementTest" time="0.0"/>
  <testcase name="testHashCodeInegalite(Element, Element)[852]" classname="fr.eseo.e3.poo.projet.blox.modele.pieces.ElementTest" time="0.001"/>
  <testcase name="testHashCodeInegalite(Element, Element)[853]" classname="fr.eseo.e3.poo.projet.blox.modele.pieces.ElementTest" time="0.0"/>
  <testcase name="testHashCodeInegalite(Element, Element)[854]" classname="fr.eseo.e3.poo.projet.blox.modele.pieces.ElementTest" time="0.0"/>
  <testcase name="testHashCodeInegalite(Element, Element)[855]" classname="fr.eseo.e3.poo.projet.blox.modele.pieces.ElementTest" time="0.0"/>
  <testcase name="testHashCodeInegalite(Element, Element)[856]" classname="fr.eseo.e3.poo.projet.blox.modele.pieces.ElementTest" time="0.001"/>
  <testcase name="testHashCodeInegalite(Element, Element)[857]" classname="fr.eseo.e3.poo.projet.blox.modele.pieces.ElementTest" time="0.0"/>
  <testcase name="testHashCodeInegalite(Element, Element)[858]" classname="fr.eseo.e3.poo.projet.blox.modele.pieces.ElementTest" time="0.001"/>
  <testcase name="testHashCodeInegalite(Element, Element)[859]" classname="fr.eseo.e3.poo.projet.blox.modele.pieces.ElementTest" time="0.0"/>
  <testcase name="testHashCodeInegalite(Element, Element)[860]" classname="fr.eseo.e3.poo.projet.blox.modele.pieces.ElementTest" time="0.0"/>
  <testcase name="testHashCodeInegalite(Element, Element)[861]" classname="fr.eseo.e3.poo.projet.blox.modele.pieces.ElementTest" time="0.0"/>
  <testcase name="testHashCodeInegalite(Element, Element)[862]" classname="fr.eseo.e3.poo.projet.blox.modele.pieces.ElementTest" time="0.0"/>
  <testcase name="testHashCodeInegalite(Element, Element)[863]" classname="fr.eseo.e3.poo.projet.blox.modele.pieces.ElementTest" time="0.0"/>
  <testcase name="testHashCodeInegalite(Element, Element)[864]" classname="fr.eseo.e3.poo.projet.blox.modele.pieces.ElementTest" time="0.0"/>
  <testcase name="testHashCodeInegalite(Element, Element)[865]" classname="fr.eseo.e3.poo.projet.blox.modele.pieces.ElementTest" time="0.0"/>
  <testcase name="testHashCodeInegalite(Element, Element)[866]" classname="fr.eseo.e3.poo.projet.blox.modele.pieces.ElementTest" time="0.0"/>
  <testcase name="testHashCodeInegalite(Element, Element)[867]" classname="fr.eseo.e3.poo.projet.blox.modele.pieces.ElementTest" time="0.0"/>
  <testcase name="testHashCodeInegalite(Element, Element)[868]" classname="fr.eseo.e3.poo.projet.blox.modele.pieces.ElementTest" time="0.0"/>
  <testcase name="testHashCodeInegalite(Element, Element)[869]" classname="fr.eseo.e3.poo.projet.blox.modele.pieces.ElementTest" time="0.001"/>
  <testcase name="testHashCodeInegalite(Element, Element)[870]" classname="fr.eseo.e3.poo.projet.blox.modele.pieces.ElementTest" time="0.0"/>
  <testcase name="testHashCodeInegalite(Element, Element)[871]" classname="fr.eseo.e3.poo.projet.blox.modele.pieces.ElementTest" time="0.001"/>
  <testcase name="testHashCodeInegalite(Element, Element)[872]" classname="fr.eseo.e3.poo.projet.blox.modele.pieces.ElementTest" time="0.0"/>
  <testcase name="testHashCodeInegalite(Element, Element)[873]" classname="fr.eseo.e3.poo.projet.blox.modele.pieces.ElementTest" time="0.001"/>
  <testcase name="testHashCodeInegalite(Element, Element)[874]" classname="fr.eseo.e3.poo.projet.blox.modele.pieces.ElementTest" time="0.0"/>
  <testcase name="testHashCodeInegalite(Element, Element)[875]" classname="fr.eseo.e3.poo.projet.blox.modele.pieces.ElementTest" time="0.001"/>
  <testcase name="testHashCodeInegalite(Element, Element)[876]" classname="fr.eseo.e3.poo.projet.blox.modele.pieces.ElementTest" time="0.0"/>
  <testcase name="testHashCodeInegalite(Element, Element)[877]" classname="fr.eseo.e3.poo.projet.blox.modele.pieces.ElementTest" time="0.0"/>
  <testcase name="testHashCodeInegalite(Element, Element)[878]" classname="fr.eseo.e3.poo.projet.blox.modele.pieces.ElementTest" time="0.0"/>
  <testcase name="testHashCodeInegalite(Element, Element)[879]" classname="fr.eseo.e3.poo.projet.blox.modele.pieces.ElementTest" time="0.001"/>
  <testcase name="testHashCodeInegalite(Element, Element)[880]" classname="fr.eseo.e3.poo.projet.blox.modele.pieces.ElementTest" time="0.0"/>
  <testcase name="testHashCodeInegalite(Element, Element)[881]" classname="fr.eseo.e3.poo.projet.blox.modele.pieces.ElementTest" time="0.0"/>
  <testcase name="testHashCodeInegalite(Element, Element)[882]" classname="fr.eseo.e3.poo.projet.blox.modele.pieces.ElementTest" time="0.0"/>
  <testcase name="testHashCodeInegalite(Element, Element)[883]" classname="fr.eseo.e3.poo.projet.blox.modele.pieces.ElementTest" time="0.0"/>
  <testcase name="testHashCodeInegalite(Element, Element)[884]" classname="fr.eseo.e3.poo.projet.blox.modele.pieces.ElementTest" time="0.0"/>
  <testcase name="testHashCodeInegalite(Element, Element)[885]" classname="fr.eseo.e3.poo.projet.blox.modele.pieces.ElementTest" time="0.0"/>
  <testcase name="testHashCodeInegalite(Element, Element)[886]" classname="fr.eseo.e3.poo.projet.blox.modele.pieces.ElementTest" time="0.0"/>
  <testcase name="testHashCodeInegalite(Element, Element)[887]" classname="fr.eseo.e3.poo.projet.blox.modele.pieces.ElementTest" time="0.0"/>
  <testcase name="testHashCodeInegalite(Element, Element)[888]" classname="fr.eseo.e3.poo.projet.blox.modele.pieces.ElementTest" time="0.001"/>
  <testcase name="testHashCodeInegalite(Element, Element)[889]" classname="fr.eseo.e3.poo.projet.blox.modele.pieces.ElementTest" time="0.0"/>
  <testcase name="testHashCodeInegalite(Element, Element)[890]" classname="fr.eseo.e3.poo.projet.blox.modele.pieces.ElementTest" time="0.0"/>
  <testcase name="testHashCodeInegalite(Element, Element)[891]" classname="fr.eseo.e3.poo.projet.blox.modele.pieces.ElementTest" time="0.0"/>
  <testcase name="testHashCodeInegalite(Element, Element)[892]" classname="fr.eseo.e3.poo.projet.blox.modele.pieces.ElementTest" time="0.001"/>
  <testcase name="testHashCodeInegalite(Element, Element)[893]" classname="fr.eseo.e3.poo.projet.blox.modele.pieces.ElementTest" time="0.0"/>
  <testcase name="testHashCodeInegalite(Element, Element)[894]" classname="fr.eseo.e3.poo.projet.blox.modele.pieces.ElementTest" time="0.001"/>
  <testcase name="testHashCodeInegalite(Element, Element)[895]" classname="fr.eseo.e3.poo.projet.blox.modele.pieces.ElementTest" time="0.001"/>
  <testcase name="testHashCodeInegalite(Element, Element)[896]" classname="fr.eseo.e3.poo.projet.blox.modele.pieces.ElementTest" time="0.0"/>
  <testcase name="testHashCodeInegalite(Element, Element)[897]" classname="fr.eseo.e3.poo.projet.blox.modele.pieces.ElementTest" time="0.001"/>
  <testcase name="testHashCodeInegalite(Element, Element)[898]" classname="fr.eseo.e3.poo.projet.blox.modele.pieces.ElementTest" time="0.0"/>
  <testcase name="testHashCodeInegalite(Element, Element)[899]" classname="fr.eseo.e3.poo.projet.blox.modele.pieces.ElementTest" time="0.001"/>
  <testcase name="testHashCodeInegalite(Element, Element)[900]" classname="fr.eseo.e3.poo.projet.blox.modele.pieces.ElementTest" time="0.001"/>
  <testcase name="testHashCodeInegalite(Element, Element)[901]" classname="fr.eseo.e3.poo.projet.blox.modele.pieces.ElementTest" time="0.0"/>
  <testcase name="testHashCodeInegalite(Element, Element)[902]" classname="fr.eseo.e3.poo.projet.blox.modele.pieces.ElementTest" time="0.0"/>
  <testcase name="testHashCodeInegalite(Element, Element)[903]" classname="fr.eseo.e3.poo.projet.blox.modele.pieces.ElementTest" time="0.001"/>
  <testcase name="testHashCodeInegalite(Element, Element)[904]" classname="fr.eseo.e3.poo.projet.blox.modele.pieces.ElementTest" time="0.0"/>
  <testcase name="testHashCodeInegalite(Element, Element)[905]" classname="fr.eseo.e3.poo.projet.blox.modele.pieces.ElementTest" time="0.0"/>
  <testcase name="testHashCodeInegalite(Element, Element)[906]" classname="fr.eseo.e3.poo.projet.blox.modele.pieces.ElementTest" time="0.001"/>
  <testcase name="testHashCodeInegalite(Element, Element)[907]" classname="fr.eseo.e3.poo.projet.blox.modele.pieces.ElementTest" time="0.001"/>
  <testcase name="testHashCodeInegalite(Element, Element)[908]" classname="fr.eseo.e3.poo.projet.blox.modele.pieces.ElementTest" time="0.001"/>
  <testcase name="testHashCodeInegalite(Element, Element)[909]" classname="fr.eseo.e3.poo.projet.blox.modele.pieces.ElementTest" time="0.001"/>
  <testcase name="testHashCodeInegalite(Element, Element)[910]" classname="fr.eseo.e3.poo.projet.blox.modele.pieces.ElementTest" time="0.0"/>
  <testcase name="testHashCodeInegalite(Element, Element)[911]" classname="fr.eseo.e3.poo.projet.blox.modele.pieces.ElementTest" time="0.0"/>
  <testcase name="testHashCodeInegalite(Element, Element)[912]" classname="fr.eseo.e3.poo.projet.blox.modele.pieces.ElementTest" time="0.001"/>
  <testcase name="testHashCodeInegalite(Element, Element)[913]" classname="fr.eseo.e3.poo.projet.blox.modele.pieces.ElementTest" time="0.001"/>
  <testcase name="testHashCodeInegalite(Element, Element)[914]" classname="fr.eseo.e3.poo.projet.blox.modele.pieces.ElementTest" time="0.001"/>
  <testcase name="testHashCodeInegalite(Element, Element)[915]" classname="fr.eseo.e3.poo.projet.blox.modele.pieces.ElementTest" time="0.029"/>
  <testcase name="testHashCodeInegalite(Element, Element)[916]" classname="fr.eseo.e3.poo.projet.blox.modele.pieces.ElementTest" time="0.002"/>
  <testcase name="testHashCodeInegalite(Element, Element)[917]" classname="fr.eseo.e3.poo.projet.blox.modele.pieces.ElementTest" time="0.0"/>
  <testcase name="testHashCodeInegalite(Element, Element)[918]" classname="fr.eseo.e3.poo.projet.blox.modele.pieces.ElementTest" time="0.0"/>
  <testcase name="testHashCodeInegalite(Element, Element)[919]" classname="fr.eseo.e3.poo.projet.blox.modele.pieces.ElementTest" time="0.0"/>
  <testcase name="testHashCodeInegalite(Element, Element)[920]" classname="fr.eseo.e3.poo.projet.blox.modele.pieces.ElementTest" time="0.001"/>
  <testcase name="testHashCodeInegalite(Element, Element)[921]" classname="fr.eseo.e3.poo.projet.blox.modele.pieces.ElementTest" time="0.0"/>
  <testcase name="testHashCodeInegalite(Element, Element)[922]" classname="fr.eseo.e3.poo.projet.blox.modele.pieces.ElementTest" time="0.0"/>
  <testcase name="testHashCodeInegalite(Element, Element)[923]" classname="fr.eseo.e3.poo.projet.blox.modele.pieces.ElementTest" time="0.001"/>
  <testcase name="testHashCodeInegalite(Element, Element)[924]" classname="fr.eseo.e3.poo.projet.blox.modele.pieces.ElementTest" time="0.0"/>
  <testcase name="testHashCodeInegalite(Element, Element)[925]" classname="fr.eseo.e3.poo.projet.blox.modele.pieces.ElementTest" time="0.002"/>
  <testcase name="testHashCodeInegalite(Element, Element)[926]" classname="fr.eseo.e3.poo.projet.blox.modele.pieces.ElementTest" time="0.001"/>
  <testcase name="testHashCodeInegalite(Element, Element)[927]" classname="fr.eseo.e3.poo.projet.blox.modele.pieces.ElementTest" time="0.0"/>
  <testcase name="testHashCodeInegalite(Element, Element)[928]" classname="fr.eseo.e3.poo.projet.blox.modele.pieces.ElementTest" time="0.0"/>
  <testcase name="testHashCodeInegalite(Element, Element)[929]" classname="fr.eseo.e3.poo.projet.blox.modele.pieces.ElementTest" time="0.001"/>
  <testcase name="testHashCodeInegalite(Element, Element)[930]" classname="fr.eseo.e3.poo.projet.blox.modele.pieces.ElementTest" time="0.001"/>
  <testcase name="testHashCodeInegalite(Element, Element)[931]" classname="fr.eseo.e3.poo.projet.blox.modele.pieces.ElementTest" time="0.0"/>
  <testcase name="testHashCodeInegalite(Element, Element)[932]" classname="fr.eseo.e3.poo.projet.blox.modele.pieces.ElementTest" time="0.001"/>
  <testcase name="testHashCodeInegalite(Element, Element)[933]" classname="fr.eseo.e3.poo.projet.blox.modele.pieces.ElementTest" time="0.001"/>
  <testcase name="testHashCodeInegalite(Element, Element)[934]" classname="fr.eseo.e3.poo.projet.blox.modele.pieces.ElementTest" time="0.0"/>
  <testcase name="testHashCodeInegalite(Element, Element)[935]" classname="fr.eseo.e3.poo.projet.blox.modele.pieces.ElementTest" time="0.001"/>
  <testcase name="testHashCodeInegalite(Element, Element)[936]" classname="fr.eseo.e3.poo.projet.blox.modele.pieces.ElementTest" time="0.001"/>
  <testcase name="testHashCodeInegalite(Element, Element)[937]" classname="fr.eseo.e3.poo.projet.blox.modele.pieces.ElementTest" time="0.0"/>
  <testcase name="testHashCodeInegalite(Element, Element)[938]" classname="fr.eseo.e3.poo.projet.blox.modele.pieces.ElementTest" time="0.001"/>
  <testcase name="testHashCodeInegalite(Element, Element)[939]" classname="fr.eseo.e3.poo.projet.blox.modele.pieces.ElementTest" time="0.0"/>
  <testcase name="testHashCodeInegalite(Element, Element)[940]" classname="fr.eseo.e3.poo.projet.blox.modele.pieces.ElementTest" time="0.0"/>
  <testcase name="testHashCodeInegalite(Element, Element)[941]" classname="fr.eseo.e3.poo.projet.blox.modele.pieces.ElementTest" time="0.0"/>
  <testcase name="testHashCodeInegalite(Element, Element)[942]" classname="fr.eseo.e3.poo.projet.blox.modele.pieces.ElementTest" time="0.0"/>
  <testcase name="testHashCodeInegalite(Element, Element)[943]" classname="fr.eseo.e3.poo.projet.blox.modele.pieces.ElementTest" time="0.0"/>
  <testcase name="testHashCodeInegalite(Element, Element)[944]" classname="fr.eseo.e3.poo.projet.blox.modele.pieces.ElementTest" time="0.001"/>
  <testcase name="testHashCodeInegalite(Element, Element)[945]" classname="fr.eseo.e3.poo.projet.blox.modele.pieces.ElementTest" time="0.007"/>
  <testcase name="testHashCodeInegalite(Element, Element)[946]" classname="fr.eseo.e3.poo.projet.blox.modele.pieces.ElementTest" time="0.001"/>
  <testcase name="testHashCodeInegalite(Element, Element)[947]" classname="fr.eseo.e3.poo.projet.blox.modele.pieces.ElementTest" time="0.001"/>
  <testcase name="testHashCodeInegalite(Element, Element)[948]" classname="fr.eseo.e3.poo.projet.blox.modele.pieces.ElementTest" time="0.0"/>
  <testcase name="testHashCodeInegalite(Element, Element)[949]" classname="fr.eseo.e3.poo.projet.blox.modele.pieces.ElementTest" time="0.0"/>
  <testcase name="testHashCodeInegalite(Element, Element)[950]" classname="fr.eseo.e3.poo.projet.blox.modele.pieces.ElementTest" time="0.001"/>
  <testcase name="testHashCodeInegalite(Element, Element)[951]" classname="fr.eseo.e3.poo.projet.blox.modele.pieces.ElementTest" time="0.001"/>
  <testcase name="testHashCodeInegalite(Element, Element)[952]" classname="fr.eseo.e3.poo.projet.blox.modele.pieces.ElementTest" time="0.001"/>
  <testcase name="testHashCodeInegalite(Element, Element)[953]" classname="fr.eseo.e3.poo.projet.blox.modele.pieces.ElementTest" time="0.001"/>
  <testcase name="testHashCodeInegalite(Element, Element)[954]" classname="fr.eseo.e3.poo.projet.blox.modele.pieces.ElementTest" time="0.001"/>
  <testcase name="testHashCodeInegalite(Element, Element)[955]" classname="fr.eseo.e3.poo.projet.blox.modele.pieces.ElementTest" time="0.001"/>
  <testcase name="testHashCodeInegalite(Element, Element)[956]" classname="fr.eseo.e3.poo.projet.blox.modele.pieces.ElementTest" time="0.0"/>
  <testcase name="testHashCodeInegalite(Element, Element)[957]" classname="fr.eseo.e3.poo.projet.blox.modele.pieces.ElementTest" time="0.0"/>
  <testcase name="testHashCodeInegalite(Element, Element)[958]" classname="fr.eseo.e3.poo.projet.blox.modele.pieces.ElementTest" time="0.0"/>
  <testcase name="testHashCodeInegalite(Element, Element)[959]" classname="fr.eseo.e3.poo.projet.blox.modele.pieces.ElementTest" time="0.0"/>
  <testcase name="testHashCodeInegalite(Element, Element)[960]" classname="fr.eseo.e3.poo.projet.blox.modele.pieces.ElementTest" time="0.0"/>
  <testcase name="testHashCodeInegalite(Element, Element)[961]" classname="fr.eseo.e3.poo.projet.blox.modele.pieces.ElementTest" time="0.001"/>
  <testcase name="testHashCodeInegalite(Element, Element)[962]" classname="fr.eseo.e3.poo.projet.blox.modele.pieces.ElementTest" time="0.002"/>
  <testcase name="testHashCodeInegalite(Element, Element)[963]" classname="fr.eseo.e3.poo.projet.blox.modele.pieces.ElementTest" time="0.001"/>
  <testcase name="testHashCodeInegalite(Element, Element)[964]" classname="fr.eseo.e3.poo.projet.blox.modele.pieces.ElementTest" time="0.001"/>
  <testcase name="testHashCodeInegalite(Element, Element)[965]" classname="fr.eseo.e3.poo.projet.blox.modele.pieces.ElementTest" time="0.001"/>
  <testcase name="testHashCodeInegalite(Element, Element)[966]" classname="fr.eseo.e3.poo.projet.blox.modele.pieces.ElementTest" time="0.001"/>
  <testcase name="testHashCodeInegalite(Element, Element)[967]" classname="fr.eseo.e3.poo.projet.blox.modele.pieces.ElementTest" time="0.002"/>
  <testcase name="testHashCodeInegalite(Element, Element)[968]" classname="fr.eseo.e3.poo.projet.blox.modele.pieces.ElementTest" time="0.0"/>
  <testcase name="testHashCodeInegalite(Element, Element)[969]" classname="fr.eseo.e3.poo.projet.blox.modele.pieces.ElementTest" time="0.031"/>
  <testcase name="testHashCodeInegalite(Element, Element)[970]" classname="fr.eseo.e3.poo.projet.blox.modele.pieces.ElementTest" time="0.0"/>
  <testcase name="testHashCodeInegalite(Element, Element)[971]" classname="fr.eseo.e3.poo.projet.blox.modele.pieces.ElementTest" time="0.001"/>
  <testcase name="testHashCodeInegalite(Element, Element)[972]" classname="fr.eseo.e3.poo.projet.blox.modele.pieces.ElementTest" time="0.001"/>
  <testcase name="testHashCodeInegalite(Element, Element)[973]" classname="fr.eseo.e3.poo.projet.blox.modele.pieces.ElementTest" time="0.001"/>
  <testcase name="testHashCodeInegalite(Element, Element)[974]" classname="fr.eseo.e3.poo.projet.blox.modele.pieces.ElementTest" time="0.001"/>
  <testcase name="testHashCodeInegalite(Element, Element)[975]" classname="fr.eseo.e3.poo.projet.blox.modele.pieces.ElementTest" time="0.001"/>
  <testcase name="testHashCodeInegalite(Element, Element)[976]" classname="fr.eseo.e3.poo.projet.blox.modele.pieces.ElementTest" time="0.0"/>
  <testcase name="testHashCodeInegalite(Element, Element)[977]" classname="fr.eseo.e3.poo.projet.blox.modele.pieces.ElementTest" time="0.001"/>
  <testcase name="testHashCodeInegalite(Element, Element)[978]" classname="fr.eseo.e3.poo.projet.blox.modele.pieces.ElementTest" time="0.001"/>
  <testcase name="testHashCodeInegalite(Element, Element)[979]" classname="fr.eseo.e3.poo.projet.blox.modele.pieces.ElementTest" time="0.001"/>
  <testcase name="testHashCodeInegalite(Element, Element)[980]" classname="fr.eseo.e3.poo.projet.blox.modele.pieces.ElementTest" time="0.002"/>
  <testcase name="testHashCodeInegalite(Element, Element)[981]" classname="fr.eseo.e3.poo.projet.blox.modele.pieces.ElementTest" time="0.0"/>
  <testcase name="testHashCodeInegalite(Element, Element)[982]" classname="fr.eseo.e3.poo.projet.blox.modele.pieces.ElementTest" time="0.0"/>
  <testcase name="testHashCodeInegalite(Element, Element)[983]" classname="fr.eseo.e3.poo.projet.blox.modele.pieces.ElementTest" time="0.001"/>
  <testcase name="testHashCodeInegalite(Element, Element)[984]" classname="fr.eseo.e3.poo.projet.blox.modele.pieces.ElementTest" time="0.01"/>
  <testcase name="testHashCodeInegalite(Element, Element)[985]" classname="fr.eseo.e3.poo.projet.blox.modele.pieces.ElementTest" time="0.001"/>
  <testcase name="testHashCodeInegalite(Element, Element)[986]" classname="fr.eseo.e3.poo.projet.blox.modele.pieces.ElementTest" time="0.001"/>
  <testcase name="testHashCodeInegalite(Element, Element)[987]" classname="fr.eseo.e3.poo.projet.blox.modele.pieces.ElementTest" time="0.001"/>
  <testcase name="testHashCodeInegalite(Element, Element)[988]" classname="fr.eseo.e3.poo.projet.blox.modele.pieces.ElementTest" time="0.001"/>
  <testcase name="testHashCodeInegalite(Element, Element)[989]" classname="fr.eseo.e3.poo.projet.blox.modele.pieces.ElementTest" time="0.0"/>
  <testcase name="testHashCodeInegalite(Element, Element)[990]" classname="fr.eseo.e3.poo.projet.blox.modele.pieces.ElementTest" time="0.0"/>
  <testcase name="testHashCodeInegalite(Element, Element)[991]" classname="fr.eseo.e3.poo.projet.blox.modele.pieces.ElementTest" time="0.001"/>
  <testcase name="testHashCodeInegalite(Element, Element)[992]" classname="fr.eseo.e3.poo.projet.blox.modele.pieces.ElementTest" time="0.0"/>
  <testcase name="testHashCodeInegalite(Element, Element)[993]" classname="fr.eseo.e3.poo.projet.blox.modele.pieces.ElementTest" time="0.002"/>
  <testcase name="testHashCodeInegalite(Element, Element)[994]" classname="fr.eseo.e3.poo.projet.blox.modele.pieces.ElementTest" time="0.001"/>
  <testcase name="testHashCodeInegalite(Element, Element)[995]" classname="fr.eseo.e3.poo.projet.blox.modele.pieces.ElementTest" time="0.001"/>
  <testcase name="testHashCodeInegalite(Element, Element)[996]" classname="fr.eseo.e3.poo.projet.blox.modele.pieces.ElementTest" time="0.001"/>
  <testcase name="testHashCodeInegalite(Element, Element)[997]" classname="fr.eseo.e3.poo.projet.blox.modele.pieces.ElementTest" time="0.001"/>
  <testcase name="testHashCodeInegalite(Element, Element)[998]" classname="fr.eseo.e3.poo.projet.blox.modele.pieces.ElementTest" time="0.0"/>
  <testcase name="testHashCodeInegalite(Element, Element)[999]" classname="fr.eseo.e3.poo.projet.blox.modele.pieces.ElementTest" time="0.001"/>
  <testcase name="testHashCodeInegalite(Element, Element)[1000]" classname="fr.eseo.e3.poo.projet.blox.modele.pieces.ElementTest" time="0.001"/>
  <testcase name="testHashCodeInegalite(Element, Element)[1001]" classname="fr.eseo.e3.poo.projet.blox.modele.pieces.ElementTest" time="0.0"/>
  <testcase name="testHashCodeInegalite(Element, Element)[1002]" classname="fr.eseo.e3.poo.projet.blox.modele.pieces.ElementTest" time="0.001"/>
  <testcase name="testHashCodeInegalite(Element, Element)[1003]" classname="fr.eseo.e3.poo.projet.blox.modele.pieces.ElementTest" time="0.0"/>
  <testcase name="testHashCodeInegalite(Element, Element)[1004]" classname="fr.eseo.e3.poo.projet.blox.modele.pieces.ElementTest" time="0.001"/>
  <testcase name="testHashCodeInegalite(Element, Element)[1005]" classname="fr.eseo.e3.poo.projet.blox.modele.pieces.ElementTest" time="0.001"/>
  <testcase name="testHashCodeInegalite(Element, Element)[1006]" classname="fr.eseo.e3.poo.projet.blox.modele.pieces.ElementTest" time="0.003"/>
  <testcase name="testHashCodeInegalite(Element, Element)[1007]" classname="fr.eseo.e3.poo.projet.blox.modele.pieces.ElementTest" time="0.0"/>
  <testcase name="testHashCodeInegalite(Element, Element)[1008]" classname="fr.eseo.e3.poo.projet.blox.modele.pieces.ElementTest" time="0.001"/>
  <testcase name="testHashCodeInegalite(Element, Element)[1009]" classname="fr.eseo.e3.poo.projet.blox.modele.pieces.ElementTest" time="0.001"/>
  <testcase name="testHashCodeInegalite(Element, Element)[1010]" classname="fr.eseo.e3.poo.projet.blox.modele.pieces.ElementTest" time="0.002"/>
  <testcase name="testHashCodeInegalite(Element, Element)[1011]" classname="fr.eseo.e3.poo.projet.blox.modele.pieces.ElementTest" time="0.002"/>
  <testcase name="testHashCodeInegalite(Element, Element)[1012]" classname="fr.eseo.e3.poo.projet.blox.modele.pieces.ElementTest" time="0.001"/>
  <testcase name="testHashCodeInegalite(Element, Element)[1013]" classname="fr.eseo.e3.poo.projet.blox.modele.pieces.ElementTest" time="0.0"/>
  <testcase name="testHashCodeInegalite(Element, Element)[1014]" classname="fr.eseo.e3.poo.projet.blox.modele.pieces.ElementTest" time="0.001"/>
  <testcase name="testHashCodeInegalite(Element, Element)[1015]" classname="fr.eseo.e3.poo.projet.blox.modele.pieces.ElementTest" time="0.001"/>
  <testcase name="testHashCodeInegalite(Element, Element)[1016]" classname="fr.eseo.e3.poo.projet.blox.modele.pieces.ElementTest" time="0.001"/>
  <testcase name="testHashCodeInegalite(Element, Element)[1017]" classname="fr.eseo.e3.poo.projet.blox.modele.pieces.ElementTest" time="0.0"/>
  <testcase name="testHashCodeInegalite(Element, Element)[1018]" classname="fr.eseo.e3.poo.projet.blox.modele.pieces.ElementTest" time="0.001"/>
  <testcase name="testHashCodeInegalite(Element, Element)[1019]" classname="fr.eseo.e3.poo.projet.blox.modele.pieces.ElementTest" time="0.002"/>
  <testcase name="testHashCodeInegalite(Element, Element)[1020]" classname="fr.eseo.e3.poo.projet.blox.modele.pieces.ElementTest" time="0.001"/>
  <testcase name="testHashCodeInegalite(Element, Element)[1021]" classname="fr.eseo.e3.poo.projet.blox.modele.pieces.ElementTest" time="0.001"/>
  <testcase name="testHashCodeInegalite(Element, Element)[1022]" classname="fr.eseo.e3.poo.projet.blox.modele.pieces.ElementTest" time="0.0"/>
  <testcase name="testHashCodeInegalite(Element, Element)[1023]" classname="fr.eseo.e3.poo.projet.blox.modele.pieces.ElementTest" time="0.001"/>
  <testcase name="testHashCodeInegalite(Element, Element)[1024]" classname="fr.eseo.e3.poo.projet.blox.modele.pieces.ElementTest" time="0.001"/>
  <testcase name="testHashCodeInegalite(Element, Element)[1025]" classname="fr.eseo.e3.poo.projet.blox.modele.pieces.ElementTest" time="0.001"/>
  <testcase name="testHashCodeInegalite(Element, Element)[1026]" classname="fr.eseo.e3.poo.projet.blox.modele.pieces.ElementTest" time="0.001"/>
  <testcase name="testHashCodeInegalite(Element, Element)[1027]" classname="fr.eseo.e3.poo.projet.blox.modele.pieces.ElementTest" time="0.001"/>
  <testcase name="testHashCodeInegalite(Element, Element)[1028]" classname="fr.eseo.e3.poo.projet.blox.modele.pieces.ElementTest" time="0.001"/>
  <testcase name="testHashCodeInegalite(Element, Element)[1029]" classname="fr.eseo.e3.poo.projet.blox.modele.pieces.ElementTest" time="0.001"/>
  <testcase name="testHashCodeInegalite(Element, Element)[1030]" classname="fr.eseo.e3.poo.projet.blox.modele.pieces.ElementTest" time="0.001"/>
  <testcase name="testHashCodeInegalite(Element, Element)[1031]" classname="fr.eseo.e3.poo.projet.blox.modele.pieces.ElementTest" time="0.001"/>
  <testcase name="testHashCodeInegalite(Element, Element)[1032]" classname="fr.eseo.e3.poo.projet.blox.modele.pieces.ElementTest" time="0.001"/>
  <testcase name="testHashCodeInegalite(Element, Element)[1033]" classname="fr.eseo.e3.poo.projet.blox.modele.pieces.ElementTest" time="0.001"/>
  <testcase name="testHashCodeInegalite(Element, Element)[1034]" classname="fr.eseo.e3.poo.projet.blox.modele.pieces.ElementTest" time="0.001"/>
  <testcase name="testHashCodeInegalite(Element, Element)[1035]" classname="fr.eseo.e3.poo.projet.blox.modele.pieces.ElementTest" time="0.0"/>
  <testcase name="testHashCodeInegalite(Element, Element)[1036]" classname="fr.eseo.e3.poo.projet.blox.modele.pieces.ElementTest" time="0.001"/>
  <testcase name="testHashCodeInegalite(Element, Element)[1037]" classname="fr.eseo.e3.poo.projet.blox.modele.pieces.ElementTest" time="0.001"/>
  <testcase name="testHashCodeInegalite(Element, Element)[1038]" classname="fr.eseo.e3.poo.projet.blox.modele.pieces.ElementTest" time="0.001"/>
  <testcase name="testHashCodeInegalite(Element, Element)[1039]" classname="fr.eseo.e3.poo.projet.blox.modele.pieces.ElementTest" time="0.001"/>
  <testcase name="testHashCodeInegalite(Element, Element)[1040]" classname="fr.eseo.e3.poo.projet.blox.modele.pieces.ElementTest" time="0.001"/>
  <testcase name="testHashCodeInegalite(Element, Element)[1041]" classname="fr.eseo.e3.poo.projet.blox.modele.pieces.ElementTest" time="0.0"/>
  <testcase name="testHashCodeInegalite(Element, Element)[1042]" classname="fr.eseo.e3.poo.projet.blox.modele.pieces.ElementTest" time="0.0"/>
  <testcase name="testHashCodeInegalite(Element, Element)[1043]" classname="fr.eseo.e3.poo.projet.blox.modele.pieces.ElementTest" time="0.001"/>
  <testcase name="testHashCodeInegalite(Element, Element)[1044]" classname="fr.eseo.e3.poo.projet.blox.modele.pieces.ElementTest" time="0.0"/>
  <testcase name="testHashCodeInegalite(Element, Element)[1045]" classname="fr.eseo.e3.poo.projet.blox.modele.pieces.ElementTest" time="0.001"/>
  <testcase name="testHashCodeInegalite(Element, Element)[1046]" classname="fr.eseo.e3.poo.projet.blox.modele.pieces.ElementTest" time="0.001"/>
  <testcase name="testHashCodeInegalite(Element, Element)[1047]" classname="fr.eseo.e3.poo.projet.blox.modele.pieces.ElementTest" time="0.002"/>
  <testcase name="testHashCodeInegalite(Element, Element)[1048]" classname="fr.eseo.e3.poo.projet.blox.modele.pieces.ElementTest" time="0.001"/>
  <testcase name="testHashCodeInegalite(Element, Element)[1049]" classname="fr.eseo.e3.poo.projet.blox.modele.pieces.ElementTest" time="0.001"/>
  <testcase name="testHashCodeInegalite(Element, Element)[1050]" classname="fr.eseo.e3.poo.projet.blox.modele.pieces.ElementTest" time="0.001"/>
  <testcase name="testHashCodeInegalite(Element, Element)[1051]" classname="fr.eseo.e3.poo.projet.blox.modele.pieces.ElementTest" time="0.001"/>
  <testcase name="testHashCodeInegalite(Element, Element)[1052]" classname="fr.eseo.e3.poo.projet.blox.modele.pieces.ElementTest" time="0.001"/>
  <testcase name="testHashCodeInegalite(Element, Element)[1053]" classname="fr.eseo.e3.poo.projet.blox.modele.pieces.ElementTest" time="0.0"/>
  <testcase name="testHashCodeInegalite(Element, Element)[1054]" classname="fr.eseo.e3.poo.projet.blox.modele.pieces.ElementTest" time="0.001"/>
  <testcase name="testHashCodeInegalite(Element, Element)[1055]" classname="fr.eseo.e3.poo.projet.blox.modele.pieces.ElementTest" time="0.001"/>
  <testcase name="testHashCodeInegalite(Element, Element)[1056]" classname="fr.eseo.e3.poo.projet.blox.modele.pieces.ElementTest" time="0.001"/>
  <testcase name="testHashCodeInegalite(Element, Element)[1057]" classname="fr.eseo.e3.poo.projet.blox.modele.pieces.ElementTest" time="0.001"/>
  <testcase name="testHashCodeInegalite(Element, Element)[1058]" classname="fr.eseo.e3.poo.projet.blox.modele.pieces.ElementTest" time="0.001"/>
  <testcase name="testHashCodeInegalite(Element, Element)[1059]" classname="fr.eseo.e3.poo.projet.blox.modele.pieces.ElementTest" time="0.001"/>
  <testcase name="testHashCodeInegalite(Element, Element)[1060]" classname="fr.eseo.e3.poo.projet.blox.modele.pieces.ElementTest" time="0.001"/>
  <testcase name="testHashCodeInegalite(Element, Element)[1061]" classname="fr.eseo.e3.poo.projet.blox.modele.pieces.ElementTest" time="0.003"/>
  <testcase name="testHashCodeInegalite(Element, Element)[1062]" classname="fr.eseo.e3.poo.projet.blox.modele.pieces.ElementTest" time="0.001"/>
  <testcase name="testHashCodeInegalite(Element, Element)[1063]" classname="fr.eseo.e3.poo.projet.blox.modele.pieces.ElementTest" time="0.001"/>
  <testcase name="testHashCodeInegalite(Element, Element)[1064]" classname="fr.eseo.e3.poo.projet.blox.modele.pieces.ElementTest" time="0.003"/>
  <testcase name="testHashCodeInegalite(Element, Element)[1065]" classname="fr.eseo.e3.poo.projet.blox.modele.pieces.ElementTest" time="0.001"/>
  <testcase name="testHashCodeInegalite(Element, Element)[1066]" classname="fr.eseo.e3.poo.projet.blox.modele.pieces.ElementTest" time="0.001"/>
  <testcase name="testHashCodeInegalite(Element, Element)[1067]" classname="fr.eseo.e3.poo.projet.blox.modele.pieces.ElementTest" time="0.002"/>
  <testcase name="testHashCodeInegalite(Element, Element)[1068]" classname="fr.eseo.e3.poo.projet.blox.modele.pieces.ElementTest" time="0.0"/>
  <testcase name="testHashCodeInegalite(Element, Element)[1069]" classname="fr.eseo.e3.poo.projet.blox.modele.pieces.ElementTest" time="0.001"/>
  <testcase name="testHashCodeInegalite(Element, Element)[1070]" classname="fr.eseo.e3.poo.projet.blox.modele.pieces.ElementTest" time="0.001"/>
  <testcase name="testHashCodeInegalite(Element, Element)[1071]" classname="fr.eseo.e3.poo.projet.blox.modele.pieces.ElementTest" time="0.001"/>
  <testcase name="testHashCodeInegalite(Element, Element)[1072]" classname="fr.eseo.e3.poo.projet.blox.modele.pieces.ElementTest" time="0.003"/>
  <testcase name="testHashCodeInegalite(Element, Element)[1073]" classname="fr.eseo.e3.poo.projet.blox.modele.pieces.ElementTest" time="0.001"/>
  <testcase name="testHashCodeInegalite(Element, Element)[1074]" classname="fr.eseo.e3.poo.projet.blox.modele.pieces.ElementTest" time="0.001"/>
  <testcase name="testHashCodeInegalite(Element, Element)[1075]" classname="fr.eseo.e3.poo.projet.blox.modele.pieces.ElementTest" time="0.001"/>
  <testcase name="testHashCodeInegalite(Element, Element)[1076]" classname="fr.eseo.e3.poo.projet.blox.modele.pieces.ElementTest" time="0.001"/>
  <testcase name="testHashCodeInegalite(Element, Element)[1077]" classname="fr.eseo.e3.poo.projet.blox.modele.pieces.ElementTest" time="0.0"/>
  <testcase name="testHashCodeInegalite(Element, Element)[1078]" classname="fr.eseo.e3.poo.projet.blox.modele.pieces.ElementTest" time="0.001"/>
  <testcase name="testHashCodeInegalite(Element, Element)[1079]" classname="fr.eseo.e3.poo.projet.blox.modele.pieces.ElementTest" time="0.002"/>
  <testcase name="testHashCodeInegalite(Element, Element)[1080]" classname="fr.eseo.e3.poo.projet.blox.modele.pieces.ElementTest" time="0.007"/>
  <testcase name="testHashCodeInegalite(Element, Element)[1081]" classname="fr.eseo.e3.poo.projet.blox.modele.pieces.ElementTest" time="0.002"/>
  <testcase name="testHashCodeInegalite(Element, Element)[1082]" classname="fr.eseo.e3.poo.projet.blox.modele.pieces.ElementTest" time="0.003"/>
  <testcase name="testHashCodeInegalite(Element, Element)[1083]" classname="fr.eseo.e3.poo.projet.blox.modele.pieces.ElementTest" time="0.001"/>
  <testcase name="testHashCodeInegalite(Element, Element)[1084]" classname="fr.eseo.e3.poo.projet.blox.modele.pieces.ElementTest" time="0.0"/>
  <testcase name="testHashCodeInegalite(Element, Element)[1085]" classname="fr.eseo.e3.poo.projet.blox.modele.pieces.ElementTest" time="0.001"/>
  <testcase name="testHashCodeInegalite(Element, Element)[1086]" classname="fr.eseo.e3.poo.projet.blox.modele.pieces.ElementTest" time="0.0"/>
  <testcase name="testHashCodeInegalite(Element, Element)[1087]" classname="fr.eseo.e3.poo.projet.blox.modele.pieces.ElementTest" time="0.007"/>
  <testcase name="testHashCodeInegalite(Element, Element)[1088]" classname="fr.eseo.e3.poo.projet.blox.modele.pieces.ElementTest" time="0.001"/>
  <testcase name="testHashCodeInegalite(Element, Element)[1089]" classname="fr.eseo.e3.poo.projet.blox.modele.pieces.ElementTest" time="0.001"/>
  <testcase name="testHashCodeInegalite(Element, Element)[1090]" classname="fr.eseo.e3.poo.projet.blox.modele.pieces.ElementTest" time="0.001"/>
  <testcase name="testHashCodeInegalite(Element, Element)[1091]" classname="fr.eseo.e3.poo.projet.blox.modele.pieces.ElementTest" time="0.001"/>
  <testcase name="testHashCodeInegalite(Element, Element)[1092]" classname="fr.eseo.e3.poo.projet.blox.modele.pieces.ElementTest" time="0.001"/>
  <testcase name="testHashCodeInegalite(Element, Element)[1093]" classname="fr.eseo.e3.poo.projet.blox.modele.pieces.ElementTest" time="0.001"/>
  <testcase name="testHashCodeInegalite(Element, Element)[1094]" classname="fr.eseo.e3.poo.projet.blox.modele.pieces.ElementTest" time="0.001"/>
  <testcase name="testHashCodeInegalite(Element, Element)[1095]" classname="fr.eseo.e3.poo.projet.blox.modele.pieces.ElementTest" time="0.0"/>
  <testcase name="testHashCodeInegalite(Element, Element)[1096]" classname="fr.eseo.e3.poo.projet.blox.modele.pieces.ElementTest" time="0.001"/>
  <testcase name="testHashCodeInegalite(Element, Element)[1097]" classname="fr.eseo.e3.poo.projet.blox.modele.pieces.ElementTest" time="0.001"/>
  <testcase name="testHashCodeInegalite(Element, Element)[1098]" classname="fr.eseo.e3.poo.projet.blox.modele.pieces.ElementTest" time="0.0"/>
  <testcase name="testHashCodeInegalite(Element, Element)[1099]" classname="fr.eseo.e3.poo.projet.blox.modele.pieces.ElementTest" time="0.003"/>
  <testcase name="testHashCodeInegalite(Element, Element)[1100]" classname="fr.eseo.e3.poo.projet.blox.modele.pieces.ElementTest" time="0.001"/>
  <testcase name="testHashCodeInegalite(Element, Element)[1101]" classname="fr.eseo.e3.poo.projet.blox.modele.pieces.ElementTest" time="0.001"/>
  <testcase name="testHashCodeInegalite(Element, Element)[1102]" classname="fr.eseo.e3.poo.projet.blox.modele.pieces.ElementTest" time="0.001"/>
  <testcase name="testHashCodeInegalite(Element, Element)[1103]" classname="fr.eseo.e3.poo.projet.blox.modele.pieces.ElementTest" time="0.001"/>
  <testcase name="testHashCodeInegalite(Element, Element)[1104]" classname="fr.eseo.e3.poo.projet.blox.modele.pieces.ElementTest" time="0.001"/>
  <testcase name="testHashCodeInegalite(Element, Element)[1105]" classname="fr.eseo.e3.poo.projet.blox.modele.pieces.ElementTest" time="0.0"/>
  <testcase name="testHashCodeInegalite(Element, Element)[1106]" classname="fr.eseo.e3.poo.projet.blox.modele.pieces.ElementTest" time="0.001"/>
  <testcase name="testHashCodeInegalite(Element, Element)[1107]" classname="fr.eseo.e3.poo.projet.blox.modele.pieces.ElementTest" time="0.001"/>
  <testcase name="testHashCodeInegalite(Element, Element)[1108]" classname="fr.eseo.e3.poo.projet.blox.modele.pieces.ElementTest" time="0.001"/>
  <testcase name="testHashCodeInegalite(Element, Element)[1109]" classname="fr.eseo.e3.poo.projet.blox.modele.pieces.ElementTest" time="0.001"/>
  <testcase name="testHashCodeInegalite(Element, Element)[1110]" classname="fr.eseo.e3.poo.projet.blox.modele.pieces.ElementTest" time="0.0"/>
  <testcase name="testHashCodeInegalite(Element, Element)[1111]" classname="fr.eseo.e3.poo.projet.blox.modele.pieces.ElementTest" time="0.0"/>
  <testcase name="testHashCodeInegalite(Element, Element)[1112]" classname="fr.eseo.e3.poo.projet.blox.modele.pieces.ElementTest" time="0.001"/>
  <testcase name="testHashCodeInegalite(Element, Element)[1113]" classname="fr.eseo.e3.poo.projet.blox.modele.pieces.ElementTest" time="0.002"/>
  <testcase name="testHashCodeInegalite(Element, Element)[1114]" classname="fr.eseo.e3.poo.projet.blox.modele.pieces.ElementTest" time="0.001"/>
  <testcase name="testHashCodeInegalite(Element, Element)[1115]" classname="fr.eseo.e3.poo.projet.blox.modele.pieces.ElementTest" time="0.001"/>
  <testcase name="testHashCodeInegalite(Element, Element)[1116]" classname="fr.eseo.e3.poo.projet.blox.modele.pieces.ElementTest" time="0.001"/>
  <testcase name="testHashCodeInegalite(Element, Element)[1117]" classname="fr.eseo.e3.poo.projet.blox.modele.pieces.ElementTest" time="0.001"/>
  <testcase name="testHashCodeInegalite(Element, Element)[1118]" classname="fr.eseo.e3.poo.projet.blox.modele.pieces.ElementTest" time="0.001"/>
  <testcase name="testHashCodeInegalite(Element, Element)[1119]" classname="fr.eseo.e3.poo.projet.blox.modele.pieces.ElementTest" time="0.001"/>
  <testcase name="testHashCodeInegalite(Element, Element)[1120]" classname="fr.eseo.e3.poo.projet.blox.modele.pieces.ElementTest" time="0.001"/>
  <testcase name="testHashCodeInegalite(Element, Element)[1121]" classname="fr.eseo.e3.poo.projet.blox.modele.pieces.ElementTest" time="0.001"/>
  <testcase name="testHashCodeInegalite(Element, Element)[1122]" classname="fr.eseo.e3.poo.projet.blox.modele.pieces.ElementTest" time="0.001"/>
  <testcase name="testHashCodeInegalite(Element, Element)[1123]" classname="fr.eseo.e3.poo.projet.blox.modele.pieces.ElementTest" time="0.0"/>
  <testcase name="testHashCodeInegalite(Element, Element)[1124]" classname="fr.eseo.e3.poo.projet.blox.modele.pieces.ElementTest" time="0.001"/>
  <testcase name="testHashCodeInegalite(Element, Element)[1125]" classname="fr.eseo.e3.poo.projet.blox.modele.pieces.ElementTest" time="0.001"/>
  <testcase name="testHashCodeInegalite(Element, Element)[1126]" classname="fr.eseo.e3.poo.projet.blox.modele.pieces.ElementTest" time="0.001"/>
  <testcase name="testHashCodeInegalite(Element, Element)[1127]" classname="fr.eseo.e3.poo.projet.blox.modele.pieces.ElementTest" time="0.001"/>
  <testcase name="testHashCodeInegalite(Element, Element)[1128]" classname="fr.eseo.e3.poo.projet.blox.modele.pieces.ElementTest" time="0.001"/>
  <testcase name="testHashCodeInegalite(Element, Element)[1129]" classname="fr.eseo.e3.poo.projet.blox.modele.pieces.ElementTest" time="0.0"/>
  <testcase name="testHashCodeInegalite(Element, Element)[1130]" classname="fr.eseo.e3.poo.projet.blox.modele.pieces.ElementTest" time="0.001"/>
  <testcase name="testHashCodeInegalite(Element, Element)[1131]" classname="fr.eseo.e3.poo.projet.blox.modele.pieces.ElementTest" time="0.001"/>
  <testcase name="testHashCodeInegalite(Element, Element)[1132]" classname="fr.eseo.e3.poo.projet.blox.modele.pieces.ElementTest" time="0.0"/>
  <testcase name="testHashCodeInegalite(Element, Element)[1133]" classname="fr.eseo.e3.poo.projet.blox.modele.pieces.ElementTest" time="0.001"/>
  <testcase name="testHashCodeInegalite(Element, Element)[1134]" classname="fr.eseo.e3.poo.projet.blox.modele.pieces.ElementTest" time="0.001"/>
  <testcase name="testHashCodeInegalite(Element, Element)[1135]" classname="fr.eseo.e3.poo.projet.blox.modele.pieces.ElementTest" time="0.001"/>
  <testcase name="testHashCodeInegalite(Element, Element)[1136]" classname="fr.eseo.e3.poo.projet.blox.modele.pieces.ElementTest" time="0.0"/>
  <testcase name="testHashCodeInegalite(Element, Element)[1137]" classname="fr.eseo.e3.poo.projet.blox.modele.pieces.ElementTest" time="0.001"/>
  <testcase name="testHashCodeInegalite(Element, Element)[1138]" classname="fr.eseo.e3.poo.projet.blox.modele.pieces.ElementTest" time="0.001"/>
  <testcase name="testHashCodeInegalite(Element, Element)[1139]" classname="fr.eseo.e3.poo.projet.blox.modele.pieces.ElementTest" time="0.0"/>
  <testcase name="testHashCodeInegalite(Element, Element)[1140]" classname="fr.eseo.e3.poo.projet.blox.modele.pieces.ElementTest" time="0.001"/>
  <testcase name="testHashCodeInegalite(Element, Element)[1141]" classname="fr.eseo.e3.poo.projet.blox.modele.pieces.ElementTest" time="0.001"/>
  <testcase name="testHashCodeInegalite(Element, Element)[1142]" classname="fr.eseo.e3.poo.projet.blox.modele.pieces.ElementTest" time="0.001"/>
  <testcase name="testHashCodeInegalite(Element, Element)[1143]" classname="fr.eseo.e3.poo.projet.blox.modele.pieces.ElementTest" time="0.001"/>
  <testcase name="testHashCodeInegalite(Element, Element)[1144]" classname="fr.eseo.e3.poo.projet.blox.modele.pieces.ElementTest" time="0.001"/>
  <testcase name="testHashCodeInegalite(Element, Element)[1145]" classname="fr.eseo.e3.poo.projet.blox.modele.pieces.ElementTest" time="0.001"/>
  <testcase name="testHashCodeInegalite(Element, Element)[1146]" classname="fr.eseo.e3.poo.projet.blox.modele.pieces.ElementTest" time="0.001"/>
  <testcase name="testHashCodeInegalite(Element, Element)[1147]" classname="fr.eseo.e3.poo.projet.blox.modele.pieces.ElementTest" time="0.001"/>
  <testcase name="testHashCodeInegalite(Element, Element)[1148]" classname="fr.eseo.e3.poo.projet.blox.modele.pieces.ElementTest" time="0.0"/>
  <testcase name="testHashCodeInegalite(Element, Element)[1149]" classname="fr.eseo.e3.poo.projet.blox.modele.pieces.ElementTest" time="0.001"/>
  <testcase name="testHashCodeInegalite(Element, Element)[1150]" classname="fr.eseo.e3.poo.projet.blox.modele.pieces.ElementTest" time="0.0"/>
  <testcase name="testHashCodeInegalite(Element, Element)[1151]" classname="fr.eseo.e3.poo.projet.blox.modele.pieces.ElementTest" time="0.001"/>
  <testcase name="testHashCodeInegalite(Element, Element)[1152]" classname="fr.eseo.e3.poo.projet.blox.modele.pieces.ElementTest" time="0.002"/>
  <testcase name="testHashCodeInegalite(Element, Element)[1153]" classname="fr.eseo.e3.poo.projet.blox.modele.pieces.ElementTest" time="0.001"/>
  <testcase name="testHashCodeInegalite(Element, Element)[1154]" classname="fr.eseo.e3.poo.projet.blox.modele.pieces.ElementTest" time="0.001"/>
  <testcase name="testHashCodeInegalite(Element, Element)[1155]" classname="fr.eseo.e3.poo.projet.blox.modele.pieces.ElementTest" time="0.002"/>
  <testcase name="testHashCodeInegalite(Element, Element)[1156]" classname="fr.eseo.e3.poo.projet.blox.modele.pieces.ElementTest" time="0.002"/>
  <testcase name="testHashCodeInegalite(Element, Element)[1157]" classname="fr.eseo.e3.poo.projet.blox.modele.pieces.ElementTest" time="0.0"/>
  <testcase name="testHashCodeInegalite(Element, Element)[1158]" classname="fr.eseo.e3.poo.projet.blox.modele.pieces.ElementTest" time="0.0"/>
  <testcase name="testHashCodeInegalite(Element, Element)[1159]" classname="fr.eseo.e3.poo.projet.blox.modele.pieces.ElementTest" time="0.0"/>
  <testcase name="testHashCodeInegalite(Element, Element)[1160]" classname="fr.eseo.e3.poo.projet.blox.modele.pieces.ElementTest" time="0.0"/>
  <testcase name="testHashCodeInegalite(Element, Element)[1161]" classname="fr.eseo.e3.poo.projet.blox.modele.pieces.ElementTest" time="0.001"/>
  <testcase name="testHashCodeInegalite(Element, Element)[1162]" classname="fr.eseo.e3.poo.projet.blox.modele.pieces.ElementTest" time="0.001"/>
  <testcase name="testHashCodeInegalite(Element, Element)[1163]" classname="fr.eseo.e3.poo.projet.blox.modele.pieces.ElementTest" time="0.0"/>
  <testcase name="testHashCodeInegalite(Element, Element)[1164]" classname="fr.eseo.e3.poo.projet.blox.modele.pieces.ElementTest" time="0.0"/>
  <testcase name="testHashCodeInegalite(Element, Element)[1165]" classname="fr.eseo.e3.poo.projet.blox.modele.pieces.ElementTest" time="0.001"/>
  <testcase name="testHashCodeInegalite(Element, Element)[1166]" classname="fr.eseo.e3.poo.projet.blox.modele.pieces.ElementTest" time="0.001"/>
  <testcase name="testHashCodeInegalite(Element, Element)[1167]" classname="fr.eseo.e3.poo.projet.blox.modele.pieces.ElementTest" time="0.001"/>
  <testcase name="testHashCodeInegalite(Element, Element)[1168]" classname="fr.eseo.e3.poo.projet.blox.modele.pieces.ElementTest" time="0.001"/>
  <testcase name="testHashCodeInegalite(Element, Element)[1169]" classname="fr.eseo.e3.poo.projet.blox.modele.pieces.ElementTest" time="0.001"/>
  <testcase name="testHashCodeInegalite(Element, Element)[1170]" classname="fr.eseo.e3.poo.projet.blox.modele.pieces.ElementTest" time="0.001"/>
  <testcase name="testHashCodeInegalite(Element, Element)[1171]" classname="fr.eseo.e3.poo.projet.blox.modele.pieces.ElementTest" time="0.001"/>
  <testcase name="testHashCodeInegalite(Element, Element)[1172]" classname="fr.eseo.e3.poo.projet.blox.modele.pieces.ElementTest" time="0.0"/>
  <testcase name="testHashCodeInegalite(Element, Element)[1173]" classname="fr.eseo.e3.poo.projet.blox.modele.pieces.ElementTest" time="0.001"/>
  <testcase name="testHashCodeInegalite(Element, Element)[1174]" classname="fr.eseo.e3.poo.projet.blox.modele.pieces.ElementTest" time="0.0"/>
  <testcase name="testHashCodeInegalite(Element, Element)[1175]" classname="fr.eseo.e3.poo.projet.blox.modele.pieces.ElementTest" time="0.001"/>
  <testcase name="testHashCodeInegalite(Element, Element)[1176]" classname="fr.eseo.e3.poo.projet.blox.modele.pieces.ElementTest" time="0.0"/>
  <testcase name="testHashCodeInegalite(Element, Element)[1177]" classname="fr.eseo.e3.poo.projet.blox.modele.pieces.ElementTest" time="0.001"/>
  <testcase name="testHashCodeInegalite(Element, Element)[1178]" classname="fr.eseo.e3.poo.projet.blox.modele.pieces.ElementTest" time="0.0"/>
  <testcase name="testHashCodeInegalite(Element, Element)[1179]" classname="fr.eseo.e3.poo.projet.blox.modele.pieces.ElementTest" time="0.001"/>
  <testcase name="testHashCodeInegalite(Element, Element)[1180]" classname="fr.eseo.e3.poo.projet.blox.modele.pieces.ElementTest" time="0.0"/>
  <testcase name="testHashCodeInegalite(Element, Element)[1181]" classname="fr.eseo.e3.poo.projet.blox.modele.pieces.ElementTest" time="0.0"/>
  <testcase name="testHashCodeInegalite(Element, Element)[1182]" classname="fr.eseo.e3.poo.projet.blox.modele.pieces.ElementTest" time="0.0"/>
  <testcase name="testHashCodeInegalite(Element, Element)[1183]" classname="fr.eseo.e3.poo.projet.blox.modele.pieces.ElementTest" time="0.0"/>
  <testcase name="testHashCodeInegalite(Element, Element)[1184]" classname="fr.eseo.e3.poo.projet.blox.modele.pieces.ElementTest" time="0.001"/>
  <testcase name="testHashCodeInegalite(Element, Element)[1185]" classname="fr.eseo.e3.poo.projet.blox.modele.pieces.ElementTest" time="0.0"/>
  <testcase name="testHashCodeInegalite(Element, Element)[1186]" classname="fr.eseo.e3.poo.projet.blox.modele.pieces.ElementTest" time="0.0"/>
  <testcase name="testHashCodeInegalite(Element, Element)[1187]" classname="fr.eseo.e3.poo.projet.blox.modele.pieces.ElementTest" time="0.001"/>
  <testcase name="testHashCodeInegalite(Element, Element)[1188]" classname="fr.eseo.e3.poo.projet.blox.modele.pieces.ElementTest" time="0.0"/>
  <testcase name="testHashCodeInegalite(Element, Element)[1189]" classname="fr.eseo.e3.poo.projet.blox.modele.pieces.ElementTest" time="0.001"/>
  <testcase name="testHashCodeInegalite(Element, Element)[1190]" classname="fr.eseo.e3.poo.projet.blox.modele.pieces.ElementTest" time="0.0"/>
  <testcase name="testHashCodeInegalite(Element, Element)[1191]" classname="fr.eseo.e3.poo.projet.blox.modele.pieces.ElementTest" time="0.0"/>
  <testcase name="testHashCodeInegalite(Element, Element)[1192]" classname="fr.eseo.e3.poo.projet.blox.modele.pieces.ElementTest" time="0.001"/>
  <testcase name="testHashCodeInegalite(Element, Element)[1193]" classname="fr.eseo.e3.poo.projet.blox.modele.pieces.ElementTest" time="0.0"/>
  <testcase name="testHashCodeInegalite(Element, Element)[1194]" classname="fr.eseo.e3.poo.projet.blox.modele.pieces.ElementTest" time="0.001"/>
  <testcase name="testHashCodeInegalite(Element, Element)[1195]" classname="fr.eseo.e3.poo.projet.blox.modele.pieces.ElementTest" time="0.0"/>
  <testcase name="testHashCodeInegalite(Element, Element)[1196]" classname="fr.eseo.e3.poo.projet.blox.modele.pieces.ElementTest" time="0.0"/>
  <testcase name="testHashCodeInegalite(Element, Element)[1197]" classname="fr.eseo.e3.poo.projet.blox.modele.pieces.ElementTest" time="0.001"/>
  <testcase name="testHashCodeInegalite(Element, Element)[1198]" classname="fr.eseo.e3.poo.projet.blox.modele.pieces.ElementTest" time="0.0"/>
  <testcase name="testHashCodeInegalite(Element, Element)[1199]" classname="fr.eseo.e3.poo.projet.blox.modele.pieces.ElementTest" time="0.001"/>
  <testcase name="testHashCodeInegalite(Element, Element)[1200]" classname="fr.eseo.e3.poo.projet.blox.modele.pieces.ElementTest" time="0.0"/>
  <testcase name="testHashCodeInegalite(Element, Element)[1201]" classname="fr.eseo.e3.poo.projet.blox.modele.pieces.ElementTest" time="0.0"/>
  <testcase name="testHashCodeInegalite(Element, Element)[1202]" classname="fr.eseo.e3.poo.projet.blox.modele.pieces.ElementTest" time="0.001"/>
  <testcase name="testHashCodeInegalite(Element, Element)[1203]" classname="fr.eseo.e3.poo.projet.blox.modele.pieces.ElementTest" time="0.001"/>
  <testcase name="testHashCodeInegalite(Element, Element)[1204]" classname="fr.eseo.e3.poo.projet.blox.modele.pieces.ElementTest" time="0.001"/>
  <testcase name="testHashCodeInegalite(Element, Element)[1205]" classname="fr.eseo.e3.poo.projet.blox.modele.pieces.ElementTest" time="0.0"/>
  <testcase name="testHashCodeInegalite(Element, Element)[1206]" classname="fr.eseo.e3.poo.projet.blox.modele.pieces.ElementTest" time="0.001"/>
  <testcase name="testHashCodeInegalite(Element, Element)[1207]" classname="fr.eseo.e3.poo.projet.blox.modele.pieces.ElementTest" time="0.0"/>
  <testcase name="testHashCodeInegalite(Element, Element)[1208]" classname="fr.eseo.e3.poo.projet.blox.modele.pieces.ElementTest" time="0.001"/>
  <testcase name="testHashCodeInegalite(Element, Element)[1209]" classname="fr.eseo.e3.poo.projet.blox.modele.pieces.ElementTest" time="0.0"/>
  <testcase name="testHashCodeInegalite(Element, Element)[1210]" classname="fr.eseo.e3.poo.projet.blox.modele.pieces.ElementTest" time="0.001"/>
  <testcase name="testHashCodeInegalite(Element, Element)[1211]" classname="fr.eseo.e3.poo.projet.blox.modele.pieces.ElementTest" time="0.0"/>
  <testcase name="testHashCodeInegalite(Element, Element)[1212]" classname="fr.eseo.e3.poo.projet.blox.modele.pieces.ElementTest" time="0.001"/>
  <testcase name="testHashCodeInegalite(Element, Element)[1213]" classname="fr.eseo.e3.poo.projet.blox.modele.pieces.ElementTest" time="0.0"/>
  <testcase name="testHashCodeInegalite(Element, Element)[1214]" classname="fr.eseo.e3.poo.projet.blox.modele.pieces.ElementTest" time="0.0"/>
  <testcase name="testHashCodeInegalite(Element, Element)[1215]" classname="fr.eseo.e3.poo.projet.blox.modele.pieces.ElementTest" time="0.0"/>
  <testcase name="testHashCodeInegalite(Element, Element)[1216]" classname="fr.eseo.e3.poo.projet.blox.modele.pieces.ElementTest" time="0.0"/>
  <testcase name="testHashCodeInegalite(Element, Element)[1217]" classname="fr.eseo.e3.poo.projet.blox.modele.pieces.ElementTest" time="0.0"/>
  <testcase name="testHashCodeInegalite(Element, Element)[1218]" classname="fr.eseo.e3.poo.projet.blox.modele.pieces.ElementTest" time="0.001"/>
  <testcase name="testHashCodeInegalite(Element, Element)[1219]" classname="fr.eseo.e3.poo.projet.blox.modele.pieces.ElementTest" time="0.001"/>
  <testcase name="testHashCodeInegalite(Element, Element)[1220]" classname="fr.eseo.e3.poo.projet.blox.modele.pieces.ElementTest" time="0.001"/>
  <testcase name="testHashCodeInegalite(Element, Element)[1221]" classname="fr.eseo.e3.poo.projet.blox.modele.pieces.ElementTest" time="0.0"/>
  <testcase name="testHashCodeInegalite(Element, Element)[1222]" classname="fr.eseo.e3.poo.projet.blox.modele.pieces.ElementTest" time="0.0"/>
  <testcase name="testHashCodeInegalite(Element, Element)[1223]" classname="fr.eseo.e3.poo.projet.blox.modele.pieces.ElementTest" time="0.0"/>
  <testcase name="testHashCodeInegalite(Element, Element)[1224]" classname="fr.eseo.e3.poo.projet.blox.modele.pieces.ElementTest" time="0.001"/>
  <testcase name="testHashCodeInegalite(Element, Element)[1225]" classname="fr.eseo.e3.poo.projet.blox.modele.pieces.ElementTest" time="0.0"/>
  <testcase name="testHashCodeInegalite(Element, Element)[1226]" classname="fr.eseo.e3.poo.projet.blox.modele.pieces.ElementTest" time="0.0"/>
  <testcase name="testHashCodeInegalite(Element, Element)[1227]" classname="fr.eseo.e3.poo.projet.blox.modele.pieces.ElementTest" time="0.001"/>
  <testcase name="testHashCodeInegalite(Element, Element)[1228]" classname="fr.eseo.e3.poo.projet.blox.modele.pieces.ElementTest" time="0.0"/>
  <testcase name="testHashCodeInegalite(Element, Element)[1229]" classname="fr.eseo.e3.poo.projet.blox.modele.pieces.ElementTest" time="0.0"/>
  <testcase name="testHashCodeInegalite(Element, Element)[1230]" classname="fr.eseo.e3.poo.projet.blox.modele.pieces.ElementTest" time="0.0"/>
  <testcase name="testHashCodeInegalite(Element, Element)[1231]" classname="fr.eseo.e3.poo.projet.blox.modele.pieces.ElementTest" time="0.0"/>
  <testcase name="testHashCodeInegalite(Element, Element)[1232]" classname="fr.eseo.e3.poo.projet.blox.modele.pieces.ElementTest" time="0.001"/>
  <testcase name="testHashCodeInegalite(Element, Element)[1233]" classname="fr.eseo.e3.poo.projet.blox.modele.pieces.ElementTest" time="0.0"/>
  <testcase name="testHashCodeInegalite(Element, Element)[1234]" classname="fr.eseo.e3.poo.projet.blox.modele.pieces.ElementTest" time="0.0"/>
  <testcase name="testHashCodeInegalite(Element, Element)[1235]" classname="fr.eseo.e3.poo.projet.blox.modele.pieces.ElementTest" time="0.0"/>
  <testcase name="testHashCodeInegalite(Element, Element)[1236]" classname="fr.eseo.e3.poo.projet.blox.modele.pieces.ElementTest" time="0.0"/>
  <testcase name="testHashCodeInegalite(Element, Element)[1237]" classname="fr.eseo.e3.poo.projet.blox.modele.pieces.ElementTest" time="0.001"/>
  <testcase name="testHashCodeInegalite(Element, Element)[1238]" classname="fr.eseo.e3.poo.projet.blox.modele.pieces.ElementTest" time="0.0"/>
  <testcase name="testHashCodeInegalite(Element, Element)[1239]" classname="fr.eseo.e3.poo.projet.blox.modele.pieces.ElementTest" time="0.001"/>
  <testcase name="testHashCodeInegalite(Element, Element)[1240]" classname="fr.eseo.e3.poo.projet.blox.modele.pieces.ElementTest" time="0.0"/>
  <testcase name="testHashCodeInegalite(Element, Element)[1241]" classname="fr.eseo.e3.poo.projet.blox.modele.pieces.ElementTest" time="0.001"/>
  <testcase name="testHashCodeInegalite(Element, Element)[1242]" classname="fr.eseo.e3.poo.projet.blox.modele.pieces.ElementTest" time="0.001"/>
  <testcase name="testHashCodeInegalite(Element, Element)[1243]" classname="fr.eseo.e3.poo.projet.blox.modele.pieces.ElementTest" time="0.0"/>
  <testcase name="testHashCodeInegalite(Element, Element)[1244]" classname="fr.eseo.e3.poo.projet.blox.modele.pieces.ElementTest" time="0.0"/>
  <testcase name="testHashCodeInegalite(Element, Element)[1245]" classname="fr.eseo.e3.poo.projet.blox.modele.pieces.ElementTest" time="0.0"/>
  <testcase name="testHashCodeInegalite(Element, Element)[1246]" classname="fr.eseo.e3.poo.projet.blox.modele.pieces.ElementTest" time="0.001"/>
  <testcase name="testHashCodeInegalite(Element, Element)[1247]" classname="fr.eseo.e3.poo.projet.blox.modele.pieces.ElementTest" time="0.0"/>
  <testcase name="testHashCodeInegalite(Element, Element)[1248]" classname="fr.eseo.e3.poo.projet.blox.modele.pieces.ElementTest" time="0.0"/>
  <testcase name="testHashCodeInegalite(Element, Element)[1249]" classname="fr.eseo.e3.poo.projet.blox.modele.pieces.ElementTest" time="0.0"/>
  <testcase name="testHashCodeInegalite(Element, Element)[1250]" classname="fr.eseo.e3.poo.projet.blox.modele.pieces.ElementTest" time="0.0"/>
  <testcase name="testHashCodeInegalite(Element, Element)[1251]" classname="fr.eseo.e3.poo.projet.blox.modele.pieces.ElementTest" time="0.0"/>
  <testcase name="testHashCodeInegalite(Element, Element)[1252]" classname="fr.eseo.e3.poo.projet.blox.modele.pieces.ElementTest" time="0.001"/>
  <testcase name="testHashCodeInegalite(Element, Element)[1253]" classname="fr.eseo.e3.poo.projet.blox.modele.pieces.ElementTest" time="0.001"/>
  <testcase name="testHashCodeInegalite(Element, Element)[1254]" classname="fr.eseo.e3.poo.projet.blox.modele.pieces.ElementTest" time="0.001"/>
  <testcase name="testHashCodeInegalite(Element, Element)[1255]" classname="fr.eseo.e3.poo.projet.blox.modele.pieces.ElementTest" time="0.0"/>
  <testcase name="testHashCodeInegalite(Element, Element)[1256]" classname="fr.eseo.e3.poo.projet.blox.modele.pieces.ElementTest" time="0.0"/>
  <testcase name="testHashCodeInegalite(Element, Element)[1257]" classname="fr.eseo.e3.poo.projet.blox.modele.pieces.ElementTest" time="0.001"/>
  <testcase name="testHashCodeInegalite(Element, Element)[1258]" classname="fr.eseo.e3.poo.projet.blox.modele.pieces.ElementTest" time="0.0"/>
  <testcase name="testHashCodeInegalite(Element, Element)[1259]" classname="fr.eseo.e3.poo.projet.blox.modele.pieces.ElementTest" time="0.0"/>
  <testcase name="testHashCodeInegalite(Element, Element)[1260]" classname="fr.eseo.e3.poo.projet.blox.modele.pieces.ElementTest" time="0.0"/>
  <testcase name="testHashCodeInegalite(Element, Element)[1261]" classname="fr.eseo.e3.poo.projet.blox.modele.pieces.ElementTest" time="0.0"/>
  <testcase name="testHashCodeInegalite(Element, Element)[1262]" classname="fr.eseo.e3.poo.projet.blox.modele.pieces.ElementTest" time="0.0"/>
  <testcase name="testHashCodeInegalite(Element, Element)[1263]" classname="fr.eseo.e3.poo.projet.blox.modele.pieces.ElementTest" time="0.0"/>
  <testcase name="testHashCodeInegalite(Element, Element)[1264]" classname="fr.eseo.e3.poo.projet.blox.modele.pieces.ElementTest" time="0.0"/>
  <testcase name="testHashCodeInegalite(Element, Element)[1265]" classname="fr.eseo.e3.poo.projet.blox.modele.pieces.ElementTest" time="0.001"/>
  <testcase name="testHashCodeInegalite(Element, Element)[1266]" classname="fr.eseo.e3.poo.projet.blox.modele.pieces.ElementTest" time="0.0"/>
  <testcase name="testHashCodeInegalite(Element, Element)[1267]" classname="fr.eseo.e3.poo.projet.blox.modele.pieces.ElementTest" time="0.0"/>
  <testcase name="testHashCodeInegalite(Element, Element)[1268]" classname="fr.eseo.e3.poo.projet.blox.modele.pieces.ElementTest" time="0.0"/>
  <testcase name="testHashCodeInegalite(Element, Element)[1269]" classname="fr.eseo.e3.poo.projet.blox.modele.pieces.ElementTest" time="0.0"/>
  <testcase name="testHashCodeInegalite(Element, Element)[1270]" classname="fr.eseo.e3.poo.projet.blox.modele.pieces.ElementTest" time="0.0"/>
  <testcase name="testHashCodeInegalite(Element, Element)[1271]" classname="fr.eseo.e3.poo.projet.blox.modele.pieces.ElementTest" time="0.0"/>
  <testcase name="testHashCodeInegalite(Element, Element)[1272]" classname="fr.eseo.e3.poo.projet.blox.modele.pieces.ElementTest" time="0.001"/>
  <testcase name="testHashCodeInegalite(Element, Element)[1273]" classname="fr.eseo.e3.poo.projet.blox.modele.pieces.ElementTest" time="0.0"/>
  <testcase name="testHashCodeInegalite(Element, Element)[1274]" classname="fr.eseo.e3.poo.projet.blox.modele.pieces.ElementTest" time="0.001"/>
  <testcase name="testHashCodeInegalite(Element, Element)[1275]" classname="fr.eseo.e3.poo.projet.blox.modele.pieces.ElementTest" time="0.0"/>
  <testcase name="testHashCodeInegalite(Element, Element)[1276]" classname="fr.eseo.e3.poo.projet.blox.modele.pieces.ElementTest" time="0.001"/>
  <testcase name="testHashCodeInegalite(Element, Element)[1277]" classname="fr.eseo.e3.poo.projet.blox.modele.pieces.ElementTest" time="0.0"/>
  <testcase name="testHashCodeInegalite(Element, Element)[1278]" classname="fr.eseo.e3.poo.projet.blox.modele.pieces.ElementTest" time="0.001"/>
  <testcase name="testHashCodeInegalite(Element, Element)[1279]" classname="fr.eseo.e3.poo.projet.blox.modele.pieces.ElementTest" time="0.0"/>
  <testcase name="testHashCodeInegalite(Element, Element)[1280]" classname="fr.eseo.e3.poo.projet.blox.modele.pieces.ElementTest" time="0.0"/>
  <testcase name="testHashCodeInegalite(Element, Element)[1281]" classname="fr.eseo.e3.poo.projet.blox.modele.pieces.ElementTest" time="0.001"/>
  <testcase name="testHashCodeInegalite(Element, Element)[1282]" classname="fr.eseo.e3.poo.projet.blox.modele.pieces.ElementTest" time="0.001"/>
  <testcase name="testHashCodeInegalite(Element, Element)[1283]" classname="fr.eseo.e3.poo.projet.blox.modele.pieces.ElementTest" time="0.0"/>
  <testcase name="testHashCodeInegalite(Element, Element)[1284]" classname="fr.eseo.e3.poo.projet.blox.modele.pieces.ElementTest" time="0.0"/>
  <testcase name="testHashCodeInegalite(Element, Element)[1285]" classname="fr.eseo.e3.poo.projet.blox.modele.pieces.ElementTest" time="0.0"/>
  <testcase name="testHashCodeInegalite(Element, Element)[1286]" classname="fr.eseo.e3.poo.projet.blox.modele.pieces.ElementTest" time="0.0"/>
  <testcase name="testHashCodeInegalite(Element, Element)[1287]" classname="fr.eseo.e3.poo.projet.blox.modele.pieces.ElementTest" time="0.001"/>
  <testcase name="testHashCodeInegalite(Element, Element)[1288]" classname="fr.eseo.e3.poo.projet.blox.modele.pieces.ElementTest" time="0.0"/>
  <testcase name="testHashCodeInegalite(Element, Element)[1289]" classname="fr.eseo.e3.poo.projet.blox.modele.pieces.ElementTest" time="0.0"/>
  <testcase name="testHashCodeInegalite(Element, Element)[1290]" classname="fr.eseo.e3.poo.projet.blox.modele.pieces.ElementTest" time="0.001"/>
  <testcase name="testHashCodeInegalite(Element, Element)[1291]" classname="fr.eseo.e3.poo.projet.blox.modele.pieces.ElementTest" time="0.0"/>
  <testcase name="testHashCodeInegalite(Element, Element)[1292]" classname="fr.eseo.e3.poo.projet.blox.modele.pieces.ElementTest" time="0.001"/>
  <testcase name="testHashCodeInegalite(Element, Element)[1293]" classname="fr.eseo.e3.poo.projet.blox.modele.pieces.ElementTest" time="0.0"/>
  <testcase name="testHashCodeInegalite(Element, Element)[1294]" classname="fr.eseo.e3.poo.projet.blox.modele.pieces.ElementTest" time="0.001"/>
  <testcase name="testHashCodeInegalite(Element, Element)[1295]" classname="fr.eseo.e3.poo.projet.blox.modele.pieces.ElementTest" time="0.0"/>
  <testcase name="testHashCodeInegalite(Element, Element)[1296]" classname="fr.eseo.e3.poo.projet.blox.modele.pieces.ElementTest" time="0.001"/>
  <testcase name="testHashCodeInegalite(Element, Element)[1297]" classname="fr.eseo.e3.poo.projet.blox.modele.pieces.ElementTest" time="0.001"/>
  <testcase name="testHashCodeInegalite(Element, Element)[1298]" classname="fr.eseo.e3.poo.projet.blox.modele.pieces.ElementTest" time="0.0"/>
  <testcase name="testHashCodeInegalite(Element, Element)[1299]" classname="fr.eseo.e3.poo.projet.blox.modele.pieces.ElementTest" time="0.001"/>
  <testcase name="testHashCodeInegalite(Element, Element)[1300]" classname="fr.eseo.e3.poo.projet.blox.modele.pieces.ElementTest" time="0.0"/>
  <testcase name="testHashCodeInegalite(Element, Element)[1301]" classname="fr.eseo.e3.poo.projet.blox.modele.pieces.ElementTest" time="0.0"/>
  <testcase name="testHashCodeInegalite(Element, Element)[1302]" classname="fr.eseo.e3.poo.projet.blox.modele.pieces.ElementTest" time="0.0"/>
  <testcase name="testHashCodeInegalite(Element, Element)[1303]" classname="fr.eseo.e3.poo.projet.blox.modele.pieces.ElementTest" time="0.0"/>
  <testcase name="testHashCodeInegalite(Element, Element)[1304]" classname="fr.eseo.e3.poo.projet.blox.modele.pieces.ElementTest" time="0.0"/>
  <testcase name="testHashCodeInegalite(Element, Element)[1305]" classname="fr.eseo.e3.poo.projet.blox.modele.pieces.ElementTest" time="0.0"/>
  <testcase name="testHashCodeInegalite(Element, Element)[1306]" classname="fr.eseo.e3.poo.projet.blox.modele.pieces.ElementTest" time="0.0"/>
  <testcase name="testHashCodeInegalite(Element, Element)[1307]" classname="fr.eseo.e3.poo.projet.blox.modele.pieces.ElementTest" time="0.0"/>
  <testcase name="testHashCodeInegalite(Element, Element)[1308]" classname="fr.eseo.e3.poo.projet.blox.modele.pieces.ElementTest" time="0.0"/>
  <testcase name="testHashCodeInegalite(Element, Element)[1309]" classname="fr.eseo.e3.poo.projet.blox.modele.pieces.ElementTest" time="0.0"/>
  <testcase name="testHashCodeInegalite(Element, Element)[1310]" classname="fr.eseo.e3.poo.projet.blox.modele.pieces.ElementTest" time="0.001"/>
  <testcase name="testHashCodeInegalite(Element, Element)[1311]" classname="fr.eseo.e3.poo.projet.blox.modele.pieces.ElementTest" time="0.001"/>
  <testcase name="testHashCodeInegalite(Element, Element)[1312]" classname="fr.eseo.e3.poo.projet.blox.modele.pieces.ElementTest" time="0.0"/>
  <testcase name="testHashCodeInegalite(Element, Element)[1313]" classname="fr.eseo.e3.poo.projet.blox.modele.pieces.ElementTest" time="0.0"/>
  <testcase name="testHashCodeInegalite(Element, Element)[1314]" classname="fr.eseo.e3.poo.projet.blox.modele.pieces.ElementTest" time="0.0"/>
  <testcase name="testHashCodeInegalite(Element, Element)[1315]" classname="fr.eseo.e3.poo.projet.blox.modele.pieces.ElementTest" time="0.0"/>
  <testcase name="testHashCodeInegalite(Element, Element)[1316]" classname="fr.eseo.e3.poo.projet.blox.modele.pieces.ElementTest" time="0.001"/>
  <testcase name="testHashCodeInegalite(Element, Element)[1317]" classname="fr.eseo.e3.poo.projet.blox.modele.pieces.ElementTest" time="0.0"/>
  <testcase name="testHashCodeInegalite(Element, Element)[1318]" classname="fr.eseo.e3.poo.projet.blox.modele.pieces.ElementTest" time="0.001"/>
  <testcase name="testHashCodeInegalite(Element, Element)[1319]" classname="fr.eseo.e3.poo.projet.blox.modele.pieces.ElementTest" time="0.0"/>
  <testcase name="testHashCodeInegalite(Element, Element)[1320]" classname="fr.eseo.e3.poo.projet.blox.modele.pieces.ElementTest" time="0.001"/>
  <testcase name="testHashCodeInegalite(Element, Element)[1321]" classname="fr.eseo.e3.poo.projet.blox.modele.pieces.ElementTest" time="0.0"/>
  <testcase name="testHashCodeInegalite(Element, Element)[1322]" classname="fr.eseo.e3.poo.projet.blox.modele.pieces.ElementTest" time="0.0"/>
  <testcase name="testHashCodeInegalite(Element, Element)[1323]" classname="fr.eseo.e3.poo.projet.blox.modele.pieces.ElementTest" time="0.0"/>
  <testcase name="testHashCodeInegalite(Element, Element)[1324]" classname="fr.eseo.e3.poo.projet.blox.modele.pieces.ElementTest" time="0.0"/>
  <testcase name="testHashCodeInegalite(Element, Element)[1325]" classname="fr.eseo.e3.poo.projet.blox.modele.pieces.ElementTest" time="0.0"/>
  <testcase name="testHashCodeInegalite(Element, Element)[1326]" classname="fr.eseo.e3.poo.projet.blox.modele.pieces.ElementTest" time="0.0"/>
  <testcase name="testHashCodeInegalite(Element, Element)[1327]" classname="fr.eseo.e3.poo.projet.blox.modele.pieces.ElementTest" time="0.0"/>
  <testcase name="testHashCodeInegalite(Element, Element)[1328]" classname="fr.eseo.e3.poo.projet.blox.modele.pieces.ElementTest" time="0.0"/>
  <testcase name="testHashCodeInegalite(Element, Element)[1329]" classname="fr.eseo.e3.poo.projet.blox.modele.pieces.ElementTest" time="0.0"/>
  <testcase name="testHashCodeInegalite(Element, Element)[1330]" classname="fr.eseo.e3.poo.projet.blox.modele.pieces.ElementTest" time="0.0"/>
  <testcase name="testHashCodeInegalite(Element, Element)[1331]" classname="fr.eseo.e3.poo.projet.blox.modele.pieces.ElementTest" time="0.0"/>
  <testcase name="testHashCodeInegalite(Element, Element)[1332]" classname="fr.eseo.e3.poo.projet.blox.modele.pieces.ElementTest" time="0.001"/>
  <testcase name="testHashCodeInegalite(Element, Element)[1333]" classname="fr.eseo.e3.poo.projet.blox.modele.pieces.ElementTest" time="0.0"/>
  <testcase name="testHashCodeInegalite(Element, Element)[1334]" classname="fr.eseo.e3.poo.projet.blox.modele.pieces.ElementTest" time="0.001"/>
  <testcase name="testHashCodeInegalite(Element, Element)[1335]" classname="fr.eseo.e3.poo.projet.blox.modele.pieces.ElementTest" time="0.0"/>
  <testcase name="testHashCodeInegalite(Element, Element)[1336]" classname="fr.eseo.e3.poo.projet.blox.modele.pieces.ElementTest" time="0.001"/>
  <testcase name="testHashCodeInegalite(Element, Element)[1337]" classname="fr.eseo.e3.poo.projet.blox.modele.pieces.ElementTest" time="0.0"/>
  <testcase name="testHashCodeInegalite(Element, Element)[1338]" classname="fr.eseo.e3.poo.projet.blox.modele.pieces.ElementTest" time="0.001"/>
  <testcase name="testHashCodeInegalite(Element, Element)[1339]" classname="fr.eseo.e3.poo.projet.blox.modele.pieces.ElementTest" time="0.0"/>
  <testcase name="testHashCodeInegalite(Element, Element)[1340]" classname="fr.eseo.e3.poo.projet.blox.modele.pieces.ElementTest" time="0.0"/>
  <testcase name="testHashCodeInegalite(Element, Element)[1341]" classname="fr.eseo.e3.poo.projet.blox.modele.pieces.ElementTest" time="0.0"/>
  <testcase name="testHashCodeInegalite(Element, Element)[1342]" classname="fr.eseo.e3.poo.projet.blox.modele.pieces.ElementTest" time="0.001"/>
  <testcase name="testHashCodeInegalite(Element, Element)[1343]" classname="fr.eseo.e3.poo.projet.blox.modele.pieces.ElementTest" time="0.0"/>
  <testcase name="testHashCodeInegalite(Element, Element)[1344]" classname="fr.eseo.e3.poo.projet.blox.modele.pieces.ElementTest" time="0.0"/>
  <testcase name="testHashCodeInegalite(Element, Element)[1345]" classname="fr.eseo.e3.poo.projet.blox.modele.pieces.ElementTest" time="0.0"/>
  <testcase name="testHashCodeInegalite(Element, Element)[1346]" classname="fr.eseo.e3.poo.projet.blox.modele.pieces.ElementTest" time="0.0"/>
  <testcase name="testHashCodeInegalite(Element, Element)[1347]" classname="fr.eseo.e3.poo.projet.blox.modele.pieces.ElementTest" time="0.0"/>
  <testcase name="testHashCodeInegalite(Element, Element)[1348]" classname="fr.eseo.e3.poo.projet.blox.modele.pieces.ElementTest" time="0.0"/>
  <testcase name="testHashCodeInegalite(Element, Element)[1349]" classname="fr.eseo.e3.poo.projet.blox.modele.pieces.ElementTest" time="0.0"/>
  <testcase name="testHashCodeInegalite(Element, Element)[1350]" classname="fr.eseo.e3.poo.projet.blox.modele.pieces.ElementTest" time="0.0"/>
  <testcase name="testHashCodeInegalite(Element, Element)[1351]" classname="fr.eseo.e3.poo.projet.blox.modele.pieces.ElementTest" time="0.001"/>
  <testcase name="testHashCodeInegalite(Element, Element)[1352]" classname="fr.eseo.e3.poo.projet.blox.modele.pieces.ElementTest" time="0.0"/>
  <testcase name="testHashCodeInegalite(Element, Element)[1353]" classname="fr.eseo.e3.poo.projet.blox.modele.pieces.ElementTest" time="0.0"/>
  <testcase name="testHashCodeInegalite(Element, Element)[1354]" classname="fr.eseo.e3.poo.projet.blox.modele.pieces.ElementTest" time="0.002"/>
  <testcase name="testHashCodeInegalite(Element, Element)[1355]" classname="fr.eseo.e3.poo.projet.blox.modele.pieces.ElementTest" time="0.0"/>
  <testcase name="testHashCodeInegalite(Element, Element)[1356]" classname="fr.eseo.e3.poo.projet.blox.modele.pieces.ElementTest" time="0.0"/>
  <testcase name="testHashCodeInegalite(Element, Element)[1357]" classname="fr.eseo.e3.poo.projet.blox.modele.pieces.ElementTest" time="0.0"/>
  <testcase name="testHashCodeInegalite(Element, Element)[1358]" classname="fr.eseo.e3.poo.projet.blox.modele.pieces.ElementTest" time="0.001"/>
  <testcase name="testHashCodeInegalite(Element, Element)[1359]" classname="fr.eseo.e3.poo.projet.blox.modele.pieces.ElementTest" time="0.0"/>
  <testcase name="testHashCodeInegalite(Element, Element)[1360]" classname="fr.eseo.e3.poo.projet.blox.modele.pieces.ElementTest" time="0.001"/>
  <testcase name="testHashCodeInegalite(Element, Element)[1361]" classname="fr.eseo.e3.poo.projet.blox.modele.pieces.ElementTest" time="0.0"/>
  <testcase name="testHashCodeInegalite(Element, Element)[1362]" classname="fr.eseo.e3.poo.projet.blox.modele.pieces.ElementTest" time="0.0"/>
  <testcase name="testHashCodeInegalite(Element, Element)[1363]" classname="fr.eseo.e3.poo.projet.blox.modele.pieces.ElementTest" time="0.0"/>
  <testcase name="testHashCodeInegalite(Element, Element)[1364]" classname="fr.eseo.e3.poo.projet.blox.modele.pieces.ElementTest" time="0.0"/>
  <testcase name="testHashCodeInegalite(Element, Element)[1365]" classname="fr.eseo.e3.poo.projet.blox.modele.pieces.ElementTest" time="0.001"/>
  <testcase name="testHashCodeInegalite(Element, Element)[1366]" classname="fr.eseo.e3.poo.projet.blox.modele.pieces.ElementTest" time="0.001"/>
  <testcase name="testHashCodeInegalite(Element, Element)[1367]" classname="fr.eseo.e3.poo.projet.blox.modele.pieces.ElementTest" time="0.001"/>
  <testcase name="testHashCodeInegalite(Element, Element)[1368]" classname="fr.eseo.e3.poo.projet.blox.modele.pieces.ElementTest" time="0.0"/>
  <testcase name="testHashCodeInegalite(Element, Element)[1369]" classname="fr.eseo.e3.poo.projet.blox.modele.pieces.ElementTest" time="0.001"/>
  <testcase name="testHashCodeInegalite(Element, Element)[1370]" classname="fr.eseo.e3.poo.projet.blox.modele.pieces.ElementTest" time="0.0"/>
  <testcase name="testHashCodeInegalite(Element, Element)[1371]" classname="fr.eseo.e3.poo.projet.blox.modele.pieces.ElementTest" time="0.0"/>
  <testcase name="testHashCodeInegalite(Element, Element)[1372]" classname="fr.eseo.e3.poo.projet.blox.modele.pieces.ElementTest" time="0.001"/>
  <testcase name="testHashCodeInegalite(Element, Element)[1373]" classname="fr.eseo.e3.poo.projet.blox.modele.pieces.ElementTest" time="0.0"/>
  <testcase name="testHashCodeInegalite(Element, Element)[1374]" classname="fr.eseo.e3.poo.projet.blox.modele.pieces.ElementTest" time="0.001"/>
  <testcase name="testHashCodeInegalite(Element, Element)[1375]" classname="fr.eseo.e3.poo.projet.blox.modele.pieces.ElementTest" time="0.0"/>
  <testcase name="testHashCodeInegalite(Element, Element)[1376]" classname="fr.eseo.e3.poo.projet.blox.modele.pieces.ElementTest" time="0.0"/>
  <testcase name="testHashCodeInegalite(Element, Element)[1377]" classname="fr.eseo.e3.poo.projet.blox.modele.pieces.ElementTest" time="0.0"/>
  <testcase name="testHashCodeInegalite(Element, Element)[1378]" classname="fr.eseo.e3.poo.projet.blox.modele.pieces.ElementTest" time="0.0"/>
  <testcase name="testHashCodeInegalite(Element, Element)[1379]" classname="fr.eseo.e3.poo.projet.blox.modele.pieces.ElementTest" time="0.0"/>
  <testcase name="testHashCodeInegalite(Element, Element)[1380]" classname="fr.eseo.e3.poo.projet.blox.modele.pieces.ElementTest" time="0.001"/>
  <testcase name="testHashCodeInegalite(Element, Element)[1381]" classname="fr.eseo.e3.poo.projet.blox.modele.pieces.ElementTest" time="0.0"/>
  <testcase name="testHashCodeInegalite(Element, Element)[1382]" classname="fr.eseo.e3.poo.projet.blox.modele.pieces.ElementTest" time="0.0"/>
  <testcase name="testHashCodeInegalite(Element, Element)[1383]" classname="fr.eseo.e3.poo.projet.blox.modele.pieces.ElementTest" time="0.0"/>
  <testcase name="testHashCodeInegalite(Element, Element)[1384]" classname="fr.eseo.e3.poo.projet.blox.modele.pieces.ElementTest" time="0.001"/>
  <testcase name="testHashCodeInegalite(Element, Element)[1385]" classname="fr.eseo.e3.poo.projet.blox.modele.pieces.ElementTest" time="0.0"/>
  <testcase name="testHashCodeInegalite(Element, Element)[1386]" classname="fr.eseo.e3.poo.projet.blox.modele.pieces.ElementTest" time="0.0"/>
  <testcase name="testHashCodeInegalite(Element, Element)[1387]" classname="fr.eseo.e3.poo.projet.blox.modele.pieces.ElementTest" time="0.001"/>
  <testcase name="testHashCodeInegalite(Element, Element)[1388]" classname="fr.eseo.e3.poo.projet.blox.modele.pieces.ElementTest" time="0.0"/>
  <testcase name="testHashCodeInegalite(Element, Element)[1389]" classname="fr.eseo.e3.poo.projet.blox.modele.pieces.ElementTest" time="0.001"/>
  <testcase name="testHashCodeInegalite(Element, Element)[1390]" classname="fr.eseo.e3.poo.projet.blox.modele.pieces.ElementTest" time="0.0"/>
  <testcase name="testHashCodeInegalite(Element, Element)[1391]" classname="fr.eseo.e3.poo.projet.blox.modele.pieces.ElementTest" time="0.0"/>
  <testcase name="testHashCodeInegalite(Element, Element)[1392]" classname="fr.eseo.e3.poo.projet.blox.modele.pieces.ElementTest" time="0.0"/>
  <testcase name="testHashCodeInegalite(Element, Element)[1393]" classname="fr.eseo.e3.poo.projet.blox.modele.pieces.ElementTest" time="0.0"/>
  <testcase name="testHashCodeInegalite(Element, Element)[1394]" classname="fr.eseo.e3.poo.projet.blox.modele.pieces.ElementTest" time="0.001"/>
  <testcase name="testHashCodeInegalite(Element, Element)[1395]" classname="fr.eseo.e3.poo.projet.blox.modele.pieces.ElementTest" time="0.0"/>
  <testcase name="testHashCodeInegalite(Element, Element)[1396]" classname="fr.eseo.e3.poo.projet.blox.modele.pieces.ElementTest" time="0.0"/>
  <testcase name="testHashCodeInegalite(Element, Element)[1397]" classname="fr.eseo.e3.poo.projet.blox.modele.pieces.ElementTest" time="0.0"/>
  <testcase name="testHashCodeInegalite(Element, Element)[1398]" classname="fr.eseo.e3.poo.projet.blox.modele.pieces.ElementTest" time="0.0"/>
  <testcase name="testHashCodeInegalite(Element, Element)[1399]" classname="fr.eseo.e3.poo.projet.blox.modele.pieces.ElementTest" time="0.001"/>
  <testcase name="testHashCodeInegalite(Element, Element)[1400]" classname="fr.eseo.e3.poo.projet.blox.modele.pieces.ElementTest" time="0.0"/>
  <testcase name="testHashCodeInegalite(Element, Element)[1401]" classname="fr.eseo.e3.poo.projet.blox.modele.pieces.ElementTest" time="0.0"/>
  <testcase name="testHashCodeInegalite(Element, Element)[1402]" classname="fr.eseo.e3.poo.projet.blox.modele.pieces.ElementTest" time="0.0"/>
  <testcase name="testHashCodeInegalite(Element, Element)[1403]" classname="fr.eseo.e3.poo.projet.blox.modele.pieces.ElementTest" time="0.0"/>
  <testcase name="testHashCodeInegalite(Element, Element)[1404]" classname="fr.eseo.e3.poo.projet.blox.modele.pieces.ElementTest" time="0.0"/>
  <testcase name="testHashCodeInegalite(Element, Element)[1405]" classname="fr.eseo.e3.poo.projet.blox.modele.pieces.ElementTest" time="0.0"/>
  <testcase name="testHashCodeInegalite(Element, Element)[1406]" classname="fr.eseo.e3.poo.projet.blox.modele.pieces.ElementTest" time="0.0"/>
  <testcase name="testHashCodeInegalite(Element, Element)[1407]" classname="fr.eseo.e3.poo.projet.blox.modele.pieces.ElementTest" time="0.001"/>
  <testcase name="testHashCodeInegalite(Element, Element)[1408]" classname="fr.eseo.e3.poo.projet.blox.modele.pieces.ElementTest" time="0.0"/>
  <testcase name="testHashCodeInegalite(Element, Element)[1409]" classname="fr.eseo.e3.poo.projet.blox.modele.pieces.ElementTest" time="0.001"/>
  <testcase name="testHashCodeInegalite(Element, Element)[1410]" classname="fr.eseo.e3.poo.projet.blox.modele.pieces.ElementTest" time="0.0"/>
  <testcase name="testHashCodeInegalite(Element, Element)[1411]" classname="fr.eseo.e3.poo.projet.blox.modele.pieces.ElementTest" time="0.0"/>
  <testcase name="testHashCodeInegalite(Element, Element)[1412]" classname="fr.eseo.e3.poo.projet.blox.modele.pieces.ElementTest" time="0.0"/>
  <testcase name="testHashCodeInegalite(Element, Element)[1413]" classname="fr.eseo.e3.poo.projet.blox.modele.pieces.ElementTest" time="0.0"/>
  <testcase name="testHashCodeInegalite(Element, Element)[1414]" classname="fr.eseo.e3.poo.projet.blox.modele.pieces.ElementTest" time="0.0"/>
  <testcase name="testHashCodeInegalite(Element, Element)[1415]" classname="fr.eseo.e3.poo.projet.blox.modele.pieces.ElementTest" time="0.001"/>
  <testcase name="testHashCodeInegalite(Element, Element)[1416]" classname="fr.eseo.e3.poo.projet.blox.modele.pieces.ElementTest" time="0.0"/>
  <testcase name="testHashCodeInegalite(Element, Element)[1417]" classname="fr.eseo.e3.poo.projet.blox.modele.pieces.ElementTest" time="0.0"/>
  <testcase name="testHashCodeInegalite(Element, Element)[1418]" classname="fr.eseo.e3.poo.projet.blox.modele.pieces.ElementTest" time="0.0"/>
  <testcase name="testHashCodeInegalite(Element, Element)[1419]" classname="fr.eseo.e3.poo.projet.blox.modele.pieces.ElementTest" time="0.001"/>
  <testcase name="testHashCodeInegalite(Element, Element)[1420]" classname="fr.eseo.e3.poo.projet.blox.modele.pieces.ElementTest" time="0.0"/>
  <testcase name="testHashCodeInegalite(Element, Element)[1421]" classname="fr.eseo.e3.poo.projet.blox.modele.pieces.ElementTest" time="0.001"/>
  <testcase name="testHashCodeInegalite(Element, Element)[1422]" classname="fr.eseo.e3.poo.projet.blox.modele.pieces.ElementTest" time="0.0"/>
  <testcase name="testHashCodeInegalite(Element, Element)[1423]" classname="fr.eseo.e3.poo.projet.blox.modele.pieces.ElementTest" time="0.0"/>
  <testcase name="testHashCodeInegalite(Element, Element)[1424]" classname="fr.eseo.e3.poo.projet.blox.modele.pieces.ElementTest" time="0.001"/>
  <testcase name="testHashCodeInegalite(Element, Element)[1425]" classname="fr.eseo.e3.poo.projet.blox.modele.pieces.ElementTest" time="0.0"/>
  <testcase name="testHashCodeInegalite(Element, Element)[1426]" classname="fr.eseo.e3.poo.projet.blox.modele.pieces.ElementTest" time="0.001"/>
  <testcase name="testHashCodeInegalite(Element, Element)[1427]" classname="fr.eseo.e3.poo.projet.blox.modele.pieces.ElementTest" time="0.0"/>
  <testcase name="testHashCodeInegalite(Element, Element)[1428]" classname="fr.eseo.e3.poo.projet.blox.modele.pieces.ElementTest" time="0.0"/>
  <testcase name="testHashCodeInegalite(Element, Element)[1429]" classname="fr.eseo.e3.poo.projet.blox.modele.pieces.ElementTest" time="0.001"/>
  <testcase name="testHashCodeInegalite(Element, Element)[1430]" classname="fr.eseo.e3.poo.projet.blox.modele.pieces.ElementTest" time="0.001"/>
  <testcase name="testHashCodeInegalite(Element, Element)[1431]" classname="fr.eseo.e3.poo.projet.blox.modele.pieces.ElementTest" time="0.0"/>
  <testcase name="testHashCodeInegalite(Element, Element)[1432]" classname="fr.eseo.e3.poo.projet.blox.modele.pieces.ElementTest" time="0.0"/>
  <testcase name="testHashCodeInegalite(Element, Element)[1433]" classname="fr.eseo.e3.poo.projet.blox.modele.pieces.ElementTest" time="0.0"/>
  <testcase name="testHashCodeInegalite(Element, Element)[1434]" classname="fr.eseo.e3.poo.projet.blox.modele.pieces.ElementTest" time="0.0"/>
  <testcase name="testHashCodeInegalite(Element, Element)[1435]" classname="fr.eseo.e3.poo.projet.blox.modele.pieces.ElementTest" time="0.0"/>
  <testcase name="testHashCodeInegalite(Element, Element)[1436]" classname="fr.eseo.e3.poo.projet.blox.modele.pieces.ElementTest" time="0.0"/>
  <testcase name="testHashCodeInegalite(Element, Element)[1437]" classname="fr.eseo.e3.poo.projet.blox.modele.pieces.ElementTest" time="0.0"/>
  <testcase name="testHashCodeInegalite(Element, Element)[1438]" classname="fr.eseo.e3.poo.projet.blox.modele.pieces.ElementTest" time="0.0"/>
  <testcase name="testHashCodeInegalite(Element, Element)[1439]" classname="fr.eseo.e3.poo.projet.blox.modele.pieces.ElementTest" time="0.0"/>
  <testcase name="testHashCodeInegalite(Element, Element)[1440]" classname="fr.eseo.e3.poo.projet.blox.modele.pieces.ElementTest" time="0.0"/>
  <testcase name="testHashCodeInegalite(Element, Element)[1441]" classname="fr.eseo.e3.poo.projet.blox.modele.pieces.ElementTest" time="0.0"/>
  <testcase name="testHashCodeInegalite(Element, Element)[1442]" classname="fr.eseo.e3.poo.projet.blox.modele.pieces.ElementTest" time="0.001"/>
  <testcase name="testHashCodeInegalite(Element, Element)[1443]" classname="fr.eseo.e3.poo.projet.blox.modele.pieces.ElementTest" time="0.0"/>
  <testcase name="testHashCodeInegalite(Element, Element)[1444]" classname="fr.eseo.e3.poo.projet.blox.modele.pieces.ElementTest" time="0.0"/>
  <testcase name="testHashCodeInegalite(Element, Element)[1445]" classname="fr.eseo.e3.poo.projet.blox.modele.pieces.ElementTest" time="0.0"/>
  <testcase name="testHashCodeInegalite(Element, Element)[1446]" classname="fr.eseo.e3.poo.projet.blox.modele.pieces.ElementTest" time="0.0"/>
  <testcase name="testHashCodeInegalite(Element, Element)[1447]" classname="fr.eseo.e3.poo.projet.blox.modele.pieces.ElementTest" time="0.0"/>
  <testcase name="testHashCodeInegalite(Element, Element)[1448]" classname="fr.eseo.e3.poo.projet.blox.modele.pieces.ElementTest" time="0.0"/>
  <testcase name="testHashCodeInegalite(Element, Element)[1449]" classname="fr.eseo.e3.poo.projet.blox.modele.pieces.ElementTest" time="0.0"/>
  <testcase name="testHashCodeInegalite(Element, Element)[1450]" classname="fr.eseo.e3.poo.projet.blox.modele.pieces.ElementTest" time="0.0"/>
  <testcase name="testHashCodeInegalite(Element, Element)[1451]" classname="fr.eseo.e3.poo.projet.blox.modele.pieces.ElementTest" time="0.0"/>
  <testcase name="testHashCodeInegalite(Element, Element)[1452]" classname="fr.eseo.e3.poo.projet.blox.modele.pieces.ElementTest" time="0.0"/>
  <testcase name="testHashCodeInegalite(Element, Element)[1453]" classname="fr.eseo.e3.poo.projet.blox.modele.pieces.ElementTest" time="0.001"/>
  <testcase name="testHashCodeInegalite(Element, Element)[1454]" classname="fr.eseo.e3.poo.projet.blox.modele.pieces.ElementTest" time="0.0"/>
  <testcase name="testHashCodeInegalite(Element, Element)[1455]" classname="fr.eseo.e3.poo.projet.blox.modele.pieces.ElementTest" time="0.0"/>
  <testcase name="testHashCodeInegalite(Element, Element)[1456]" classname="fr.eseo.e3.poo.projet.blox.modele.pieces.ElementTest" time="0.001"/>
  <testcase name="testHashCodeInegalite(Element, Element)[1457]" classname="fr.eseo.e3.poo.projet.blox.modele.pieces.ElementTest" time="0.0"/>
  <testcase name="testHashCodeInegalite(Element, Element)[1458]" classname="fr.eseo.e3.poo.projet.blox.modele.pieces.ElementTest" time="0.0"/>
  <testcase name="testHashCodeInegalite(Element, Element)[1459]" classname="fr.eseo.e3.poo.projet.blox.modele.pieces.ElementTest" time="0.001"/>
  <testcase name="testHashCodeInegalite(Element, Element)[1460]" classname="fr.eseo.e3.poo.projet.blox.modele.pieces.ElementTest" time="0.0"/>
  <testcase name="testHashCodeInegalite(Element, Element)[1461]" classname="fr.eseo.e3.poo.projet.blox.modele.pieces.ElementTest" time="0.0"/>
  <testcase name="testHashCodeInegalite(Element, Element)[1462]" classname="fr.eseo.e3.poo.projet.blox.modele.pieces.ElementTest" time="0.001"/>
  <testcase name="testHashCodeInegalite(Element, Element)[1463]" classname="fr.eseo.e3.poo.projet.blox.modele.pieces.ElementTest" time="0.0"/>
  <testcase name="testHashCodeInegalite(Element, Element)[1464]" classname="fr.eseo.e3.poo.projet.blox.modele.pieces.ElementTest" time="0.001"/>
  <testcase name="testHashCodeInegalite(Element, Element)[1465]" classname="fr.eseo.e3.poo.projet.blox.modele.pieces.ElementTest" time="0.0"/>
  <testcase name="testHashCodeInegalite(Element, Element)[1466]" classname="fr.eseo.e3.poo.projet.blox.modele.pieces.ElementTest" time="0.001"/>
  <testcase name="testHashCodeInegalite(Element, Element)[1467]" classname="fr.eseo.e3.poo.projet.blox.modele.pieces.ElementTest" time="0.0"/>
  <testcase name="testHashCodeInegalite(Element, Element)[1468]" classname="fr.eseo.e3.poo.projet.blox.modele.pieces.ElementTest" time="0.0"/>
  <testcase name="testHashCodeInegalite(Element, Element)[1469]" classname="fr.eseo.e3.poo.projet.blox.modele.pieces.ElementTest" time="0.0"/>
  <testcase name="testHashCodeInegalite(Element, Element)[1470]" classname="fr.eseo.e3.poo.projet.blox.modele.pieces.ElementTest" time="0.0"/>
  <testcase name="testHashCodeInegalite(Element, Element)[1471]" classname="fr.eseo.e3.poo.projet.blox.modele.pieces.ElementTest" time="0.0"/>
  <testcase name="testHashCodeInegalite(Element, Element)[1472]" classname="fr.eseo.e3.poo.projet.blox.modele.pieces.ElementTest" time="0.0"/>
  <testcase name="testHashCodeInegalite(Element, Element)[1473]" classname="fr.eseo.e3.poo.projet.blox.modele.pieces.ElementTest" time="0.0"/>
  <testcase name="testHashCodeInegalite(Element, Element)[1474]" classname="fr.eseo.e3.poo.projet.blox.modele.pieces.ElementTest" time="0.001"/>
  <testcase name="testHashCodeInegalite(Element, Element)[1475]" classname="fr.eseo.e3.poo.projet.blox.modele.pieces.ElementTest" time="0.0"/>
  <testcase name="testHashCodeInegalite(Element, Element)[1476]" classname="fr.eseo.e3.poo.projet.blox.modele.pieces.ElementTest" time="0.001"/>
  <testcase name="testHashCodeInegalite(Element, Element)[1477]" classname="fr.eseo.e3.poo.projet.blox.modele.pieces.ElementTest" time="0.001"/>
  <testcase name="testHashCodeInegalite(Element, Element)[1478]" classname="fr.eseo.e3.poo.projet.blox.modele.pieces.ElementTest" time="0.0"/>
  <testcase name="testHashCodeInegalite(Element, Element)[1479]" classname="fr.eseo.e3.poo.projet.blox.modele.pieces.ElementTest" time="0.0"/>
  <testcase name="testHashCodeInegalite(Element, Element)[1480]" classname="fr.eseo.e3.poo.projet.blox.modele.pieces.ElementTest" time="0.001"/>
  <testcase name="testHashCodeInegalite(Element, Element)[1481]" classname="fr.eseo.e3.poo.projet.blox.modele.pieces.ElementTest" time="0.0"/>
  <testcase name="testHashCodeInegalite(Element, Element)[1482]" classname="fr.eseo.e3.poo.projet.blox.modele.pieces.ElementTest" time="0.001"/>
  <testcase name="testHashCodeInegalite(Element, Element)[1483]" classname="fr.eseo.e3.poo.projet.blox.modele.pieces.ElementTest" time="0.0"/>
  <testcase name="testHashCodeInegalite(Element, Element)[1484]" classname="fr.eseo.e3.poo.projet.blox.modele.pieces.ElementTest" time="0.0"/>
  <testcase name="testHashCodeInegalite(Element, Element)[1485]" classname="fr.eseo.e3.poo.projet.blox.modele.pieces.ElementTest" time="0.001"/>
  <testcase name="testHashCodeInegalite(Element, Element)[1486]" classname="fr.eseo.e3.poo.projet.blox.modele.pieces.ElementTest" time="0.0"/>
  <testcase name="testHashCodeInegalite(Element, Element)[1487]" classname="fr.eseo.e3.poo.projet.blox.modele.pieces.ElementTest" time="0.0"/>
  <testcase name="testHashCodeInegalite(Element, Element)[1488]" classname="fr.eseo.e3.poo.projet.blox.modele.pieces.ElementTest" time="0.0"/>
  <testcase name="testHashCodeInegalite(Element, Element)[1489]" classname="fr.eseo.e3.poo.projet.blox.modele.pieces.ElementTest" time="0.0"/>
  <testcase name="testHashCodeInegalite(Element, Element)[1490]" classname="fr.eseo.e3.poo.projet.blox.modele.pieces.ElementTest" time="0.0"/>
  <testcase name="testHashCodeInegalite(Element, Element)[1491]" classname="fr.eseo.e3.poo.projet.blox.modele.pieces.ElementTest" time="0.0"/>
  <testcase name="testHashCodeInegalite(Element, Element)[1492]" classname="fr.eseo.e3.poo.projet.blox.modele.pieces.ElementTest" time="0.0"/>
  <testcase name="testHashCodeInegalite(Element, Element)[1493]" classname="fr.eseo.e3.poo.projet.blox.modele.pieces.ElementTest" time="0.001"/>
  <testcase name="testHashCodeInegalite(Element, Element)[1494]" classname="fr.eseo.e3.poo.projet.blox.modele.pieces.ElementTest" time="0.0"/>
  <testcase name="testHashCodeInegalite(Element, Element)[1495]" classname="fr.eseo.e3.poo.projet.blox.modele.pieces.ElementTest" time="0.0"/>
  <testcase name="testHashCodeInegalite(Element, Element)[1496]" classname="fr.eseo.e3.poo.projet.blox.modele.pieces.ElementTest" time="0.001"/>
  <testcase name="testHashCodeInegalite(Element, Element)[1497]" classname="fr.eseo.e3.poo.projet.blox.modele.pieces.ElementTest" time="0.0"/>
  <testcase name="testHashCodeInegalite(Element, Element)[1498]" classname="fr.eseo.e3.poo.projet.blox.modele.pieces.ElementTest" time="0.001"/>
  <testcase name="testHashCodeInegalite(Element, Element)[1499]" classname="fr.eseo.e3.poo.projet.blox.modele.pieces.ElementTest" time="0.0"/>
  <testcase name="testHashCodeInegalite(Element, Element)[1500]" classname="fr.eseo.e3.poo.projet.blox.modele.pieces.ElementTest" time="0.001"/>
  <testcase name="testHashCodeInegalite(Element, Element)[1501]" classname="fr.eseo.e3.poo.projet.blox.modele.pieces.ElementTest" time="0.0"/>
  <testcase name="testHashCodeInegalite(Element, Element)[1502]" classname="fr.eseo.e3.poo.projet.blox.modele.pieces.ElementTest" time="0.0"/>
  <testcase name="testHashCodeInegalite(Element, Element)[1503]" classname="fr.eseo.e3.poo.projet.blox.modele.pieces.ElementTest" time="0.0"/>
  <testcase name="testHashCodeInegalite(Element, Element)[1504]" classname="fr.eseo.e3.poo.projet.blox.modele.pieces.ElementTest" time="0.0"/>
  <testcase name="testHashCodeInegalite(Element, Element)[1505]" classname="fr.eseo.e3.poo.projet.blox.modele.pieces.ElementTest" time="0.0"/>
  <testcase name="testHashCodeInegalite(Element, Element)[1506]" classname="fr.eseo.e3.poo.projet.blox.modele.pieces.ElementTest" time="0.0"/>
  <testcase name="testHashCodeInegalite(Element, Element)[1507]" classname="fr.eseo.e3.poo.projet.blox.modele.pieces.ElementTest" time="0.0"/>
  <testcase name="testHashCodeInegalite(Element, Element)[1508]" classname="fr.eseo.e3.poo.projet.blox.modele.pieces.ElementTest" time="0.001"/>
  <testcase name="testHashCodeInegalite(Element, Element)[1509]" classname="fr.eseo.e3.poo.projet.blox.modele.pieces.ElementTest" time="0.0"/>
  <testcase name="testHashCodeInegalite(Element, Element)[1510]" classname="fr.eseo.e3.poo.projet.blox.modele.pieces.ElementTest" time="0.0"/>
  <testcase name="testHashCodeInegalite(Element, Element)[1511]" classname="fr.eseo.e3.poo.projet.blox.modele.pieces.ElementTest" time="0.001"/>
  <testcase name="testHashCodeInegalite(Element, Element)[1512]" classname="fr.eseo.e3.poo.projet.blox.modele.pieces.ElementTest" time="0.0"/>
  <testcase name="testHashCodeInegalite(Element, Element)[1513]" classname="fr.eseo.e3.poo.projet.blox.modele.pieces.ElementTest" time="0.0"/>
  <testcase name="testHashCodeInegalite(Element, Element)[1514]" classname="fr.eseo.e3.poo.projet.blox.modele.pieces.ElementTest" time="0.0"/>
  <testcase name="testHashCodeInegalite(Element, Element)[1515]" classname="fr.eseo.e3.poo.projet.blox.modele.pieces.ElementTest" time="0.0"/>
  <testcase name="testHashCodeInegalite(Element, Element)[1516]" classname="fr.eseo.e3.poo.projet.blox.modele.pieces.ElementTest" time="0.0"/>
  <testcase name="testHashCodeInegalite(Element, Element)[1517]" classname="fr.eseo.e3.poo.projet.blox.modele.pieces.ElementTest" time="0.0"/>
  <testcase name="testHashCodeInegalite(Element, Element)[1518]" classname="fr.eseo.e3.poo.projet.blox.modele.pieces.ElementTest" time="0.0"/>
  <testcase name="testHashCodeInegalite(Element, Element)[1519]" classname="fr.eseo.e3.poo.projet.blox.modele.pieces.ElementTest" time="0.001"/>
  <testcase name="testHashCodeInegalite(Element, Element)[1520]" classname="fr.eseo.e3.poo.projet.blox.modele.pieces.ElementTest" time="0.0"/>
  <testcase name="testHashCodeInegalite(Element, Element)[1521]" classname="fr.eseo.e3.poo.projet.blox.modele.pieces.ElementTest" time="0.001"/>
  <testcase name="testHashCodeInegalite(Element, Element)[1522]" classname="fr.eseo.e3.poo.projet.blox.modele.pieces.ElementTest" time="0.0"/>
  <testcase name="testHashCodeInegalite(Element, Element)[1523]" classname="fr.eseo.e3.poo.projet.blox.modele.pieces.ElementTest" time="0.0"/>
  <testcase name="testHashCodeInegalite(Element, Element)[1524]" classname="fr.eseo.e3.poo.projet.blox.modele.pieces.ElementTest" time="0.001"/>
  <testcase name="testHashCodeInegalite(Element, Element)[1525]" classname="fr.eseo.e3.poo.projet.blox.modele.pieces.ElementTest" time="0.0"/>
  <testcase name="testHashCodeInegalite(Element, Element)[1526]" classname="fr.eseo.e3.poo.projet.blox.modele.pieces.ElementTest" time="0.0"/>
  <testcase name="testHashCodeInegalite(Element, Element)[1527]" classname="fr.eseo.e3.poo.projet.blox.modele.pieces.ElementTest" time="0.001"/>
  <testcase name="testHashCodeInegalite(Element, Element)[1528]" classname="fr.eseo.e3.poo.projet.blox.modele.pieces.ElementTest" time="0.0"/>
  <testcase name="testHashCodeInegalite(Element, Element)[1529]" classname="fr.eseo.e3.poo.projet.blox.modele.pieces.ElementTest" time="0.0"/>
  <testcase name="testHashCodeInegalite(Element, Element)[1530]" classname="fr.eseo.e3.poo.projet.blox.modele.pieces.ElementTest" time="0.001"/>
  <testcase name="testHashCodeInegalite(Element, Element)[1531]" classname="fr.eseo.e3.poo.projet.blox.modele.pieces.ElementTest" time="0.0"/>
  <testcase name="testHashCodeInegalite(Element, Element)[1532]" classname="fr.eseo.e3.poo.projet.blox.modele.pieces.ElementTest" time="0.0"/>
  <testcase name="testHashCodeInegalite(Element, Element)[1533]" classname="fr.eseo.e3.poo.projet.blox.modele.pieces.ElementTest" time="0.0"/>
  <testcase name="testHashCodeInegalite(Element, Element)[1534]" classname="fr.eseo.e3.poo.projet.blox.modele.pieces.ElementTest" time="0.0"/>
  <testcase name="testHashCodeInegalite(Element, Element)[1535]" classname="fr.eseo.e3.poo.projet.blox.modele.pieces.ElementTest" time="0.001"/>
  <testcase name="testHashCodeInegalite(Element, Element)[1536]" classname="fr.eseo.e3.poo.projet.blox.modele.pieces.ElementTest" time="0.0"/>
  <testcase name="testHashCodeInegalite(Element, Element)[1537]" classname="fr.eseo.e3.poo.projet.blox.modele.pieces.ElementTest" time="0.0"/>
  <testcase name="testHashCodeInegalite(Element, Element)[1538]" classname="fr.eseo.e3.poo.projet.blox.modele.pieces.ElementTest" time="0.001"/>
  <testcase name="testHashCodeInegalite(Element, Element)[1539]" classname="fr.eseo.e3.poo.projet.blox.modele.pieces.ElementTest" time="0.0"/>
  <testcase name="testHashCodeInegalite(Element, Element)[1540]" classname="fr.eseo.e3.poo.projet.blox.modele.pieces.ElementTest" time="0.0"/>
  <testcase name="testHashCodeInegalite(Element, Element)[1541]" classname="fr.eseo.e3.poo.projet.blox.modele.pieces.ElementTest" time="0.0"/>
  <testcase name="testHashCodeInegalite(Element, Element)[1542]" classname="fr.eseo.e3.poo.projet.blox.modele.pieces.ElementTest" time="0.001"/>
  <testcase name="testHashCodeInegalite(Element, Element)[1543]" classname="fr.eseo.e3.poo.projet.blox.modele.pieces.ElementTest" time="0.0"/>
  <testcase name="testHashCodeInegalite(Element, Element)[1544]" classname="fr.eseo.e3.poo.projet.blox.modele.pieces.ElementTest" time="0.0"/>
  <testcase name="testHashCodeInegalite(Element, Element)[1545]" classname="fr.eseo.e3.poo.projet.blox.modele.pieces.ElementTest" time="0.001"/>
  <testcase name="testHashCodeInegalite(Element, Element)[1546]" classname="fr.eseo.e3.poo.projet.blox.modele.pieces.ElementTest" time="0.0"/>
  <testcase name="testHashCodeInegalite(Element, Element)[1547]" classname="fr.eseo.e3.poo.projet.blox.modele.pieces.ElementTest" time="0.0"/>
  <testcase name="testHashCodeInegalite(Element, Element)[1548]" classname="fr.eseo.e3.poo.projet.blox.modele.pieces.ElementTest" time="0.0"/>
  <testcase name="testHashCodeInegalite(Element, Element)[1549]" classname="fr.eseo.e3.poo.projet.blox.modele.pieces.ElementTest" time="0.0"/>
  <testcase name="testHashCodeInegalite(Element, Element)[1550]" classname="fr.eseo.e3.poo.projet.blox.modele.pieces.ElementTest" time="0.0"/>
  <testcase name="testHashCodeInegalite(Element, Element)[1551]" classname="fr.eseo.e3.poo.projet.blox.modele.pieces.ElementTest" time="0.0"/>
  <testcase name="testHashCodeInegalite(Element, Element)[1552]" classname="fr.eseo.e3.poo.projet.blox.modele.pieces.ElementTest" time="0.0"/>
  <testcase name="testHashCodeInegalite(Element, Element)[1553]" classname="fr.eseo.e3.poo.projet.blox.modele.pieces.ElementTest" time="0.0"/>
  <testcase name="testHashCodeInegalite(Element, Element)[1554]" classname="fr.eseo.e3.poo.projet.blox.modele.pieces.ElementTest" time="0.0"/>
  <testcase name="testHashCodeInegalite(Element, Element)[1555]" classname="fr.eseo.e3.poo.projet.blox.modele.pieces.ElementTest" time="0.001"/>
  <testcase name="testHashCodeInegalite(Element, Element)[1556]" classname="fr.eseo.e3.poo.projet.blox.modele.pieces.ElementTest" time="0.0"/>
  <testcase name="testHashCodeInegalite(Element, Element)[1557]" classname="fr.eseo.e3.poo.projet.blox.modele.pieces.ElementTest" time="0.001"/>
  <testcase name="testHashCodeInegalite(Element, Element)[1558]" classname="fr.eseo.e3.poo.projet.blox.modele.pieces.ElementTest" time="0.0"/>
  <testcase name="testHashCodeInegalite(Element, Element)[1559]" classname="fr.eseo.e3.poo.projet.blox.modele.pieces.ElementTest" time="0.0"/>
  <testcase name="testHashCodeInegalite(Element, Element)[1560]" classname="fr.eseo.e3.poo.projet.blox.modele.pieces.ElementTest" time="0.0"/>
  <testcase name="testHashCodeInegalite(Element, Element)[1561]" classname="fr.eseo.e3.poo.projet.blox.modele.pieces.ElementTest" time="0.0"/>
  <testcase name="testHashCodeInegalite(Element, Element)[1562]" classname="fr.eseo.e3.poo.projet.blox.modele.pieces.ElementTest" time="0.001"/>
  <testcase name="testHashCodeInegalite(Element, Element)[1563]" classname="fr.eseo.e3.poo.projet.blox.modele.pieces.ElementTest" time="0.0"/>
  <testcase name="testHashCodeInegalite(Element, Element)[1564]" classname="fr.eseo.e3.poo.projet.blox.modele.pieces.ElementTest" time="0.001"/>
  <testcase name="testHashCodeInegalite(Element, Element)[1565]" classname="fr.eseo.e3.poo.projet.blox.modele.pieces.ElementTest" time="0.0"/>
  <testcase name="testHashCodeInegalite(Element, Element)[1566]" classname="fr.eseo.e3.poo.projet.blox.modele.pieces.ElementTest" time="0.001"/>
  <testcase name="testHashCodeInegalite(Element, Element)[1567]" classname="fr.eseo.e3.poo.projet.blox.modele.pieces.ElementTest" time="0.0"/>
  <testcase name="testHashCodeInegalite(Element, Element)[1568]" classname="fr.eseo.e3.poo.projet.blox.modele.pieces.ElementTest" time="0.0"/>
  <testcase name="testHashCodeInegalite(Element, Element)[1569]" classname="fr.eseo.e3.poo.projet.blox.modele.pieces.ElementTest" time="0.0"/>
  <testcase name="testHashCodeInegalite(Element, Element)[1570]" classname="fr.eseo.e3.poo.projet.blox.modele.pieces.ElementTest" time="0.0"/>
  <testcase name="testHashCodeInegalite(Element, Element)[1571]" classname="fr.eseo.e3.poo.projet.blox.modele.pieces.ElementTest" time="0.001"/>
  <testcase name="testHashCodeInegalite(Element, Element)[1572]" classname="fr.eseo.e3.poo.projet.blox.modele.pieces.ElementTest" time="0.0"/>
  <testcase name="testHashCodeInegalite(Element, Element)[1573]" classname="fr.eseo.e3.poo.projet.blox.modele.pieces.ElementTest" time="0.0"/>
  <testcase name="testHashCodeInegalite(Element, Element)[1574]" classname="fr.eseo.e3.poo.projet.blox.modele.pieces.ElementTest" time="0.0"/>
  <testcase name="testHashCodeInegalite(Element, Element)[1575]" classname="fr.eseo.e3.poo.projet.blox.modele.pieces.ElementTest" time="0.001"/>
  <testcase name="testHashCodeInegalite(Element, Element)[1576]" classname="fr.eseo.e3.poo.projet.blox.modele.pieces.ElementTest" time="0.0"/>
  <testcase name="testHashCodeInegalite(Element, Element)[1577]" classname="fr.eseo.e3.poo.projet.blox.modele.pieces.ElementTest" time="0.0"/>
  <testcase name="testHashCodeInegalite(Element, Element)[1578]" classname="fr.eseo.e3.poo.projet.blox.modele.pieces.ElementTest" time="0.0"/>
  <testcase name="testHashCodeInegalite(Element, Element)[1579]" classname="fr.eseo.e3.poo.projet.blox.modele.pieces.ElementTest" time="0.0"/>
  <testcase name="testHashCodeInegalite(Element, Element)[1580]" classname="fr.eseo.e3.poo.projet.blox.modele.pieces.ElementTest" time="0.0"/>
  <testcase name="testHashCodeInegalite(Element, Element)[1581]" classname="fr.eseo.e3.poo.projet.blox.modele.pieces.ElementTest" time="0.001"/>
  <testcase name="testHashCodeInegalite(Element, Element)[1582]" classname="fr.eseo.e3.poo.projet.blox.modele.pieces.ElementTest" time="0.0"/>
  <testcase name="testHashCodeInegalite(Element, Element)[1583]" classname="fr.eseo.e3.poo.projet.blox.modele.pieces.ElementTest" time="0.0"/>
  <testcase name="testHashCodeInegalite(Element, Element)[1584]" classname="fr.eseo.e3.poo.projet.blox.modele.pieces.ElementTest" time="0.001"/>
  <testcase name="testHashCodeInegalite(Element, Element)[1585]" classname="fr.eseo.e3.poo.projet.blox.modele.pieces.ElementTest" time="0.0"/>
  <testcase name="testHashCodeInegalite(Element, Element)[1586]" classname="fr.eseo.e3.poo.projet.blox.modele.pieces.ElementTest" time="0.0"/>
  <testcase name="testHashCodeInegalite(Element, Element)[1587]" classname="fr.eseo.e3.poo.projet.blox.modele.pieces.ElementTest" time="0.0"/>
  <testcase name="testHashCodeInegalite(Element, Element)[1588]" classname="fr.eseo.e3.poo.projet.blox.modele.pieces.ElementTest" time="0.001"/>
  <testcase name="testHashCodeInegalite(Element, Element)[1589]" classname="fr.eseo.e3.poo.projet.blox.modele.pieces.ElementTest" time="0.0"/>
  <testcase name="testHashCodeInegalite(Element, Element)[1590]" classname="fr.eseo.e3.poo.projet.blox.modele.pieces.ElementTest" time="0.0"/>
  <testcase name="testHashCodeInegalite(Element, Element)[1591]" classname="fr.eseo.e3.poo.projet.blox.modele.pieces.ElementTest" time="0.001"/>
  <testcase name="testHashCodeInegalite(Element, Element)[1592]" classname="fr.eseo.e3.poo.projet.blox.modele.pieces.ElementTest" time="0.0"/>
  <testcase name="testHashCodeInegalite(Element, Element)[1593]" classname="fr.eseo.e3.poo.projet.blox.modele.pieces.ElementTest" time="0.0"/>
  <testcase name="testHashCodeInegalite(Element, Element)[1594]" classname="fr.eseo.e3.poo.projet.blox.modele.pieces.ElementTest" time="0.0"/>
  <testcase name="testHashCodeInegalite(Element, Element)[1595]" classname="fr.eseo.e3.poo.projet.blox.modele.pieces.ElementTest" time="0.0"/>
  <testcase name="testHashCodeInegalite(Element, Element)[1596]" classname="fr.eseo.e3.poo.projet.blox.modele.pieces.ElementTest" time="0.0"/>
  <testcase name="testHashCodeInegalite(Element, Element)[1597]" classname="fr.eseo.e3.poo.projet.blox.modele.pieces.ElementTest" time="0.001"/>
  <testcase name="testHashCodeInegalite(Element, Element)[1598]" classname="fr.eseo.e3.poo.projet.blox.modele.pieces.ElementTest" time="0.0"/>
  <testcase name="testHashCodeInegalite(Element, Element)[1599]" classname="fr.eseo.e3.poo.projet.blox.modele.pieces.ElementTest" time="0.0"/>
  <testcase name="testHashCodeInegalite(Element, Element)[1600]" classname="fr.eseo.e3.poo.projet.blox.modele.pieces.ElementTest" time="0.0"/>
  <testcase name="testHashCodeInegalite(Element, Element)[1601]" classname="fr.eseo.e3.poo.projet.blox.modele.pieces.ElementTest" time="0.0"/>
  <testcase name="testHashCodeInegalite(Element, Element)[1602]" classname="fr.eseo.e3.poo.projet.blox.modele.pieces.ElementTest" time="0.0"/>
  <testcase name="testHashCodeInegalite(Element, Element)[1603]" classname="fr.eseo.e3.poo.projet.blox.modele.pieces.ElementTest" time="0.0"/>
  <testcase name="testHashCodeInegalite(Element, Element)[1604]" classname="fr.eseo.e3.poo.projet.blox.modele.pieces.ElementTest" time="0.001"/>
  <testcase name="testHashCodeInegalite(Element, Element)[1605]" classname="fr.eseo.e3.poo.projet.blox.modele.pieces.ElementTest" time="0.0"/>
  <testcase name="testHashCodeInegalite(Element, Element)[1606]" classname="fr.eseo.e3.poo.projet.blox.modele.pieces.ElementTest" time="0.0"/>
  <testcase name="testHashCodeInegalite(Element, Element)[1607]" classname="fr.eseo.e3.poo.projet.blox.modele.pieces.ElementTest" time="0.0"/>
  <testcase name="testHashCodeInegalite(Element, Element)[1608]" classname="fr.eseo.e3.poo.projet.blox.modele.pieces.ElementTest" time="0.0"/>
  <testcase name="testHashCodeInegalite(Element, Element)[1609]" classname="fr.eseo.e3.poo.projet.blox.modele.pieces.ElementTest" time="0.0"/>
  <testcase name="testHashCodeInegalite(Element, Element)[1610]" classname="fr.eseo.e3.poo.projet.blox.modele.pieces.ElementTest" time="0.001"/>
  <testcase name="testHashCodeInegalite(Element, Element)[1611]" classname="fr.eseo.e3.poo.projet.blox.modele.pieces.ElementTest" time="0.0"/>
  <testcase name="testHashCodeInegalite(Element, Element)[1612]" classname="fr.eseo.e3.poo.projet.blox.modele.pieces.ElementTest" time="0.0"/>
  <testcase name="testHashCodeInegalite(Element, Element)[1613]" classname="fr.eseo.e3.poo.projet.blox.modele.pieces.ElementTest" time="0.0"/>
  <testcase name="testHashCodeInegalite(Element, Element)[1614]" classname="fr.eseo.e3.poo.projet.blox.modele.pieces.ElementTest" time="0.0"/>
  <testcase name="testHashCodeInegalite(Element, Element)[1615]" classname="fr.eseo.e3.poo.projet.blox.modele.pieces.ElementTest" time="0.0"/>
  <testcase name="testHashCodeInegalite(Element, Element)[1616]" classname="fr.eseo.e3.poo.projet.blox.modele.pieces.ElementTest" time="0.0"/>
  <testcase name="testHashCodeInegalite(Element, Element)[1617]" classname="fr.eseo.e3.poo.projet.blox.modele.pieces.ElementTest" time="0.0"/>
  <testcase name="testHashCodeInegalite(Element, Element)[1618]" classname="fr.eseo.e3.poo.projet.blox.modele.pieces.ElementTest" time="0.0"/>
  <testcase name="testHashCodeInegalite(Element, Element)[1619]" classname="fr.eseo.e3.poo.projet.blox.modele.pieces.ElementTest" time="0.0"/>
  <testcase name="testHashCodeInegalite(Element, Element)[1620]" classname="fr.eseo.e3.poo.projet.blox.modele.pieces.ElementTest" time="0.0"/>
  <testcase name="testHashCodeInegalite(Element, Element)[1621]" classname="fr.eseo.e3.poo.projet.blox.modele.pieces.ElementTest" time="0.001"/>
  <testcase name="testHashCodeInegalite(Element, Element)[1622]" classname="fr.eseo.e3.poo.projet.blox.modele.pieces.ElementTest" time="0.0"/>
  <testcase name="testHashCodeInegalite(Element, Element)[1623]" classname="fr.eseo.e3.poo.projet.blox.modele.pieces.ElementTest" time="0.001"/>
  <testcase name="testHashCodeInegalite(Element, Element)[1624]" classname="fr.eseo.e3.poo.projet.blox.modele.pieces.ElementTest" time="0.0"/>
  <testcase name="testHashCodeInegalite(Element, Element)[1625]" classname="fr.eseo.e3.poo.projet.blox.modele.pieces.ElementTest" time="0.0"/>
  <testcase name="testHashCodeInegalite(Element, Element)[1626]" classname="fr.eseo.e3.poo.projet.blox.modele.pieces.ElementTest" time="0.001"/>
  <testcase name="testHashCodeInegalite(Element, Element)[1627]" classname="fr.eseo.e3.poo.projet.blox.modele.pieces.ElementTest" time="0.0"/>
  <testcase name="testHashCodeInegalite(Element, Element)[1628]" classname="fr.eseo.e3.poo.projet.blox.modele.pieces.ElementTest" time="0.001"/>
  <testcase name="testHashCodeInegalite(Element, Element)[1629]" classname="fr.eseo.e3.poo.projet.blox.modele.pieces.ElementTest" time="0.0"/>
  <testcase name="testHashCodeInegalite(Element, Element)[1630]" classname="fr.eseo.e3.poo.projet.blox.modele.pieces.ElementTest" time="0.001"/>
  <testcase name="testHashCodeInegalite(Element, Element)[1631]" classname="fr.eseo.e3.poo.projet.blox.modele.pieces.ElementTest" time="0.0"/>
  <testcase name="testHashCodeInegalite(Element, Element)[1632]" classname="fr.eseo.e3.poo.projet.blox.modele.pieces.ElementTest" time="0.001"/>
  <testcase name="testHashCodeInegalite(Element, Element)[1633]" classname="fr.eseo.e3.poo.projet.blox.modele.pieces.ElementTest" time="0.0"/>
  <testcase name="testHashCodeInegalite(Element, Element)[1634]" classname="fr.eseo.e3.poo.projet.blox.modele.pieces.ElementTest" time="0.0"/>
  <testcase name="testHashCodeInegalite(Element, Element)[1635]" classname="fr.eseo.e3.poo.projet.blox.modele.pieces.ElementTest" time="0.0"/>
  <testcase name="testHashCodeInegalite(Element, Element)[1636]" classname="fr.eseo.e3.poo.projet.blox.modele.pieces.ElementTest" time="0.001"/>
  <testcase name="testHashCodeInegalite(Element, Element)[1637]" classname="fr.eseo.e3.poo.projet.blox.modele.pieces.ElementTest" time="0.001"/>
  <testcase name="testHashCodeInegalite(Element, Element)[1638]" classname="fr.eseo.e3.poo.projet.blox.modele.pieces.ElementTest" time="0.0"/>
  <testcase name="testHashCodeInegalite(Element, Element)[1639]" classname="fr.eseo.e3.poo.projet.blox.modele.pieces.ElementTest" time="0.001"/>
  <testcase name="testHashCodeInegalite(Element, Element)[1640]" classname="fr.eseo.e3.poo.projet.blox.modele.pieces.ElementTest" time="0.0"/>
  <testcase name="testHashCodeInegalite(Element, Element)[1641]" classname="fr.eseo.e3.poo.projet.blox.modele.pieces.ElementTest" time="0.001"/>
  <testcase name="testHashCodeInegalite(Element, Element)[1642]" classname="fr.eseo.e3.poo.projet.blox.modele.pieces.ElementTest" time="0.0"/>
  <testcase name="testHashCodeInegalite(Element, Element)[1643]" classname="fr.eseo.e3.poo.projet.blox.modele.pieces.ElementTest" time="0.001"/>
  <testcase name="testHashCodeInegalite(Element, Element)[1644]" classname="fr.eseo.e3.poo.projet.blox.modele.pieces.ElementTest" time="0.0"/>
  <testcase name="testHashCodeInegalite(Element, Element)[1645]" classname="fr.eseo.e3.poo.projet.blox.modele.pieces.ElementTest" time="0.001"/>
  <testcase name="testHashCodeInegalite(Element, Element)[1646]" classname="fr.eseo.e3.poo.projet.blox.modele.pieces.ElementTest" time="0.0"/>
  <testcase name="testHashCodeInegalite(Element, Element)[1647]" classname="fr.eseo.e3.poo.projet.blox.modele.pieces.ElementTest" time="0.001"/>
  <testcase name="testHashCodeInegalite(Element, Element)[1648]" classname="fr.eseo.e3.poo.projet.blox.modele.pieces.ElementTest" time="0.0"/>
  <testcase name="testHashCodeInegalite(Element, Element)[1649]" classname="fr.eseo.e3.poo.projet.blox.modele.pieces.ElementTest" time="0.001"/>
  <testcase name="testHashCodeInegalite(Element, Element)[1650]" classname="fr.eseo.e3.poo.projet.blox.modele.pieces.ElementTest" time="0.0"/>
  <testcase name="testHashCodeInegalite(Element, Element)[1651]" classname="fr.eseo.e3.poo.projet.blox.modele.pieces.ElementTest" time="0.0"/>
  <testcase name="testHashCodeInegalite(Element, Element)[1652]" classname="fr.eseo.e3.poo.projet.blox.modele.pieces.ElementTest" time="0.001"/>
  <testcase name="testHashCodeInegalite(Element, Element)[1653]" classname="fr.eseo.e3.poo.projet.blox.modele.pieces.ElementTest" time="0.0"/>
  <testcase name="testHashCodeInegalite(Element, Element)[1654]" classname="fr.eseo.e3.poo.projet.blox.modele.pieces.ElementTest" time="0.001"/>
  <testcase name="testHashCodeInegalite(Element, Element)[1655]" classname="fr.eseo.e3.poo.projet.blox.modele.pieces.ElementTest" time="0.0"/>
  <testcase name="testHashCodeInegalite(Element, Element)[1656]" classname="fr.eseo.e3.poo.projet.blox.modele.pieces.ElementTest" time="0.001"/>
  <testcase name="testHashCodeInegalite(Element, Element)[1657]" classname="fr.eseo.e3.poo.projet.blox.modele.pieces.ElementTest" time="0.0"/>
  <testcase name="testHashCodeInegalite(Element, Element)[1658]" classname="fr.eseo.e3.poo.projet.blox.modele.pieces.ElementTest" time="0.001"/>
  <testcase name="testHashCodeInegalite(Element, Element)[1659]" classname="fr.eseo.e3.poo.projet.blox.modele.pieces.ElementTest" time="0.0"/>
  <testcase name="testHashCodeInegalite(Element, Element)[1660]" classname="fr.eseo.e3.poo.projet.blox.modele.pieces.ElementTest" time="0.0"/>
  <testcase name="testHashCodeInegalite(Element, Element)[1661]" classname="fr.eseo.e3.poo.projet.blox.modele.pieces.ElementTest" time="0.0"/>
  <testcase name="testHashCodeInegalite(Element, Element)[1662]" classname="fr.eseo.e3.poo.projet.blox.modele.pieces.ElementTest" time="0.0"/>
  <testcase name="testHashCodeInegalite(Element, Element)[1663]" classname="fr.eseo.e3.poo.projet.blox.modele.pieces.ElementTest" time="0.001"/>
  <testcase name="testHashCodeInegalite(Element, Element)[1664]" classname="fr.eseo.e3.poo.projet.blox.modele.pieces.ElementTest" time="0.0"/>
  <testcase name="testHashCodeInegalite(Element, Element)[1665]" classname="fr.eseo.e3.poo.projet.blox.modele.pieces.ElementTest" time="0.001"/>
  <testcase name="testHashCodeInegalite(Element, Element)[1666]" classname="fr.eseo.e3.poo.projet.blox.modele.pieces.ElementTest" time="0.0"/>
  <testcase name="testHashCodeInegalite(Element, Element)[1667]" classname="fr.eseo.e3.poo.projet.blox.modele.pieces.ElementTest" time="0.001"/>
  <testcase name="testHashCodeInegalite(Element, Element)[1668]" classname="fr.eseo.e3.poo.projet.blox.modele.pieces.ElementTest" time="0.0"/>
  <testcase name="testHashCodeInegalite(Element, Element)[1669]" classname="fr.eseo.e3.poo.projet.blox.modele.pieces.ElementTest" time="0.0"/>
  <testcase name="testHashCodeInegalite(Element, Element)[1670]" classname="fr.eseo.e3.poo.projet.blox.modele.pieces.ElementTest" time="0.0"/>
  <testcase name="testHashCodeInegalite(Element, Element)[1671]" classname="fr.eseo.e3.poo.projet.blox.modele.pieces.ElementTest" time="0.0"/>
  <testcase name="testHashCodeInegalite(Element, Element)[1672]" classname="fr.eseo.e3.poo.projet.blox.modele.pieces.ElementTest" time="0.0"/>
  <testcase name="testHashCodeInegalite(Element, Element)[1673]" classname="fr.eseo.e3.poo.projet.blox.modele.pieces.ElementTest" time="0.0"/>
  <testcase name="testHashCodeInegalite(Element, Element)[1674]" classname="fr.eseo.e3.poo.projet.blox.modele.pieces.ElementTest" time="0.001"/>
  <testcase name="testHashCodeInegalite(Element, Element)[1675]" classname="fr.eseo.e3.poo.projet.blox.modele.pieces.ElementTest" time="0.0"/>
  <testcase name="testHashCodeInegalite(Element, Element)[1676]" classname="fr.eseo.e3.poo.projet.blox.modele.pieces.ElementTest" time="0.001"/>
  <testcase name="testHashCodeInegalite(Element, Element)[1677]" classname="fr.eseo.e3.poo.projet.blox.modele.pieces.ElementTest" time="0.0"/>
  <testcase name="testHashCodeInegalite(Element, Element)[1678]" classname="fr.eseo.e3.poo.projet.blox.modele.pieces.ElementTest" time="0.001"/>
  <testcase name="testHashCodeInegalite(Element, Element)[1679]" classname="fr.eseo.e3.poo.projet.blox.modele.pieces.ElementTest" time="0.0"/>
  <testcase name="testHashCodeInegalite(Element, Element)[1680]" classname="fr.eseo.e3.poo.projet.blox.modele.pieces.ElementTest" time="0.001"/>
  <testcase name="testHashCodeInegalite(Element, Element)[1681]" classname="fr.eseo.e3.poo.projet.blox.modele.pieces.ElementTest" time="0.0"/>
  <testcase name="testHashCodeInegalite(Element, Element)[1682]" classname="fr.eseo.e3.poo.projet.blox.modele.pieces.ElementTest" time="0.0"/>
  <testcase name="testHashCodeInegalite(Element, Element)[1683]" classname="fr.eseo.e3.poo.projet.blox.modele.pieces.ElementTest" time="0.0"/>
  <testcase name="testHashCodeInegalite(Element, Element)[1684]" classname="fr.eseo.e3.poo.projet.blox.modele.pieces.ElementTest" time="0.001"/>
  <testcase name="testHashCodeInegalite(Element, Element)[1685]" classname="fr.eseo.e3.poo.projet.blox.modele.pieces.ElementTest" time="0.0"/>
  <testcase name="testHashCodeInegalite(Element, Element)[1686]" classname="fr.eseo.e3.poo.projet.blox.modele.pieces.ElementTest" time="0.0"/>
  <testcase name="testHashCodeInegalite(Element, Element)[1687]" classname="fr.eseo.e3.poo.projet.blox.modele.pieces.ElementTest" time="0.001"/>
  <testcase name="testHashCodeInegalite(Element, Element)[1688]" classname="fr.eseo.e3.poo.projet.blox.modele.pieces.ElementTest" time="0.0"/>
  <testcase name="testHashCodeInegalite(Element, Element)[1689]" classname="fr.eseo.e3.poo.projet.blox.modele.pieces.ElementTest" time="0.0"/>
  <testcase name="testHashCodeInegalite(Element, Element)[1690]" classname="fr.eseo.e3.poo.projet.blox.modele.pieces.ElementTest" time="0.0"/>
  <testcase name="testHashCodeInegalite(Element, Element)[1691]" classname="fr.eseo.e3.poo.projet.blox.modele.pieces.ElementTest" time="0.001"/>
  <testcase name="testHashCodeInegalite(Element, Element)[1692]" classname="fr.eseo.e3.poo.projet.blox.modele.pieces.ElementTest" time="0.0"/>
  <testcase name="testHashCodeInegalite(Element, Element)[1693]" classname="fr.eseo.e3.poo.projet.blox.modele.pieces.ElementTest" time="0.0"/>
  <testcase name="testHashCodeInegalite(Element, Element)[1694]" classname="fr.eseo.e3.poo.projet.blox.modele.pieces.ElementTest" time="0.0"/>
  <testcase name="testHashCodeInegalite(Element, Element)[1695]" classname="fr.eseo.e3.poo.projet.blox.modele.pieces.ElementTest" time="0.0"/>
  <testcase name="testHashCodeInegalite(Element, Element)[1696]" classname="fr.eseo.e3.poo.projet.blox.modele.pieces.ElementTest" time="0.0"/>
  <testcase name="testHashCodeInegalite(Element, Element)[1697]" classname="fr.eseo.e3.poo.projet.blox.modele.pieces.ElementTest" time="0.0"/>
  <testcase name="testHashCodeInegalite(Element, Element)[1698]" classname="fr.eseo.e3.poo.projet.blox.modele.pieces.ElementTest" time="0.0"/>
  <testcase name="testHashCodeInegalite(Element, Element)[1699]" classname="fr.eseo.e3.poo.projet.blox.modele.pieces.ElementTest" time="0.0"/>
  <testcase name="testHashCodeInegalite(Element, Element)[1700]" classname="fr.eseo.e3.poo.projet.blox.modele.pieces.ElementTest" time="0.0"/>
  <testcase name="testHashCodeInegalite(Element, Element)[1701]" classname="fr.eseo.e3.poo.projet.blox.modele.pieces.ElementTest" time="0.0"/>
  <testcase name="testHashCodeInegalite(Element, Element)[1702]" classname="fr.eseo.e3.poo.projet.blox.modele.pieces.ElementTest" time="0.0"/>
  <testcase name="testHashCodeInegalite(Element, Element)[1703]" classname="fr.eseo.e3.poo.projet.blox.modele.pieces.ElementTest" time="0.0"/>
  <testcase name="testHashCodeInegalite(Element, Element)[1704]" classname="fr.eseo.e3.poo.projet.blox.modele.pieces.ElementTest" time="0.0"/>
  <testcase name="testHashCodeInegalite(Element, Element)[1705]" classname="fr.eseo.e3.poo.projet.blox.modele.pieces.ElementTest" time="0.0"/>
  <testcase name="testHashCodeInegalite(Element, Element)[1706]" classname="fr.eseo.e3.poo.projet.blox.modele.pieces.ElementTest" time="0.001"/>
  <testcase name="testHashCodeInegalite(Element, Element)[1707]" classname="fr.eseo.e3.poo.projet.blox.modele.pieces.ElementTest" time="0.0"/>
  <testcase name="testHashCodeInegalite(Element, Element)[1708]" classname="fr.eseo.e3.poo.projet.blox.modele.pieces.ElementTest" time="0.0"/>
  <testcase name="testHashCodeInegalite(Element, Element)[1709]" classname="fr.eseo.e3.poo.projet.blox.modele.pieces.ElementTest" time="0.002"/>
  <testcase name="testHashCodeInegalite(Element, Element)[1710]" classname="fr.eseo.e3.poo.projet.blox.modele.pieces.ElementTest" time="0.0"/>
  <testcase name="testHashCodeInegalite(Element, Element)[1711]" classname="fr.eseo.e3.poo.projet.blox.modele.pieces.ElementTest" time="0.0"/>
  <testcase name="testHashCodeInegalite(Element, Element)[1712]" classname="fr.eseo.e3.poo.projet.blox.modele.pieces.ElementTest" time="0.0"/>
  <testcase name="testHashCodeInegalite(Element, Element)[1713]" classname="fr.eseo.e3.poo.projet.blox.modele.pieces.ElementTest" time="0.001"/>
  <testcase name="testHashCodeInegalite(Element, Element)[1714]" classname="fr.eseo.e3.poo.projet.blox.modele.pieces.ElementTest" time="0.0"/>
  <testcase name="testHashCodeInegalite(Element, Element)[1715]" classname="fr.eseo.e3.poo.projet.blox.modele.pieces.ElementTest" time="0.0"/>
  <testcase name="testHashCodeInegalite(Element, Element)[1716]" classname="fr.eseo.e3.poo.projet.blox.modele.pieces.ElementTest" time="0.0"/>
  <testcase name="testHashCodeInegalite(Element, Element)[1717]" classname="fr.eseo.e3.poo.projet.blox.modele.pieces.ElementTest" time="0.0"/>
  <testcase name="testHashCodeInegalite(Element, Element)[1718]" classname="fr.eseo.e3.poo.projet.blox.modele.pieces.ElementTest" time="0.0"/>
  <testcase name="testHashCodeInegalite(Element, Element)[1719]" classname="fr.eseo.e3.poo.projet.blox.modele.pieces.ElementTest" time="0.0"/>
  <testcase name="testHashCodeInegalite(Element, Element)[1720]" classname="fr.eseo.e3.poo.projet.blox.modele.pieces.ElementTest" time="0.0"/>
  <testcase name="testHashCodeInegalite(Element, Element)[1721]" classname="fr.eseo.e3.poo.projet.blox.modele.pieces.ElementTest" time="0.0"/>
  <testcase name="testHashCodeInegalite(Element, Element)[1722]" classname="fr.eseo.e3.poo.projet.blox.modele.pieces.ElementTest" time="0.0"/>
  <testcase name="testHashCodeInegalite(Element, Element)[1723]" classname="fr.eseo.e3.poo.projet.blox.modele.pieces.ElementTest" time="0.002"/>
  <testcase name="testHashCodeInegalite(Element, Element)[1724]" classname="fr.eseo.e3.poo.projet.blox.modele.pieces.ElementTest" time="0.0"/>
  <testcase name="testHashCodeInegalite(Element, Element)[1725]" classname="fr.eseo.e3.poo.projet.blox.modele.pieces.ElementTest" time="0.0"/>
  <testcase name="testHashCodeInegalite(Element, Element)[1726]" classname="fr.eseo.e3.poo.projet.blox.modele.pieces.ElementTest" time="0.0"/>
  <testcase name="testHashCodeInegalite(Element, Element)[1727]" classname="fr.eseo.e3.poo.projet.blox.modele.pieces.ElementTest" time="0.0"/>
  <testcase name="testHashCodeInegalite(Element, Element)[1728]" classname="fr.eseo.e3.poo.projet.blox.modele.pieces.ElementTest" time="0.001"/>
  <testcase name="testHashCodeInegalite(Element, Element)[1729]" classname="fr.eseo.e3.poo.projet.blox.modele.pieces.ElementTest" time="0.0"/>
  <testcase name="testHashCodeInegalite(Element, Element)[1730]" classname="fr.eseo.e3.poo.projet.blox.modele.pieces.ElementTest" time="0.0"/>
  <testcase name="testHashCodeInegalite(Element, Element)[1731]" classname="fr.eseo.e3.poo.projet.blox.modele.pieces.ElementTest" time="0.0"/>
  <testcase name="testHashCodeInegalite(Element, Element)[1732]" classname="fr.eseo.e3.poo.projet.blox.modele.pieces.ElementTest" time="0.0"/>
  <testcase name="testHashCodeInegalite(Element, Element)[1733]" classname="fr.eseo.e3.poo.projet.blox.modele.pieces.ElementTest" time="0.0"/>
  <testcase name="testHashCodeInegalite(Element, Element)[1734]" classname="fr.eseo.e3.poo.projet.blox.modele.pieces.ElementTest" time="0.001"/>
  <testcase name="testHashCodeInegalite(Element, Element)[1735]" classname="fr.eseo.e3.poo.projet.blox.modele.pieces.ElementTest" time="0.0"/>
  <testcase name="testHashCodeInegalite(Element, Element)[1736]" classname="fr.eseo.e3.poo.projet.blox.modele.pieces.ElementTest" time="0.0"/>
  <testcase name="testHashCodeInegalite(Element, Element)[1737]" classname="fr.eseo.e3.poo.projet.blox.modele.pieces.ElementTest" time="0.0"/>
  <testcase name="testHashCodeInegalite(Element, Element)[1738]" classname="fr.eseo.e3.poo.projet.blox.modele.pieces.ElementTest" time="0.0"/>
  <testcase name="testHashCodeInegalite(Element, Element)[1739]" classname="fr.eseo.e3.poo.projet.blox.modele.pieces.ElementTest" time="0.0"/>
  <testcase name="testHashCodeInegalite(Element, Element)[1740]" classname="fr.eseo.e3.poo.projet.blox.modele.pieces.ElementTest" time="0.0"/>
  <testcase name="testHashCodeInegalite(Element, Element)[1741]" classname="fr.eseo.e3.poo.projet.blox.modele.pieces.ElementTest" time="0.0"/>
  <testcase name="testHashCodeInegalite(Element, Element)[1742]" classname="fr.eseo.e3.poo.projet.blox.modele.pieces.ElementTest" time="0.001"/>
  <testcase name="testHashCodeInegalite(Element, Element)[1743]" classname="fr.eseo.e3.poo.projet.blox.modele.pieces.ElementTest" time="0.0"/>
  <testcase name="testHashCodeInegalite(Element, Element)[1744]" classname="fr.eseo.e3.poo.projet.blox.modele.pieces.ElementTest" time="0.0"/>
  <testcase name="testHashCodeInegalite(Element, Element)[1745]" classname="fr.eseo.e3.poo.projet.blox.modele.pieces.ElementTest" time="0.0"/>
  <testcase name="testHashCodeInegalite(Element, Element)[1746]" classname="fr.eseo.e3.poo.projet.blox.modele.pieces.ElementTest" time="0.001"/>
  <testcase name="testHashCodeInegalite(Element, Element)[1747]" classname="fr.eseo.e3.poo.projet.blox.modele.pieces.ElementTest" time="0.0"/>
  <testcase name="testHashCodeInegalite(Element, Element)[1748]" classname="fr.eseo.e3.poo.projet.blox.modele.pieces.ElementTest" time="0.001"/>
  <testcase name="testHashCodeInegalite(Element, Element)[1749]" classname="fr.eseo.e3.poo.projet.blox.modele.pieces.ElementTest" time="0.0"/>
  <testcase name="testHashCodeInegalite(Element, Element)[1750]" classname="fr.eseo.e3.poo.projet.blox.modele.pieces.ElementTest" time="0.002"/>
  <testcase name="testHashCodeInegalite(Element, Element)[1751]" classname="fr.eseo.e3.poo.projet.blox.modele.pieces.ElementTest" time="0.0"/>
  <testcase name="testHashCodeInegalite(Element, Element)[1752]" classname="fr.eseo.e3.poo.projet.blox.modele.pieces.ElementTest" time="0.0"/>
  <testcase name="testHashCodeInegalite(Element, Element)[1753]" classname="fr.eseo.e3.poo.projet.blox.modele.pieces.ElementTest" time="0.0"/>
  <testcase name="testHashCodeInegalite(Element, Element)[1754]" classname="fr.eseo.e3.poo.projet.blox.modele.pieces.ElementTest" time="0.0"/>
  <testcase name="testHashCodeInegalite(Element, Element)[1755]" classname="fr.eseo.e3.poo.projet.blox.modele.pieces.ElementTest" time="0.0"/>
  <testcase name="testHashCodeInegalite(Element, Element)[1756]" classname="fr.eseo.e3.poo.projet.blox.modele.pieces.ElementTest" time="0.0"/>
  <testcase name="testHashCodeInegalite(Element, Element)[1757]" classname="fr.eseo.e3.poo.projet.blox.modele.pieces.ElementTest" time="0.002"/>
  <testcase name="testHashCodeInegalite(Element, Element)[1758]" classname="fr.eseo.e3.poo.projet.blox.modele.pieces.ElementTest" time="0.0"/>
  <testcase name="testHashCodeInegalite(Element, Element)[1759]" classname="fr.eseo.e3.poo.projet.blox.modele.pieces.ElementTest" time="0.0"/>
  <testcase name="testHashCodeInegalite(Element, Element)[1760]" classname="fr.eseo.e3.poo.projet.blox.modele.pieces.ElementTest" time="0.0"/>
  <testcase name="testHashCodeInegalite(Element, Element)[1761]" classname="fr.eseo.e3.poo.projet.blox.modele.pieces.ElementTest" time="0.0"/>
  <testcase name="testHashCodeInegalite(Element, Element)[1762]" classname="fr.eseo.e3.poo.projet.blox.modele.pieces.ElementTest" time="0.0"/>
  <testcase name="testHashCodeInegalite(Element, Element)[1763]" classname="fr.eseo.e3.poo.projet.blox.modele.pieces.ElementTest" time="0.0"/>
  <testcase name="testHashCodeInegalite(Element, Element)[1764]" classname="fr.eseo.e3.poo.projet.blox.modele.pieces.ElementTest" time="0.0"/>
  <testcase name="testHashCodeInegalite(Element, Element)[1765]" classname="fr.eseo.e3.poo.projet.blox.modele.pieces.ElementTest" time="0.0"/>
  <testcase name="testHashCodeInegalite(Element, Element)[1766]" classname="fr.eseo.e3.poo.projet.blox.modele.pieces.ElementTest" time="0.0"/>
  <testcase name="testHashCodeInegalite(Element, Element)[1767]" classname="fr.eseo.e3.poo.projet.blox.modele.pieces.ElementTest" time="0.001"/>
  <testcase name="testHashCodeInegalite(Element, Element)[1768]" classname="fr.eseo.e3.poo.projet.blox.modele.pieces.ElementTest" time="0.0"/>
  <testcase name="testHashCodeInegalite(Element, Element)[1769]" classname="fr.eseo.e3.poo.projet.blox.modele.pieces.ElementTest" time="0.002"/>
  <testcase name="testHashCodeInegalite(Element, Element)[1770]" classname="fr.eseo.e3.poo.projet.blox.modele.pieces.ElementTest" time="0.0"/>
  <testcase name="testHashCodeInegalite(Element, Element)[1771]" classname="fr.eseo.e3.poo.projet.blox.modele.pieces.ElementTest" time="0.0"/>
  <testcase name="testHashCodeInegalite(Element, Element)[1772]" classname="fr.eseo.e3.poo.projet.blox.modele.pieces.ElementTest" time="0.0"/>
  <testcase name="testHashCodeInegalite(Element, Element)[1773]" classname="fr.eseo.e3.poo.projet.blox.modele.pieces.ElementTest" time="0.001"/>
  <testcase name="testHashCodeInegalite(Element, Element)[1774]" classname="fr.eseo.e3.poo.projet.blox.modele.pieces.ElementTest" time="0.0"/>
  <testcase name="testHashCodeInegalite(Element, Element)[1775]" classname="fr.eseo.e3.poo.projet.blox.modele.pieces.ElementTest" time="0.0"/>
  <testcase name="testHashCodeInegalite(Element, Element)[1776]" classname="fr.eseo.e3.poo.projet.blox.modele.pieces.ElementTest" time="0.0"/>
  <testcase name="testHashCodeInegalite(Element, Element)[1777]" classname="fr.eseo.e3.poo.projet.blox.modele.pieces.ElementTest" time="0.0"/>
  <testcase name="testHashCodeInegalite(Element, Element)[1778]" classname="fr.eseo.e3.poo.projet.blox.modele.pieces.ElementTest" time="0.0"/>
  <testcase name="testHashCodeInegalite(Element, Element)[1779]" classname="fr.eseo.e3.poo.projet.blox.modele.pieces.ElementTest" time="0.002"/>
  <testcase name="testHashCodeInegalite(Element, Element)[1780]" classname="fr.eseo.e3.poo.projet.blox.modele.pieces.ElementTest" time="0.0"/>
  <testcase name="testHashCodeInegalite(Element, Element)[1781]" classname="fr.eseo.e3.poo.projet.blox.modele.pieces.ElementTest" time="0.0"/>
  <testcase name="testHashCodeInegalite(Element, Element)[1782]" classname="fr.eseo.e3.poo.projet.blox.modele.pieces.ElementTest" time="0.0"/>
  <testcase name="testHashCodeInegalite(Element, Element)[1783]" classname="fr.eseo.e3.poo.projet.blox.modele.pieces.ElementTest" time="0.0"/>
  <testcase name="testHashCodeInegalite(Element, Element)[1784]" classname="fr.eseo.e3.poo.projet.blox.modele.pieces.ElementTest" time="0.0"/>
  <testcase name="testHashCodeInegalite(Element, Element)[1785]" classname="fr.eseo.e3.poo.projet.blox.modele.pieces.ElementTest" time="0.0"/>
  <testcase name="testHashCodeInegalite(Element, Element)[1786]" classname="fr.eseo.e3.poo.projet.blox.modele.pieces.ElementTest" time="0.0"/>
  <testcase name="testHashCodeInegalite(Element, Element)[1787]" classname="fr.eseo.e3.poo.projet.blox.modele.pieces.ElementTest" time="0.0"/>
  <testcase name="testHashCodeInegalite(Element, Element)[1788]" classname="fr.eseo.e3.poo.projet.blox.modele.pieces.ElementTest" time="0.0"/>
  <testcase name="testHashCodeInegalite(Element, Element)[1789]" classname="fr.eseo.e3.poo.projet.blox.modele.pieces.ElementTest" time="0.001"/>
  <testcase name="testHashCodeInegalite(Element, Element)[1790]" classname="fr.eseo.e3.poo.projet.blox.modele.pieces.ElementTest" time="0.0"/>
  <testcase name="testHashCodeInegalite(Element, Element)[1791]" classname="fr.eseo.e3.poo.projet.blox.modele.pieces.ElementTest" time="0.002"/>
  <testcase name="testHashCodeInegalite(Element, Element)[1792]" classname="fr.eseo.e3.poo.projet.blox.modele.pieces.ElementTest" time="0.0"/>
  <testcase name="testHashCodeInegalite(Element, Element)[1793]" classname="fr.eseo.e3.poo.projet.blox.modele.pieces.ElementTest" time="0.0"/>
  <testcase name="testHashCodeInegalite(Element, Element)[1794]" classname="fr.eseo.e3.poo.projet.blox.modele.pieces.ElementTest" time="0.0"/>
  <testcase name="testHashCodeInegalite(Element, Element)[1795]" classname="fr.eseo.e3.poo.projet.blox.modele.pieces.ElementTest" time="0.002"/>
  <testcase name="testHashCodeInegalite(Element, Element)[1796]" classname="fr.eseo.e3.poo.projet.blox.modele.pieces.ElementTest" time="0.0"/>
  <testcase name="testHashCodeInegalite(Element, Element)[1797]" classname="fr.eseo.e3.poo.projet.blox.modele.pieces.ElementTest" time="0.0"/>
  <testcase name="testHashCodeInegalite(Element, Element)[1798]" classname="fr.eseo.e3.poo.projet.blox.modele.pieces.ElementTest" time="0.0"/>
  <testcase name="testHashCodeInegalite(Element, Element)[1799]" classname="fr.eseo.e3.poo.projet.blox.modele.pieces.ElementTest" time="0.0"/>
  <testcase name="testHashCodeInegalite(Element, Element)[1800]" classname="fr.eseo.e3.poo.projet.blox.modele.pieces.ElementTest" time="0.0"/>
  <testcase name="testHashCodeInegalite(Element, Element)[1801]" classname="fr.eseo.e3.poo.projet.blox.modele.pieces.ElementTest" time="0.0"/>
  <testcase name="testHashCodeInegalite(Element, Element)[1802]" classname="fr.eseo.e3.poo.projet.blox.modele.pieces.ElementTest" time="0.001"/>
  <testcase name="testHashCodeInegalite(Element, Element)[1803]" classname="fr.eseo.e3.poo.projet.blox.modele.pieces.ElementTest" time="0.0"/>
  <testcase name="testHashCodeInegalite(Element, Element)[1804]" classname="fr.eseo.e3.poo.projet.blox.modele.pieces.ElementTest" time="0.0"/>
  <testcase name="testHashCodeInegalite(Element, Element)[1805]" classname="fr.eseo.e3.poo.projet.blox.modele.pieces.ElementTest" time="0.0"/>
  <testcase name="testHashCodeInegalite(Element, Element)[1806]" classname="fr.eseo.e3.poo.projet.blox.modele.pieces.ElementTest" time="0.0"/>
  <testcase name="testHashCodeInegalite(Element, Element)[1807]" classname="fr.eseo.e3.poo.projet.blox.modele.pieces.ElementTest" time="0.0"/>
  <testcase name="testHashCodeInegalite(Element, Element)[1808]" classname="fr.eseo.e3.poo.projet.blox.modele.pieces.ElementTest" time="0.0"/>
  <testcase name="testHashCodeInegalite(Element, Element)[1809]" classname="fr.eseo.e3.poo.projet.blox.modele.pieces.ElementTest" time="0.0"/>
  <testcase name="testHashCodeInegalite(Element, Element)[1810]" classname="fr.eseo.e3.poo.projet.blox.modele.pieces.ElementTest" time="0.0"/>
  <testcase name="testHashCodeInegalite(Element, Element)[1811]" classname="fr.eseo.e3.poo.projet.blox.modele.pieces.ElementTest" time="0.0"/>
  <testcase name="testHashCodeInegalite(Element, Element)[1812]" classname="fr.eseo.e3.poo.projet.blox.modele.pieces.ElementTest" time="0.0"/>
  <testcase name="testHashCodeInegalite(Element, Element)[1813]" classname="fr.eseo.e3.poo.projet.blox.modele.pieces.ElementTest" time="0.0"/>
  <testcase name="testHashCodeInegalite(Element, Element)[1814]" classname="fr.eseo.e3.poo.projet.blox.modele.pieces.ElementTest" time="0.0"/>
  <testcase name="testHashCodeInegalite(Element, Element)[1815]" classname="fr.eseo.e3.poo.projet.blox.modele.pieces.ElementTest" time="0.0"/>
  <testcase name="testHashCodeInegalite(Element, Element)[1816]" classname="fr.eseo.e3.poo.projet.blox.modele.pieces.ElementTest" time="0.0"/>
  <testcase name="testHashCodeInegalite(Element, Element)[1817]" classname="fr.eseo.e3.poo.projet.blox.modele.pieces.ElementTest" time="0.0"/>
  <testcase name="testHashCodeInegalite(Element, Element)[1818]" classname="fr.eseo.e3.poo.projet.blox.modele.pieces.ElementTest" time="0.0"/>
  <testcase name="testHashCodeInegalite(Element, Element)[1819]" classname="fr.eseo.e3.poo.projet.blox.modele.pieces.ElementTest" time="0.0"/>
  <testcase name="testHashCodeInegalite(Element, Element)[1820]" classname="fr.eseo.e3.poo.projet.blox.modele.pieces.ElementTest" time="0.0"/>
  <testcase name="testHashCodeInegalite(Element, Element)[1821]" classname="fr.eseo.e3.poo.projet.blox.modele.pieces.ElementTest" time="0.0"/>
  <testcase name="testHashCodeInegalite(Element, Element)[1822]" classname="fr.eseo.e3.poo.projet.blox.modele.pieces.ElementTest" time="0.0"/>
  <testcase name="testHashCodeInegalite(Element, Element)[1823]" classname="fr.eseo.e3.poo.projet.blox.modele.pieces.ElementTest" time="0.001"/>
  <testcase name="testHashCodeInegalite(Element, Element)[1824]" classname="fr.eseo.e3.poo.projet.blox.modele.pieces.ElementTest" time="0.0"/>
  <testcase name="testHashCodeInegalite(Element, Element)[1825]" classname="fr.eseo.e3.poo.projet.blox.modele.pieces.ElementTest" time="0.0"/>
  <testcase name="testHashCodeInegalite(Element, Element)[1826]" classname="fr.eseo.e3.poo.projet.blox.modele.pieces.ElementTest" time="0.0"/>
  <testcase name="testHashCodeInegalite(Element, Element)[1827]" classname="fr.eseo.e3.poo.projet.blox.modele.pieces.ElementTest" time="0.0"/>
  <testcase name="testHashCodeInegalite(Element, Element)[1828]" classname="fr.eseo.e3.poo.projet.blox.modele.pieces.ElementTest" time="0.0"/>
  <testcase name="testHashCodeInegalite(Element, Element)[1829]" classname="fr.eseo.e3.poo.projet.blox.modele.pieces.ElementTest" time="0.0"/>
  <testcase name="testHashCodeInegalite(Element, Element)[1830]" classname="fr.eseo.e3.poo.projet.blox.modele.pieces.ElementTest" time="0.0"/>
  <testcase name="testHashCodeInegalite(Element, Element)[1831]" classname="fr.eseo.e3.poo.projet.blox.modele.pieces.ElementTest" time="0.0"/>
  <testcase name="testHashCodeInegalite(Element, Element)[1832]" classname="fr.eseo.e3.poo.projet.blox.modele.pieces.ElementTest" time="0.0"/>
  <testcase name="testHashCodeInegalite(Element, Element)[1833]" classname="fr.eseo.e3.poo.projet.blox.modele.pieces.ElementTest" time="0.0"/>
  <testcase name="testHashCodeInegalite(Element, Element)[1834]" classname="fr.eseo.e3.poo.projet.blox.modele.pieces.ElementTest" time="0.001"/>
  <testcase name="testHashCodeInegalite(Element, Element)[1835]" classname="fr.eseo.e3.poo.projet.blox.modele.pieces.ElementTest" time="0.0"/>
  <testcase name="testHashCodeInegalite(Element, Element)[1836]" classname="fr.eseo.e3.poo.projet.blox.modele.pieces.ElementTest" time="0.0"/>
  <testcase name="testHashCodeInegalite(Element, Element)[1837]" classname="fr.eseo.e3.poo.projet.blox.modele.pieces.ElementTest" time="0.0"/>
  <testcase name="testHashCodeInegalite(Element, Element)[1838]" classname="fr.eseo.e3.poo.projet.blox.modele.pieces.ElementTest" time="0.001"/>
  <testcase name="testHashCodeInegalite(Element, Element)[1839]" classname="fr.eseo.e3.poo.projet.blox.modele.pieces.ElementTest" time="0.001"/>
  <testcase name="testHashCodeInegalite(Element, Element)[1840]" classname="fr.eseo.e3.poo.projet.blox.modele.pieces.ElementTest" time="0.0"/>
  <testcase name="testHashCodeInegalite(Element, Element)[1841]" classname="fr.eseo.e3.poo.projet.blox.modele.pieces.ElementTest" time="0.0"/>
  <testcase name="testHashCodeInegalite(Element, Element)[1842]" classname="fr.eseo.e3.poo.projet.blox.modele.pieces.ElementTest" time="0.0"/>
  <testcase name="testHashCodeInegalite(Element, Element)[1843]" classname="fr.eseo.e3.poo.projet.blox.modele.pieces.ElementTest" time="0.0"/>
  <testcase name="testHashCodeInegalite(Element, Element)[1844]" classname="fr.eseo.e3.poo.projet.blox.modele.pieces.ElementTest" time="0.0"/>
  <testcase name="testHashCodeInegalite(Element, Element)[1845]" classname="fr.eseo.e3.poo.projet.blox.modele.pieces.ElementTest" time="0.001"/>
  <testcase name="testHashCodeInegalite(Element, Element)[1846]" classname="fr.eseo.e3.poo.projet.blox.modele.pieces.ElementTest" time="0.0"/>
  <testcase name="testHashCodeInegalite(Element, Element)[1847]" classname="fr.eseo.e3.poo.projet.blox.modele.pieces.ElementTest" time="0.0"/>
  <testcase name="testHashCodeInegalite(Element, Element)[1848]" classname="fr.eseo.e3.poo.projet.blox.modele.pieces.ElementTest" time="0.0"/>
  <testcase name="testHashCodeInegalite(Element, Element)[1849]" classname="fr.eseo.e3.poo.projet.blox.modele.pieces.ElementTest" time="0.0"/>
  <testcase name="testHashCodeInegalite(Element, Element)[1850]" classname="fr.eseo.e3.poo.projet.blox.modele.pieces.ElementTest" time="0.001"/>
  <testcase name="testHashCodeInegalite(Element, Element)[1851]" classname="fr.eseo.e3.poo.projet.blox.modele.pieces.ElementTest" time="0.0"/>
  <testcase name="testHashCodeInegalite(Element, Element)[1852]" classname="fr.eseo.e3.poo.projet.blox.modele.pieces.ElementTest" time="0.0"/>
  <testcase name="testHashCodeInegalite(Element, Element)[1853]" classname="fr.eseo.e3.poo.projet.blox.modele.pieces.ElementTest" time="0.0"/>
  <testcase name="testHashCodeInegalite(Element, Element)[1854]" classname="fr.eseo.e3.poo.projet.blox.modele.pieces.ElementTest" time="0.0"/>
  <testcase name="testHashCodeInegalite(Element, Element)[1855]" classname="fr.eseo.e3.poo.projet.blox.modele.pieces.ElementTest" time="0.001"/>
  <testcase name="testHashCodeInegalite(Element, Element)[1856]" classname="fr.eseo.e3.poo.projet.blox.modele.pieces.ElementTest" time="0.0"/>
  <testcase name="testHashCodeInegalite(Element, Element)[1857]" classname="fr.eseo.e3.poo.projet.blox.modele.pieces.ElementTest" time="0.0"/>
  <testcase name="testHashCodeInegalite(Element, Element)[1858]" classname="fr.eseo.e3.poo.projet.blox.modele.pieces.ElementTest" time="0.0"/>
  <testcase name="testHashCodeInegalite(Element, Element)[1859]" classname="fr.eseo.e3.poo.projet.blox.modele.pieces.ElementTest" time="0.0"/>
  <testcase name="testHashCodeInegalite(Element, Element)[1860]" classname="fr.eseo.e3.poo.projet.blox.modele.pieces.ElementTest" time="0.0"/>
  <testcase name="testHashCodeInegalite(Element, Element)[1861]" classname="fr.eseo.e3.poo.projet.blox.modele.pieces.ElementTest" time="0.001"/>
  <testcase name="testHashCodeInegalite(Element, Element)[1862]" classname="fr.eseo.e3.poo.projet.blox.modele.pieces.ElementTest" time="0.0"/>
  <testcase name="testHashCodeInegalite(Element, Element)[1863]" classname="fr.eseo.e3.poo.projet.blox.modele.pieces.ElementTest" time="0.001"/>
  <testcase name="testHashCodeInegalite(Element, Element)[1864]" classname="fr.eseo.e3.poo.projet.blox.modele.pieces.ElementTest" time="0.0"/>
  <testcase name="testHashCodeInegalite(Element, Element)[1865]" classname="fr.eseo.e3.poo.projet.blox.modele.pieces.ElementTest" time="0.001"/>
  <testcase name="testHashCodeInegalite(Element, Element)[1866]" classname="fr.eseo.e3.poo.projet.blox.modele.pieces.ElementTest" time="0.0"/>
  <testcase name="testHashCodeInegalite(Element, Element)[1867]" classname="fr.eseo.e3.poo.projet.blox.modele.pieces.ElementTest" time="0.0"/>
  <testcase name="testHashCodeInegalite(Element, Element)[1868]" classname="fr.eseo.e3.poo.projet.blox.modele.pieces.ElementTest" time="0.0"/>
  <testcase name="testHashCodeInegalite(Element, Element)[1869]" classname="fr.eseo.e3.poo.projet.blox.modele.pieces.ElementTest" time="0.0"/>
  <testcase name="testHashCodeInegalite(Element, Element)[1870]" classname="fr.eseo.e3.poo.projet.blox.modele.pieces.ElementTest" time="0.001"/>
  <testcase name="testHashCodeInegalite(Element, Element)[1871]" classname="fr.eseo.e3.poo.projet.blox.modele.pieces.ElementTest" time="0.0"/>
  <testcase name="testHashCodeInegalite(Element, Element)[1872]" classname="fr.eseo.e3.poo.projet.blox.modele.pieces.ElementTest" time="0.001"/>
  <testcase name="testHashCodeInegalite(Element, Element)[1873]" classname="fr.eseo.e3.poo.projet.blox.modele.pieces.ElementTest" time="0.0"/>
  <testcase name="testHashCodeInegalite(Element, Element)[1874]" classname="fr.eseo.e3.poo.projet.blox.modele.pieces.ElementTest" time="0.0"/>
  <testcase name="testHashCodeInegalite(Element, Element)[1875]" classname="fr.eseo.e3.poo.projet.blox.modele.pieces.ElementTest" time="0.001"/>
  <testcase name="testHashCodeInegalite(Element, Element)[1876]" classname="fr.eseo.e3.poo.projet.blox.modele.pieces.ElementTest" time="0.0"/>
  <testcase name="testHashCodeInegalite(Element, Element)[1877]" classname="fr.eseo.e3.poo.projet.blox.modele.pieces.ElementTest" time="0.0"/>
  <testcase name="testHashCodeInegalite(Element, Element)[1878]" classname="fr.eseo.e3.poo.projet.blox.modele.pieces.ElementTest" time="0.0"/>
  <testcase name="testHashCodeInegalite(Element, Element)[1879]" classname="fr.eseo.e3.poo.projet.blox.modele.pieces.ElementTest" time="0.0"/>
  <testcase name="testHashCodeInegalite(Element, Element)[1880]" classname="fr.eseo.e3.poo.projet.blox.modele.pieces.ElementTest" time="0.001"/>
  <testcase name="testHashCodeInegalite(Element, Element)[1881]" classname="fr.eseo.e3.poo.projet.blox.modele.pieces.ElementTest" time="0.0"/>
  <testcase name="testHashCodeInegalite(Element, Element)[1882]" classname="fr.eseo.e3.poo.projet.blox.modele.pieces.ElementTest" time="0.0"/>
  <testcase name="testHashCodeInegalite(Element, Element)[1883]" classname="fr.eseo.e3.poo.projet.blox.modele.pieces.ElementTest" time="0.0"/>
  <testcase name="testHashCodeInegalite(Element, Element)[1884]" classname="fr.eseo.e3.poo.projet.blox.modele.pieces.ElementTest" time="0.0"/>
  <testcase name="testHashCodeInegalite(Element, Element)[1885]" classname="fr.eseo.e3.poo.projet.blox.modele.pieces.ElementTest" time="0.001"/>
  <testcase name="testHashCodeInegalite(Element, Element)[1886]" classname="fr.eseo.e3.poo.projet.blox.modele.pieces.ElementTest" time="0.0"/>
  <testcase name="testHashCodeInegalite(Element, Element)[1887]" classname="fr.eseo.e3.poo.projet.blox.modele.pieces.ElementTest" time="0.0"/>
  <testcase name="testHashCodeInegalite(Element, Element)[1888]" classname="fr.eseo.e3.poo.projet.blox.modele.pieces.ElementTest" time="0.0"/>
  <testcase name="testHashCodeInegalite(Element, Element)[1889]" classname="fr.eseo.e3.poo.projet.blox.modele.pieces.ElementTest" time="0.001"/>
  <testcase name="testHashCodeInegalite(Element, Element)[1890]" classname="fr.eseo.e3.poo.projet.blox.modele.pieces.ElementTest" time="0.0"/>
  <testcase name="testHashCodeInegalite(Element, Element)[1891]" classname="fr.eseo.e3.poo.projet.blox.modele.pieces.ElementTest" time="0.001"/>
  <testcase name="testHashCodeInegalite(Element, Element)[1892]" classname="fr.eseo.e3.poo.projet.blox.modele.pieces.ElementTest" time="0.0"/>
  <testcase name="testHashCodeInegalite(Element, Element)[1893]" classname="fr.eseo.e3.poo.projet.blox.modele.pieces.ElementTest" time="0.0"/>
  <testcase name="testHashCodeInegalite(Element, Element)[1894]" classname="fr.eseo.e3.poo.projet.blox.modele.pieces.ElementTest" time="0.0"/>
  <testcase name="testHashCodeInegalite(Element, Element)[1895]" classname="fr.eseo.e3.poo.projet.blox.modele.pieces.ElementTest" time="0.0"/>
  <testcase name="testHashCodeInegalite(Element, Element)[1896]" classname="fr.eseo.e3.poo.projet.blox.modele.pieces.ElementTest" time="0.001"/>
  <testcase name="testHashCodeInegalite(Element, Element)[1897]" classname="fr.eseo.e3.poo.projet.blox.modele.pieces.ElementTest" time="0.0"/>
  <testcase name="testHashCodeInegalite(Element, Element)[1898]" classname="fr.eseo.e3.poo.projet.blox.modele.pieces.ElementTest" time="0.001"/>
  <testcase name="testHashCodeInegalite(Element, Element)[1899]" classname="fr.eseo.e3.poo.projet.blox.modele.pieces.ElementTest" time="0.0"/>
  <testcase name="testHashCodeInegalite(Element, Element)[1900]" classname="fr.eseo.e3.poo.projet.blox.modele.pieces.ElementTest" time="0.0"/>
  <testcase name="testHashCodeInegalite(Element, Element)[1901]" classname="fr.eseo.e3.poo.projet.blox.modele.pieces.ElementTest" time="0.0"/>
  <testcase name="testHashCodeInegalite(Element, Element)[1902]" classname="fr.eseo.e3.poo.projet.blox.modele.pieces.ElementTest" time="0.0"/>
  <testcase name="testHashCodeInegalite(Element, Element)[1903]" classname="fr.eseo.e3.poo.projet.blox.modele.pieces.ElementTest" time="0.001"/>
  <testcase name="testHashCodeInegalite(Element, Element)[1904]" classname="fr.eseo.e3.poo.projet.blox.modele.pieces.ElementTest" time="0.0"/>
  <testcase name="testHashCodeInegalite(Element, Element)[1905]" classname="fr.eseo.e3.poo.projet.blox.modele.pieces.ElementTest" time="0.0"/>
  <testcase name="testHashCodeInegalite(Element, Element)[1906]" classname="fr.eseo.e3.poo.projet.blox.modele.pieces.ElementTest" time="0.0"/>
  <testcase name="testHashCodeInegalite(Element, Element)[1907]" classname="fr.eseo.e3.poo.projet.blox.modele.pieces.ElementTest" time="0.001"/>
  <testcase name="testHashCodeInegalite(Element, Element)[1908]" classname="fr.eseo.e3.poo.projet.blox.modele.pieces.ElementTest" time="0.001"/>
  <testcase name="testHashCodeInegalite(Element, Element)[1909]" classname="fr.eseo.e3.poo.projet.blox.modele.pieces.ElementTest" time="0.0"/>
  <testcase name="testHashCodeInegalite(Element, Element)[1910]" classname="fr.eseo.e3.poo.projet.blox.modele.pieces.ElementTest" time="0.0"/>
  <testcase name="testHashCodeInegalite(Element, Element)[1911]" classname="fr.eseo.e3.poo.projet.blox.modele.pieces.ElementTest" time="0.0"/>
  <testcase name="testHashCodeInegalite(Element, Element)[1912]" classname="fr.eseo.e3.poo.projet.blox.modele.pieces.ElementTest" time="0.0"/>
  <testcase name="testHashCodeInegalite(Element, Element)[1913]" classname="fr.eseo.e3.poo.projet.blox.modele.pieces.ElementTest" time="0.0"/>
  <testcase name="testHashCodeInegalite(Element, Element)[1914]" classname="fr.eseo.e3.poo.projet.blox.modele.pieces.ElementTest" time="0.0"/>
  <testcase name="testHashCodeInegalite(Element, Element)[1915]" classname="fr.eseo.e3.poo.projet.blox.modele.pieces.ElementTest" time="0.001"/>
  <testcase name="testHashCodeInegalite(Element, Element)[1916]" classname="fr.eseo.e3.poo.projet.blox.modele.pieces.ElementTest" time="0.0"/>
  <testcase name="testHashCodeInegalite(Element, Element)[1917]" classname="fr.eseo.e3.poo.projet.blox.modele.pieces.ElementTest" time="0.0"/>
  <testcase name="testHashCodeInegalite(Element, Element)[1918]" classname="fr.eseo.e3.poo.projet.blox.modele.pieces.ElementTest" time="0.0"/>
  <testcase name="testHashCodeInegalite(Element, Element)[1919]" classname="fr.eseo.e3.poo.projet.blox.modele.pieces.ElementTest" time="0.0"/>
  <testcase name="testHashCodeInegalite(Element, Element)[1920]" classname="fr.eseo.e3.poo.projet.blox.modele.pieces.ElementTest" time="0.0"/>
  <testcase name="testHashCodeInegalite(Element, Element)[1921]" classname="fr.eseo.e3.poo.projet.blox.modele.pieces.ElementTest" time="0.0"/>
  <testcase name="testHashCodeInegalite(Element, Element)[1922]" classname="fr.eseo.e3.poo.projet.blox.modele.pieces.ElementTest" time="0.0"/>
  <testcase name="testHashCodeInegalite(Element, Element)[1923]" classname="fr.eseo.e3.poo.projet.blox.modele.pieces.ElementTest" time="0.0"/>
  <testcase name="testHashCodeInegalite(Element, Element)[1924]" classname="fr.eseo.e3.poo.projet.blox.modele.pieces.ElementTest" time="0.0"/>
  <testcase name="testHashCodeInegalite(Element, Element)[1925]" classname="fr.eseo.e3.poo.projet.blox.modele.pieces.ElementTest" time="0.0"/>
  <testcase name="testHashCodeInegalite(Element, Element)[1926]" classname="fr.eseo.e3.poo.projet.blox.modele.pieces.ElementTest" time="0.0"/>
  <testcase name="testHashCodeInegalite(Element, Element)[1927]" classname="fr.eseo.e3.poo.projet.blox.modele.pieces.ElementTest" time="0.001"/>
  <testcase name="testHashCodeInegalite(Element, Element)[1928]" classname="fr.eseo.e3.poo.projet.blox.modele.pieces.ElementTest" time="0.0"/>
  <testcase name="testHashCodeInegalite(Element, Element)[1929]" classname="fr.eseo.e3.poo.projet.blox.modele.pieces.ElementTest" time="0.0"/>
  <testcase name="testHashCodeInegalite(Element, Element)[1930]" classname="fr.eseo.e3.poo.projet.blox.modele.pieces.ElementTest" time="0.0"/>
  <testcase name="testHashCodeInegalite(Element, Element)[1931]" classname="fr.eseo.e3.poo.projet.blox.modele.pieces.ElementTest" time="0.0"/>
  <testcase name="testHashCodeInegalite(Element, Element)[1932]" classname="fr.eseo.e3.poo.projet.blox.modele.pieces.ElementTest" time="0.001"/>
  <testcase name="testHashCodeInegalite(Element, Element)[1933]" classname="fr.eseo.e3.poo.projet.blox.modele.pieces.ElementTest" time="0.0"/>
  <testcase name="testHashCodeInegalite(Element, Element)[1934]" classname="fr.eseo.e3.poo.projet.blox.modele.pieces.ElementTest" time="0.0"/>
  <testcase name="testHashCodeInegalite(Element, Element)[1935]" classname="fr.eseo.e3.poo.projet.blox.modele.pieces.ElementTest" time="0.0"/>
  <testcase name="testHashCodeInegalite(Element, Element)[1936]" classname="fr.eseo.e3.poo.projet.blox.modele.pieces.ElementTest" time="0.001"/>
  <testcase name="testHashCodeInegalite(Element, Element)[1937]" classname="fr.eseo.e3.poo.projet.blox.modele.pieces.ElementTest" time="0.0"/>
  <testcase name="testHashCodeInegalite(Element, Element)[1938]" classname="fr.eseo.e3.poo.projet.blox.modele.pieces.ElementTest" time="0.001"/>
  <testcase name="testHashCodeInegalite(Element, Element)[1939]" classname="fr.eseo.e3.poo.projet.blox.modele.pieces.ElementTest" time="0.0"/>
  <testcase name="testHashCodeInegalite(Element, Element)[1940]" classname="fr.eseo.e3.poo.projet.blox.modele.pieces.ElementTest" time="0.001"/>
  <testcase name="testHashCodeInegalite(Element, Element)[1941]" classname="fr.eseo.e3.poo.projet.blox.modele.pieces.ElementTest" time="0.0"/>
  <testcase name="testHashCodeInegalite(Element, Element)[1942]" classname="fr.eseo.e3.poo.projet.blox.modele.pieces.ElementTest" time="0.0"/>
  <testcase name="testHashCodeInegalite(Element, Element)[1943]" classname="fr.eseo.e3.poo.projet.blox.modele.pieces.ElementTest" time="0.0"/>
  <testcase name="testHashCodeInegalite(Element, Element)[1944]" classname="fr.eseo.e3.poo.projet.blox.modele.pieces.ElementTest" time="0.0"/>
  <testcase name="testHashCodeInegalite(Element, Element)[1945]" classname="fr.eseo.e3.poo.projet.blox.modele.pieces.ElementTest" time="0.0"/>
  <testcase name="testHashCodeInegalite(Element, Element)[1946]" classname="fr.eseo.e3.poo.projet.blox.modele.pieces.ElementTest" time="0.0"/>
  <testcase name="testHashCodeInegalite(Element, Element)[1947]" classname="fr.eseo.e3.poo.projet.blox.modele.pieces.ElementTest" time="0.001"/>
  <testcase name="testHashCodeInegalite(Element, Element)[1948]" classname="fr.eseo.e3.poo.projet.blox.modele.pieces.ElementTest" time="0.0"/>
  <testcase name="testHashCodeInegalite(Element, Element)[1949]" classname="fr.eseo.e3.poo.projet.blox.modele.pieces.ElementTest" time="0.0"/>
  <testcase name="testHashCodeInegalite(Element, Element)[1950]" classname="fr.eseo.e3.poo.projet.blox.modele.pieces.ElementTest" time="0.0"/>
  <testcase name="testHashCodeInegalite(Element, Element)[1951]" classname="fr.eseo.e3.poo.projet.blox.modele.pieces.ElementTest" time="0.0"/>
  <testcase name="testHashCodeInegalite(Element, Element)[1952]" classname="fr.eseo.e3.poo.projet.blox.modele.pieces.ElementTest" time="0.001"/>
  <testcase name="testHashCodeInegalite(Element, Element)[1953]" classname="fr.eseo.e3.poo.projet.blox.modele.pieces.ElementTest" time="0.0"/>
  <testcase name="testHashCodeInegalite(Element, Element)[1954]" classname="fr.eseo.e3.poo.projet.blox.modele.pieces.ElementTest" time="0.0"/>
  <testcase name="testHashCodeInegalite(Element, Element)[1955]" classname="fr.eseo.e3.poo.projet.blox.modele.pieces.ElementTest" time="0.0"/>
  <testcase name="testHashCodeInegalite(Element, Element)[1956]" classname="fr.eseo.e3.poo.projet.blox.modele.pieces.ElementTest" time="0.001"/>
  <testcase name="testHashCodeInegalite(Element, Element)[1957]" classname="fr.eseo.e3.poo.projet.blox.modele.pieces.ElementTest" time="0.0"/>
  <testcase name="testHashCodeInegalite(Element, Element)[1958]" classname="fr.eseo.e3.poo.projet.blox.modele.pieces.ElementTest" time="0.001"/>
  <testcase name="testHashCodeInegalite(Element, Element)[1959]" classname="fr.eseo.e3.poo.projet.blox.modele.pieces.ElementTest" time="0.0"/>
  <testcase name="testHashCodeInegalite(Element, Element)[1960]" classname="fr.eseo.e3.poo.projet.blox.modele.pieces.ElementTest" time="0.001"/>
  <testcase name="testHashCodeInegalite(Element, Element)[1961]" classname="fr.eseo.e3.poo.projet.blox.modele.pieces.ElementTest" time="0.0"/>
  <testcase name="testHashCodeInegalite(Element, Element)[1962]" classname="fr.eseo.e3.poo.projet.blox.modele.pieces.ElementTest" time="0.0"/>
  <testcase name="testHashCodeInegalite(Element, Element)[1963]" classname="fr.eseo.e3.poo.projet.blox.modele.pieces.ElementTest" time="0.0"/>
  <testcase name="testHashCodeInegalite(Element, Element)[1964]" classname="fr.eseo.e3.poo.projet.blox.modele.pieces.ElementTest" time="0.0"/>
  <testcase name="testHashCodeInegalite(Element, Element)[1965]" classname="fr.eseo.e3.poo.projet.blox.modele.pieces.ElementTest" time="0.001"/>
  <testcase name="testHashCodeInegalite(Element, Element)[1966]" classname="fr.eseo.e3.poo.projet.blox.modele.pieces.ElementTest" time="0.0"/>
  <testcase name="testHashCodeInegalite(Element, Element)[1967]" classname="fr.eseo.e3.poo.projet.blox.modele.pieces.ElementTest" time="0.0"/>
  <testcase name="testHashCodeInegalite(Element, Element)[1968]" classname="fr.eseo.e3.poo.projet.blox.modele.pieces.ElementTest" time="0.0"/>
  <testcase name="testHashCodeInegalite(Element, Element)[1969]" classname="fr.eseo.e3.poo.projet.blox.modele.pieces.ElementTest" time="0.0"/>
  <testcase name="testHashCodeInegalite(Element, Element)[1970]" classname="fr.eseo.e3.poo.projet.blox.modele.pieces.ElementTest" time="0.0"/>
  <testcase name="testHashCodeInegalite(Element, Element)[1971]" classname="fr.eseo.e3.poo.projet.blox.modele.pieces.ElementTest" time="0.001"/>
  <testcase name="testHashCodeInegalite(Element, Element)[1972]" classname="fr.eseo.e3.poo.projet.blox.modele.pieces.ElementTest" time="0.0"/>
  <testcase name="testHashCodeInegalite(Element, Element)[1973]" classname="fr.eseo.e3.poo.projet.blox.modele.pieces.ElementTest" time="0.001"/>
  <testcase name="testHashCodeInegalite(Element, Element)[1974]" classname="fr.eseo.e3.poo.projet.blox.modele.pieces.ElementTest" time="0.0"/>
  <testcase name="testHashCodeInegalite(Element, Element)[1975]" classname="fr.eseo.e3.poo.projet.blox.modele.pieces.ElementTest" time="0.001"/>
  <testcase name="testHashCodeInegalite(Element, Element)[1976]" classname="fr.eseo.e3.poo.projet.blox.modele.pieces.ElementTest" time="0.0"/>
  <testcase name="testHashCodeInegalite(Element, Element)[1977]" classname="fr.eseo.e3.poo.projet.blox.modele.pieces.ElementTest" time="0.0"/>
  <testcase name="testHashCodeInegalite(Element, Element)[1978]" classname="fr.eseo.e3.poo.projet.blox.modele.pieces.ElementTest" time="0.0"/>
  <testcase name="testHashCodeInegalite(Element, Element)[1979]" classname="fr.eseo.e3.poo.projet.blox.modele.pieces.ElementTest" time="0.0"/>
  <testcase name="testHashCodeInegalite(Element, Element)[1980]" classname="fr.eseo.e3.poo.projet.blox.modele.pieces.ElementTest" time="0.0"/>
  <testcase name="testHashCodeInegalite(Element, Element)[1981]" classname="fr.eseo.e3.poo.projet.blox.modele.pieces.ElementTest" time="0.001"/>
  <testcase name="testHashCodeInegalite(Element, Element)[1982]" classname="fr.eseo.e3.poo.projet.blox.modele.pieces.ElementTest" time="0.0"/>
  <testcase name="testHashCodeInegalite(Element, Element)[1983]" classname="fr.eseo.e3.poo.projet.blox.modele.pieces.ElementTest" time="0.0"/>
  <testcase name="testHashCodeInegalite(Element, Element)[1984]" classname="fr.eseo.e3.poo.projet.blox.modele.pieces.ElementTest" time="0.0"/>
  <testcase name="testHashCodeInegalite(Element, Element)[1985]" classname="fr.eseo.e3.poo.projet.blox.modele.pieces.ElementTest" time="0.0"/>
  <testcase name="testHashCodeInegalite(Element, Element)[1986]" classname="fr.eseo.e3.poo.projet.blox.modele.pieces.ElementTest" time="0.0"/>
  <testcase name="testHashCodeInegalite(Element, Element)[1987]" classname="fr.eseo.e3.poo.projet.blox.modele.pieces.ElementTest" time="0.001"/>
  <testcase name="testHashCodeInegalite(Element, Element)[1988]" classname="fr.eseo.e3.poo.projet.blox.modele.pieces.ElementTest" time="0.0"/>
  <testcase name="testHashCodeInegalite(Element, Element)[1989]" classname="fr.eseo.e3.poo.projet.blox.modele.pieces.ElementTest" time="0.001"/>
  <testcase name="testHashCodeInegalite(Element, Element)[1990]" classname="fr.eseo.e3.poo.projet.blox.modele.pieces.ElementTest" time="0.0"/>
  <testcase name="testHashCodeInegalite(Element, Element)[1991]" classname="fr.eseo.e3.poo.projet.blox.modele.pieces.ElementTest" time="0.0"/>
  <testcase name="testHashCodeInegalite(Element, Element)[1992]" classname="fr.eseo.e3.poo.projet.blox.modele.pieces.ElementTest" time="0.0"/>
  <testcase name="testHashCodeInegalite(Element, Element)[1993]" classname="fr.eseo.e3.poo.projet.blox.modele.pieces.ElementTest" time="0.001"/>
  <testcase name="testHashCodeInegalite(Element, Element)[1994]" classname="fr.eseo.e3.poo.projet.blox.modele.pieces.ElementTest" time="0.0"/>
  <testcase name="testHashCodeInegalite(Element, Element)[1995]" classname="fr.eseo.e3.poo.projet.blox.modele.pieces.ElementTest" time="0.0"/>
  <testcase name="testHashCodeInegalite(Element, Element)[1996]" classname="fr.eseo.e3.poo.projet.blox.modele.pieces.ElementTest" time="0.0"/>
  <testcase name="testHashCodeInegalite(Element, Element)[1997]" classname="fr.eseo.e3.poo.projet.blox.modele.pieces.ElementTest" time="0.0"/>
  <testcase name="testHashCodeInegalite(Element, Element)[1998]" classname="fr.eseo.e3.poo.projet.blox.modele.pieces.ElementTest" time="0.0"/>
  <testcase name="testHashCodeInegalite(Element, Element)[1999]" classname="fr.eseo.e3.poo.projet.blox.modele.pieces.ElementTest" time="0.001"/>
  <testcase name="testHashCodeInegalite(Element, Element)[2000]" classname="fr.eseo.e3.poo.projet.blox.modele.pieces.ElementTest" time="0.0"/>
  <testcase name="testHashCodeInegalite(Element, Element)[2001]" classname="fr.eseo.e3.poo.projet.blox.modele.pieces.ElementTest" time="0.0"/>
  <testcase name="testHashCodeInegalite(Element, Element)[2002]" classname="fr.eseo.e3.poo.projet.blox.modele.pieces.ElementTest" time="0.0"/>
  <testcase name="testHashCodeInegalite(Element, Element)[2003]" classname="fr.eseo.e3.poo.projet.blox.modele.pieces.ElementTest" time="0.0"/>
  <testcase name="testHashCodeInegalite(Element, Element)[2004]" classname="fr.eseo.e3.poo.projet.blox.modele.pieces.ElementTest" time="0.0"/>
  <testcase name="testHashCodeInegalite(Element, Element)[2005]" classname="fr.eseo.e3.poo.projet.blox.modele.pieces.ElementTest" time="0.001"/>
  <testcase name="testHashCodeInegalite(Element, Element)[2006]" classname="fr.eseo.e3.poo.projet.blox.modele.pieces.ElementTest" time="0.001"/>
  <testcase name="testHashCodeInegalite(Element, Element)[2007]" classname="fr.eseo.e3.poo.projet.blox.modele.pieces.ElementTest" time="0.0"/>
  <testcase name="testHashCodeInegalite(Element, Element)[2008]" classname="fr.eseo.e3.poo.projet.blox.modele.pieces.ElementTest" time="0.001"/>
  <testcase name="testHashCodeInegalite(Element, Element)[2009]" classname="fr.eseo.e3.poo.projet.blox.modele.pieces.ElementTest" time="0.0"/>
  <testcase name="testHashCodeInegalite(Element, Element)[2010]" classname="fr.eseo.e3.poo.projet.blox.modele.pieces.ElementTest" time="0.0"/>
  <testcase name="testHashCodeInegalite(Element, Element)[2011]" classname="fr.eseo.e3.poo.projet.blox.modele.pieces.ElementTest" time="0.001"/>
  <testcase name="testHashCodeInegalite(Element, Element)[2012]" classname="fr.eseo.e3.poo.projet.blox.modele.pieces.ElementTest" time="0.0"/>
  <testcase name="testHashCodeInegalite(Element, Element)[2013]" classname="fr.eseo.e3.poo.projet.blox.modele.pieces.ElementTest" time="0.001"/>
  <testcase name="testHashCodeInegalite(Element, Element)[2014]" classname="fr.eseo.e3.poo.projet.blox.modele.pieces.ElementTest" time="0.0"/>
  <testcase name="testHashCodeInegalite(Element, Element)[2015]" classname="fr.eseo.e3.poo.projet.blox.modele.pieces.ElementTest" time="0.0"/>
  <testcase name="testHashCodeInegalite(Element, Element)[2016]" classname="fr.eseo.e3.poo.projet.blox.modele.pieces.ElementTest" time="0.0"/>
  <testcase name="testHashCodeInegalite(Element, Element)[2017]" classname="fr.eseo.e3.poo.projet.blox.modele.pieces.ElementTest" time="0.0"/>
  <testcase name="testHashCodeInegalite(Element, Element)[2018]" classname="fr.eseo.e3.poo.projet.blox.modele.pieces.ElementTest" time="0.001"/>
  <testcase name="testHashCodeInegalite(Element, Element)[2019]" classname="fr.eseo.e3.poo.projet.blox.modele.pieces.ElementTest" time="0.0"/>
  <testcase name="testHashCodeInegalite(Element, Element)[2020]" classname="fr.eseo.e3.poo.projet.blox.modele.pieces.ElementTest" time="0.0"/>
  <testcase name="testHashCodeInegalite(Element, Element)[2021]" classname="fr.eseo.e3.poo.projet.blox.modele.pieces.ElementTest" time="0.0"/>
  <testcase name="testHashCodeInegalite(Element, Element)[2022]" classname="fr.eseo.e3.poo.projet.blox.modele.pieces.ElementTest" time="0.001"/>
  <testcase name="testHashCodeInegalite(Element, Element)[2023]" classname="fr.eseo.e3.poo.projet.blox.modele.pieces.ElementTest" time="0.0"/>
  <testcase name="testHashCodeInegalite(Element, Element)[2024]" classname="fr.eseo.e3.poo.projet.blox.modele.pieces.ElementTest" time="0.0"/>
  <testcase name="testHashCodeInegalite(Element, Element)[2025]" classname="fr.eseo.e3.poo.projet.blox.modele.pieces.ElementTest" time="0.001"/>
  <testcase name="testHashCodeInegalite(Element, Element)[2026]" classname="fr.eseo.e3.poo.projet.blox.modele.pieces.ElementTest" time="0.0"/>
  <testcase name="testHashCodeInegalite(Element, Element)[2027]" classname="fr.eseo.e3.poo.projet.blox.modele.pieces.ElementTest" time="0.0"/>
  <testcase name="testHashCodeInegalite(Element, Element)[2028]" classname="fr.eseo.e3.poo.projet.blox.modele.pieces.ElementTest" time="0.001"/>
  <testcase name="testHashCodeInegalite(Element, Element)[2029]" classname="fr.eseo.e3.poo.projet.blox.modele.pieces.ElementTest" time="0.0"/>
  <testcase name="testHashCodeInegalite(Element, Element)[2030]" classname="fr.eseo.e3.poo.projet.blox.modele.pieces.ElementTest" time="0.0"/>
  <testcase name="testHashCodeInegalite(Element, Element)[2031]" classname="fr.eseo.e3.poo.projet.blox.modele.pieces.ElementTest" time="0.001"/>
  <testcase name="testHashCodeInegalite(Element, Element)[2032]" classname="fr.eseo.e3.poo.projet.blox.modele.pieces.ElementTest" time="0.0"/>
  <testcase name="testHashCodeInegalite(Element, Element)[2033]" classname="fr.eseo.e3.poo.projet.blox.modele.pieces.ElementTest" time="0.0"/>
  <testcase name="testHashCodeInegalite(Element, Element)[2034]" classname="fr.eseo.e3.poo.projet.blox.modele.pieces.ElementTest" time="0.0"/>
  <testcase name="testHashCodeInegalite(Element, Element)[2035]" classname="fr.eseo.e3.poo.projet.blox.modele.pieces.ElementTest" time="0.0"/>
  <testcase name="testHashCodeInegalite(Element, Element)[2036]" classname="fr.eseo.e3.poo.projet.blox.modele.pieces.ElementTest" time="0.0"/>
  <testcase name="testHashCodeInegalite(Element, Element)[2037]" classname="fr.eseo.e3.poo.projet.blox.modele.pieces.ElementTest" time="0.0"/>
  <testcase name="testHashCodeInegalite(Element, Element)[2038]" classname="fr.eseo.e3.poo.projet.blox.modele.pieces.ElementTest" time="0.0"/>
  <testcase name="testHashCodeInegalite(Element, Element)[2039]" classname="fr.eseo.e3.poo.projet.blox.modele.pieces.ElementTest" time="0.0"/>
  <testcase name="testHashCodeInegalite(Element, Element)[2040]" classname="fr.eseo.e3.poo.projet.blox.modele.pieces.ElementTest" time="0.0"/>
  <testcase name="testHashCodeInegalite(Element, Element)[2041]" classname="fr.eseo.e3.poo.projet.blox.modele.pieces.ElementTest" time="0.0"/>
  <testcase name="testHashCodeInegalite(Element, Element)[2042]" classname="fr.eseo.e3.poo.projet.blox.modele.pieces.ElementTest" time="0.001"/>
  <testcase name="testHashCodeInegalite(Element, Element)[2043]" classname="fr.eseo.e3.poo.projet.blox.modele.pieces.ElementTest" time="0.0"/>
  <testcase name="testHashCodeInegalite(Element, Element)[2044]" classname="fr.eseo.e3.poo.projet.blox.modele.pieces.ElementTest" time="0.0"/>
  <testcase name="testHashCodeInegalite(Element, Element)[2045]" classname="fr.eseo.e3.poo.projet.blox.modele.pieces.ElementTest" time="0.001"/>
  <testcase name="testHashCodeInegalite(Element, Element)[2046]" classname="fr.eseo.e3.poo.projet.blox.modele.pieces.ElementTest" time="0.0"/>
  <testcase name="testHashCodeInegalite(Element, Element)[2047]" classname="fr.eseo.e3.poo.projet.blox.modele.pieces.ElementTest" time="0.0"/>
  <testcase name="testHashCodeInegalite(Element, Element)[2048]" classname="fr.eseo.e3.poo.projet.blox.modele.pieces.ElementTest" time="0.0"/>
  <testcase name="testHashCodeInegalite(Element, Element)[2049]" classname="fr.eseo.e3.poo.projet.blox.modele.pieces.ElementTest" time="0.0"/>
  <testcase name="testHashCodeInegalite(Element, Element)[2050]" classname="fr.eseo.e3.poo.projet.blox.modele.pieces.ElementTest" time="0.001"/>
  <testcase name="testHashCodeInegalite(Element, Element)[2051]" classname="fr.eseo.e3.poo.projet.blox.modele.pieces.ElementTest" time="0.0"/>
  <testcase name="testHashCodeInegalite(Element, Element)[2052]" classname="fr.eseo.e3.poo.projet.blox.modele.pieces.ElementTest" time="0.0"/>
  <testcase name="testHashCodeInegalite(Element, Element)[2053]" classname="fr.eseo.e3.poo.projet.blox.modele.pieces.ElementTest" time="0.001"/>
  <testcase name="testHashCodeInegalite(Element, Element)[2054]" classname="fr.eseo.e3.poo.projet.blox.modele.pieces.ElementTest" time="0.0"/>
  <testcase name="testHashCodeInegalite(Element, Element)[2055]" classname="fr.eseo.e3.poo.projet.blox.modele.pieces.ElementTest" time="0.0"/>
  <testcase name="testHashCodeInegalite(Element, Element)[2056]" classname="fr.eseo.e3.poo.projet.blox.modele.pieces.ElementTest" time="0.0"/>
  <testcase name="testHashCodeInegalite(Element, Element)[2057]" classname="fr.eseo.e3.poo.projet.blox.modele.pieces.ElementTest" time="0.0"/>
  <testcase name="testHashCodeInegalite(Element, Element)[2058]" classname="fr.eseo.e3.poo.projet.blox.modele.pieces.ElementTest" time="0.0"/>
  <testcase name="testHashCodeInegalite(Element, Element)[2059]" classname="fr.eseo.e3.poo.projet.blox.modele.pieces.ElementTest" time="0.0"/>
  <testcase name="testHashCodeInegalite(Element, Element)[2060]" classname="fr.eseo.e3.poo.projet.blox.modele.pieces.ElementTest" time="0.0"/>
  <testcase name="testHashCodeInegalite(Element, Element)[2061]" classname="fr.eseo.e3.poo.projet.blox.modele.pieces.ElementTest" time="0.0"/>
  <testcase name="testHashCodeInegalite(Element, Element)[2062]" classname="fr.eseo.e3.poo.projet.blox.modele.pieces.ElementTest" time="0.0"/>
  <testcase name="testHashCodeInegalite(Element, Element)[2063]" classname="fr.eseo.e3.poo.projet.blox.modele.pieces.ElementTest" time="0.0"/>
  <testcase name="testHashCodeInegalite(Element, Element)[2064]" classname="fr.eseo.e3.poo.projet.blox.modele.pieces.ElementTest" time="0.0"/>
  <testcase name="testHashCodeInegalite(Element, Element)[2065]" classname="fr.eseo.e3.poo.projet.blox.modele.pieces.ElementTest" time="0.0"/>
  <testcase name="testHashCodeInegalite(Element, Element)[2066]" classname="fr.eseo.e3.poo.projet.blox.modele.pieces.ElementTest" time="0.0"/>
  <testcase name="testHashCodeInegalite(Element, Element)[2067]" classname="fr.eseo.e3.poo.projet.blox.modele.pieces.ElementTest" time="0.001"/>
  <testcase name="testHashCodeInegalite(Element, Element)[2068]" classname="fr.eseo.e3.poo.projet.blox.modele.pieces.ElementTest" time="0.0"/>
  <testcase name="testHashCodeInegalite(Element, Element)[2069]" classname="fr.eseo.e3.poo.projet.blox.modele.pieces.ElementTest" time="0.0"/>
  <testcase name="testHashCodeInegalite(Element, Element)[2070]" classname="fr.eseo.e3.poo.projet.blox.modele.pieces.ElementTest" time="0.0"/>
  <testcase name="testHashCodeInegalite(Element, Element)[2071]" classname="fr.eseo.e3.poo.projet.blox.modele.pieces.ElementTest" time="0.0"/>
  <testcase name="testHashCodeInegalite(Element, Element)[2072]" classname="fr.eseo.e3.poo.projet.blox.modele.pieces.ElementTest" time="0.001"/>
  <testcase name="testHashCodeInegalite(Element, Element)[2073]" classname="fr.eseo.e3.poo.projet.blox.modele.pieces.ElementTest" time="0.0"/>
  <testcase name="testHashCodeInegalite(Element, Element)[2074]" classname="fr.eseo.e3.poo.projet.blox.modele.pieces.ElementTest" time="0.001"/>
  <testcase name="testHashCodeInegalite(Element, Element)[2075]" classname="fr.eseo.e3.poo.projet.blox.modele.pieces.ElementTest" time="0.0"/>
  <testcase name="testHashCodeInegalite(Element, Element)[2076]" classname="fr.eseo.e3.poo.projet.blox.modele.pieces.ElementTest" time="0.0"/>
  <testcase name="testHashCodeInegalite(Element, Element)[2077]" classname="fr.eseo.e3.poo.projet.blox.modele.pieces.ElementTest" time="0.0"/>
  <testcase name="testHashCodeInegalite(Element, Element)[2078]" classname="fr.eseo.e3.poo.projet.blox.modele.pieces.ElementTest" time="0.0"/>
  <testcase name="testHashCodeInegalite(Element, Element)[2079]" classname="fr.eseo.e3.poo.projet.blox.modele.pieces.ElementTest" time="0.001"/>
  <testcase name="testHashCodeInegalite(Element, Element)[2080]" classname="fr.eseo.e3.poo.projet.blox.modele.pieces.ElementTest" time="0.0"/>
  <testcase name="testHashCodeInegalite(Element, Element)[2081]" classname="fr.eseo.e3.poo.projet.blox.modele.pieces.ElementTest" time="0.001"/>
  <testcase name="testHashCodeInegalite(Element, Element)[2082]" classname="fr.eseo.e3.poo.projet.blox.modele.pieces.ElementTest" time="0.0"/>
  <testcase name="testHashCodeInegalite(Element, Element)[2083]" classname="fr.eseo.e3.poo.projet.blox.modele.pieces.ElementTest" time="0.0"/>
  <testcase name="testHashCodeInegalite(Element, Element)[2084]" classname="fr.eseo.e3.poo.projet.blox.modele.pieces.ElementTest" time="0.001"/>
  <testcase name="testHashCodeInegalite(Element, Element)[2085]" classname="fr.eseo.e3.poo.projet.blox.modele.pieces.ElementTest" time="0.001"/>
  <testcase name="testHashCodeInegalite(Element, Element)[2086]" classname="fr.eseo.e3.poo.projet.blox.modele.pieces.ElementTest" time="0.0"/>
  <testcase name="testHashCodeInegalite(Element, Element)[2087]" classname="fr.eseo.e3.poo.projet.blox.modele.pieces.ElementTest" time="0.0"/>
  <testcase name="testHashCodeInegalite(Element, Element)[2088]" classname="fr.eseo.e3.poo.projet.blox.modele.pieces.ElementTest" time="0.0"/>
  <testcase name="testHashCodeInegalite(Element, Element)[2089]" classname="fr.eseo.e3.poo.projet.blox.modele.pieces.ElementTest" time="0.0"/>
  <testcase name="testHashCodeInegalite(Element, Element)[2090]" classname="fr.eseo.e3.poo.projet.blox.modele.pieces.ElementTest" time="0.0"/>
  <testcase name="testHashCodeInegalite(Element, Element)[2091]" classname="fr.eseo.e3.poo.projet.blox.modele.pieces.ElementTest" time="0.0"/>
  <testcase name="testHashCodeInegalite(Element, Element)[2092]" classname="fr.eseo.e3.poo.projet.blox.modele.pieces.ElementTest" time="0.0"/>
  <testcase name="testHashCodeInegalite(Element, Element)[2093]" classname="fr.eseo.e3.poo.projet.blox.modele.pieces.ElementTest" time="0.001"/>
  <testcase name="testHashCodeInegalite(Element, Element)[2094]" classname="fr.eseo.e3.poo.projet.blox.modele.pieces.ElementTest" time="0.0"/>
  <testcase name="testHashCodeInegalite(Element, Element)[2095]" classname="fr.eseo.e3.poo.projet.blox.modele.pieces.ElementTest" time="0.0"/>
  <testcase name="testHashCodeInegalite(Element, Element)[2096]" classname="fr.eseo.e3.poo.projet.blox.modele.pieces.ElementTest" time="0.001"/>
  <testcase name="testHashCodeInegalite(Element, Element)[2097]" classname="fr.eseo.e3.poo.projet.blox.modele.pieces.ElementTest" time="0.0"/>
  <testcase name="testHashCodeInegalite(Element, Element)[2098]" classname="fr.eseo.e3.poo.projet.blox.modele.pieces.ElementTest" time="0.0"/>
  <testcase name="testHashCodeInegalite(Element, Element)[2099]" classname="fr.eseo.e3.poo.projet.blox.modele.pieces.ElementTest" time="0.0"/>
  <testcase name="testHashCodeInegalite(Element, Element)[2100]" classname="fr.eseo.e3.poo.projet.blox.modele.pieces.ElementTest" time="0.0"/>
  <testcase name="testHashCodeInegalite(Element, Element)[2101]" classname="fr.eseo.e3.poo.projet.blox.modele.pieces.ElementTest" time="0.0"/>
  <testcase name="testHashCodeInegalite(Element, Element)[2102]" classname="fr.eseo.e3.poo.projet.blox.modele.pieces.ElementTest" time="0.0"/>
  <testcase name="testHashCodeInegalite(Element, Element)[2103]" classname="fr.eseo.e3.poo.projet.blox.modele.pieces.ElementTest" time="0.0"/>
  <testcase name="testHashCodeInegalite(Element, Element)[2104]" classname="fr.eseo.e3.poo.projet.blox.modele.pieces.ElementTest" time="0.003"/>
  <testcase name="testHashCodeInegalite(Element, Element)[2105]" classname="fr.eseo.e3.poo.projet.blox.modele.pieces.ElementTest" time="0.001"/>
  <testcase name="testHashCodeInegalite(Element, Element)[2106]" classname="fr.eseo.e3.poo.projet.blox.modele.pieces.ElementTest" time="0.0"/>
  <testcase name="testHashCodeInegalite(Element, Element)[2107]" classname="fr.eseo.e3.poo.projet.blox.modele.pieces.ElementTest" time="0.001"/>
  <testcase name="testHashCodeInegalite(Element, Element)[2108]" classname="fr.eseo.e3.poo.projet.blox.modele.pieces.ElementTest" time="0.0"/>
  <testcase name="testHashCodeInegalite(Element, Element)[2109]" classname="fr.eseo.e3.poo.projet.blox.modele.pieces.ElementTest" time="0.0"/>
  <testcase name="testHashCodeInegalite(Element, Element)[2110]" classname="fr.eseo.e3.poo.projet.blox.modele.pieces.ElementTest" time="0.001"/>
  <testcase name="testHashCodeInegalite(Element, Element)[2111]" classname="fr.eseo.e3.poo.projet.blox.modele.pieces.ElementTest" time="0.0"/>
  <testcase name="testHashCodeInegalite(Element, Element)[2112]" classname="fr.eseo.e3.poo.projet.blox.modele.pieces.ElementTest" time="0.0"/>
  <testcase name="testHashCodeInegalite(Element, Element)[2113]" classname="fr.eseo.e3.poo.projet.blox.modele.pieces.ElementTest" time="0.001"/>
  <testcase name="testHashCodeInegalite(Element, Element)[2114]" classname="fr.eseo.e3.poo.projet.blox.modele.pieces.ElementTest" time="0.0"/>
  <testcase name="testHashCodeInegalite(Element, Element)[2115]" classname="fr.eseo.e3.poo.projet.blox.modele.pieces.ElementTest" time="0.0"/>
  <testcase name="testHashCodeInegalite(Element, Element)[2116]" classname="fr.eseo.e3.poo.projet.blox.modele.pieces.ElementTest" time="0.0"/>
  <testcase name="testHashCodeInegalite(Element, Element)[2117]" classname="fr.eseo.e3.poo.projet.blox.modele.pieces.ElementTest" time="0.0"/>
  <testcase name="testHashCodeInegalite(Element, Element)[2118]" classname="fr.eseo.e3.poo.projet.blox.modele.pieces.ElementTest" time="0.0"/>
  <testcase name="testHashCodeInegalite(Element, Element)[2119]" classname="fr.eseo.e3.poo.projet.blox.modele.pieces.ElementTest" time="0.0"/>
  <testcase name="testHashCodeInegalite(Element, Element)[2120]" classname="fr.eseo.e3.poo.projet.blox.modele.pieces.ElementTest" time="0.001"/>
  <testcase name="testHashCodeInegalite(Element, Element)[2121]" classname="fr.eseo.e3.poo.projet.blox.modele.pieces.ElementTest" time="0.0"/>
  <testcase name="testHashCodeInegalite(Element, Element)[2122]" classname="fr.eseo.e3.poo.projet.blox.modele.pieces.ElementTest" time="0.0"/>
  <testcase name="testHashCodeInegalite(Element, Element)[2123]" classname="fr.eseo.e3.poo.projet.blox.modele.pieces.ElementTest" time="0.0"/>
  <testcase name="testHashCodeInegalite(Element, Element)[2124]" classname="fr.eseo.e3.poo.projet.blox.modele.pieces.ElementTest" time="0.001"/>
  <testcase name="testHashCodeInegalite(Element, Element)[2125]" classname="fr.eseo.e3.poo.projet.blox.modele.pieces.ElementTest" time="0.0"/>
  <testcase name="testHashCodeInegalite(Element, Element)[2126]" classname="fr.eseo.e3.poo.projet.blox.modele.pieces.ElementTest" time="0.0"/>
  <testcase name="testHashCodeInegalite(Element, Element)[2127]" classname="fr.eseo.e3.poo.projet.blox.modele.pieces.ElementTest" time="0.0"/>
  <testcase name="testHashCodeInegalite(Element, Element)[2128]" classname="fr.eseo.e3.poo.projet.blox.modele.pieces.ElementTest" time="0.0"/>
  <testcase name="testHashCodeInegalite(Element, Element)[2129]" classname="fr.eseo.e3.poo.projet.blox.modele.pieces.ElementTest" time="0.001"/>
  <testcase name="testHashCodeInegalite(Element, Element)[2130]" classname="fr.eseo.e3.poo.projet.blox.modele.pieces.ElementTest" time="0.0"/>
  <testcase name="testHashCodeInegalite(Element, Element)[2131]" classname="fr.eseo.e3.poo.projet.blox.modele.pieces.ElementTest" time="0.0"/>
  <testcase name="testHashCodeInegalite(Element, Element)[2132]" classname="fr.eseo.e3.poo.projet.blox.modele.pieces.ElementTest" time="0.0"/>
  <testcase name="testHashCodeInegalite(Element, Element)[2133]" classname="fr.eseo.e3.poo.projet.blox.modele.pieces.ElementTest" time="0.0"/>
  <testcase name="testHashCodeInegalite(Element, Element)[2134]" classname="fr.eseo.e3.poo.projet.blox.modele.pieces.ElementTest" time="0.0"/>
  <testcase name="testHashCodeInegalite(Element, Element)[2135]" classname="fr.eseo.e3.poo.projet.blox.modele.pieces.ElementTest" time="0.0"/>
  <testcase name="testHashCodeInegalite(Element, Element)[2136]" classname="fr.eseo.e3.poo.projet.blox.modele.pieces.ElementTest" time="0.0"/>
  <testcase name="testHashCodeInegalite(Element, Element)[2137]" classname="fr.eseo.e3.poo.projet.blox.modele.pieces.ElementTest" time="0.0"/>
  <testcase name="testHashCodeInegalite(Element, Element)[2138]" classname="fr.eseo.e3.poo.projet.blox.modele.pieces.ElementTest" time="0.0"/>
  <testcase name="testHashCodeInegalite(Element, Element)[2139]" classname="fr.eseo.e3.poo.projet.blox.modele.pieces.ElementTest" time="0.0"/>
  <testcase name="testHashCodeInegalite(Element, Element)[2140]" classname="fr.eseo.e3.poo.projet.blox.modele.pieces.ElementTest" time="0.001"/>
  <testcase name="testHashCodeInegalite(Element, Element)[2141]" classname="fr.eseo.e3.poo.projet.blox.modele.pieces.ElementTest" time="0.0"/>
  <testcase name="testHashCodeInegalite(Element, Element)[2142]" classname="fr.eseo.e3.poo.projet.blox.modele.pieces.ElementTest" time="0.0"/>
  <testcase name="testHashCodeInegalite(Element, Element)[2143]" classname="fr.eseo.e3.poo.projet.blox.modele.pieces.ElementTest" time="0.0"/>
  <testcase name="testHashCodeInegalite(Element, Element)[2144]" classname="fr.eseo.e3.poo.projet.blox.modele.pieces.ElementTest" time="0.0"/>
  <testcase name="testHashCodeInegalite(Element, Element)[2145]" classname="fr.eseo.e3.poo.projet.blox.modele.pieces.ElementTest" time="0.0"/>
  <testcase name="testHashCodeInegalite(Element, Element)[2146]" classname="fr.eseo.e3.poo.projet.blox.modele.pieces.ElementTest" time="0.0"/>
  <testcase name="testHashCodeInegalite(Element, Element)[2147]" classname="fr.eseo.e3.poo.projet.blox.modele.pieces.ElementTest" time="0.0"/>
  <testcase name="testHashCodeInegalite(Element, Element)[2148]" classname="fr.eseo.e3.poo.projet.blox.modele.pieces.ElementTest" time="0.0"/>
  <testcase name="testHashCodeInegalite(Element, Element)[2149]" classname="fr.eseo.e3.poo.projet.blox.modele.pieces.ElementTest" time="0.001"/>
  <testcase name="testHashCodeInegalite(Element, Element)[2150]" classname="fr.eseo.e3.poo.projet.blox.modele.pieces.ElementTest" time="0.0"/>
  <testcase name="testHashCodeInegalite(Element, Element)[2151]" classname="fr.eseo.e3.poo.projet.blox.modele.pieces.ElementTest" time="0.0"/>
  <testcase name="testHashCodeInegalite(Element, Element)[2152]" classname="fr.eseo.e3.poo.projet.blox.modele.pieces.ElementTest" time="0.001"/>
  <testcase name="testHashCodeInegalite(Element, Element)[2153]" classname="fr.eseo.e3.poo.projet.blox.modele.pieces.ElementTest" time="0.0"/>
  <testcase name="testHashCodeInegalite(Element, Element)[2154]" classname="fr.eseo.e3.poo.projet.blox.modele.pieces.ElementTest" time="0.0"/>
  <testcase name="testHashCodeInegalite(Element, Element)[2155]" classname="fr.eseo.e3.poo.projet.blox.modele.pieces.ElementTest" time="0.0"/>
  <testcase name="testHashCodeInegalite(Element, Element)[2156]" classname="fr.eseo.e3.poo.projet.blox.modele.pieces.ElementTest" time="0.0"/>
  <testcase name="testHashCodeInegalite(Element, Element)[2157]" classname="fr.eseo.e3.poo.projet.blox.modele.pieces.ElementTest" time="0.0"/>
  <testcase name="testHashCodeInegalite(Element, Element)[2158]" classname="fr.eseo.e3.poo.projet.blox.modele.pieces.ElementTest" time="0.0"/>
  <testcase name="testHashCodeInegalite(Element, Element)[2159]" classname="fr.eseo.e3.poo.projet.blox.modele.pieces.ElementTest" time="0.001"/>
  <testcase name="testHashCodeInegalite(Element, Element)[2160]" classname="fr.eseo.e3.poo.projet.blox.modele.pieces.ElementTest" time="0.0"/>
  <testcase name="testHashCodeInegalite(Element, Element)[2161]" classname="fr.eseo.e3.poo.projet.blox.modele.pieces.ElementTest" time="0.0"/>
  <testcase name="testHashCodeInegalite(Element, Element)[2162]" classname="fr.eseo.e3.poo.projet.blox.modele.pieces.ElementTest" time="0.001"/>
  <testcase name="testHashCodeInegalite(Element, Element)[2163]" classname="fr.eseo.e3.poo.projet.blox.modele.pieces.ElementTest" time="0.0"/>
  <testcase name="testHashCodeInegalite(Element, Element)[2164]" classname="fr.eseo.e3.poo.projet.blox.modele.pieces.ElementTest" time="0.0"/>
  <testcase name="testHashCodeInegalite(Element, Element)[2165]" classname="fr.eseo.e3.poo.projet.blox.modele.pieces.ElementTest" time="0.0"/>
  <testcase name="testHashCodeInegalite(Element, Element)[2166]" classname="fr.eseo.e3.poo.projet.blox.modele.pieces.ElementTest" time="0.0"/>
  <testcase name="testHashCodeInegalite(Element, Element)[2167]" classname="fr.eseo.e3.poo.projet.blox.modele.pieces.ElementTest" time="0.0"/>
  <testcase name="testHashCodeInegalite(Element, Element)[2168]" classname="fr.eseo.e3.poo.projet.blox.modele.pieces.ElementTest" time="0.0"/>
  <testcase name="testHashCodeInegalite(Element, Element)[2169]" classname="fr.eseo.e3.poo.projet.blox.modele.pieces.ElementTest" time="0.0"/>
  <testcase name="testHashCodeInegalite(Element, Element)[2170]" classname="fr.eseo.e3.poo.projet.blox.modele.pieces.ElementTest" time="0.001"/>
  <testcase name="testHashCodeInegalite(Element, Element)[2171]" classname="fr.eseo.e3.poo.projet.blox.modele.pieces.ElementTest" time="0.001"/>
  <testcase name="testHashCodeInegalite(Element, Element)[2172]" classname="fr.eseo.e3.poo.projet.blox.modele.pieces.ElementTest" time="0.0"/>
  <testcase name="testHashCodeInegalite(Element, Element)[2173]" classname="fr.eseo.e3.poo.projet.blox.modele.pieces.ElementTest" time="0.0"/>
  <testcase name="testHashCodeInegalite(Element, Element)[2174]" classname="fr.eseo.e3.poo.projet.blox.modele.pieces.ElementTest" time="0.001"/>
  <testcase name="testHashCodeInegalite(Element, Element)[2175]" classname="fr.eseo.e3.poo.projet.blox.modele.pieces.ElementTest" time="0.0"/>
  <testcase name="testHashCodeInegalite(Element, Element)[2176]" classname="fr.eseo.e3.poo.projet.blox.modele.pieces.ElementTest" time="0.0"/>
  <testcase name="testHashCodeInegalite(Element, Element)[2177]" classname="fr.eseo.e3.poo.projet.blox.modele.pieces.ElementTest" time="0.0"/>
  <testcase name="testHashCodeInegalite(Element, Element)[2178]" classname="fr.eseo.e3.poo.projet.blox.modele.pieces.ElementTest" time="0.0"/>
  <testcase name="testHashCodeInegalite(Element, Element)[2179]" classname="fr.eseo.e3.poo.projet.blox.modele.pieces.ElementTest" time="0.0"/>
  <testcase name="testHashCodeInegalite(Element, Element)[2180]" classname="fr.eseo.e3.poo.projet.blox.modele.pieces.ElementTest" time="0.0"/>
  <testcase name="testHashCodeInegalite(Element, Element)[2181]" classname="fr.eseo.e3.poo.projet.blox.modele.pieces.ElementTest" time="0.0"/>
  <testcase name="testHashCodeInegalite(Element, Element)[2182]" classname="fr.eseo.e3.poo.projet.blox.modele.pieces.ElementTest" time="0.001"/>
  <testcase name="testHashCodeInegalite(Element, Element)[2183]" classname="fr.eseo.e3.poo.projet.blox.modele.pieces.ElementTest" time="0.0"/>
  <testcase name="testHashCodeInegalite(Element, Element)[2184]" classname="fr.eseo.e3.poo.projet.blox.modele.pieces.ElementTest" time="0.0"/>
  <testcase name="testHashCodeInegalite(Element, Element)[2185]" classname="fr.eseo.e3.poo.projet.blox.modele.pieces.ElementTest" time="0.0"/>
  <testcase name="testHashCodeInegalite(Element, Element)[2186]" classname="fr.eseo.e3.poo.projet.blox.modele.pieces.ElementTest" time="0.0"/>
  <testcase name="testHashCodeInegalite(Element, Element)[2187]" classname="fr.eseo.e3.poo.projet.blox.modele.pieces.ElementTest" time="0.0"/>
  <testcase name="testHashCodeInegalite(Element, Element)[2188]" classname="fr.eseo.e3.poo.projet.blox.modele.pieces.ElementTest" time="0.0"/>
  <testcase name="testHashCodeInegalite(Element, Element)[2189]" classname="fr.eseo.e3.poo.projet.blox.modele.pieces.ElementTest" time="0.0"/>
  <testcase name="testHashCodeInegalite(Element, Element)[2190]" classname="fr.eseo.e3.poo.projet.blox.modele.pieces.ElementTest" time="0.0"/>
  <testcase name="testHashCodeInegalite(Element, Element)[2191]" classname="fr.eseo.e3.poo.projet.blox.modele.pieces.ElementTest" time="0.0"/>
  <testcase name="testHashCodeInegalite(Element, Element)[2192]" classname="fr.eseo.e3.poo.projet.blox.modele.pieces.ElementTest" time="0.0"/>
  <testcase name="testHashCodeInegalite(Element, Element)[2193]" classname="fr.eseo.e3.poo.projet.blox.modele.pieces.ElementTest" time="0.0"/>
  <testcase name="testHashCodeInegalite(Element, Element)[2194]" classname="fr.eseo.e3.poo.projet.blox.modele.pieces.ElementTest" time="0.001"/>
  <testcase name="testHashCodeInegalite(Element, Element)[2195]" classname="fr.eseo.e3.poo.projet.blox.modele.pieces.ElementTest" time="0.0"/>
  <testcase name="testHashCodeInegalite(Element, Element)[2196]" classname="fr.eseo.e3.poo.projet.blox.modele.pieces.ElementTest" time="0.0"/>
  <testcase name="testHashCodeInegalite(Element, Element)[2197]" classname="fr.eseo.e3.poo.projet.blox.modele.pieces.ElementTest" time="0.001"/>
  <testcase name="testHashCodeInegalite(Element, Element)[2198]" classname="fr.eseo.e3.poo.projet.blox.modele.pieces.ElementTest" time="0.0"/>
  <testcase name="testHashCodeInegalite(Element, Element)[2199]" classname="fr.eseo.e3.poo.projet.blox.modele.pieces.ElementTest" time="0.0"/>
  <testcase name="testHashCodeInegalite(Element, Element)[2200]" classname="fr.eseo.e3.poo.projet.blox.modele.pieces.ElementTest" time="0.0"/>
  <testcase name="testHashCodeInegalite(Element, Element)[2201]" classname="fr.eseo.e3.poo.projet.blox.modele.pieces.ElementTest" time="0.0"/>
  <testcase name="testHashCodeInegalite(Element, Element)[2202]" classname="fr.eseo.e3.poo.projet.blox.modele.pieces.ElementTest" time="0.0"/>
  <testcase name="testHashCodeInegalite(Element, Element)[2203]" classname="fr.eseo.e3.poo.projet.blox.modele.pieces.ElementTest" time="0.0"/>
  <testcase name="testHashCodeInegalite(Element, Element)[2204]" classname="fr.eseo.e3.poo.projet.blox.modele.pieces.ElementTest" time="0.0"/>
  <testcase name="testHashCodeInegalite(Element, Element)[2205]" classname="fr.eseo.e3.poo.projet.blox.modele.pieces.ElementTest" time="0.0"/>
  <testcase name="testHashCodeInegalite(Element, Element)[2206]" classname="fr.eseo.e3.poo.projet.blox.modele.pieces.ElementTest" time="0.0"/>
  <testcase name="testHashCodeInegalite(Element, Element)[2207]" classname="fr.eseo.e3.poo.projet.blox.modele.pieces.ElementTest" time="0.0"/>
  <testcase name="testHashCodeInegalite(Element, Element)[2208]" classname="fr.eseo.e3.poo.projet.blox.modele.pieces.ElementTest" time="0.0"/>
  <testcase name="testHashCodeInegalite(Element, Element)[2209]" classname="fr.eseo.e3.poo.projet.blox.modele.pieces.ElementTest" time="0.0"/>
  <testcase name="testHashCodeInegalite(Element, Element)[2210]" classname="fr.eseo.e3.poo.projet.blox.modele.pieces.ElementTest" time="0.0"/>
  <testcase name="testHashCodeInegalite(Element, Element)[2211]" classname="fr.eseo.e3.poo.projet.blox.modele.pieces.ElementTest" time="0.0"/>
  <testcase name="testHashCodeInegalite(Element, Element)[2212]" classname="fr.eseo.e3.poo.projet.blox.modele.pieces.ElementTest" time="0.0"/>
  <testcase name="testHashCodeInegalite(Element, Element)[2213]" classname="fr.eseo.e3.poo.projet.blox.modele.pieces.ElementTest" time="0.001"/>
  <testcase name="testHashCodeInegalite(Element, Element)[2214]" classname="fr.eseo.e3.poo.projet.blox.modele.pieces.ElementTest" time="0.0"/>
  <testcase name="testHashCodeInegalite(Element, Element)[2215]" classname="fr.eseo.e3.poo.projet.blox.modele.pieces.ElementTest" time="0.0"/>
  <testcase name="testHashCodeInegalite(Element, Element)[2216]" classname="fr.eseo.e3.poo.projet.blox.modele.pieces.ElementTest" time="0.001"/>
  <testcase name="testHashCodeInegalite(Element, Element)[2217]" classname="fr.eseo.e3.poo.projet.blox.modele.pieces.ElementTest" time="0.0"/>
  <testcase name="testHashCodeInegalite(Element, Element)[2218]" classname="fr.eseo.e3.poo.projet.blox.modele.pieces.ElementTest" time="0.0"/>
  <testcase name="testHashCodeInegalite(Element, Element)[2219]" classname="fr.eseo.e3.poo.projet.blox.modele.pieces.ElementTest" time="0.0"/>
  <testcase name="testHashCodeInegalite(Element, Element)[2220]" classname="fr.eseo.e3.poo.projet.blox.modele.pieces.ElementTest" time="0.0"/>
  <testcase name="testHashCodeInegalite(Element, Element)[2221]" classname="fr.eseo.e3.poo.projet.blox.modele.pieces.ElementTest" time="0.0"/>
  <testcase name="testHashCodeInegalite(Element, Element)[2222]" classname="fr.eseo.e3.poo.projet.blox.modele.pieces.ElementTest" time="0.0"/>
  <testcase name="testHashCodeInegalite(Element, Element)[2223]" classname="fr.eseo.e3.poo.projet.blox.modele.pieces.ElementTest" time="0.0"/>
  <testcase name="testHashCodeInegalite(Element, Element)[2224]" classname="fr.eseo.e3.poo.projet.blox.modele.pieces.ElementTest" time="0.001"/>
  <testcase name="testHashCodeInegalite(Element, Element)[2225]" classname="fr.eseo.e3.poo.projet.blox.modele.pieces.ElementTest" time="0.0"/>
  <testcase name="testHashCodeInegalite(Element, Element)[2226]" classname="fr.eseo.e3.poo.projet.blox.modele.pieces.ElementTest" time="0.001"/>
  <testcase name="testHashCodeInegalite(Element, Element)[2227]" classname="fr.eseo.e3.poo.projet.blox.modele.pieces.ElementTest" time="0.0"/>
  <testcase name="testHashCodeInegalite(Element, Element)[2228]" classname="fr.eseo.e3.poo.projet.blox.modele.pieces.ElementTest" time="0.0"/>
  <testcase name="testHashCodeInegalite(Element, Element)[2229]" classname="fr.eseo.e3.poo.projet.blox.modele.pieces.ElementTest" time="0.0"/>
  <testcase name="testHashCodeInegalite(Element, Element)[2230]" classname="fr.eseo.e3.poo.projet.blox.modele.pieces.ElementTest" time="0.0"/>
  <testcase name="testHashCodeInegalite(Element, Element)[2231]" classname="fr.eseo.e3.poo.projet.blox.modele.pieces.ElementTest" time="0.001"/>
  <testcase name="testHashCodeInegalite(Element, Element)[2232]" classname="fr.eseo.e3.poo.projet.blox.modele.pieces.ElementTest" time="0.0"/>
  <testcase name="testHashCodeInegalite(Element, Element)[2233]" classname="fr.eseo.e3.poo.projet.blox.modele.pieces.ElementTest" time="0.0"/>
  <testcase name="testHashCodeInegalite(Element, Element)[2234]" classname="fr.eseo.e3.poo.projet.blox.modele.pieces.ElementTest" time="0.0"/>
  <testcase name="testHashCodeInegalite(Element, Element)[2235]" classname="fr.eseo.e3.poo.projet.blox.modele.pieces.ElementTest" time="0.0"/>
  <testcase name="testHashCodeInegalite(Element, Element)[2236]" classname="fr.eseo.e3.poo.projet.blox.modele.pieces.ElementTest" time="0.0"/>
  <testcase name="testHashCodeInegalite(Element, Element)[2237]" classname="fr.eseo.e3.poo.projet.blox.modele.pieces.ElementTest" time="0.001"/>
  <testcase name="testHashCodeInegalite(Element, Element)[2238]" classname="fr.eseo.e3.poo.projet.blox.modele.pieces.ElementTest" time="0.0"/>
  <testcase name="testHashCodeInegalite(Element, Element)[2239]" classname="fr.eseo.e3.poo.projet.blox.modele.pieces.ElementTest" time="0.001"/>
  <testcase name="testHashCodeInegalite(Element, Element)[2240]" classname="fr.eseo.e3.poo.projet.blox.modele.pieces.ElementTest" time="0.0"/>
  <testcase name="testHashCodeInegalite(Element, Element)[2241]" classname="fr.eseo.e3.poo.projet.blox.modele.pieces.ElementTest" time="0.0"/>
  <testcase name="testHashCodeInegalite(Element, Element)[2242]" classname="fr.eseo.e3.poo.projet.blox.modele.pieces.ElementTest" time="0.0"/>
  <testcase name="testHashCodeInegalite(Element, Element)[2243]" classname="fr.eseo.e3.poo.projet.blox.modele.pieces.ElementTest" time="0.0"/>
  <testcase name="testHashCodeInegalite(Element, Element)[2244]" classname="fr.eseo.e3.poo.projet.blox.modele.pieces.ElementTest" time="0.0"/>
  <testcase name="testHashCodeInegalite(Element, Element)[2245]" classname="fr.eseo.e3.poo.projet.blox.modele.pieces.ElementTest" time="0.001"/>
  <testcase name="testHashCodeInegalite(Element, Element)[2246]" classname="fr.eseo.e3.poo.projet.blox.modele.pieces.ElementTest" time="0.0"/>
  <testcase name="testHashCodeInegalite(Element, Element)[2247]" classname="fr.eseo.e3.poo.projet.blox.modele.pieces.ElementTest" time="0.0"/>
  <testcase name="testHashCodeInegalite(Element, Element)[2248]" classname="fr.eseo.e3.poo.projet.blox.modele.pieces.ElementTest" time="0.0"/>
  <testcase name="testHashCodeInegalite(Element, Element)[2249]" classname="fr.eseo.e3.poo.projet.blox.modele.pieces.ElementTest" time="0.0"/>
  <testcase name="testHashCodeInegalite(Element, Element)[2250]" classname="fr.eseo.e3.poo.projet.blox.modele.pieces.ElementTest" time="0.0"/>
  <testcase name="testHashCodeInegalite(Element, Element)[2251]" classname="fr.eseo.e3.poo.projet.blox.modele.pieces.ElementTest" time="0.0"/>
  <testcase name="testHashCodeInegalite(Element, Element)[2252]" classname="fr.eseo.e3.poo.projet.blox.modele.pieces.ElementTest" time="0.001"/>
  <testcase name="testHashCodeInegalite(Element, Element)[2253]" classname="fr.eseo.e3.poo.projet.blox.modele.pieces.ElementTest" time="0.0"/>
  <testcase name="testHashCodeInegalite(Element, Element)[2254]" classname="fr.eseo.e3.poo.projet.blox.modele.pieces.ElementTest" time="0.001"/>
  <testcase name="testHashCodeInegalite(Element, Element)[2255]" classname="fr.eseo.e3.poo.projet.blox.modele.pieces.ElementTest" time="0.001"/>
  <testcase name="testHashCodeInegalite(Element, Element)[2256]" classname="fr.eseo.e3.poo.projet.blox.modele.pieces.ElementTest" time="0.0"/>
  <testcase name="testHashCodeInegalite(Element, Element)[2257]" classname="fr.eseo.e3.poo.projet.blox.modele.pieces.ElementTest" time="0.001"/>
  <testcase name="testHashCodeInegalite(Element, Element)[2258]" classname="fr.eseo.e3.poo.projet.blox.modele.pieces.ElementTest" time="0.001"/>
  <testcase name="testHashCodeInegalite(Element, Element)[2259]" classname="fr.eseo.e3.poo.projet.blox.modele.pieces.ElementTest" time="0.0"/>
  <testcase name="testHashCodeInegalite(Element, Element)[2260]" classname="fr.eseo.e3.poo.projet.blox.modele.pieces.ElementTest" time="0.0"/>
  <testcase name="testHashCodeInegalite(Element, Element)[2261]" classname="fr.eseo.e3.poo.projet.blox.modele.pieces.ElementTest" time="0.0"/>
  <testcase name="testHashCodeInegalite(Element, Element)[2262]" classname="fr.eseo.e3.poo.projet.blox.modele.pieces.ElementTest" time="0.001"/>
  <testcase name="testHashCodeInegalite(Element, Element)[2263]" classname="fr.eseo.e3.poo.projet.blox.modele.pieces.ElementTest" time="0.0"/>
  <testcase name="testHashCodeInegalite(Element, Element)[2264]" classname="fr.eseo.e3.poo.projet.blox.modele.pieces.ElementTest" time="0.0"/>
  <testcase name="testHashCodeInegalite(Element, Element)[2265]" classname="fr.eseo.e3.poo.projet.blox.modele.pieces.ElementTest" time="0.0"/>
  <testcase name="testHashCodeInegalite(Element, Element)[2266]" classname="fr.eseo.e3.poo.projet.blox.modele.pieces.ElementTest" time="0.0"/>
  <testcase name="testHashCodeInegalite(Element, Element)[2267]" classname="fr.eseo.e3.poo.projet.blox.modele.pieces.ElementTest" time="0.001"/>
  <testcase name="testHashCodeInegalite(Element, Element)[2268]" classname="fr.eseo.e3.poo.projet.blox.modele.pieces.ElementTest" time="0.0"/>
  <testcase name="testHashCodeInegalite(Element, Element)[2269]" classname="fr.eseo.e3.poo.projet.blox.modele.pieces.ElementTest" time="0.0"/>
  <testcase name="testHashCodeInegalite(Element, Element)[2270]" classname="fr.eseo.e3.poo.projet.blox.modele.pieces.ElementTest" time="0.0"/>
  <testcase name="testHashCodeInegalite(Element, Element)[2271]" classname="fr.eseo.e3.poo.projet.blox.modele.pieces.ElementTest" time="0.0"/>
  <testcase name="testHashCodeInegalite(Element, Element)[2272]" classname="fr.eseo.e3.poo.projet.blox.modele.pieces.ElementTest" time="0.0"/>
  <testcase name="testHashCodeInegalite(Element, Element)[2273]" classname="fr.eseo.e3.poo.projet.blox.modele.pieces.ElementTest" time="0.001"/>
  <testcase name="testHashCodeInegalite(Element, Element)[2274]" classname="fr.eseo.e3.poo.projet.blox.modele.pieces.ElementTest" time="0.0"/>
  <testcase name="testHashCodeInegalite(Element, Element)[2275]" classname="fr.eseo.e3.poo.projet.blox.modele.pieces.ElementTest" time="0.0"/>
  <testcase name="testHashCodeInegalite(Element, Element)[2276]" classname="fr.eseo.e3.poo.projet.blox.modele.pieces.ElementTest" time="0.0"/>
  <testcase name="testHashCodeInegalite(Element, Element)[2277]" classname="fr.eseo.e3.poo.projet.blox.modele.pieces.ElementTest" time="0.0"/>
  <testcase name="testHashCodeInegalite(Element, Element)[2278]" classname="fr.eseo.e3.poo.projet.blox.modele.pieces.ElementTest" time="0.0"/>
  <testcase name="testHashCodeInegalite(Element, Element)[2279]" classname="fr.eseo.e3.poo.projet.blox.modele.pieces.ElementTest" time="0.0"/>
  <testcase name="testHashCodeInegalite(Element, Element)[2280]" classname="fr.eseo.e3.poo.projet.blox.modele.pieces.ElementTest" time="0.0"/>
  <testcase name="testHashCodeInegalite(Element, Element)[2281]" classname="fr.eseo.e3.poo.projet.blox.modele.pieces.ElementTest" time="0.001"/>
  <testcase name="testHashCodeInegalite(Element, Element)[2282]" classname="fr.eseo.e3.poo.projet.blox.modele.pieces.ElementTest" time="0.0"/>
  <testcase name="testHashCodeInegalite(Element, Element)[2283]" classname="fr.eseo.e3.poo.projet.blox.modele.pieces.ElementTest" time="0.0"/>
  <testcase name="testHashCodeInegalite(Element, Element)[2284]" classname="fr.eseo.e3.poo.projet.blox.modele.pieces.ElementTest" time="0.0"/>
  <testcase name="testHashCodeInegalite(Element, Element)[2285]" classname="fr.eseo.e3.poo.projet.blox.modele.pieces.ElementTest" time="0.0"/>
  <testcase name="testHashCodeInegalite(Element, Element)[2286]" classname="fr.eseo.e3.poo.projet.blox.modele.pieces.ElementTest" time="0.0"/>
  <testcase name="testHashCodeInegalite(Element, Element)[2287]" classname="fr.eseo.e3.poo.projet.blox.modele.pieces.ElementTest" time="0.0"/>
  <testcase name="testHashCodeInegalite(Element, Element)[2288]" classname="fr.eseo.e3.poo.projet.blox.modele.pieces.ElementTest" time="0.0"/>
  <testcase name="testHashCodeInegalite(Element, Element)[2289]" classname="fr.eseo.e3.poo.projet.blox.modele.pieces.ElementTest" time="0.001"/>
  <testcase name="testHashCodeInegalite(Element, Element)[2290]" classname="fr.eseo.e3.poo.projet.blox.modele.pieces.ElementTest" time="0.0"/>
  <testcase name="testHashCodeInegalite(Element, Element)[2291]" classname="fr.eseo.e3.poo.projet.blox.modele.pieces.ElementTest" time="0.0"/>
  <testcase name="testHashCodeInegalite(Element, Element)[2292]" classname="fr.eseo.e3.poo.projet.blox.modele.pieces.ElementTest" time="0.001"/>
  <testcase name="testHashCodeInegalite(Element, Element)[2293]" classname="fr.eseo.e3.poo.projet.blox.modele.pieces.ElementTest" time="0.001"/>
  <testcase name="testHashCodeInegalite(Element, Element)[2294]" classname="fr.eseo.e3.poo.projet.blox.modele.pieces.ElementTest" time="0.0"/>
  <testcase name="testHashCodeInegalite(Element, Element)[2295]" classname="fr.eseo.e3.poo.projet.blox.modele.pieces.ElementTest" time="0.0"/>
  <testcase name="testHashCodeInegalite(Element, Element)[2296]" classname="fr.eseo.e3.poo.projet.blox.modele.pieces.ElementTest" time="0.001"/>
  <testcase name="testHashCodeInegalite(Element, Element)[2297]" classname="fr.eseo.e3.poo.projet.blox.modele.pieces.ElementTest" time="0.0"/>
  <testcase name="testHashCodeInegalite(Element, Element)[2298]" classname="fr.eseo.e3.poo.projet.blox.modele.pieces.ElementTest" time="0.0"/>
  <testcase name="testHashCodeInegalite(Element, Element)[2299]" classname="fr.eseo.e3.poo.projet.blox.modele.pieces.ElementTest" time="0.0"/>
  <testcase name="testHashCodeInegalite(Element, Element)[2300]" classname="fr.eseo.e3.poo.projet.blox.modele.pieces.ElementTest" time="0.001"/>
  <testcase name="testHashCodeInegalite(Element, Element)[2301]" classname="fr.eseo.e3.poo.projet.blox.modele.pieces.ElementTest" time="0.0"/>
  <testcase name="testHashCodeInegalite(Element, Element)[2302]" classname="fr.eseo.e3.poo.projet.blox.modele.pieces.ElementTest" time="0.0"/>
  <testcase name="testHashCodeInegalite(Element, Element)[2303]" classname="fr.eseo.e3.poo.projet.blox.modele.pieces.ElementTest" time="0.001"/>
  <testcase name="testHashCodeInegalite(Element, Element)[2304]" classname="fr.eseo.e3.poo.projet.blox.modele.pieces.ElementTest" time="0.0"/>
  <testcase name="testHashCodeInegalite(Element, Element)[2305]" classname="fr.eseo.e3.poo.projet.blox.modele.pieces.ElementTest" time="0.0"/>
  <testcase name="testHashCodeInegalite(Element, Element)[2306]" classname="fr.eseo.e3.poo.projet.blox.modele.pieces.ElementTest" time="0.0"/>
  <testcase name="testHashCodeInegalite(Element, Element)[2307]" classname="fr.eseo.e3.poo.projet.blox.modele.pieces.ElementTest" time="0.001"/>
  <testcase name="testHashCodeInegalite(Element, Element)[2308]" classname="fr.eseo.e3.poo.projet.blox.modele.pieces.ElementTest" time="0.0"/>
  <testcase name="testHashCodeInegalite(Element, Element)[2309]" classname="fr.eseo.e3.poo.projet.blox.modele.pieces.ElementTest" time="0.0"/>
  <testcase name="testHashCodeInegalite(Element, Element)[2310]" classname="fr.eseo.e3.poo.projet.blox.modele.pieces.ElementTest" time="0.001"/>
  <testcase name="testHashCodeInegalite(Element, Element)[2311]" classname="fr.eseo.e3.poo.projet.blox.modele.pieces.ElementTest" time="0.0"/>
  <testcase name="testHashCodeInegalite(Element, Element)[2312]" classname="fr.eseo.e3.poo.projet.blox.modele.pieces.ElementTest" time="0.0"/>
  <testcase name="testHashCodeInegalite(Element, Element)[2313]" classname="fr.eseo.e3.poo.projet.blox.modele.pieces.ElementTest" time="0.0"/>
  <testcase name="testHashCodeInegalite(Element, Element)[2314]" classname="fr.eseo.e3.poo.projet.blox.modele.pieces.ElementTest" time="0.0"/>
  <testcase name="testHashCodeInegalite(Element, Element)[2315]" classname="fr.eseo.e3.poo.projet.blox.modele.pieces.ElementTest" time="0.001"/>
  <testcase name="testHashCodeInegalite(Element, Element)[2316]" classname="fr.eseo.e3.poo.projet.blox.modele.pieces.ElementTest" time="0.0"/>
  <testcase name="testHashCodeInegalite(Element, Element)[2317]" classname="fr.eseo.e3.poo.projet.blox.modele.pieces.ElementTest" time="0.001"/>
  <testcase name="testHashCodeInegalite(Element, Element)[2318]" classname="fr.eseo.e3.poo.projet.blox.modele.pieces.ElementTest" time="0.0"/>
  <testcase name="testHashCodeInegalite(Element, Element)[2319]" classname="fr.eseo.e3.poo.projet.blox.modele.pieces.ElementTest" time="0.0"/>
  <testcase name="testHashCodeInegalite(Element, Element)[2320]" classname="fr.eseo.e3.poo.projet.blox.modele.pieces.ElementTest" time="0.001"/>
  <testcase name="testHashCodeInegalite(Element, Element)[2321]" classname="fr.eseo.e3.poo.projet.blox.modele.pieces.ElementTest" time="0.0"/>
  <testcase name="testHashCodeInegalite(Element, Element)[2322]" classname="fr.eseo.e3.poo.projet.blox.modele.pieces.ElementTest" time="0.0"/>
  <testcase name="testHashCodeInegalite(Element, Element)[2323]" classname="fr.eseo.e3.poo.projet.blox.modele.pieces.ElementTest" time="0.0"/>
  <testcase name="testHashCodeInegalite(Element, Element)[2324]" classname="fr.eseo.e3.poo.projet.blox.modele.pieces.ElementTest" time="0.0"/>
  <testcase name="testHashCodeInegalite(Element, Element)[2325]" classname="fr.eseo.e3.poo.projet.blox.modele.pieces.ElementTest" time="0.0"/>
  <testcase name="testHashCodeInegalite(Element, Element)[2326]" classname="fr.eseo.e3.poo.projet.blox.modele.pieces.ElementTest" time="0.0"/>
  <testcase name="testHashCodeInegalite(Element, Element)[2327]" classname="fr.eseo.e3.poo.projet.blox.modele.pieces.ElementTest" time="0.0"/>
  <testcase name="testHashCodeInegalite(Element, Element)[2328]" classname="fr.eseo.e3.poo.projet.blox.modele.pieces.ElementTest" time="0.0"/>
  <testcase name="testHashCodeInegalite(Element, Element)[2329]" classname="fr.eseo.e3.poo.projet.blox.modele.pieces.ElementTest" time="0.0"/>
  <testcase name="testHashCodeInegalite(Element, Element)[2330]" classname="fr.eseo.e3.poo.projet.blox.modele.pieces.ElementTest" time="0.0"/>
  <testcase name="testHashCodeInegalite(Element, Element)[2331]" classname="fr.eseo.e3.poo.projet.blox.modele.pieces.ElementTest" time="0.0"/>
  <testcase name="testHashCodeInegalite(Element, Element)[2332]" classname="fr.eseo.e3.poo.projet.blox.modele.pieces.ElementTest" time="0.0"/>
  <testcase name="testHashCodeInegalite(Element, Element)[2333]" classname="fr.eseo.e3.poo.projet.blox.modele.pieces.ElementTest" time="0.0"/>
  <testcase name="testHashCodeInegalite(Element, Element)[2334]" classname="fr.eseo.e3.poo.projet.blox.modele.pieces.ElementTest" time="0.0"/>
  <testcase name="testHashCodeInegalite(Element, Element)[2335]" classname="fr.eseo.e3.poo.projet.blox.modele.pieces.ElementTest" time="0.001"/>
  <testcase name="testHashCodeInegalite(Element, Element)[2336]" classname="fr.eseo.e3.poo.projet.blox.modele.pieces.ElementTest" time="0.0"/>
  <testcase name="testHashCodeInegalite(Element, Element)[2337]" classname="fr.eseo.e3.poo.projet.blox.modele.pieces.ElementTest" time="0.0"/>
  <testcase name="testHashCodeInegalite(Element, Element)[2338]" classname="fr.eseo.e3.poo.projet.blox.modele.pieces.ElementTest" time="0.0"/>
  <testcase name="testHashCodeInegalite(Element, Element)[2339]" classname="fr.eseo.e3.poo.projet.blox.modele.pieces.ElementTest" time="0.0"/>
  <testcase name="testHashCodeInegalite(Element, Element)[2340]" classname="fr.eseo.e3.poo.projet.blox.modele.pieces.ElementTest" time="0.001"/>
  <testcase name="testHashCodeInegalite(Element, Element)[2341]" classname="fr.eseo.e3.poo.projet.blox.modele.pieces.ElementTest" time="0.0"/>
  <testcase name="testHashCodeInegalite(Element, Element)[2342]" classname="fr.eseo.e3.poo.projet.blox.modele.pieces.ElementTest" time="0.0"/>
  <testcase name="testHashCodeInegalite(Element, Element)[2343]" classname="fr.eseo.e3.poo.projet.blox.modele.pieces.ElementTest" time="0.001"/>
  <testcase name="testHashCodeInegalite(Element, Element)[2344]" classname="fr.eseo.e3.poo.projet.blox.modele.pieces.ElementTest" time="0.0"/>
  <testcase name="testHashCodeInegalite(Element, Element)[2345]" classname="fr.eseo.e3.poo.projet.blox.modele.pieces.ElementTest" time="0.0"/>
  <testcase name="testHashCodeInegalite(Element, Element)[2346]" classname="fr.eseo.e3.poo.projet.blox.modele.pieces.ElementTest" time="0.0"/>
  <testcase name="testHashCodeInegalite(Element, Element)[2347]" classname="fr.eseo.e3.poo.projet.blox.modele.pieces.ElementTest" time="0.002"/>
  <testcase name="testHashCodeInegalite(Element, Element)[2348]" classname="fr.eseo.e3.poo.projet.blox.modele.pieces.ElementTest" time="0.0"/>
  <testcase name="testHashCodeInegalite(Element, Element)[2349]" classname="fr.eseo.e3.poo.projet.blox.modele.pieces.ElementTest" time="0.001"/>
  <testcase name="testHashCodeInegalite(Element, Element)[2350]" classname="fr.eseo.e3.poo.projet.blox.modele.pieces.ElementTest" time="0.0"/>
  <testcase name="testHashCodeInegalite(Element, Element)[2351]" classname="fr.eseo.e3.poo.projet.blox.modele.pieces.ElementTest" time="0.001"/>
  <testcase name="testHashCodeInegalite(Element, Element)[2352]" classname="fr.eseo.e3.poo.projet.blox.modele.pieces.ElementTest" time="0.0"/>
  <testcase name="testHashCodeInegalite(Element, Element)[2353]" classname="fr.eseo.e3.poo.projet.blox.modele.pieces.ElementTest" time="0.0"/>
  <testcase name="testHashCodeInegalite(Element, Element)[2354]" classname="fr.eseo.e3.poo.projet.blox.modele.pieces.ElementTest" time="0.0"/>
  <testcase name="testHashCodeInegalite(Element, Element)[2355]" classname="fr.eseo.e3.poo.projet.blox.modele.pieces.ElementTest" time="0.0"/>
  <testcase name="testHashCodeInegalite(Element, Element)[2356]" classname="fr.eseo.e3.poo.projet.blox.modele.pieces.ElementTest" time="0.0"/>
  <testcase name="testHashCodeInegalite(Element, Element)[2357]" classname="fr.eseo.e3.poo.projet.blox.modele.pieces.ElementTest" time="0.0"/>
  <testcase name="testHashCodeInegalite(Element, Element)[2358]" classname="fr.eseo.e3.poo.projet.blox.modele.pieces.ElementTest" time="0.0"/>
  <testcase name="testHashCodeInegalite(Element, Element)[2359]" classname="fr.eseo.e3.poo.projet.blox.modele.pieces.ElementTest" time="0.0"/>
  <testcase name="testHashCodeInegalite(Element, Element)[2360]" classname="fr.eseo.e3.poo.projet.blox.modele.pieces.ElementTest" time="0.0"/>
  <testcase name="testHashCodeInegalite(Element, Element)[2361]" classname="fr.eseo.e3.poo.projet.blox.modele.pieces.ElementTest" time="0.001"/>
  <testcase name="testHashCodeInegalite(Element, Element)[2362]" classname="fr.eseo.e3.poo.projet.blox.modele.pieces.ElementTest" time="0.0"/>
  <testcase name="testHashCodeInegalite(Element, Element)[2363]" classname="fr.eseo.e3.poo.projet.blox.modele.pieces.ElementTest" time="0.001"/>
  <testcase name="testHashCodeInegalite(Element, Element)[2364]" classname="fr.eseo.e3.poo.projet.blox.modele.pieces.ElementTest" time="0.0"/>
  <testcase name="testHashCodeInegalite(Element, Element)[2365]" classname="fr.eseo.e3.poo.projet.blox.modele.pieces.ElementTest" time="0.0"/>
  <testcase name="testHashCodeInegalite(Element, Element)[2366]" classname="fr.eseo.e3.poo.projet.blox.modele.pieces.ElementTest" time="0.0"/>
  <testcase name="testHashCodeInegalite(Element, Element)[2367]" classname="fr.eseo.e3.poo.projet.blox.modele.pieces.ElementTest" time="0.0"/>
  <testcase name="testHashCodeInegalite(Element, Element)[2368]" classname="fr.eseo.e3.poo.projet.blox.modele.pieces.ElementTest" time="0.0"/>
  <testcase name="testHashCodeInegalite(Element, Element)[2369]" classname="fr.eseo.e3.poo.projet.blox.modele.pieces.ElementTest" time="0.0"/>
  <testcase name="testHashCodeInegalite(Element, Element)[2370]" classname="fr.eseo.e3.poo.projet.blox.modele.pieces.ElementTest" time="0.0"/>
  <testcase name="testHashCodeInegalite(Element, Element)[2371]" classname="fr.eseo.e3.poo.projet.blox.modele.pieces.ElementTest" time="0.0"/>
  <testcase name="testHashCodeInegalite(Element, Element)[2372]" classname="fr.eseo.e3.poo.projet.blox.modele.pieces.ElementTest" time="0.0"/>
  <testcase name="testHashCodeInegalite(Element, Element)[2373]" classname="fr.eseo.e3.poo.projet.blox.modele.pieces.ElementTest" time="0.001"/>
  <testcase name="testHashCodeInegalite(Element, Element)[2374]" classname="fr.eseo.e3.poo.projet.blox.modele.pieces.ElementTest" time="0.0"/>
  <testcase name="testHashCodeInegalite(Element, Element)[2375]" classname="fr.eseo.e3.poo.projet.blox.modele.pieces.ElementTest" time="0.0"/>
  <testcase name="testHashCodeInegalite(Element, Element)[2376]" classname="fr.eseo.e3.poo.projet.blox.modele.pieces.ElementTest" time="0.001"/>
  <testcase name="testHashCodeInegalite(Element, Element)[2377]" classname="fr.eseo.e3.poo.projet.blox.modele.pieces.ElementTest" time="0.0"/>
  <testcase name="testHashCodeInegalite(Element, Element)[2378]" classname="fr.eseo.e3.poo.projet.blox.modele.pieces.ElementTest" time="0.0"/>
  <testcase name="testHashCodeInegalite(Element, Element)[2379]" classname="fr.eseo.e3.poo.projet.blox.modele.pieces.ElementTest" time="0.0"/>
  <testcase name="testHashCodeInegalite(Element, Element)[2380]" classname="fr.eseo.e3.poo.projet.blox.modele.pieces.ElementTest" time="0.0"/>
  <testcase name="testHashCodeInegalite(Element, Element)[2381]" classname="fr.eseo.e3.poo.projet.blox.modele.pieces.ElementTest" time="0.0"/>
  <testcase name="testHashCodeInegalite(Element, Element)[2382]" classname="fr.eseo.e3.poo.projet.blox.modele.pieces.ElementTest" time="0.0"/>
  <testcase name="testHashCodeInegalite(Element, Element)[2383]" classname="fr.eseo.e3.poo.projet.blox.modele.pieces.ElementTest" time="0.0"/>
  <testcase name="testHashCodeInegalite(Element, Element)[2384]" classname="fr.eseo.e3.poo.projet.blox.modele.pieces.ElementTest" time="0.0"/>
  <testcase name="testHashCodeInegalite(Element, Element)[2385]" classname="fr.eseo.e3.poo.projet.blox.modele.pieces.ElementTest" time="0.0"/>
  <testcase name="testHashCodeInegalite(Element, Element)[2386]" classname="fr.eseo.e3.poo.projet.blox.modele.pieces.ElementTest" time="0.0"/>
  <testcase name="testHashCodeInegalite(Element, Element)[2387]" classname="fr.eseo.e3.poo.projet.blox.modele.pieces.ElementTest" time="0.001"/>
  <testcase name="testHashCodeInegalite(Element, Element)[2388]" classname="fr.eseo.e3.poo.projet.blox.modele.pieces.ElementTest" time="0.0"/>
  <testcase name="testHashCodeInegalite(Element, Element)[2389]" classname="fr.eseo.e3.poo.projet.blox.modele.pieces.ElementTest" time="0.0"/>
  <testcase name="testHashCodeInegalite(Element, Element)[2390]" classname="fr.eseo.e3.poo.projet.blox.modele.pieces.ElementTest" time="0.001"/>
  <testcase name="testHashCodeInegalite(Element, Element)[2391]" classname="fr.eseo.e3.poo.projet.blox.modele.pieces.ElementTest" time="0.0"/>
  <testcase name="testHashCodeInegalite(Element, Element)[2392]" classname="fr.eseo.e3.poo.projet.blox.modele.pieces.ElementTest" time="0.0"/>
  <testcase name="testHashCodeInegalite(Element, Element)[2393]" classname="fr.eseo.e3.poo.projet.blox.modele.pieces.ElementTest" time="0.0"/>
  <testcase name="testHashCodeInegalite(Element, Element)[2394]" classname="fr.eseo.e3.poo.projet.blox.modele.pieces.ElementTest" time="0.0"/>
  <testcase name="testHashCodeInegalite(Element, Element)[2395]" classname="fr.eseo.e3.poo.projet.blox.modele.pieces.ElementTest" time="0.0"/>
  <testcase name="testHashCodeInegalite(Element, Element)[2396]" classname="fr.eseo.e3.poo.projet.blox.modele.pieces.ElementTest" time="0.0"/>
  <testcase name="testHashCodeInegalite(Element, Element)[2397]" classname="fr.eseo.e3.poo.projet.blox.modele.pieces.ElementTest" time="0.0"/>
  <testcase name="testHashCodeInegalite(Element, Element)[2398]" classname="fr.eseo.e3.poo.projet.blox.modele.pieces.ElementTest" time="0.0"/>
  <testcase name="testHashCodeInegalite(Element, Element)[2399]" classname="fr.eseo.e3.poo.projet.blox.modele.pieces.ElementTest" time="0.0"/>
  <testcase name="testHashCodeInegalite(Element, Element)[2400]" classname="fr.eseo.e3.poo.projet.blox.modele.pieces.ElementTest" time="0.001"/>
  <testcase name="testHashCodeInegalite(Element, Element)[2401]" classname="fr.eseo.e3.poo.projet.blox.modele.pieces.ElementTest" time="0.0"/>
  <testcase name="testHashCodeInegalite(Element, Element)[2402]" classname="fr.eseo.e3.poo.projet.blox.modele.pieces.ElementTest" time="0.0"/>
  <testcase name="testHashCodeInegalite(Element, Element)[2403]" classname="fr.eseo.e3.poo.projet.blox.modele.pieces.ElementTest" time="0.001"/>
  <testcase name="testHashCodeInegalite(Element, Element)[2404]" classname="fr.eseo.e3.poo.projet.blox.modele.pieces.ElementTest" time="0.0"/>
  <testcase name="testHashCodeInegalite(Element, Element)[2405]" classname="fr.eseo.e3.poo.projet.blox.modele.pieces.ElementTest" time="0.0"/>
  <testcase name="testHashCodeInegalite(Element, Element)[2406]" classname="fr.eseo.e3.poo.projet.blox.modele.pieces.ElementTest" time="0.001"/>
  <testcase name="testHashCodeInegalite(Element, Element)[2407]" classname="fr.eseo.e3.poo.projet.blox.modele.pieces.ElementTest" time="0.0"/>
  <testcase name="testHashCodeInegalite(Element, Element)[2408]" classname="fr.eseo.e3.poo.projet.blox.modele.pieces.ElementTest" time="0.0"/>
  <testcase name="testHashCodeInegalite(Element, Element)[2409]" classname="fr.eseo.e3.poo.projet.blox.modele.pieces.ElementTest" time="0.0"/>
  <testcase name="testHashCodeInegalite(Element, Element)[2410]" classname="fr.eseo.e3.poo.projet.blox.modele.pieces.ElementTest" time="0.001"/>
  <testcase name="testHashCodeInegalite(Element, Element)[2411]" classname="fr.eseo.e3.poo.projet.blox.modele.pieces.ElementTest" time="0.0"/>
  <testcase name="testHashCodeInegalite(Element, Element)[2412]" classname="fr.eseo.e3.poo.projet.blox.modele.pieces.ElementTest" time="0.0"/>
  <testcase name="testHashCodeInegalite(Element, Element)[2413]" classname="fr.eseo.e3.poo.projet.blox.modele.pieces.ElementTest" time="0.001"/>
  <testcase name="testHashCodeInegalite(Element, Element)[2414]" classname="fr.eseo.e3.poo.projet.blox.modele.pieces.ElementTest" time="0.001"/>
  <testcase name="testHashCodeInegalite(Element, Element)[2415]" classname="fr.eseo.e3.poo.projet.blox.modele.pieces.ElementTest" time="0.0"/>
  <testcase name="testHashCodeInegalite(Element, Element)[2416]" classname="fr.eseo.e3.poo.projet.blox.modele.pieces.ElementTest" time="0.001"/>
  <testcase name="testHashCodeInegalite(Element, Element)[2417]" classname="fr.eseo.e3.poo.projet.blox.modele.pieces.ElementTest" time="0.0"/>
  <testcase name="testHashCodeInegalite(Element, Element)[2418]" classname="fr.eseo.e3.poo.projet.blox.modele.pieces.ElementTest" time="0.0"/>
  <testcase name="testHashCodeInegalite(Element, Element)[2419]" classname="fr.eseo.e3.poo.projet.blox.modele.pieces.ElementTest" time="0.001"/>
  <testcase name="testHashCodeInegalite(Element, Element)[2420]" classname="fr.eseo.e3.poo.projet.blox.modele.pieces.ElementTest" time="0.0"/>
  <testcase name="testHashCodeInegalite(Element, Element)[2421]" classname="fr.eseo.e3.poo.projet.blox.modele.pieces.ElementTest" time="0.0"/>
  <testcase name="testHashCodeInegalite(Element, Element)[2422]" classname="fr.eseo.e3.poo.projet.blox.modele.pieces.ElementTest" time="0.001"/>
  <testcase name="testHashCodeInegalite(Element, Element)[2423]" classname="fr.eseo.e3.poo.projet.blox.modele.pieces.ElementTest" time="0.0"/>
  <testcase name="testHashCodeInegalite(Element, Element)[2424]" classname="fr.eseo.e3.poo.projet.blox.modele.pieces.ElementTest" time="0.0"/>
  <testcase name="testHashCodeInegalite(Element, Element)[2425]" classname="fr.eseo.e3.poo.projet.blox.modele.pieces.ElementTest" time="0.001"/>
  <testcase name="testHashCodeInegalite(Element, Element)[2426]" classname="fr.eseo.e3.poo.projet.blox.modele.pieces.ElementTest" time="0.0"/>
  <testcase name="testHashCodeInegalite(Element, Element)[2427]" classname="fr.eseo.e3.poo.projet.blox.modele.pieces.ElementTest" time="0.0"/>
  <testcase name="testHashCodeInegalite(Element, Element)[2428]" classname="fr.eseo.e3.poo.projet.blox.modele.pieces.ElementTest" time="0.001"/>
  <testcase name="testHashCodeInegalite(Element, Element)[2429]" classname="fr.eseo.e3.poo.projet.blox.modele.pieces.ElementTest" time="0.0"/>
  <testcase name="testHashCodeInegalite(Element, Element)[2430]" classname="fr.eseo.e3.poo.projet.blox.modele.pieces.ElementTest" time="0.0"/>
  <testcase name="testHashCodeInegalite(Element, Element)[2431]" classname="fr.eseo.e3.poo.projet.blox.modele.pieces.ElementTest" time="0.0"/>
  <testcase name="testHashCodeInegalite(Element, Element)[2432]" classname="fr.eseo.e3.poo.projet.blox.modele.pieces.ElementTest" time="0.001"/>
  <testcase name="testHashCodeInegalite(Element, Element)[2433]" classname="fr.eseo.e3.poo.projet.blox.modele.pieces.ElementTest" time="0.0"/>
  <testcase name="testHashCodeInegalite(Element, Element)[2434]" classname="fr.eseo.e3.poo.projet.blox.modele.pieces.ElementTest" time="0.0"/>
  <testcase name="testHashCodeInegalite(Element, Element)[2435]" classname="fr.eseo.e3.poo.projet.blox.modele.pieces.ElementTest" time="0.0"/>
  <testcase name="testHashCodeInegalite(Element, Element)[2436]" classname="fr.eseo.e3.poo.projet.blox.modele.pieces.ElementTest" time="0.0"/>
  <testcase name="testHashCodeInegalite(Element, Element)[2437]" classname="fr.eseo.e3.poo.projet.blox.modele.pieces.ElementTest" time="0.001"/>
  <testcase name="testHashCodeInegalite(Element, Element)[2438]" classname="fr.eseo.e3.poo.projet.blox.modele.pieces.ElementTest" time="0.0"/>
  <testcase name="testHashCodeInegalite(Element, Element)[2439]" classname="fr.eseo.e3.poo.projet.blox.modele.pieces.ElementTest" time="0.0"/>
  <testcase name="testHashCodeInegalite(Element, Element)[2440]" classname="fr.eseo.e3.poo.projet.blox.modele.pieces.ElementTest" time="0.0"/>
  <testcase name="testHashCodeInegalite(Element, Element)[2441]" classname="fr.eseo.e3.poo.projet.blox.modele.pieces.ElementTest" time="0.0"/>
  <testcase name="testHashCodeInegalite(Element, Element)[2442]" classname="fr.eseo.e3.poo.projet.blox.modele.pieces.ElementTest" time="0.001"/>
  <testcase name="testHashCodeInegalite(Element, Element)[2443]" classname="fr.eseo.e3.poo.projet.blox.modele.pieces.ElementTest" time="0.0"/>
  <testcase name="testHashCodeInegalite(Element, Element)[2444]" classname="fr.eseo.e3.poo.projet.blox.modele.pieces.ElementTest" time="0.0"/>
  <testcase name="testHashCodeInegalite(Element, Element)[2445]" classname="fr.eseo.e3.poo.projet.blox.modele.pieces.ElementTest" time="0.0"/>
  <testcase name="testHashCodeInegalite(Element, Element)[2446]" classname="fr.eseo.e3.poo.projet.blox.modele.pieces.ElementTest" time="0.001"/>
  <testcase name="testHashCodeInegalite(Element, Element)[2447]" classname="fr.eseo.e3.poo.projet.blox.modele.pieces.ElementTest" time="0.0"/>
  <testcase name="testHashCodeInegalite(Element, Element)[2448]" classname="fr.eseo.e3.poo.projet.blox.modele.pieces.ElementTest" time="0.0"/>
  <testcase name="testHashCodeInegalite(Element, Element)[2449]" classname="fr.eseo.e3.poo.projet.blox.modele.pieces.ElementTest" time="0.001"/>
  <testcase name="testHashCodeInegalite(Element, Element)[2450]" classname="fr.eseo.e3.poo.projet.blox.modele.pieces.ElementTest" time="0.0"/>
  <testcase name="testHashCodeInegalite(Element, Element)[2451]" classname="fr.eseo.e3.poo.projet.blox.modele.pieces.ElementTest" time="0.001"/>
  <testcase name="testHashCodeInegalite(Element, Element)[2452]" classname="fr.eseo.e3.poo.projet.blox.modele.pieces.ElementTest" time="0.0"/>
  <testcase name="testHashCodeInegalite(Element, Element)[2453]" classname="fr.eseo.e3.poo.projet.blox.modele.pieces.ElementTest" time="0.0"/>
  <testcase name="testHashCodeInegalite(Element, Element)[2454]" classname="fr.eseo.e3.poo.projet.blox.modele.pieces.ElementTest" time="0.001"/>
  <testcase name="testHashCodeInegalite(Element, Element)[2455]" classname="fr.eseo.e3.poo.projet.blox.modele.pieces.ElementTest" time="0.0"/>
  <testcase name="testHashCodeInegalite(Element, Element)[2456]" classname="fr.eseo.e3.poo.projet.blox.modele.pieces.ElementTest" time="0.0"/>
  <testcase name="testHashCodeInegalite(Element, Element)[2457]" classname="fr.eseo.e3.poo.projet.blox.modele.pieces.ElementTest" time="0.0"/>
  <testcase name="testHashCodeInegalite(Element, Element)[2458]" classname="fr.eseo.e3.poo.projet.blox.modele.pieces.ElementTest" time="0.0"/>
  <testcase name="testHashCodeInegalite(Element, Element)[2459]" classname="fr.eseo.e3.poo.projet.blox.modele.pieces.ElementTest" time="0.0"/>
  <testcase name="testHashCodeInegalite(Element, Element)[2460]" classname="fr.eseo.e3.poo.projet.blox.modele.pieces.ElementTest" time="0.0"/>
  <testcase name="testHashCodeInegalite(Element, Element)[2461]" classname="fr.eseo.e3.poo.projet.blox.modele.pieces.ElementTest" time="0.0"/>
  <testcase name="testHashCodeInegalite(Element, Element)[2462]" classname="fr.eseo.e3.poo.projet.blox.modele.pieces.ElementTest" time="0.001"/>
  <testcase name="testHashCodeInegalite(Element, Element)[2463]" classname="fr.eseo.e3.poo.projet.blox.modele.pieces.ElementTest" time="0.0"/>
  <testcase name="testHashCodeInegalite(Element, Element)[2464]" classname="fr.eseo.e3.poo.projet.blox.modele.pieces.ElementTest" time="0.0"/>
  <testcase name="testHashCodeInegalite(Element, Element)[2465]" classname="fr.eseo.e3.poo.projet.blox.modele.pieces.ElementTest" time="0.0"/>
  <testcase name="testHashCodeInegalite(Element, Element)[2466]" classname="fr.eseo.e3.poo.projet.blox.modele.pieces.ElementTest" time="0.0"/>
  <testcase name="testHashCodeInegalite(Element, Element)[2467]" classname="fr.eseo.e3.poo.projet.blox.modele.pieces.ElementTest" time="0.0"/>
  <testcase name="testHashCodeInegalite(Element, Element)[2468]" classname="fr.eseo.e3.poo.projet.blox.modele.pieces.ElementTest" time="0.0"/>
  <testcase name="testHashCodeInegalite(Element, Element)[2469]" classname="fr.eseo.e3.poo.projet.blox.modele.pieces.ElementTest" time="0.0"/>
  <testcase name="testHashCodeInegalite(Element, Element)[2470]" classname="fr.eseo.e3.poo.projet.blox.modele.pieces.ElementTest" time="0.0"/>
  <testcase name="testHashCodeInegalite(Element, Element)[2471]" classname="fr.eseo.e3.poo.projet.blox.modele.pieces.ElementTest" time="0.0"/>
  <testcase name="testHashCodeInegalite(Element, Element)[2472]" classname="fr.eseo.e3.poo.projet.blox.modele.pieces.ElementTest" time="0.0"/>
  <testcase name="testHashCodeInegalite(Element, Element)[2473]" classname="fr.eseo.e3.poo.projet.blox.modele.pieces.ElementTest" time="0.0"/>
  <testcase name="testHashCodeInegalite(Element, Element)[2474]" classname="fr.eseo.e3.poo.projet.blox.modele.pieces.ElementTest" time="0.0"/>
  <testcase name="testHashCodeInegalite(Element, Element)[2475]" classname="fr.eseo.e3.poo.projet.blox.modele.pieces.ElementTest" time="0.001"/>
  <testcase name="testHashCodeInegalite(Element, Element)[2476]" classname="fr.eseo.e3.poo.projet.blox.modele.pieces.ElementTest" time="0.0"/>
  <testcase name="testHashCodeInegalite(Element, Element)[2477]" classname="fr.eseo.e3.poo.projet.blox.modele.pieces.ElementTest" time="0.0"/>
  <testcase name="testHashCodeInegalite(Element, Element)[2478]" classname="fr.eseo.e3.poo.projet.blox.modele.pieces.ElementTest" time="0.001"/>
  <testcase name="testHashCodeInegalite(Element, Element)[2479]" classname="fr.eseo.e3.poo.projet.blox.modele.pieces.ElementTest" time="0.0"/>
  <testcase name="testHashCodeInegalite(Element, Element)[2480]" classname="fr.eseo.e3.poo.projet.blox.modele.pieces.ElementTest" time="0.0"/>
  <testcase name="testHashCodeInegalite(Element, Element)[2481]" classname="fr.eseo.e3.poo.projet.blox.modele.pieces.ElementTest" time="0.001"/>
  <testcase name="testHashCodeInegalite(Element, Element)[2482]" classname="fr.eseo.e3.poo.projet.blox.modele.pieces.ElementTest" time="0.0"/>
  <testcase name="testHashCodeInegalite(Element, Element)[2483]" classname="fr.eseo.e3.poo.projet.blox.modele.pieces.ElementTest" time="0.0"/>
  <testcase name="testHashCodeInegalite(Element, Element)[2484]" classname="fr.eseo.e3.poo.projet.blox.modele.pieces.ElementTest" time="0.0"/>
  <testcase name="testHashCodeInegalite(Element, Element)[2485]" classname="fr.eseo.e3.poo.projet.blox.modele.pieces.ElementTest" time="0.0"/>
  <testcase name="testHashCodeInegalite(Element, Element)[2486]" classname="fr.eseo.e3.poo.projet.blox.modele.pieces.ElementTest" time="0.0"/>
  <testcase name="testHashCodeInegalite(Element, Element)[2487]" classname="fr.eseo.e3.poo.projet.blox.modele.pieces.ElementTest" time="0.001"/>
  <testcase name="testHashCodeInegalite(Element, Element)[2488]" classname="fr.eseo.e3.poo.projet.blox.modele.pieces.ElementTest" time="0.0"/>
  <testcase name="testHashCodeInegalite(Element, Element)[2489]" classname="fr.eseo.e3.poo.projet.blox.modele.pieces.ElementTest" time="0.001"/>
  <testcase name="testHashCodeInegalite(Element, Element)[2490]" classname="fr.eseo.e3.poo.projet.blox.modele.pieces.ElementTest" time="0.0"/>
  <testcase name="testHashCodeInegalite(Element, Element)[2491]" classname="fr.eseo.e3.poo.projet.blox.modele.pieces.ElementTest" time="0.0"/>
  <testcase name="testHashCodeInegalite(Element, Element)[2492]" classname="fr.eseo.e3.poo.projet.blox.modele.pieces.ElementTest" time="0.0"/>
  <testcase name="testHashCodeInegalite(Element, Element)[2493]" classname="fr.eseo.e3.poo.projet.blox.modele.pieces.ElementTest" time="0.001"/>
  <testcase name="testHashCodeInegalite(Element, Element)[2494]" classname="fr.eseo.e3.poo.projet.blox.modele.pieces.ElementTest" time="0.0"/>
  <testcase name="testHashCodeInegalite(Element, Element)[2495]" classname="fr.eseo.e3.poo.projet.blox.modele.pieces.ElementTest" time="0.0"/>
  <testcase name="testHashCodeInegalite(Element, Element)[2496]" classname="fr.eseo.e3.poo.projet.blox.modele.pieces.ElementTest" time="0.001"/>
  <testcase name="testHashCodeInegalite(Element, Element)[2497]" classname="fr.eseo.e3.poo.projet.blox.modele.pieces.ElementTest" time="0.0"/>
  <testcase name="testHashCodeInegalite(Element, Element)[2498]" classname="fr.eseo.e3.poo.projet.blox.modele.pieces.ElementTest" time="0.0"/>
  <testcase name="testHashCodeInegalite(Element, Element)[2499]" classname="fr.eseo.e3.poo.projet.blox.modele.pieces.ElementTest" time="0.0"/>
  <testcase name="testHashCodeInegalite(Element, Element)[2500]" classname="fr.eseo.e3.poo.projet.blox.modele.pieces.ElementTest" time="0.0"/>
  <testcase name="testHashCodeInegalite(Element, Element)[2501]" classname="fr.eseo.e3.poo.projet.blox.modele.pieces.ElementTest" time="0.0"/>
  <testcase name="testHashCodeInegalite(Element, Element)[2502]" classname="fr.eseo.e3.poo.projet.blox.modele.pieces.ElementTest" time="0.0"/>
  <testcase name="testHashCodeInegalite(Element, Element)[2503]" classname="fr.eseo.e3.poo.projet.blox.modele.pieces.ElementTest" time="0.0"/>
  <testcase name="testHashCodeInegalite(Element, Element)[2504]" classname="fr.eseo.e3.poo.projet.blox.modele.pieces.ElementTest" time="0.0"/>
  <testcase name="testHashCodeInegalite(Element, Element)[2505]" classname="fr.eseo.e3.poo.projet.blox.modele.pieces.ElementTest" time="0.0"/>
  <testcase name="testHashCodeInegalite(Element, Element)[2506]" classname="fr.eseo.e3.poo.projet.blox.modele.pieces.ElementTest" time="0.001"/>
  <testcase name="testHashCodeInegalite(Element, Element)[2507]" classname="fr.eseo.e3.poo.projet.blox.modele.pieces.ElementTest" time="0.0"/>
  <testcase name="testHashCodeInegalite(Element, Element)[2508]" classname="fr.eseo.e3.poo.projet.blox.modele.pieces.ElementTest" time="0.0"/>
  <testcase name="testHashCodeInegalite(Element, Element)[2509]" classname="fr.eseo.e3.poo.projet.blox.modele.pieces.ElementTest" time="0.0"/>
  <testcase name="testHashCodeInegalite(Element, Element)[2510]" classname="fr.eseo.e3.poo.projet.blox.modele.pieces.ElementTest" time="0.001"/>
  <testcase name="testHashCodeInegalite(Element, Element)[2511]" classname="fr.eseo.e3.poo.projet.blox.modele.pieces.ElementTest" time="0.0"/>
  <testcase name="testHashCodeInegalite(Element, Element)[2512]" classname="fr.eseo.e3.poo.projet.blox.modele.pieces.ElementTest" time="0.0"/>
  <testcase name="testHashCodeInegalite(Element, Element)[2513]" classname="fr.eseo.e3.poo.projet.blox.modele.pieces.ElementTest" time="0.0"/>
  <testcase name="testHashCodeInegalite(Element, Element)[2514]" classname="fr.eseo.e3.poo.projet.blox.modele.pieces.ElementTest" time="0.0"/>
  <testcase name="testHashCodeInegalite(Element, Element)[2515]" classname="fr.eseo.e3.poo.projet.blox.modele.pieces.ElementTest" time="0.0"/>
  <testcase name="testHashCodeInegalite(Element, Element)[2516]" classname="fr.eseo.e3.poo.projet.blox.modele.pieces.ElementTest" time="0.001"/>
  <testcase name="testHashCodeInegalite(Element, Element)[2517]" classname="fr.eseo.e3.poo.projet.blox.modele.pieces.ElementTest" time="0.0"/>
  <testcase name="testHashCodeInegalite(Element, Element)[2518]" classname="fr.eseo.e3.poo.projet.blox.modele.pieces.ElementTest" time="0.0"/>
  <testcase name="testHashCodeInegalite(Element, Element)[2519]" classname="fr.eseo.e3.poo.projet.blox.modele.pieces.ElementTest" time="0.001"/>
  <testcase name="testHashCodeInegalite(Element, Element)[2520]" classname="fr.eseo.e3.poo.projet.blox.modele.pieces.ElementTest" time="0.0"/>
  <testcase name="testHashCodeInegalite(Element, Element)[2521]" classname="fr.eseo.e3.poo.projet.blox.modele.pieces.ElementTest" time="0.0"/>
  <testcase name="testHashCodeInegalite(Element, Element)[2522]" classname="fr.eseo.e3.poo.projet.blox.modele.pieces.ElementTest" time="0.001"/>
  <testcase name="testHashCodeInegalite(Element, Element)[2523]" classname="fr.eseo.e3.poo.projet.blox.modele.pieces.ElementTest" time="0.0"/>
  <testcase name="testHashCodeInegalite(Element, Element)[2524]" classname="fr.eseo.e3.poo.projet.blox.modele.pieces.ElementTest" time="0.0"/>
  <testcase name="testHashCodeInegalite(Element, Element)[2525]" classname="fr.eseo.e3.poo.projet.blox.modele.pieces.ElementTest" time="0.001"/>
  <testcase name="testHashCodeInegalite(Element, Element)[2526]" classname="fr.eseo.e3.poo.projet.blox.modele.pieces.ElementTest" time="0.0"/>
  <testcase name="testHashCodeInegalite(Element, Element)[2527]" classname="fr.eseo.e3.poo.projet.blox.modele.pieces.ElementTest" time="0.001"/>
  <testcase name="testHashCodeInegalite(Element, Element)[2528]" classname="fr.eseo.e3.poo.projet.blox.modele.pieces.ElementTest" time="0.0"/>
  <testcase name="testHashCodeInegalite(Element, Element)[2529]" classname="fr.eseo.e3.poo.projet.blox.modele.pieces.ElementTest" time="0.0"/>
  <testcase name="testHashCodeInegalite(Element, Element)[2530]" classname="fr.eseo.e3.poo.projet.blox.modele.pieces.ElementTest" time="0.001"/>
  <testcase name="testHashCodeInegalite(Element, Element)[2531]" classname="fr.eseo.e3.poo.projet.blox.modele.pieces.ElementTest" time="0.0"/>
  <testcase name="testHashCodeInegalite(Element, Element)[2532]" classname="fr.eseo.e3.poo.projet.blox.modele.pieces.ElementTest" time="0.0"/>
  <testcase name="testHashCodeInegalite(Element, Element)[2533]" classname="fr.eseo.e3.poo.projet.blox.modele.pieces.ElementTest" time="0.0"/>
  <testcase name="testHashCodeInegalite(Element, Element)[2534]" classname="fr.eseo.e3.poo.projet.blox.modele.pieces.ElementTest" time="0.0"/>
  <testcase name="testHashCodeInegalite(Element, Element)[2535]" classname="fr.eseo.e3.poo.projet.blox.modele.pieces.ElementTest" time="0.0"/>
  <testcase name="testHashCodeInegalite(Element, Element)[2536]" classname="fr.eseo.e3.poo.projet.blox.modele.pieces.ElementTest" time="0.0"/>
  <testcase name="testHashCodeInegalite(Element, Element)[2537]" classname="fr.eseo.e3.poo.projet.blox.modele.pieces.ElementTest" time="0.0"/>
  <testcase name="testHashCodeInegalite(Element, Element)[2538]" classname="fr.eseo.e3.poo.projet.blox.modele.pieces.ElementTest" time="0.0"/>
  <testcase name="testHashCodeInegalite(Element, Element)[2539]" classname="fr.eseo.e3.poo.projet.blox.modele.pieces.ElementTest" time="0.0"/>
  <testcase name="testHashCodeInegalite(Element, Element)[2540]" classname="fr.eseo.e3.poo.projet.blox.modele.pieces.ElementTest" time="0.0"/>
  <testcase name="testHashCodeInegalite(Element, Element)[2541]" classname="fr.eseo.e3.poo.projet.blox.modele.pieces.ElementTest" time="0.0"/>
  <testcase name="testHashCodeInegalite(Element, Element)[2542]" classname="fr.eseo.e3.poo.projet.blox.modele.pieces.ElementTest" time="0.0"/>
  <testcase name="testHashCodeInegalite(Element, Element)[2543]" classname="fr.eseo.e3.poo.projet.blox.modele.pieces.ElementTest" time="0.001"/>
  <testcase name="testHashCodeInegalite(Element, Element)[2544]" classname="fr.eseo.e3.poo.projet.blox.modele.pieces.ElementTest" time="0.0"/>
  <testcase name="testHashCodeInegalite(Element, Element)[2545]" classname="fr.eseo.e3.poo.projet.blox.modele.pieces.ElementTest" time="0.0"/>
  <testcase name="testHashCodeInegalite(Element, Element)[2546]" classname="fr.eseo.e3.poo.projet.blox.modele.pieces.ElementTest" time="0.0"/>
  <testcase name="testHashCodeInegalite(Element, Element)[2547]" classname="fr.eseo.e3.poo.projet.blox.modele.pieces.ElementTest" time="0.0"/>
  <testcase name="testHashCodeInegalite(Element, Element)[2548]" classname="fr.eseo.e3.poo.projet.blox.modele.pieces.ElementTest" time="0.0"/>
  <testcase name="testHashCodeInegalite(Element, Element)[2549]" classname="fr.eseo.e3.poo.projet.blox.modele.pieces.ElementTest" time="0.0"/>
  <testcase name="testHashCodeInegalite(Element, Element)[2550]" classname="fr.eseo.e3.poo.projet.blox.modele.pieces.ElementTest" time="0.001"/>
  <testcase name="testHashCodeInegalite(Element, Element)[2551]" classname="fr.eseo.e3.poo.projet.blox.modele.pieces.ElementTest" time="0.0"/>
  <testcase name="testHashCodeInegalite(Element, Element)[2552]" classname="fr.eseo.e3.poo.projet.blox.modele.pieces.ElementTest" time="0.0"/>
  <testcase name="testHashCodeInegalite(Element, Element)[2553]" classname="fr.eseo.e3.poo.projet.blox.modele.pieces.ElementTest" time="0.0"/>
  <testcase name="testHashCodeInegalite(Element, Element)[2554]" classname="fr.eseo.e3.poo.projet.blox.modele.pieces.ElementTest" time="0.0"/>
  <testcase name="testHashCodeInegalite(Element, Element)[2555]" classname="fr.eseo.e3.poo.projet.blox.modele.pieces.ElementTest" time="0.001"/>
  <testcase name="testHashCodeInegalite(Element, Element)[2556]" classname="fr.eseo.e3.poo.projet.blox.modele.pieces.ElementTest" time="0.0"/>
  <testcase name="testHashCodeInegalite(Element, Element)[2557]" classname="fr.eseo.e3.poo.projet.blox.modele.pieces.ElementTest" time="0.001"/>
  <testcase name="testHashCodeInegalite(Element, Element)[2558]" classname="fr.eseo.e3.poo.projet.blox.modele.pieces.ElementTest" time="0.0"/>
  <testcase name="testHashCodeInegalite(Element, Element)[2559]" classname="fr.eseo.e3.poo.projet.blox.modele.pieces.ElementTest" time="0.001"/>
  <testcase name="testHashCodeInegalite(Element, Element)[2560]" classname="fr.eseo.e3.poo.projet.blox.modele.pieces.ElementTest" time="0.0"/>
  <testcase name="testHashCodeInegalite(Element, Element)[2561]" classname="fr.eseo.e3.poo.projet.blox.modele.pieces.ElementTest" time="0.0"/>
  <testcase name="testHashCodeInegalite(Element, Element)[2562]" classname="fr.eseo.e3.poo.projet.blox.modele.pieces.ElementTest" time="0.001"/>
  <testcase name="testHashCodeInegalite(Element, Element)[2563]" classname="fr.eseo.e3.poo.projet.blox.modele.pieces.ElementTest" time="0.001"/>
  <testcase name="testHashCodeInegalite(Element, Element)[2564]" classname="fr.eseo.e3.poo.projet.blox.modele.pieces.ElementTest" time="0.0"/>
  <testcase name="testHashCodeInegalite(Element, Element)[2565]" classname="fr.eseo.e3.poo.projet.blox.modele.pieces.ElementTest" time="0.0"/>
  <testcase name="testHashCodeInegalite(Element, Element)[2566]" classname="fr.eseo.e3.poo.projet.blox.modele.pieces.ElementTest" time="0.0"/>
  <testcase name="testHashCodeInegalite(Element, Element)[2567]" classname="fr.eseo.e3.poo.projet.blox.modele.pieces.ElementTest" time="0.0"/>
  <testcase name="testHashCodeInegalite(Element, Element)[2568]" classname="fr.eseo.e3.poo.projet.blox.modele.pieces.ElementTest" time="0.001"/>
  <testcase name="testHashCodeInegalite(Element, Element)[2569]" classname="fr.eseo.e3.poo.projet.blox.modele.pieces.ElementTest" time="0.0"/>
  <testcase name="testHashCodeInegalite(Element, Element)[2570]" classname="fr.eseo.e3.poo.projet.blox.modele.pieces.ElementTest" time="0.0"/>
  <testcase name="testHashCodeInegalite(Element, Element)[2571]" classname="fr.eseo.e3.poo.projet.blox.modele.pieces.ElementTest" time="0.0"/>
  <testcase name="testHashCodeInegalite(Element, Element)[2572]" classname="fr.eseo.e3.poo.projet.blox.modele.pieces.ElementTest" time="0.001"/>
  <testcase name="testHashCodeInegalite(Element, Element)[2573]" classname="fr.eseo.e3.poo.projet.blox.modele.pieces.ElementTest" time="0.0"/>
  <testcase name="testHashCodeInegalite(Element, Element)[2574]" classname="fr.eseo.e3.poo.projet.blox.modele.pieces.ElementTest" time="0.0"/>
  <testcase name="testHashCodeInegalite(Element, Element)[2575]" classname="fr.eseo.e3.poo.projet.blox.modele.pieces.ElementTest" time="0.0"/>
  <testcase name="testHashCodeInegalite(Element, Element)[2576]" classname="fr.eseo.e3.poo.projet.blox.modele.pieces.ElementTest" time="0.0"/>
  <testcase name="testHashCodeInegalite(Element, Element)[2577]" classname="fr.eseo.e3.poo.projet.blox.modele.pieces.ElementTest" time="0.001"/>
  <testcase name="testHashCodeInegalite(Element, Element)[2578]" classname="fr.eseo.e3.poo.projet.blox.modele.pieces.ElementTest" time="0.0"/>
  <testcase name="testHashCodeInegalite(Element, Element)[2579]" classname="fr.eseo.e3.poo.projet.blox.modele.pieces.ElementTest" time="0.001"/>
  <testcase name="testHashCodeInegalite(Element, Element)[2580]" classname="fr.eseo.e3.poo.projet.blox.modele.pieces.ElementTest" time="0.0"/>
  <testcase name="testHashCodeInegalite(Element, Element)[2581]" classname="fr.eseo.e3.poo.projet.blox.modele.pieces.ElementTest" time="0.001"/>
  <testcase name="testHashCodeInegalite(Element, Element)[2582]" classname="fr.eseo.e3.poo.projet.blox.modele.pieces.ElementTest" time="0.0"/>
  <testcase name="testHashCodeInegalite(Element, Element)[2583]" classname="fr.eseo.e3.poo.projet.blox.modele.pieces.ElementTest" time="0.001"/>
  <testcase name="testHashCodeInegalite(Element, Element)[2584]" classname="fr.eseo.e3.poo.projet.blox.modele.pieces.ElementTest" time="0.0"/>
  <testcase name="testHashCodeInegalite(Element, Element)[2585]" classname="fr.eseo.e3.poo.projet.blox.modele.pieces.ElementTest" time="0.001"/>
  <testcase name="testHashCodeInegalite(Element, Element)[2586]" classname="fr.eseo.e3.poo.projet.blox.modele.pieces.ElementTest" time="0.0"/>
  <testcase name="testHashCodeInegalite(Element, Element)[2587]" classname="fr.eseo.e3.poo.projet.blox.modele.pieces.ElementTest" time="0.001"/>
  <testcase name="testHashCodeInegalite(Element, Element)[2588]" classname="fr.eseo.e3.poo.projet.blox.modele.pieces.ElementTest" time="0.0"/>
  <testcase name="testHashCodeInegalite(Element, Element)[2589]" classname="fr.eseo.e3.poo.projet.blox.modele.pieces.ElementTest" time="0.001"/>
  <testcase name="testHashCodeInegalite(Element, Element)[2590]" classname="fr.eseo.e3.poo.projet.blox.modele.pieces.ElementTest" time="0.0"/>
  <testcase name="testHashCodeInegalite(Element, Element)[2591]" classname="fr.eseo.e3.poo.projet.blox.modele.pieces.ElementTest" time="0.0"/>
  <testcase name="testHashCodeInegalite(Element, Element)[2592]" classname="fr.eseo.e3.poo.projet.blox.modele.pieces.ElementTest" time="0.001"/>
  <testcase name="testHashCodeInegalite(Element, Element)[2593]" classname="fr.eseo.e3.poo.projet.blox.modele.pieces.ElementTest" time="0.0"/>
  <testcase name="testHashCodeInegalite(Element, Element)[2594]" classname="fr.eseo.e3.poo.projet.blox.modele.pieces.ElementTest" time="0.001"/>
  <testcase name="testHashCodeInegalite(Element, Element)[2595]" classname="fr.eseo.e3.poo.projet.blox.modele.pieces.ElementTest" time="0.0"/>
  <testcase name="testHashCodeInegalite(Element, Element)[2596]" classname="fr.eseo.e3.poo.projet.blox.modele.pieces.ElementTest" time="0.001"/>
  <testcase name="testHashCodeInegalite(Element, Element)[2597]" classname="fr.eseo.e3.poo.projet.blox.modele.pieces.ElementTest" time="0.0"/>
  <testcase name="testHashCodeInegalite(Element, Element)[2598]" classname="fr.eseo.e3.poo.projet.blox.modele.pieces.ElementTest" time="0.0"/>
  <testcase name="testHashCodeInegalite(Element, Element)[2599]" classname="fr.eseo.e3.poo.projet.blox.modele.pieces.ElementTest" time="0.0"/>
  <testcase name="testHashCodeInegalite(Element, Element)[2600]" classname="fr.eseo.e3.poo.projet.blox.modele.pieces.ElementTest" time="0.0"/>
  <testcase name="testHashCodeInegalite(Element, Element)[2601]" classname="fr.eseo.e3.poo.projet.blox.modele.pieces.ElementTest" time="0.001"/>
  <testcase name="testHashCodeInegalite(Element, Element)[2602]" classname="fr.eseo.e3.poo.projet.blox.modele.pieces.ElementTest" time="0.0"/>
  <testcase name="testHashCodeInegalite(Element, Element)[2603]" classname="fr.eseo.e3.poo.projet.blox.modele.pieces.ElementTest" time="0.001"/>
  <testcase name="testHashCodeInegalite(Element, Element)[2604]" classname="fr.eseo.e3.poo.projet.blox.modele.pieces.ElementTest" time="0.0"/>
  <testcase name="testHashCodeInegalite(Element, Element)[2605]" classname="fr.eseo.e3.poo.projet.blox.modele.pieces.ElementTest" time="0.0"/>
  <testcase name="testHashCodeInegalite(Element, Element)[2606]" classname="fr.eseo.e3.poo.projet.blox.modele.pieces.ElementTest" time="0.001"/>
  <testcase name="testHashCodeInegalite(Element, Element)[2607]" classname="fr.eseo.e3.poo.projet.blox.modele.pieces.ElementTest" time="0.0"/>
  <testcase name="testHashCodeInegalite(Element, Element)[2608]" classname="fr.eseo.e3.poo.projet.blox.modele.pieces.ElementTest" time="0.0"/>
  <testcase name="testHashCodeInegalite(Element, Element)[2609]" classname="fr.eseo.e3.poo.projet.blox.modele.pieces.ElementTest" time="0.001"/>
  <testcase name="testHashCodeInegalite(Element, Element)[2610]" classname="fr.eseo.e3.poo.projet.blox.modele.pieces.ElementTest" time="0.0"/>
  <testcase name="testHashCodeInegalite(Element, Element)[2611]" classname="fr.eseo.e3.poo.projet.blox.modele.pieces.ElementTest" time="0.001"/>
  <testcase name="testHashCodeInegalite(Element, Element)[2612]" classname="fr.eseo.e3.poo.projet.blox.modele.pieces.ElementTest" time="0.0"/>
  <testcase name="testHashCodeInegalite(Element, Element)[2613]" classname="fr.eseo.e3.poo.projet.blox.modele.pieces.ElementTest" time="0.0"/>
  <testcase name="testHashCodeInegalite(Element, Element)[2614]" classname="fr.eseo.e3.poo.projet.blox.modele.pieces.ElementTest" time="0.0"/>
  <testcase name="testHashCodeInegalite(Element, Element)[2615]" classname="fr.eseo.e3.poo.projet.blox.modele.pieces.ElementTest" time="0.001"/>
  <testcase name="testHashCodeInegalite(Element, Element)[2616]" classname="fr.eseo.e3.poo.projet.blox.modele.pieces.ElementTest" time="0.0"/>
  <testcase name="testHashCodeInegalite(Element, Element)[2617]" classname="fr.eseo.e3.poo.projet.blox.modele.pieces.ElementTest" time="0.0"/>
  <testcase name="testHashCodeInegalite(Element, Element)[2618]" classname="fr.eseo.e3.poo.projet.blox.modele.pieces.ElementTest" time="0.0"/>
  <testcase name="testHashCodeInegalite(Element, Element)[2619]" classname="fr.eseo.e3.poo.projet.blox.modele.pieces.ElementTest" time="0.0"/>
  <testcase name="testHashCodeInegalite(Element, Element)[2620]" classname="fr.eseo.e3.poo.projet.blox.modele.pieces.ElementTest" time="0.0"/>
  <testcase name="testHashCodeInegalite(Element, Element)[2621]" classname="fr.eseo.e3.poo.projet.blox.modele.pieces.ElementTest" time="0.0"/>
  <testcase name="testHashCodeInegalite(Element, Element)[2622]" classname="fr.eseo.e3.poo.projet.blox.modele.pieces.ElementTest" time="0.0"/>
  <testcase name="testHashCodeInegalite(Element, Element)[2623]" classname="fr.eseo.e3.poo.projet.blox.modele.pieces.ElementTest" time="0.0"/>
  <testcase name="testHashCodeInegalite(Element, Element)[2624]" classname="fr.eseo.e3.poo.projet.blox.modele.pieces.ElementTest" time="0.0"/>
  <testcase name="testHashCodeInegalite(Element, Element)[2625]" classname="fr.eseo.e3.poo.projet.blox.modele.pieces.ElementTest" time="0.0"/>
  <testcase name="testHashCodeInegalite(Element, Element)[2626]" classname="fr.eseo.e3.poo.projet.blox.modele.pieces.ElementTest" time="0.0"/>
  <testcase name="testHashCodeInegalite(Element, Element)[2627]" classname="fr.eseo.e3.poo.projet.blox.modele.pieces.ElementTest" time="0.0"/>
  <testcase name="testHashCodeInegalite(Element, Element)[2628]" classname="fr.eseo.e3.poo.projet.blox.modele.pieces.ElementTest" time="0.0"/>
  <testcase name="testHashCodeInegalite(Element, Element)[2629]" classname="fr.eseo.e3.poo.projet.blox.modele.pieces.ElementTest" time="0.001"/>
  <testcase name="testHashCodeInegalite(Element, Element)[2630]" classname="fr.eseo.e3.poo.projet.blox.modele.pieces.ElementTest" time="0.0"/>
  <testcase name="testHashCodeInegalite(Element, Element)[2631]" classname="fr.eseo.e3.poo.projet.blox.modele.pieces.ElementTest" time="0.001"/>
  <testcase name="testHashCodeInegalite(Element, Element)[2632]" classname="fr.eseo.e3.poo.projet.blox.modele.pieces.ElementTest" time="0.001"/>
  <testcase name="testHashCodeInegalite(Element, Element)[2633]" classname="fr.eseo.e3.poo.projet.blox.modele.pieces.ElementTest" time="0.0"/>
  <testcase name="testHashCodeInegalite(Element, Element)[2634]" classname="fr.eseo.e3.poo.projet.blox.modele.pieces.ElementTest" time="0.0"/>
  <testcase name="testHashCodeInegalite(Element, Element)[2635]" classname="fr.eseo.e3.poo.projet.blox.modele.pieces.ElementTest" time="0.001"/>
  <testcase name="testHashCodeInegalite(Element, Element)[2636]" classname="fr.eseo.e3.poo.projet.blox.modele.pieces.ElementTest" time="0.0"/>
  <testcase name="testHashCodeInegalite(Element, Element)[2637]" classname="fr.eseo.e3.poo.projet.blox.modele.pieces.ElementTest" time="0.0"/>
  <testcase name="testHashCodeInegalite(Element, Element)[2638]" classname="fr.eseo.e3.poo.projet.blox.modele.pieces.ElementTest" time="0.0"/>
  <testcase name="testHashCodeInegalite(Element, Element)[2639]" classname="fr.eseo.e3.poo.projet.blox.modele.pieces.ElementTest" time="0.0"/>
  <testcase name="testHashCodeInegalite(Element, Element)[2640]" classname="fr.eseo.e3.poo.projet.blox.modele.pieces.ElementTest" time="0.0"/>
  <testcase name="testHashCodeInegalite(Element, Element)[2641]" classname="fr.eseo.e3.poo.projet.blox.modele.pieces.ElementTest" time="0.0"/>
  <testcase name="testHashCodeInegalite(Element, Element)[2642]" classname="fr.eseo.e3.poo.projet.blox.modele.pieces.ElementTest" time="0.001"/>
  <testcase name="testHashCodeInegalite(Element, Element)[2643]" classname="fr.eseo.e3.poo.projet.blox.modele.pieces.ElementTest" time="0.0"/>
  <testcase name="testHashCodeInegalite(Element, Element)[2644]" classname="fr.eseo.e3.poo.projet.blox.modele.pieces.ElementTest" time="0.0"/>
  <testcase name="testHashCodeInegalite(Element, Element)[2645]" classname="fr.eseo.e3.poo.projet.blox.modele.pieces.ElementTest" time="0.0"/>
  <testcase name="testHashCodeInegalite(Element, Element)[2646]" classname="fr.eseo.e3.poo.projet.blox.modele.pieces.ElementTest" time="0.0"/>
  <testcase name="testHashCodeInegalite(Element, Element)[2647]" classname="fr.eseo.e3.poo.projet.blox.modele.pieces.ElementTest" time="0.001"/>
  <testcase name="testHashCodeInegalite(Element, Element)[2648]" classname="fr.eseo.e3.poo.projet.blox.modele.pieces.ElementTest" time="0.0"/>
  <testcase name="testHashCodeInegalite(Element, Element)[2649]" classname="fr.eseo.e3.poo.projet.blox.modele.pieces.ElementTest" time="0.0"/>
  <testcase name="testHashCodeInegalite(Element, Element)[2650]" classname="fr.eseo.e3.poo.projet.blox.modele.pieces.ElementTest" time="0.0"/>
  <testcase name="testHashCodeInegalite(Element, Element)[2651]" classname="fr.eseo.e3.poo.projet.blox.modele.pieces.ElementTest" time="0.001"/>
  <testcase name="testHashCodeInegalite(Element, Element)[2652]" classname="fr.eseo.e3.poo.projet.blox.modele.pieces.ElementTest" time="0.0"/>
  <testcase name="testHashCodeInegalite(Element, Element)[2653]" classname="fr.eseo.e3.poo.projet.blox.modele.pieces.ElementTest" time="0.0"/>
  <testcase name="testHashCodeInegalite(Element, Element)[2654]" classname="fr.eseo.e3.poo.projet.blox.modele.pieces.ElementTest" time="0.0"/>
  <testcase name="testHashCodeInegalite(Element, Element)[2655]" classname="fr.eseo.e3.poo.projet.blox.modele.pieces.ElementTest" time="0.001"/>
  <testcase name="testHashCodeInegalite(Element, Element)[2656]" classname="fr.eseo.e3.poo.projet.blox.modele.pieces.ElementTest" time="0.0"/>
  <testcase name="testHashCodeInegalite(Element, Element)[2657]" classname="fr.eseo.e3.poo.projet.blox.modele.pieces.ElementTest" time="0.0"/>
  <testcase name="testHashCodeInegalite(Element, Element)[2658]" classname="fr.eseo.e3.poo.projet.blox.modele.pieces.ElementTest" time="0.0"/>
  <testcase name="testHashCodeInegalite(Element, Element)[2659]" classname="fr.eseo.e3.poo.projet.blox.modele.pieces.ElementTest" time="0.001"/>
  <testcase name="testHashCodeInegalite(Element, Element)[2660]" classname="fr.eseo.e3.poo.projet.blox.modele.pieces.ElementTest" time="0.0"/>
  <testcase name="testHashCodeInegalite(Element, Element)[2661]" classname="fr.eseo.e3.poo.projet.blox.modele.pieces.ElementTest" time="0.0"/>
  <testcase name="testHashCodeInegalite(Element, Element)[2662]" classname="fr.eseo.e3.poo.projet.blox.modele.pieces.ElementTest" time="0.0"/>
  <testcase name="testHashCodeInegalite(Element, Element)[2663]" classname="fr.eseo.e3.poo.projet.blox.modele.pieces.ElementTest" time="0.0"/>
  <testcase name="testHashCodeInegalite(Element, Element)[2664]" classname="fr.eseo.e3.poo.projet.blox.modele.pieces.ElementTest" time="0.0"/>
  <testcase name="testHashCodeInegalite(Element, Element)[2665]" classname="fr.eseo.e3.poo.projet.blox.modele.pieces.ElementTest" time="0.0"/>
  <testcase name="testHashCodeInegalite(Element, Element)[2666]" classname="fr.eseo.e3.poo.projet.blox.modele.pieces.ElementTest" time="0.0"/>
  <testcase name="testHashCodeInegalite(Element, Element)[2667]" classname="fr.eseo.e3.poo.projet.blox.modele.pieces.ElementTest" time="0.0"/>
  <testcase name="testHashCodeInegalite(Element, Element)[2668]" classname="fr.eseo.e3.poo.projet.blox.modele.pieces.ElementTest" time="0.001"/>
  <testcase name="testHashCodeInegalite(Element, Element)[2669]" classname="fr.eseo.e3.poo.projet.blox.modele.pieces.ElementTest" time="0.0"/>
  <testcase name="testHashCodeInegalite(Element, Element)[2670]" classname="fr.eseo.e3.poo.projet.blox.modele.pieces.ElementTest" time="0.0"/>
  <testcase name="testHashCodeInegalite(Element, Element)[2671]" classname="fr.eseo.e3.poo.projet.blox.modele.pieces.ElementTest" time="0.0"/>
  <testcase name="testHashCodeInegalite(Element, Element)[2672]" classname="fr.eseo.e3.poo.projet.blox.modele.pieces.ElementTest" time="0.0"/>
  <testcase name="testHashCodeInegalite(Element, Element)[2673]" classname="fr.eseo.e3.poo.projet.blox.modele.pieces.ElementTest" time="0.001"/>
  <testcase name="testHashCodeInegalite(Element, Element)[2674]" classname="fr.eseo.e3.poo.projet.blox.modele.pieces.ElementTest" time="0.0"/>
  <testcase name="testHashCodeInegalite(Element, Element)[2675]" classname="fr.eseo.e3.poo.projet.blox.modele.pieces.ElementTest" time="0.0"/>
  <testcase name="testHashCodeInegalite(Element, Element)[2676]" classname="fr.eseo.e3.poo.projet.blox.modele.pieces.ElementTest" time="0.001"/>
  <testcase name="testHashCodeInegalite(Element, Element)[2677]" classname="fr.eseo.e3.poo.projet.blox.modele.pieces.ElementTest" time="0.0"/>
  <testcase name="testHashCodeInegalite(Element, Element)[2678]" classname="fr.eseo.e3.poo.projet.blox.modele.pieces.ElementTest" time="0.0"/>
  <testcase name="testHashCodeInegalite(Element, Element)[2679]" classname="fr.eseo.e3.poo.projet.blox.modele.pieces.ElementTest" time="0.0"/>
  <testcase name="testHashCodeInegalite(Element, Element)[2680]" classname="fr.eseo.e3.poo.projet.blox.modele.pieces.ElementTest" time="0.0"/>
  <testcase name="testHashCodeInegalite(Element, Element)[2681]" classname="fr.eseo.e3.poo.projet.blox.modele.pieces.ElementTest" time="0.001"/>
  <testcase name="testHashCodeInegalite(Element, Element)[2682]" classname="fr.eseo.e3.poo.projet.blox.modele.pieces.ElementTest" time="0.0"/>
  <testcase name="testHashCodeInegalite(Element, Element)[2683]" classname="fr.eseo.e3.poo.projet.blox.modele.pieces.ElementTest" time="0.001"/>
  <testcase name="testHashCodeInegalite(Element, Element)[2684]" classname="fr.eseo.e3.poo.projet.blox.modele.pieces.ElementTest" time="0.0"/>
  <testcase name="testHashCodeInegalite(Element, Element)[2685]" classname="fr.eseo.e3.poo.projet.blox.modele.pieces.ElementTest" time="0.0"/>
  <testcase name="testHashCodeInegalite(Element, Element)[2686]" classname="fr.eseo.e3.poo.projet.blox.modele.pieces.ElementTest" time="0.0"/>
  <testcase name="testHashCodeInegalite(Element, Element)[2687]" classname="fr.eseo.e3.poo.projet.blox.modele.pieces.ElementTest" time="0.0"/>
  <testcase name="testHashCodeInegalite(Element, Element)[2688]" classname="fr.eseo.e3.poo.projet.blox.modele.pieces.ElementTest" time="0.0"/>
  <testcase name="testHashCodeInegalite(Element, Element)[2689]" classname="fr.eseo.e3.poo.projet.blox.modele.pieces.ElementTest" time="0.0"/>
  <testcase name="testHashCodeInegalite(Element, Element)[2690]" classname="fr.eseo.e3.poo.projet.blox.modele.pieces.ElementTest" time="0.0"/>
  <testcase name="testHashCodeInegalite(Element, Element)[2691]" classname="fr.eseo.e3.poo.projet.blox.modele.pieces.ElementTest" time="0.0"/>
  <testcase name="testHashCodeInegalite(Element, Element)[2692]" classname="fr.eseo.e3.poo.projet.blox.modele.pieces.ElementTest" time="0.0"/>
  <testcase name="testHashCodeInegalite(Element, Element)[2693]" classname="fr.eseo.e3.poo.projet.blox.modele.pieces.ElementTest" time="0.0"/>
  <testcase name="testHashCodeInegalite(Element, Element)[2694]" classname="fr.eseo.e3.poo.projet.blox.modele.pieces.ElementTest" time="0.001"/>
  <testcase name="testHashCodeInegalite(Element, Element)[2695]" classname="fr.eseo.e3.poo.projet.blox.modele.pieces.ElementTest" time="0.0"/>
  <testcase name="testHashCodeInegalite(Element, Element)[2696]" classname="fr.eseo.e3.poo.projet.blox.modele.pieces.ElementTest" time="0.0"/>
  <testcase name="testHashCodeInegalite(Element, Element)[2697]" classname="fr.eseo.e3.poo.projet.blox.modele.pieces.ElementTest" time="0.001"/>
  <testcase name="testHashCodeInegalite(Element, Element)[2698]" classname="fr.eseo.e3.poo.projet.blox.modele.pieces.ElementTest" time="0.0"/>
  <testcase name="testHashCodeInegalite(Element, Element)[2699]" classname="fr.eseo.e3.poo.projet.blox.modele.pieces.ElementTest" time="0.0"/>
  <testcase name="testHashCodeInegalite(Element, Element)[2700]" classname="fr.eseo.e3.poo.projet.blox.modele.pieces.ElementTest" time="0.001"/>
  <testcase name="testHashCodeInegalite(Element, Element)[2701]" classname="fr.eseo.e3.poo.projet.blox.modele.pieces.ElementTest" time="0.0"/>
  <testcase name="testHashCodeInegalite(Element, Element)[2702]" classname="fr.eseo.e3.poo.projet.blox.modele.pieces.ElementTest" time="0.0"/>
  <testcase name="testHashCodeInegalite(Element, Element)[2703]" classname="fr.eseo.e3.poo.projet.blox.modele.pieces.ElementTest" time="0.0"/>
  <testcase name="testHashCodeInegalite(Element, Element)[2704]" classname="fr.eseo.e3.poo.projet.blox.modele.pieces.ElementTest" time="0.0"/>
  <testcase name="testHashCodeInegalite(Element, Element)[2705]" classname="fr.eseo.e3.poo.projet.blox.modele.pieces.ElementTest" time="0.001"/>
  <testcase name="testHashCodeInegalite(Element, Element)[2706]" classname="fr.eseo.e3.poo.projet.blox.modele.pieces.ElementTest" time="0.0"/>
  <testcase name="testHashCodeInegalite(Element, Element)[2707]" classname="fr.eseo.e3.poo.projet.blox.modele.pieces.ElementTest" time="0.001"/>
  <testcase name="testHashCodeInegalite(Element, Element)[2708]" classname="fr.eseo.e3.poo.projet.blox.modele.pieces.ElementTest" time="0.0"/>
  <testcase name="testHashCodeInegalite(Element, Element)[2709]" classname="fr.eseo.e3.poo.projet.blox.modele.pieces.ElementTest" time="0.0"/>
  <testcase name="testHashCodeInegalite(Element, Element)[2710]" classname="fr.eseo.e3.poo.projet.blox.modele.pieces.ElementTest" time="0.001"/>
  <testcase name="testHashCodeInegalite(Element, Element)[2711]" classname="fr.eseo.e3.poo.projet.blox.modele.pieces.ElementTest" time="0.0"/>
  <testcase name="testHashCodeInegalite(Element, Element)[2712]" classname="fr.eseo.e3.poo.projet.blox.modele.pieces.ElementTest" time="0.0"/>
  <testcase name="testHashCodeInegalite(Element, Element)[2713]" classname="fr.eseo.e3.poo.projet.blox.modele.pieces.ElementTest" time="0.0"/>
  <testcase name="testHashCodeInegalite(Element, Element)[2714]" classname="fr.eseo.e3.poo.projet.blox.modele.pieces.ElementTest" time="0.001"/>
  <testcase name="testHashCodeInegalite(Element, Element)[2715]" classname="fr.eseo.e3.poo.projet.blox.modele.pieces.ElementTest" time="0.0"/>
  <testcase name="testHashCodeInegalite(Element, Element)[2716]" classname="fr.eseo.e3.poo.projet.blox.modele.pieces.ElementTest" time="0.001"/>
  <testcase name="testHashCodeInegalite(Element, Element)[2717]" classname="fr.eseo.e3.poo.projet.blox.modele.pieces.ElementTest" time="0.0"/>
  <testcase name="testHashCodeInegalite(Element, Element)[2718]" classname="fr.eseo.e3.poo.projet.blox.modele.pieces.ElementTest" time="0.0"/>
  <testcase name="testHashCodeInegalite(Element, Element)[2719]" classname="fr.eseo.e3.poo.projet.blox.modele.pieces.ElementTest" time="0.0"/>
  <testcase name="testHashCodeInegalite(Element, Element)[2720]" classname="fr.eseo.e3.poo.projet.blox.modele.pieces.ElementTest" time="0.0"/>
  <testcase name="testHashCodeInegalite(Element, Element)[2721]" classname="fr.eseo.e3.poo.projet.blox.modele.pieces.ElementTest" time="0.0"/>
  <testcase name="testHashCodeInegalite(Element, Element)[2722]" classname="fr.eseo.e3.poo.projet.blox.modele.pieces.ElementTest" time="0.0"/>
  <testcase name="testHashCodeInegalite(Element, Element)[2723]" classname="fr.eseo.e3.poo.projet.blox.modele.pieces.ElementTest" time="0.0"/>
  <testcase name="testHashCodeInegalite(Element, Element)[2724]" classname="fr.eseo.e3.poo.projet.blox.modele.pieces.ElementTest" time="0.0"/>
  <testcase name="testHashCodeInegalite(Element, Element)[2725]" classname="fr.eseo.e3.poo.projet.blox.modele.pieces.ElementTest" time="0.0"/>
  <testcase name="testHashCodeInegalite(Element, Element)[2726]" classname="fr.eseo.e3.poo.projet.blox.modele.pieces.ElementTest" time="0.0"/>
  <testcase name="testHashCodeInegalite(Element, Element)[2727]" classname="fr.eseo.e3.poo.projet.blox.modele.pieces.ElementTest" time="0.0"/>
  <testcase name="testHashCodeInegalite(Element, Element)[2728]" classname="fr.eseo.e3.poo.projet.blox.modele.pieces.ElementTest" time="0.0"/>
  <testcase name="testHashCodeInegalite(Element, Element)[2729]" classname="fr.eseo.e3.poo.projet.blox.modele.pieces.ElementTest" time="0.0"/>
  <testcase name="testHashCodeInegalite(Element, Element)[2730]" classname="fr.eseo.e3.poo.projet.blox.modele.pieces.ElementTest" time="0.0"/>
  <testcase name="testHashCodeInegalite(Element, Element)[2731]" classname="fr.eseo.e3.poo.projet.blox.modele.pieces.ElementTest" time="0.0"/>
  <testcase name="testHashCodeInegalite(Element, Element)[2732]" classname="fr.eseo.e3.poo.projet.blox.modele.pieces.ElementTest" time="0.001"/>
  <testcase name="testHashCodeInegalite(Element, Element)[2733]" classname="fr.eseo.e3.poo.projet.blox.modele.pieces.ElementTest" time="0.0"/>
  <testcase name="testHashCodeInegalite(Element, Element)[2734]" classname="fr.eseo.e3.poo.projet.blox.modele.pieces.ElementTest" time="0.001"/>
  <testcase name="testHashCodeInegalite(Element, Element)[2735]" classname="fr.eseo.e3.poo.projet.blox.modele.pieces.ElementTest" time="0.0"/>
  <testcase name="testHashCodeInegalite(Element, Element)[2736]" classname="fr.eseo.e3.poo.projet.blox.modele.pieces.ElementTest" time="0.001"/>
  <testcase name="testHashCodeInegalite(Element, Element)[2737]" classname="fr.eseo.e3.poo.projet.blox.modele.pieces.ElementTest" time="0.0"/>
  <testcase name="testHashCodeInegalite(Element, Element)[2738]" classname="fr.eseo.e3.poo.projet.blox.modele.pieces.ElementTest" time="0.0"/>
  <testcase name="testHashCodeInegalite(Element, Element)[2739]" classname="fr.eseo.e3.poo.projet.blox.modele.pieces.ElementTest" time="0.0"/>
  <testcase name="testHashCodeInegalite(Element, Element)[2740]" classname="fr.eseo.e3.poo.projet.blox.modele.pieces.ElementTest" time="0.001"/>
  <testcase name="testHashCodeInegalite(Element, Element)[2741]" classname="fr.eseo.e3.poo.projet.blox.modele.pieces.ElementTest" time="0.001"/>
  <testcase name="testHashCodeInegalite(Element, Element)[2742]" classname="fr.eseo.e3.poo.projet.blox.modele.pieces.ElementTest" time="0.001"/>
  <testcase name="testHashCodeInegalite(Element, Element)[2743]" classname="fr.eseo.e3.poo.projet.blox.modele.pieces.ElementTest" time="0.0"/>
  <testcase name="testHashCodeInegalite(Element, Element)[2744]" classname="fr.eseo.e3.poo.projet.blox.modele.pieces.ElementTest" time="0.001"/>
  <testcase name="testHashCodeInegalite(Element, Element)[2745]" classname="fr.eseo.e3.poo.projet.blox.modele.pieces.ElementTest" time="0.0"/>
  <testcase name="testHashCodeInegalite(Element, Element)[2746]" classname="fr.eseo.e3.poo.projet.blox.modele.pieces.ElementTest" time="0.001"/>
  <testcase name="testHashCodeInegalite(Element, Element)[2747]" classname="fr.eseo.e3.poo.projet.blox.modele.pieces.ElementTest" time="0.0"/>
  <testcase name="testHashCodeInegalite(Element, Element)[2748]" classname="fr.eseo.e3.poo.projet.blox.modele.pieces.ElementTest" time="0.0"/>
  <testcase name="testHashCodeInegalite(Element, Element)[2749]" classname="fr.eseo.e3.poo.projet.blox.modele.pieces.ElementTest" time="0.001"/>
  <testcase name="testHashCodeInegalite(Element, Element)[2750]" classname="fr.eseo.e3.poo.projet.blox.modele.pieces.ElementTest" time="0.0"/>
  <testcase name="testHashCodeInegalite(Element, Element)[2751]" classname="fr.eseo.e3.poo.projet.blox.modele.pieces.ElementTest" time="0.0"/>
  <testcase name="testHashCodeInegalite(Element, Element)[2752]" classname="fr.eseo.e3.poo.projet.blox.modele.pieces.ElementTest" time="0.0"/>
  <testcase name="testHashCodeInegalite(Element, Element)[2753]" classname="fr.eseo.e3.poo.projet.blox.modele.pieces.ElementTest" time="0.0"/>
  <testcase name="testHashCodeInegalite(Element, Element)[2754]" classname="fr.eseo.e3.poo.projet.blox.modele.pieces.ElementTest" time="0.001"/>
  <testcase name="testHashCodeInegalite(Element, Element)[2755]" classname="fr.eseo.e3.poo.projet.blox.modele.pieces.ElementTest" time="0.001"/>
  <testcase name="testHashCodeInegalite(Element, Element)[2756]" classname="fr.eseo.e3.poo.projet.blox.modele.pieces.ElementTest" time="0.0"/>
  <testcase name="testHashCodeInegalite(Element, Element)[2757]" classname="fr.eseo.e3.poo.projet.blox.modele.pieces.ElementTest" time="0.0"/>
  <testcase name="testHashCodeInegalite(Element, Element)[2758]" classname="fr.eseo.e3.poo.projet.blox.modele.pieces.ElementTest" time="0.001"/>
  <testcase name="testHashCodeInegalite(Element, Element)[2759]" classname="fr.eseo.e3.poo.projet.blox.modele.pieces.ElementTest" time="0.0"/>
  <testcase name="testHashCodeInegalite(Element, Element)[2760]" classname="fr.eseo.e3.poo.projet.blox.modele.pieces.ElementTest" time="0.001"/>
  <testcase name="testHashCodeInegalite(Element, Element)[2761]" classname="fr.eseo.e3.poo.projet.blox.modele.pieces.ElementTest" time="0.0"/>
  <testcase name="testHashCodeInegalite(Element, Element)[2762]" classname="fr.eseo.e3.poo.projet.blox.modele.pieces.ElementTest" time="0.0"/>
  <testcase name="testHashCodeInegalite(Element, Element)[2763]" classname="fr.eseo.e3.poo.projet.blox.modele.pieces.ElementTest" time="0.0"/>
  <testcase name="testHashCodeInegalite(Element, Element)[2764]" classname="fr.eseo.e3.poo.projet.blox.modele.pieces.ElementTest" time="0.0"/>
  <testcase name="testHashCodeInegalite(Element, Element)[2765]" classname="fr.eseo.e3.poo.projet.blox.modele.pieces.ElementTest" time="0.001"/>
  <testcase name="testHashCodeInegalite(Element, Element)[2766]" classname="fr.eseo.e3.poo.projet.blox.modele.pieces.ElementTest" time="0.0"/>
  <testcase name="testHashCodeInegalite(Element, Element)[2767]" classname="fr.eseo.e3.poo.projet.blox.modele.pieces.ElementTest" time="0.0"/>
  <testcase name="testHashCodeInegalite(Element, Element)[2768]" classname="fr.eseo.e3.poo.projet.blox.modele.pieces.ElementTest" time="0.0"/>
  <testcase name="testHashCodeInegalite(Element, Element)[2769]" classname="fr.eseo.e3.poo.projet.blox.modele.pieces.ElementTest" time="0.0"/>
  <testcase name="testHashCodeInegalite(Element, Element)[2770]" classname="fr.eseo.e3.poo.projet.blox.modele.pieces.ElementTest" time="0.0"/>
  <testcase name="testHashCodeInegalite(Element, Element)[2771]" classname="fr.eseo.e3.poo.projet.blox.modele.pieces.ElementTest" time="0.0"/>
  <testcase name="testHashCodeInegalite(Element, Element)[2772]" classname="fr.eseo.e3.poo.projet.blox.modele.pieces.ElementTest" time="0.0"/>
  <testcase name="testHashCodeInegalite(Element, Element)[2773]" classname="fr.eseo.e3.poo.projet.blox.modele.pieces.ElementTest" time="0.001"/>
  <testcase name="testHashCodeInegalite(Element, Element)[2774]" classname="fr.eseo.e3.poo.projet.blox.modele.pieces.ElementTest" time="0.0"/>
  <testcase name="testHashCodeInegalite(Element, Element)[2775]" classname="fr.eseo.e3.poo.projet.blox.modele.pieces.ElementTest" time="0.001"/>
  <testcase name="testHashCodeInegalite(Element, Element)[2776]" classname="fr.eseo.e3.poo.projet.blox.modele.pieces.ElementTest" time="0.0"/>
  <testcase name="testHashCodeInegalite(Element, Element)[2777]" classname="fr.eseo.e3.poo.projet.blox.modele.pieces.ElementTest" time="0.0"/>
  <testcase name="testHashCodeInegalite(Element, Element)[2778]" classname="fr.eseo.e3.poo.projet.blox.modele.pieces.ElementTest" time="0.0"/>
  <testcase name="testHashCodeInegalite(Element, Element)[2779]" classname="fr.eseo.e3.poo.projet.blox.modele.pieces.ElementTest" time="0.0"/>
  <testcase name="testHashCodeInegalite(Element, Element)[2780]" classname="fr.eseo.e3.poo.projet.blox.modele.pieces.ElementTest" time="0.0"/>
  <testcase name="testHashCodeInegalite(Element, Element)[2781]" classname="fr.eseo.e3.poo.projet.blox.modele.pieces.ElementTest" time="0.0"/>
  <testcase name="testHashCodeInegalite(Element, Element)[2782]" classname="fr.eseo.e3.poo.projet.blox.modele.pieces.ElementTest" time="0.001"/>
  <testcase name="testHashCodeInegalite(Element, Element)[2783]" classname="fr.eseo.e3.poo.projet.blox.modele.pieces.ElementTest" time="0.0"/>
  <testcase name="testHashCodeInegalite(Element, Element)[2784]" classname="fr.eseo.e3.poo.projet.blox.modele.pieces.ElementTest" time="0.0"/>
  <testcase name="testHashCodeInegalite(Element, Element)[2785]" classname="fr.eseo.e3.poo.projet.blox.modele.pieces.ElementTest" time="0.0"/>
  <testcase name="testHashCodeInegalite(Element, Element)[2786]" classname="fr.eseo.e3.poo.projet.blox.modele.pieces.ElementTest" time="0.0"/>
  <testcase name="testHashCodeInegalite(Element, Element)[2787]" classname="fr.eseo.e3.poo.projet.blox.modele.pieces.ElementTest" time="0.0"/>
  <testcase name="testHashCodeInegalite(Element, Element)[2788]" classname="fr.eseo.e3.poo.projet.blox.modele.pieces.ElementTest" time="0.0"/>
  <testcase name="testHashCodeInegalite(Element, Element)[2789]" classname="fr.eseo.e3.poo.projet.blox.modele.pieces.ElementTest" time="0.0"/>
  <testcase name="testHashCodeInegalite(Element, Element)[2790]" classname="fr.eseo.e3.poo.projet.blox.modele.pieces.ElementTest" time="0.0"/>
  <testcase name="testHashCodeInegalite(Element, Element)[2791]" classname="fr.eseo.e3.poo.projet.blox.modele.pieces.ElementTest" time="0.001"/>
  <testcase name="testHashCodeInegalite(Element, Element)[2792]" classname="fr.eseo.e3.poo.projet.blox.modele.pieces.ElementTest" time="0.0"/>
  <testcase name="testHashCodeInegalite(Element, Element)[2793]" classname="fr.eseo.e3.poo.projet.blox.modele.pieces.ElementTest" time="0.0"/>
  <testcase name="testHashCodeInegalite(Element, Element)[2794]" classname="fr.eseo.e3.poo.projet.blox.modele.pieces.ElementTest" time="0.0"/>
  <testcase name="testHashCodeInegalite(Element, Element)[2795]" classname="fr.eseo.e3.poo.projet.blox.modele.pieces.ElementTest" time="0.001"/>
  <testcase name="testHashCodeInegalite(Element, Element)[2796]" classname="fr.eseo.e3.poo.projet.blox.modele.pieces.ElementTest" time="0.0"/>
  <testcase name="testHashCodeInegalite(Element, Element)[2797]" classname="fr.eseo.e3.poo.projet.blox.modele.pieces.ElementTest" time="0.0"/>
  <testcase name="testHashCodeInegalite(Element, Element)[2798]" classname="fr.eseo.e3.poo.projet.blox.modele.pieces.ElementTest" time="0.0"/>
  <testcase name="testHashCodeInegalite(Element, Element)[2799]" classname="fr.eseo.e3.poo.projet.blox.modele.pieces.ElementTest" time="0.0"/>
  <testcase name="testHashCodeInegalite(Element, Element)[2800]" classname="fr.eseo.e3.poo.projet.blox.modele.pieces.ElementTest" time="0.0"/>
  <testcase name="testHashCodeInegalite(Element, Element)[2801]" classname="fr.eseo.e3.poo.projet.blox.modele.pieces.ElementTest" time="0.0"/>
  <testcase name="testHashCodeInegalite(Element, Element)[2802]" classname="fr.eseo.e3.poo.projet.blox.modele.pieces.ElementTest" time="0.0"/>
  <testcase name="testHashCodeInegalite(Element, Element)[2803]" classname="fr.eseo.e3.poo.projet.blox.modele.pieces.ElementTest" time="0.001"/>
  <testcase name="testHashCodeInegalite(Element, Element)[2804]" classname="fr.eseo.e3.poo.projet.blox.modele.pieces.ElementTest" time="0.0"/>
  <testcase name="testHashCodeInegalite(Element, Element)[2805]" classname="fr.eseo.e3.poo.projet.blox.modele.pieces.ElementTest" time="0.0"/>
  <testcase name="testHashCodeInegalite(Element, Element)[2806]" classname="fr.eseo.e3.poo.projet.blox.modele.pieces.ElementTest" time="0.0"/>
  <testcase name="testHashCodeInegalite(Element, Element)[2807]" classname="fr.eseo.e3.poo.projet.blox.modele.pieces.ElementTest" time="0.001"/>
  <testcase name="testHashCodeInegalite(Element, Element)[2808]" classname="fr.eseo.e3.poo.projet.blox.modele.pieces.ElementTest" time="0.0"/>
  <testcase name="testHashCodeInegalite(Element, Element)[2809]" classname="fr.eseo.e3.poo.projet.blox.modele.pieces.ElementTest" time="0.001"/>
  <testcase name="testHashCodeInegalite(Element, Element)[2810]" classname="fr.eseo.e3.poo.projet.blox.modele.pieces.ElementTest" time="0.0"/>
  <testcase name="testHashCodeInegalite(Element, Element)[2811]" classname="fr.eseo.e3.poo.projet.blox.modele.pieces.ElementTest" time="0.001"/>
  <testcase name="testHashCodeInegalite(Element, Element)[2812]" classname="fr.eseo.e3.poo.projet.blox.modele.pieces.ElementTest" time="0.0"/>
  <testcase name="testHashCodeInegalite(Element, Element)[2813]" classname="fr.eseo.e3.poo.projet.blox.modele.pieces.ElementTest" time="0.0"/>
  <testcase name="testHashCodeInegalite(Element, Element)[2814]" classname="fr.eseo.e3.poo.projet.blox.modele.pieces.ElementTest" time="0.001"/>
  <testcase name="testHashCodeInegalite(Element, Element)[2815]" classname="fr.eseo.e3.poo.projet.blox.modele.pieces.ElementTest" time="0.001"/>
  <testcase name="testHashCodeInegalite(Element, Element)[2816]" classname="fr.eseo.e3.poo.projet.blox.modele.pieces.ElementTest" time="0.0"/>
  <testcase name="testHashCodeInegalite(Element, Element)[2817]" classname="fr.eseo.e3.poo.projet.blox.modele.pieces.ElementTest" time="0.001"/>
  <testcase name="testHashCodeInegalite(Element, Element)[2818]" classname="fr.eseo.e3.poo.projet.blox.modele.pieces.ElementTest" time="0.001"/>
  <testcase name="testHashCodeInegalite(Element, Element)[2819]" classname="fr.eseo.e3.poo.projet.blox.modele.pieces.ElementTest" time="0.0"/>
  <testcase name="testHashCodeInegalite(Element, Element)[2820]" classname="fr.eseo.e3.poo.projet.blox.modele.pieces.ElementTest" time="0.001"/>
  <testcase name="testHashCodeInegalite(Element, Element)[2821]" classname="fr.eseo.e3.poo.projet.blox.modele.pieces.ElementTest" time="0.0"/>
  <testcase name="testHashCodeInegalite(Element, Element)[2822]" classname="fr.eseo.e3.poo.projet.blox.modele.pieces.ElementTest" time="0.0"/>
  <testcase name="testHashCodeInegalite(Element, Element)[2823]" classname="fr.eseo.e3.poo.projet.blox.modele.pieces.ElementTest" time="0.0"/>
  <testcase name="testHashCodeInegalite(Element, Element)[2824]" classname="fr.eseo.e3.poo.projet.blox.modele.pieces.ElementTest" time="0.0"/>
  <testcase name="testHashCodeInegalite(Element, Element)[2825]" classname="fr.eseo.e3.poo.projet.blox.modele.pieces.ElementTest" time="0.0"/>
  <testcase name="testHashCodeInegalite(Element, Element)[2826]" classname="fr.eseo.e3.poo.projet.blox.modele.pieces.ElementTest" time="0.0"/>
  <testcase name="testHashCodeInegalite(Element, Element)[2827]" classname="fr.eseo.e3.poo.projet.blox.modele.pieces.ElementTest" time="0.001"/>
  <testcase name="testHashCodeInegalite(Element, Element)[2828]" classname="fr.eseo.e3.poo.projet.blox.modele.pieces.ElementTest" time="0.0"/>
  <testcase name="testHashCodeInegalite(Element, Element)[2829]" classname="fr.eseo.e3.poo.projet.blox.modele.pieces.ElementTest" time="0.001"/>
  <testcase name="testHashCodeInegalite(Element, Element)[2830]" classname="fr.eseo.e3.poo.projet.blox.modele.pieces.ElementTest" time="0.0"/>
  <testcase name="testHashCodeInegalite(Element, Element)[2831]" classname="fr.eseo.e3.poo.projet.blox.modele.pieces.ElementTest" time="0.001"/>
  <testcase name="testHashCodeInegalite(Element, Element)[2832]" classname="fr.eseo.e3.poo.projet.blox.modele.pieces.ElementTest" time="0.0"/>
  <testcase name="testHashCodeInegalite(Element, Element)[2833]" classname="fr.eseo.e3.poo.projet.blox.modele.pieces.ElementTest" time="0.001"/>
  <testcase name="testHashCodeInegalite(Element, Element)[2834]" classname="fr.eseo.e3.poo.projet.blox.modele.pieces.ElementTest" time="0.0"/>
  <testcase name="testHashCodeInegalite(Element, Element)[2835]" classname="fr.eseo.e3.poo.projet.blox.modele.pieces.ElementTest" time="0.001"/>
  <testcase name="testHashCodeInegalite(Element, Element)[2836]" classname="fr.eseo.e3.poo.projet.blox.modele.pieces.ElementTest" time="0.0"/>
  <testcase name="testHashCodeInegalite(Element, Element)[2837]" classname="fr.eseo.e3.poo.projet.blox.modele.pieces.ElementTest" time="0.0"/>
  <testcase name="testHashCodeInegalite(Element, Element)[2838]" classname="fr.eseo.e3.poo.projet.blox.modele.pieces.ElementTest" time="0.0"/>
  <testcase name="testHashCodeInegalite(Element, Element)[2839]" classname="fr.eseo.e3.poo.projet.blox.modele.pieces.ElementTest" time="0.0"/>
  <testcase name="testHashCodeInegalite(Element, Element)[2840]" classname="fr.eseo.e3.poo.projet.blox.modele.pieces.ElementTest" time="0.0"/>
  <testcase name="testHashCodeInegalite(Element, Element)[2841]" classname="fr.eseo.e3.poo.projet.blox.modele.pieces.ElementTest" time="0.0"/>
  <testcase name="testHashCodeInegalite(Element, Element)[2842]" classname="fr.eseo.e3.poo.projet.blox.modele.pieces.ElementTest" time="0.0"/>
  <testcase name="testHashCodeInegalite(Element, Element)[2843]" classname="fr.eseo.e3.poo.projet.blox.modele.pieces.ElementTest" time="0.001"/>
  <testcase name="testHashCodeInegalite(Element, Element)[2844]" classname="fr.eseo.e3.poo.projet.blox.modele.pieces.ElementTest" time="0.0"/>
  <testcase name="testHashCodeInegalite(Element, Element)[2845]" classname="fr.eseo.e3.poo.projet.blox.modele.pieces.ElementTest" time="0.0"/>
  <testcase name="testHashCodeInegalite(Element, Element)[2846]" classname="fr.eseo.e3.poo.projet.blox.modele.pieces.ElementTest" time="0.001"/>
  <testcase name="testHashCodeInegalite(Element, Element)[2847]" classname="fr.eseo.e3.poo.projet.blox.modele.pieces.ElementTest" time="0.0"/>
  <testcase name="testHashCodeInegalite(Element, Element)[2848]" classname="fr.eseo.e3.poo.projet.blox.modele.pieces.ElementTest" time="0.0"/>
  <testcase name="testHashCodeInegalite(Element, Element)[2849]" classname="fr.eseo.e3.poo.projet.blox.modele.pieces.ElementTest" time="0.0"/>
  <testcase name="testHashCodeInegalite(Element, Element)[2850]" classname="fr.eseo.e3.poo.projet.blox.modele.pieces.ElementTest" time="0.0"/>
  <testcase name="testHashCodeInegalite(Element, Element)[2851]" classname="fr.eseo.e3.poo.projet.blox.modele.pieces.ElementTest" time="0.0"/>
  <testcase name="testHashCodeInegalite(Element, Element)[2852]" classname="fr.eseo.e3.poo.projet.blox.modele.pieces.ElementTest" time="0.001"/>
  <testcase name="testHashCodeInegalite(Element, Element)[2853]" classname="fr.eseo.e3.poo.projet.blox.modele.pieces.ElementTest" time="0.0"/>
  <testcase name="testHashCodeInegalite(Element, Element)[2854]" classname="fr.eseo.e3.poo.projet.blox.modele.pieces.ElementTest" time="0.001"/>
  <testcase name="testHashCodeInegalite(Element, Element)[2855]" classname="fr.eseo.e3.poo.projet.blox.modele.pieces.ElementTest" time="0.0"/>
  <testcase name="testHashCodeInegalite(Element, Element)[2856]" classname="fr.eseo.e3.poo.projet.blox.modele.pieces.ElementTest" time="0.0"/>
  <testcase name="testHashCodeInegalite(Element, Element)[2857]" classname="fr.eseo.e3.poo.projet.blox.modele.pieces.ElementTest" time="0.0"/>
  <testcase name="testHashCodeInegalite(Element, Element)[2858]" classname="fr.eseo.e3.poo.projet.blox.modele.pieces.ElementTest" time="0.0"/>
  <testcase name="testHashCodeInegalite(Element, Element)[2859]" classname="fr.eseo.e3.poo.projet.blox.modele.pieces.ElementTest" time="0.001"/>
  <testcase name="testHashCodeInegalite(Element, Element)[2860]" classname="fr.eseo.e3.poo.projet.blox.modele.pieces.ElementTest" time="0.0"/>
  <testcase name="testHashCodeInegalite(Element, Element)[2861]" classname="fr.eseo.e3.poo.projet.blox.modele.pieces.ElementTest" time="0.001"/>
  <testcase name="testHashCodeInegalite(Element, Element)[2862]" classname="fr.eseo.e3.poo.projet.blox.modele.pieces.ElementTest" time="0.0"/>
  <testcase name="testHashCodeInegalite(Element, Element)[2863]" classname="fr.eseo.e3.poo.projet.blox.modele.pieces.ElementTest" time="0.0"/>
  <testcase name="testHashCodeInegalite(Element, Element)[2864]" classname="fr.eseo.e3.poo.projet.blox.modele.pieces.ElementTest" time="0.0"/>
  <testcase name="testHashCodeInegalite(Element, Element)[2865]" classname="fr.eseo.e3.poo.projet.blox.modele.pieces.ElementTest" time="0.0"/>
  <testcase name="testHashCodeInegalite(Element, Element)[2866]" classname="fr.eseo.e3.poo.projet.blox.modele.pieces.ElementTest" time="0.0"/>
  <testcase name="testHashCodeInegalite(Element, Element)[2867]" classname="fr.eseo.e3.poo.projet.blox.modele.pieces.ElementTest" time="0.001"/>
  <testcase name="testHashCodeInegalite(Element, Element)[2868]" classname="fr.eseo.e3.poo.projet.blox.modele.pieces.ElementTest" time="0.0"/>
  <testcase name="testHashCodeInegalite(Element, Element)[2869]" classname="fr.eseo.e3.poo.projet.blox.modele.pieces.ElementTest" time="0.0"/>
  <testcase name="testHashCodeInegalite(Element, Element)[2870]" classname="fr.eseo.e3.poo.projet.blox.modele.pieces.ElementTest" time="0.0"/>
  <testcase name="testHashCodeInegalite(Element, Element)[2871]" classname="fr.eseo.e3.poo.projet.blox.modele.pieces.ElementTest" time="0.0"/>
  <testcase name="testHashCodeInegalite(Element, Element)[2872]" classname="fr.eseo.e3.poo.projet.blox.modele.pieces.ElementTest" time="0.0"/>
  <testcase name="testHashCodeInegalite(Element, Element)[2873]" classname="fr.eseo.e3.poo.projet.blox.modele.pieces.ElementTest" time="0.0"/>
  <testcase name="testHashCodeInegalite(Element, Element)[2874]" classname="fr.eseo.e3.poo.projet.blox.modele.pieces.ElementTest" time="0.0"/>
  <testcase name="testHashCodeInegalite(Element, Element)[2875]" classname="fr.eseo.e3.poo.projet.blox.modele.pieces.ElementTest" time="0.0"/>
  <testcase name="testHashCodeInegalite(Element, Element)[2876]" classname="fr.eseo.e3.poo.projet.blox.modele.pieces.ElementTest" time="0.001"/>
  <testcase name="testHashCodeInegalite(Element, Element)[2877]" classname="fr.eseo.e3.poo.projet.blox.modele.pieces.ElementTest" time="0.0"/>
  <testcase name="testHashCodeInegalite(Element, Element)[2878]" classname="fr.eseo.e3.poo.projet.blox.modele.pieces.ElementTest" time="0.0"/>
  <testcase name="testHashCodeInegalite(Element, Element)[2879]" classname="fr.eseo.e3.poo.projet.blox.modele.pieces.ElementTest" time="0.0"/>
  <testcase name="testHashCodeInegalite(Element, Element)[2880]" classname="fr.eseo.e3.poo.projet.blox.modele.pieces.ElementTest" time="0.0"/>
  <testcase name="testHashCodeInegalite(Element, Element)[2881]" classname="fr.eseo.e3.poo.projet.blox.modele.pieces.ElementTest" time="0.001"/>
  <testcase name="testHashCodeInegalite(Element, Element)[2882]" classname="fr.eseo.e3.poo.projet.blox.modele.pieces.ElementTest" time="0.0"/>
  <testcase name="testHashCodeInegalite(Element, Element)[2883]" classname="fr.eseo.e3.poo.projet.blox.modele.pieces.ElementTest" time="0.0"/>
  <testcase name="testHashCodeInegalite(Element, Element)[2884]" classname="fr.eseo.e3.poo.projet.blox.modele.pieces.ElementTest" time="0.0"/>
  <testcase name="testHashCodeInegalite(Element, Element)[2885]" classname="fr.eseo.e3.poo.projet.blox.modele.pieces.ElementTest" time="0.0"/>
  <testcase name="testHashCodeInegalite(Element, Element)[2886]" classname="fr.eseo.e3.poo.projet.blox.modele.pieces.ElementTest" time="0.0"/>
  <testcase name="testHashCodeInegalite(Element, Element)[2887]" classname="fr.eseo.e3.poo.projet.blox.modele.pieces.ElementTest" time="0.0"/>
  <testcase name="testHashCodeInegalite(Element, Element)[2888]" classname="fr.eseo.e3.poo.projet.blox.modele.pieces.ElementTest" time="0.0"/>
  <testcase name="testHashCodeInegalite(Element, Element)[2889]" classname="fr.eseo.e3.poo.projet.blox.modele.pieces.ElementTest" time="0.001"/>
  <testcase name="testHashCodeInegalite(Element, Element)[2890]" classname="fr.eseo.e3.poo.projet.blox.modele.pieces.ElementTest" time="0.0"/>
  <testcase name="testHashCodeInegalite(Element, Element)[2891]" classname="fr.eseo.e3.poo.projet.blox.modele.pieces.ElementTest" time="0.0"/>
  <testcase name="testHashCodeInegalite(Element, Element)[2892]" classname="fr.eseo.e3.poo.projet.blox.modele.pieces.ElementTest" time="0.0"/>
  <testcase name="testHashCodeInegalite(Element, Element)[2893]" classname="fr.eseo.e3.poo.projet.blox.modele.pieces.ElementTest" time="0.0"/>
  <testcase name="testHashCodeInegalite(Element, Element)[2894]" classname="fr.eseo.e3.poo.projet.blox.modele.pieces.ElementTest" time="0.0"/>
  <testcase name="testHashCodeInegalite(Element, Element)[2895]" classname="fr.eseo.e3.poo.projet.blox.modele.pieces.ElementTest" time="0.0"/>
  <testcase name="testHashCodeInegalite(Element, Element)[2896]" classname="fr.eseo.e3.poo.projet.blox.modele.pieces.ElementTest" time="0.0"/>
  <testcase name="testHashCodeInegalite(Element, Element)[2897]" classname="fr.eseo.e3.poo.projet.blox.modele.pieces.ElementTest" time="0.0"/>
  <testcase name="testHashCodeInegalite(Element, Element)[2898]" classname="fr.eseo.e3.poo.projet.blox.modele.pieces.ElementTest" time="0.0"/>
  <testcase name="testHashCodeInegalite(Element, Element)[2899]" classname="fr.eseo.e3.poo.projet.blox.modele.pieces.ElementTest" time="0.0"/>
  <testcase name="testHashCodeInegalite(Element, Element)[2900]" classname="fr.eseo.e3.poo.projet.blox.modele.pieces.ElementTest" time="0.0"/>
  <testcase name="testHashCodeInegalite(Element, Element)[2901]" classname="fr.eseo.e3.poo.projet.blox.modele.pieces.ElementTest" time="0.001"/>
  <testcase name="testHashCodeInegalite(Element, Element)[2902]" classname="fr.eseo.e3.poo.projet.blox.modele.pieces.ElementTest" time="0.0"/>
  <testcase name="testHashCodeInegalite(Element, Element)[2903]" classname="fr.eseo.e3.poo.projet.blox.modele.pieces.ElementTest" time="0.0"/>
  <testcase name="testHashCodeInegalite(Element, Element)[2904]" classname="fr.eseo.e3.poo.projet.blox.modele.pieces.ElementTest" time="0.0"/>
  <testcase name="testHashCodeInegalite(Element, Element)[2905]" classname="fr.eseo.e3.poo.projet.blox.modele.pieces.ElementTest" time="0.0"/>
  <testcase name="testHashCodeInegalite(Element, Element)[2906]" classname="fr.eseo.e3.poo.projet.blox.modele.pieces.ElementTest" time="0.0"/>
  <testcase name="testHashCodeInegalite(Element, Element)[2907]" classname="fr.eseo.e3.poo.projet.blox.modele.pieces.ElementTest" time="0.0"/>
  <testcase name="testHashCodeInegalite(Element, Element)[2908]" classname="fr.eseo.e3.poo.projet.blox.modele.pieces.ElementTest" time="0.0"/>
  <testcase name="testHashCodeInegalite(Element, Element)[2909]" classname="fr.eseo.e3.poo.projet.blox.modele.pieces.ElementTest" time="0.001"/>
  <testcase name="testHashCodeInegalite(Element, Element)[2910]" classname="fr.eseo.e3.poo.projet.blox.modele.pieces.ElementTest" time="0.001"/>
  <testcase name="testHashCodeInegalite(Element, Element)[2911]" classname="fr.eseo.e3.poo.projet.blox.modele.pieces.ElementTest" time="0.0"/>
  <testcase name="testHashCodeInegalite(Element, Element)[2912]" classname="fr.eseo.e3.poo.projet.blox.modele.pieces.ElementTest" time="0.0"/>
  <testcase name="testHashCodeInegalite(Element, Element)[2913]" classname="fr.eseo.e3.poo.projet.blox.modele.pieces.ElementTest" time="0.0"/>
  <testcase name="testHashCodeInegalite(Element, Element)[2914]" classname="fr.eseo.e3.poo.projet.blox.modele.pieces.ElementTest" time="0.0"/>
  <testcase name="testHashCodeInegalite(Element, Element)[2915]" classname="fr.eseo.e3.poo.projet.blox.modele.pieces.ElementTest" time="0.0"/>
  <testcase name="testHashCodeInegalite(Element, Element)[2916]" classname="fr.eseo.e3.poo.projet.blox.modele.pieces.ElementTest" time="0.0"/>
  <testcase name="testHashCodeInegalite(Element, Element)[2917]" classname="fr.eseo.e3.poo.projet.blox.modele.pieces.ElementTest" time="0.0"/>
  <testcase name="testHashCodeInegalite(Element, Element)[2918]" classname="fr.eseo.e3.poo.projet.blox.modele.pieces.ElementTest" time="0.0"/>
  <testcase name="testHashCodeInegalite(Element, Element)[2919]" classname="fr.eseo.e3.poo.projet.blox.modele.pieces.ElementTest" time="0.0"/>
  <testcase name="testHashCodeInegalite(Element, Element)[2920]" classname="fr.eseo.e3.poo.projet.blox.modele.pieces.ElementTest" time="0.0"/>
  <testcase name="testHashCodeInegalite(Element, Element)[2921]" classname="fr.eseo.e3.poo.projet.blox.modele.pieces.ElementTest" time="0.0"/>
  <testcase name="testHashCodeInegalite(Element, Element)[2922]" classname="fr.eseo.e3.poo.projet.blox.modele.pieces.ElementTest" time="0.0"/>
  <testcase name="testHashCodeInegalite(Element, Element)[2923]" classname="fr.eseo.e3.poo.projet.blox.modele.pieces.ElementTest" time="0.0"/>
  <testcase name="testHashCodeInegalite(Element, Element)[2924]" classname="fr.eseo.e3.poo.projet.blox.modele.pieces.ElementTest" time="0.001"/>
  <testcase name="testHashCodeInegalite(Element, Element)[2925]" classname="fr.eseo.e3.poo.projet.blox.modele.pieces.ElementTest" time="0.0"/>
  <testcase name="testHashCodeInegalite(Element, Element)[2926]" classname="fr.eseo.e3.poo.projet.blox.modele.pieces.ElementTest" time="0.0"/>
  <testcase name="testHashCodeInegalite(Element, Element)[2927]" classname="fr.eseo.e3.poo.projet.blox.modele.pieces.ElementTest" time="0.0"/>
  <testcase name="testHashCodeInegalite(Element, Element)[2928]" classname="fr.eseo.e3.poo.projet.blox.modele.pieces.ElementTest" time="0.0"/>
  <testcase name="testHashCodeInegalite(Element, Element)[2929]" classname="fr.eseo.e3.poo.projet.blox.modele.pieces.ElementTest" time="0.0"/>
  <testcase name="testHashCodeInegalite(Element, Element)[2930]" classname="fr.eseo.e3.poo.projet.blox.modele.pieces.ElementTest" time="0.0"/>
  <testcase name="testHashCodeInegalite(Element, Element)[2931]" classname="fr.eseo.e3.poo.projet.blox.modele.pieces.ElementTest" time="0.0"/>
  <testcase name="testHashCodeInegalite(Element, Element)[2932]" classname="fr.eseo.e3.poo.projet.blox.modele.pieces.ElementTest" time="0.0"/>
  <testcase name="testHashCodeInegalite(Element, Element)[2933]" classname="fr.eseo.e3.poo.projet.blox.modele.pieces.ElementTest" time="0.0"/>
  <testcase name="testHashCodeInegalite(Element, Element)[2934]" classname="fr.eseo.e3.poo.projet.blox.modele.pieces.ElementTest" time="0.0"/>
  <testcase name="testHashCodeInegalite(Element, Element)[2935]" classname="fr.eseo.e3.poo.projet.blox.modele.pieces.ElementTest" time="0.0"/>
  <testcase name="testHashCodeInegalite(Element, Element)[2936]" classname="fr.eseo.e3.poo.projet.blox.modele.pieces.ElementTest" time="0.0"/>
  <testcase name="testHashCodeInegalite(Element, Element)[2937]" classname="fr.eseo.e3.poo.projet.blox.modele.pieces.ElementTest" time="0.0"/>
  <testcase name="testHashCodeInegalite(Element, Element)[2938]" classname="fr.eseo.e3.poo.projet.blox.modele.pieces.ElementTest" time="0.0"/>
  <testcase name="testHashCodeInegalite(Element, Element)[2939]" classname="fr.eseo.e3.poo.projet.blox.modele.pieces.ElementTest" time="0.0"/>
  <testcase name="testHashCodeInegalite(Element, Element)[2940]" classname="fr.eseo.e3.poo.projet.blox.modele.pieces.ElementTest" time="0.0"/>
  <testcase name="testHashCodeInegalite(Element, Element)[2941]" classname="fr.eseo.e3.poo.projet.blox.modele.pieces.ElementTest" time="0.0"/>
  <testcase name="testHashCodeInegalite(Element, Element)[2942]" classname="fr.eseo.e3.poo.projet.blox.modele.pieces.ElementTest" time="0.0"/>
  <testcase name="testHashCodeInegalite(Element, Element)[2943]" classname="fr.eseo.e3.poo.projet.blox.modele.pieces.ElementTest" time="0.0"/>
  <testcase name="testHashCodeInegalite(Element, Element)[2944]" classname="fr.eseo.e3.poo.projet.blox.modele.pieces.ElementTest" time="0.001"/>
  <testcase name="testHashCodeInegalite(Element, Element)[2945]" classname="fr.eseo.e3.poo.projet.blox.modele.pieces.ElementTest" time="0.0"/>
  <testcase name="testHashCodeInegalite(Element, Element)[2946]" classname="fr.eseo.e3.poo.projet.blox.modele.pieces.ElementTest" time="0.0"/>
  <testcase name="testHashCodeInegalite(Element, Element)[2947]" classname="fr.eseo.e3.poo.projet.blox.modele.pieces.ElementTest" time="0.0"/>
  <testcase name="testHashCodeInegalite(Element, Element)[2948]" classname="fr.eseo.e3.poo.projet.blox.modele.pieces.ElementTest" time="0.0"/>
  <testcase name="testHashCodeInegalite(Element, Element)[2949]" classname="fr.eseo.e3.poo.projet.blox.modele.pieces.ElementTest" time="0.001"/>
  <testcase name="testHashCodeInegalite(Element, Element)[2950]" classname="fr.eseo.e3.poo.projet.blox.modele.pieces.ElementTest" time="0.0"/>
  <testcase name="testToString" classname="fr.eseo.e3.poo.projet.blox.modele.pieces.ElementTest" time="0.001"/>
  <testcase name="testDeplacerDeExceptions(int, int)[1]" classname="fr.eseo.e3.poo.projet.blox.modele.pieces.ElementTest" time="0.007"/>
  <testcase name="testDeplacerDeExceptions(int, int)[2]" classname="fr.eseo.e3.poo.projet.blox.modele.pieces.ElementTest" time="0.0"/>
  <testcase name="testDeplacerDeExceptions(int, int)[3]" classname="fr.eseo.e3.poo.projet.blox.modele.pieces.ElementTest" time="0.0"/>
  <testcase name="testDeplacerDeExceptions(int, int)[4]" classname="fr.eseo.e3.poo.projet.blox.modele.pieces.ElementTest" time="0.001"/>
  <testcase name="testEqualReflexivite" classname="fr.eseo.e3.poo.projet.blox.modele.pieces.ElementTest" time="0.001"/>
  <testcase name="testConstructeurIntInt_DefCoord" classname="fr.eseo.e3.poo.projet.blox.modele.pieces.ElementTest" time="0.001"/>
  <testcase name="testHashCodeEgalite(Element, Element)[1]" classname="fr.eseo.e3.poo.projet.blox.modele.pieces.ElementTest" time="0.001"/>
  <testcase name="testHashCodeEgalite(Element, Element)[2]" classname="fr.eseo.e3.poo.projet.blox.modele.pieces.ElementTest" time="0.0"/>
  <testcase name="testHashCodeEgalite(Element, Element)[3]" classname="fr.eseo.e3.poo.projet.blox.modele.pieces.ElementTest" time="0.002"/>
  <testcase name="testHashCodeEgalite(Element, Element)[4]" classname="fr.eseo.e3.poo.projet.blox.modele.pieces.ElementTest" time="0.0"/>
  <testcase name="testHashCodeEgalite(Element, Element)[5]" classname="fr.eseo.e3.poo.projet.blox.modele.pieces.ElementTest" time="0.0"/>
  <testcase name="testHashCodeEgalite(Element, Element)[6]" classname="fr.eseo.e3.poo.projet.blox.modele.pieces.ElementTest" time="0.001"/>
  <testcase name="testHashCodeEgalite(Element, Element)[7]" classname="fr.eseo.e3.poo.projet.blox.modele.pieces.ElementTest" time="0.001"/>
  <testcase name="testHashCodeEgalite(Element, Element)[8]" classname="fr.eseo.e3.poo.projet.blox.modele.pieces.ElementTest" time="0.001"/>
  <testcase name="testHashCodeEgalite(Element, Element)[9]" classname="fr.eseo.e3.poo.projet.blox.modele.pieces.ElementTest" time="0.0"/>
  <testcase name="testHashCodeEgalite(Element, Element)[10]" classname="fr.eseo.e3.poo.projet.blox.modele.pieces.ElementTest" time="0.001"/>
  <testcase name="testHashCodeEgalite(Element, Element)[11]" classname="fr.eseo.e3.poo.projet.blox.modele.pieces.ElementTest" time="0.002"/>
  <testcase name="testHashCodeEgalite(Element, Element)[12]" classname="fr.eseo.e3.poo.projet.blox.modele.pieces.ElementTest" time="0.001"/>
  <testcase name="testHashCodeEgalite(Element, Element)[13]" classname="fr.eseo.e3.poo.projet.blox.modele.pieces.ElementTest" time="0.001"/>
  <testcase name="testHashCodeEgalite(Element, Element)[14]" classname="fr.eseo.e3.poo.projet.blox.modele.pieces.ElementTest" time="0.0"/>
  <testcase name="testHashCodeEgalite(Element, Element)[15]" classname="fr.eseo.e3.poo.projet.blox.modele.pieces.ElementTest" time="0.0"/>
  <testcase name="testHashCodeEgalite(Element, Element)[16]" classname="fr.eseo.e3.poo.projet.blox.modele.pieces.ElementTest" time="0.0"/>
  <testcase name="testHashCodeEgalite(Element, Element)[17]" classname="fr.eseo.e3.poo.projet.blox.modele.pieces.ElementTest" time="0.0"/>
  <testcase name="testHashCodeEgalite(Element, Element)[18]" classname="fr.eseo.e3.poo.projet.blox.modele.pieces.ElementTest" time="0.0"/>
  <testcase name="testHashCodeEgalite(Element, Element)[19]" classname="fr.eseo.e3.poo.projet.blox.modele.pieces.ElementTest" time="0.0"/>
  <testcase name="testHashCodeEgalite(Element, Element)[20]" classname="fr.eseo.e3.poo.projet.blox.modele.pieces.ElementTest" time="0.001"/>
  <testcase name="testHashCodeEgalite(Element, Element)[21]" classname="fr.eseo.e3.poo.projet.blox.modele.pieces.ElementTest" time="0.0"/>
  <testcase name="testHashCodeEgalite(Element, Element)[22]" classname="fr.eseo.e3.poo.projet.blox.modele.pieces.ElementTest" time="0.001"/>
  <testcase name="testHashCodeEgalite(Element, Element)[23]" classname="fr.eseo.e3.poo.projet.blox.modele.pieces.ElementTest" time="0.001"/>
  <testcase name="testHashCodeEgalite(Element, Element)[24]" classname="fr.eseo.e3.poo.projet.blox.modele.pieces.ElementTest" time="0.0"/>
  <testcase name="testHashCodeEgalite(Element, Element)[25]" classname="fr.eseo.e3.poo.projet.blox.modele.pieces.ElementTest" time="0.0"/>
  <testcase name="testHashCodeEgalite(Element, Element)[26]" classname="fr.eseo.e3.poo.projet.blox.modele.pieces.ElementTest" time="0.0"/>
  <testcase name="testHashCodeEgalite(Element, Element)[27]" classname="fr.eseo.e3.poo.projet.blox.modele.pieces.ElementTest" time="0.0"/>
  <testcase name="testHashCodeEgalite(Element, Element)[28]" classname="fr.eseo.e3.poo.projet.blox.modele.pieces.ElementTest" time="0.0"/>
  <testcase name="testHashCodeEgalite(Element, Element)[29]" classname="fr.eseo.e3.poo.projet.blox.modele.pieces.ElementTest" time="0.001"/>
  <testcase name="testHashCodeEgalite(Element, Element)[30]" classname="fr.eseo.e3.poo.projet.blox.modele.pieces.ElementTest" time="0.001"/>
  <testcase name="testHashCodeEgalite(Element, Element)[31]" classname="fr.eseo.e3.poo.projet.blox.modele.pieces.ElementTest" time="0.0"/>
  <testcase name="testHashCodeEgalite(Element, Element)[32]" classname="fr.eseo.e3.poo.projet.blox.modele.pieces.ElementTest" time="0.0"/>
  <testcase name="testHashCodeEgalite(Element, Element)[33]" classname="fr.eseo.e3.poo.projet.blox.modele.pieces.ElementTest" time="0.001"/>
  <testcase name="testHashCodeEgalite(Element, Element)[34]" classname="fr.eseo.e3.poo.projet.blox.modele.pieces.ElementTest" time="0.0"/>
  <testcase name="testHashCodeEgalite(Element, Element)[35]" classname="fr.eseo.e3.poo.projet.blox.modele.pieces.ElementTest" time="0.0"/>
  <testcase name="testHashCodeEgalite(Element, Element)[36]" classname="fr.eseo.e3.poo.projet.blox.modele.pieces.ElementTest" time="0.0"/>
  <testcase name="testHashCodeEgalite(Element, Element)[37]" classname="fr.eseo.e3.poo.projet.blox.modele.pieces.ElementTest" time="0.001"/>
  <testcase name="testHashCodeEgalite(Element, Element)[38]" classname="fr.eseo.e3.poo.projet.blox.modele.pieces.ElementTest" time="0.0"/>
  <testcase name="testHashCodeEgalite(Element, Element)[39]" classname="fr.eseo.e3.poo.projet.blox.modele.pieces.ElementTest" time="0.0"/>
  <testcase name="testHashCodeEgalite(Element, Element)[40]" classname="fr.eseo.e3.poo.projet.blox.modele.pieces.ElementTest" time="0.001"/>
  <testcase name="testHashCodeEgalite(Element, Element)[41]" classname="fr.eseo.e3.poo.projet.blox.modele.pieces.ElementTest" time="0.001"/>
  <testcase name="testHashCodeEgalite(Element, Element)[42]" classname="fr.eseo.e3.poo.projet.blox.modele.pieces.ElementTest" time="0.0"/>
  <testcase name="testHashCodeEgalite(Element, Element)[43]" classname="fr.eseo.e3.poo.projet.blox.modele.pieces.ElementTest" time="0.0"/>
  <testcase name="testHashCodeEgalite(Element, Element)[44]" classname="fr.eseo.e3.poo.projet.blox.modele.pieces.ElementTest" time="0.0"/>
  <testcase name="testHashCodeEgalite(Element, Element)[45]" classname="fr.eseo.e3.poo.projet.blox.modele.pieces.ElementTest" time="0.0"/>
  <testcase name="testHashCodeEgalite(Element, Element)[46]" classname="fr.eseo.e3.poo.projet.blox.modele.pieces.ElementTest" time="0.0"/>
  <testcase name="testHashCodeEgalite(Element, Element)[47]" classname="fr.eseo.e3.poo.projet.blox.modele.pieces.ElementTest" time="0.0"/>
  <testcase name="testHashCodeEgalite(Element, Element)[48]" classname="fr.eseo.e3.poo.projet.blox.modele.pieces.ElementTest" time="0.0"/>
  <testcase name="testHashCodeEgalite(Element, Element)[49]" classname="fr.eseo.e3.poo.projet.blox.modele.pieces.ElementTest" time="0.0"/>
  <testcase name="testHashCodeEgalite(Element, Element)[50]" classname="fr.eseo.e3.poo.projet.blox.modele.pieces.ElementTest" time="0.0"/>
  <testcase name="testEqualClassesDifferentes" classname="fr.eseo.e3.poo.projet.blox.modele.pieces.ElementTest" time="0.002"/>
  <testcase name="testEqualNonEgalite(Element, Element)[1]" classname="fr.eseo.e3.poo.projet.blox.modele.pieces.ElementTest" time="0.001"/>
  <testcase name="testEqualNonEgalite(Element, Element)[2]" classname="fr.eseo.e3.poo.projet.blox.modele.pieces.ElementTest" time="0.001"/>
  <testcase name="testEqualNonEgalite(Element, Element)[3]" classname="fr.eseo.e3.poo.projet.blox.modele.pieces.ElementTest" time="0.0"/>
  <testcase name="testEqualNonEgalite(Element, Element)[4]" classname="fr.eseo.e3.poo.projet.blox.modele.pieces.ElementTest" time="0.001"/>
  <testcase name="testEqualNonEgalite(Element, Element)[5]" classname="fr.eseo.e3.poo.projet.blox.modele.pieces.ElementTest" time="0.0"/>
  <testcase name="testEqualNonEgalite(Element, Element)[6]" classname="fr.eseo.e3.poo.projet.blox.modele.pieces.ElementTest" time="0.0"/>
  <testcase name="testEqualNonEgalite(Element, Element)[7]" classname="fr.eseo.e3.poo.projet.blox.modele.pieces.ElementTest" time="0.001"/>
  <testcase name="testEqualNonEgalite(Element, Element)[8]" classname="fr.eseo.e3.poo.projet.blox.modele.pieces.ElementTest" time="0.0"/>
  <testcase name="testEqualNonEgalite(Element, Element)[9]" classname="fr.eseo.e3.poo.projet.blox.modele.pieces.ElementTest" time="0.0"/>
  <testcase name="testEqualNonEgalite(Element, Element)[10]" classname="fr.eseo.e3.poo.projet.blox.modele.pieces.ElementTest" time="0.001"/>
  <testcase name="testEqualNonEgalite(Element, Element)[11]" classname="fr.eseo.e3.poo.projet.blox.modele.pieces.ElementTest" time="0.0"/>
  <testcase name="testEqualNonEgalite(Element, Element)[12]" classname="fr.eseo.e3.poo.projet.blox.modele.pieces.ElementTest" time="0.0"/>
  <testcase name="testEqualNonEgalite(Element, Element)[13]" classname="fr.eseo.e3.poo.projet.blox.modele.pieces.ElementTest" time="0.0"/>
  <testcase name="testEqualNonEgalite(Element, Element)[14]" classname="fr.eseo.e3.poo.projet.blox.modele.pieces.ElementTest" time="0.001"/>
  <testcase name="testEqualNonEgalite(Element, Element)[15]" classname="fr.eseo.e3.poo.projet.blox.modele.pieces.ElementTest" time="0.0"/>
  <testcase name="testEqualNonEgalite(Element, Element)[16]" classname="fr.eseo.e3.poo.projet.blox.modele.pieces.ElementTest" time="0.001"/>
  <testcase name="testEqualNonEgalite(Element, Element)[17]" classname="fr.eseo.e3.poo.projet.blox.modele.pieces.ElementTest" time="0.0"/>
  <testcase name="testEqualNonEgalite(Element, Element)[18]" classname="fr.eseo.e3.poo.projet.blox.modele.pieces.ElementTest" time="0.0"/>
  <testcase name="testEqualNonEgalite(Element, Element)[19]" classname="fr.eseo.e3.poo.projet.blox.modele.pieces.ElementTest" time="0.001"/>
  <testcase name="testEqualNonEgalite(Element, Element)[20]" classname="fr.eseo.e3.poo.projet.blox.modele.pieces.ElementTest" time="0.0"/>
  <testcase name="testEqualNonEgalite(Element, Element)[21]" classname="fr.eseo.e3.poo.projet.blox.modele.pieces.ElementTest" time="0.0"/>
  <testcase name="testEqualNonEgalite(Element, Element)[22]" classname="fr.eseo.e3.poo.projet.blox.modele.pieces.ElementTest" time="0.0"/>
  <testcase name="testEqualNonEgalite(Element, Element)[23]" classname="fr.eseo.e3.poo.projet.blox.modele.pieces.ElementTest" time="0.0"/>
  <testcase name="testEqualNonEgalite(Element, Element)[24]" classname="fr.eseo.e3.poo.projet.blox.modele.pieces.ElementTest" time="0.001"/>
  <testcase name="testEqualNonEgalite(Element, Element)[25]" classname="fr.eseo.e3.poo.projet.blox.modele.pieces.ElementTest" time="0.0"/>
  <testcase name="testEqualNonEgalite(Element, Element)[26]" classname="fr.eseo.e3.poo.projet.blox.modele.pieces.ElementTest" time="0.0"/>
  <testcase name="testEqualNonEgalite(Element, Element)[27]" classname="fr.eseo.e3.poo.projet.blox.modele.pieces.ElementTest" time="0.0"/>
  <testcase name="testEqualNonEgalite(Element, Element)[28]" classname="fr.eseo.e3.poo.projet.blox.modele.pieces.ElementTest" time="0.0"/>
  <testcase name="testEqualNonEgalite(Element, Element)[29]" classname="fr.eseo.e3.poo.projet.blox.modele.pieces.ElementTest" time="0.0"/>
  <testcase name="testEqualNonEgalite(Element, Element)[30]" classname="fr.eseo.e3.poo.projet.blox.modele.pieces.ElementTest" time="0.0"/>
  <testcase name="testEqualNonEgalite(Element, Element)[31]" classname="fr.eseo.e3.poo.projet.blox.modele.pieces.ElementTest" time="0.0"/>
  <testcase name="testEqualNonEgalite(Element, Element)[32]" classname="fr.eseo.e3.poo.projet.blox.modele.pieces.ElementTest" time="0.0"/>
  <testcase name="testEqualNonEgalite(Element, Element)[33]" classname="fr.eseo.e3.poo.projet.blox.modele.pieces.ElementTest" time="0.0"/>
  <testcase name="testEqualNonEgalite(Element, Element)[34]" classname="fr.eseo.e3.poo.projet.blox.modele.pieces.ElementTest" time="0.001"/>
  <testcase name="testEqualNonEgalite(Element, Element)[35]" classname="fr.eseo.e3.poo.projet.blox.modele.pieces.ElementTest" time="0.0"/>
  <testcase name="testEqualNonEgalite(Element, Element)[36]" classname="fr.eseo.e3.poo.projet.blox.modele.pieces.ElementTest" time="0.0"/>
  <testcase name="testEqualNonEgalite(Element, Element)[37]" classname="fr.eseo.e3.poo.projet.blox.modele.pieces.ElementTest" time="0.0"/>
  <testcase name="testEqualNonEgalite(Element, Element)[38]" classname="fr.eseo.e3.poo.projet.blox.modele.pieces.ElementTest" time="0.0"/>
  <testcase name="testEqualNonEgalite(Element, Element)[39]" classname="fr.eseo.e3.poo.projet.blox.modele.pieces.ElementTest" time="0.001"/>
  <testcase name="testEqualNonEgalite(Element, Element)[40]" classname="fr.eseo.e3.poo.projet.blox.modele.pieces.ElementTest" time="0.0"/>
  <testcase name="testEqualNonEgalite(Element, Element)[41]" classname="fr.eseo.e3.poo.projet.blox.modele.pieces.ElementTest" time="0.0"/>
  <testcase name="testEqualNonEgalite(Element, Element)[42]" classname="fr.eseo.e3.poo.projet.blox.modele.pieces.ElementTest" time="0.0"/>
  <testcase name="testEqualNonEgalite(Element, Element)[43]" classname="fr.eseo.e3.poo.projet.blox.modele.pieces.ElementTest" time="0.0"/>
  <testcase name="testEqualNonEgalite(Element, Element)[44]" classname="fr.eseo.e3.poo.projet.blox.modele.pieces.ElementTest" time="0.0"/>
  <testcase name="testEqualNonEgalite(Element, Element)[45]" classname="fr.eseo.e3.poo.projet.blox.modele.pieces.ElementTest" time="0.0"/>
  <testcase name="testEqualNonEgalite(Element, Element)[46]" classname="fr.eseo.e3.poo.projet.blox.modele.pieces.ElementTest" time="0.0"/>
  <testcase name="testEqualNonEgalite(Element, Element)[47]" classname="fr.eseo.e3.poo.projet.blox.modele.pieces.ElementTest" time="0.0"/>
  <testcase name="testEqualNonEgalite(Element, Element)[48]" classname="fr.eseo.e3.poo.projet.blox.modele.pieces.ElementTest" time="0.0"/>
  <testcase name="testEqualNonEgalite(Element, Element)[49]" classname="fr.eseo.e3.poo.projet.blox.modele.pieces.ElementTest" time="0.0"/>
  <testcase name="testEqualNonEgalite(Element, Element)[50]" classname="fr.eseo.e3.poo.projet.blox.modele.pieces.ElementTest" time="0.0"/>
  <testcase name="testEqualNonEgalite(Element, Element)[51]" classname="fr.eseo.e3.poo.projet.blox.modele.pieces.ElementTest" time="0.001"/>
  <testcase name="testEqualNonEgalite(Element, Element)[52]" classname="fr.eseo.e3.poo.projet.blox.modele.pieces.ElementTest" time="0.0"/>
  <testcase name="testEqualNonEgalite(Element, Element)[53]" classname="fr.eseo.e3.poo.projet.blox.modele.pieces.ElementTest" time="0.0"/>
  <testcase name="testEqualNonEgalite(Element, Element)[54]" classname="fr.eseo.e3.poo.projet.blox.modele.pieces.ElementTest" time="0.0"/>
  <testcase name="testEqualNonEgalite(Element, Element)[55]" classname="fr.eseo.e3.poo.projet.blox.modele.pieces.ElementTest" time="0.0"/>
  <testcase name="testEqualNonEgalite(Element, Element)[56]" classname="fr.eseo.e3.poo.projet.blox.modele.pieces.ElementTest" time="0.0"/>
  <testcase name="testEqualNonEgalite(Element, Element)[57]" classname="fr.eseo.e3.poo.projet.blox.modele.pieces.ElementTest" time="0.0"/>
  <testcase name="testEqualNonEgalite(Element, Element)[58]" classname="fr.eseo.e3.poo.projet.blox.modele.pieces.ElementTest" time="0.0"/>
  <testcase name="testEqualNonEgalite(Element, Element)[59]" classname="fr.eseo.e3.poo.projet.blox.modele.pieces.ElementTest" time="0.001"/>
  <testcase name="testEqualNonEgalite(Element, Element)[60]" classname="fr.eseo.e3.poo.projet.blox.modele.pieces.ElementTest" time="0.0"/>
  <testcase name="testEqualNonEgalite(Element, Element)[61]" classname="fr.eseo.e3.poo.projet.blox.modele.pieces.ElementTest" time="0.001"/>
  <testcase name="testEqualNonEgalite(Element, Element)[62]" classname="fr.eseo.e3.poo.projet.blox.modele.pieces.ElementTest" time="0.0"/>
  <testcase name="testEqualNonEgalite(Element, Element)[63]" classname="fr.eseo.e3.poo.projet.blox.modele.pieces.ElementTest" time="0.0"/>
  <testcase name="testEqualNonEgalite(Element, Element)[64]" classname="fr.eseo.e3.poo.projet.blox.modele.pieces.ElementTest" time="0.0"/>
  <testcase name="testEqualNonEgalite(Element, Element)[65]" classname="fr.eseo.e3.poo.projet.blox.modele.pieces.ElementTest" time="0.0"/>
  <testcase name="testEqualNonEgalite(Element, Element)[66]" classname="fr.eseo.e3.poo.projet.blox.modele.pieces.ElementTest" time="0.0"/>
  <testcase name="testEqualNonEgalite(Element, Element)[67]" classname="fr.eseo.e3.poo.projet.blox.modele.pieces.ElementTest" time="0.0"/>
  <testcase name="testEqualNonEgalite(Element, Element)[68]" classname="fr.eseo.e3.poo.projet.blox.modele.pieces.ElementTest" time="0.0"/>
  <testcase name="testEqualNonEgalite(Element, Element)[69]" classname="fr.eseo.e3.poo.projet.blox.modele.pieces.ElementTest" time="0.001"/>
  <testcase name="testEqualNonEgalite(Element, Element)[70]" classname="fr.eseo.e3.poo.projet.blox.modele.pieces.ElementTest" time="0.0"/>
  <testcase name="testEqualNonEgalite(Element, Element)[71]" classname="fr.eseo.e3.poo.projet.blox.modele.pieces.ElementTest" time="0.0"/>
  <testcase name="testEqualNonEgalite(Element, Element)[72]" classname="fr.eseo.e3.poo.projet.blox.modele.pieces.ElementTest" time="0.001"/>
  <testcase name="testEqualNonEgalite(Element, Element)[73]" classname="fr.eseo.e3.poo.projet.blox.modele.pieces.ElementTest" time="0.0"/>
  <testcase name="testEqualNonEgalite(Element, Element)[74]" classname="fr.eseo.e3.poo.projet.blox.modele.pieces.ElementTest" time="0.0"/>
  <testcase name="testEqualNonEgalite(Element, Element)[75]" classname="fr.eseo.e3.poo.projet.blox.modele.pieces.ElementTest" time="0.0"/>
  <testcase name="testEqualNonEgalite(Element, Element)[76]" classname="fr.eseo.e3.poo.projet.blox.modele.pieces.ElementTest" time="0.0"/>
  <testcase name="testEqualNonEgalite(Element, Element)[77]" classname="fr.eseo.e3.poo.projet.blox.modele.pieces.ElementTest" time="0.001"/>
  <testcase name="testEqualNonEgalite(Element, Element)[78]" classname="fr.eseo.e3.poo.projet.blox.modele.pieces.ElementTest" time="0.0"/>
  <testcase name="testEqualNonEgalite(Element, Element)[79]" classname="fr.eseo.e3.poo.projet.blox.modele.pieces.ElementTest" time="0.0"/>
  <testcase name="testEqualNonEgalite(Element, Element)[80]" classname="fr.eseo.e3.poo.projet.blox.modele.pieces.ElementTest" time="0.001"/>
  <testcase name="testEqualNonEgalite(Element, Element)[81]" classname="fr.eseo.e3.poo.projet.blox.modele.pieces.ElementTest" time="0.001"/>
  <testcase name="testEqualNonEgalite(Element, Element)[82]" classname="fr.eseo.e3.poo.projet.blox.modele.pieces.ElementTest" time="0.0"/>
  <testcase name="testEqualNonEgalite(Element, Element)[83]" classname="fr.eseo.e3.poo.projet.blox.modele.pieces.ElementTest" time="0.001"/>
  <testcase name="testEqualNonEgalite(Element, Element)[84]" classname="fr.eseo.e3.poo.projet.blox.modele.pieces.ElementTest" time="0.0"/>
  <testcase name="testEqualNonEgalite(Element, Element)[85]" classname="fr.eseo.e3.poo.projet.blox.modele.pieces.ElementTest" time="0.0"/>
  <testcase name="testEqualNonEgalite(Element, Element)[86]" classname="fr.eseo.e3.poo.projet.blox.modele.pieces.ElementTest" time="0.0"/>
  <testcase name="testEqualNonEgalite(Element, Element)[87]" classname="fr.eseo.e3.poo.projet.blox.modele.pieces.ElementTest" time="0.0"/>
  <testcase name="testEqualNonEgalite(Element, Element)[88]" classname="fr.eseo.e3.poo.projet.blox.modele.pieces.ElementTest" time="0.0"/>
  <testcase name="testEqualNonEgalite(Element, Element)[89]" classname="fr.eseo.e3.poo.projet.blox.modele.pieces.ElementTest" time="0.0"/>
  <testcase name="testEqualNonEgalite(Element, Element)[90]" classname="fr.eseo.e3.poo.projet.blox.modele.pieces.ElementTest" time="0.0"/>
  <testcase name="testEqualNonEgalite(Element, Element)[91]" classname="fr.eseo.e3.poo.projet.blox.modele.pieces.ElementTest" time="0.0"/>
  <testcase name="testEqualNonEgalite(Element, Element)[92]" classname="fr.eseo.e3.poo.projet.blox.modele.pieces.ElementTest" time="0.0"/>
  <testcase name="testEqualNonEgalite(Element, Element)[93]" classname="fr.eseo.e3.poo.projet.blox.modele.pieces.ElementTest" time="0.0"/>
  <testcase name="testEqualNonEgalite(Element, Element)[94]" classname="fr.eseo.e3.poo.projet.blox.modele.pieces.ElementTest" time="0.0"/>
  <testcase name="testEqualNonEgalite(Element, Element)[95]" classname="fr.eseo.e3.poo.projet.blox.modele.pieces.ElementTest" time="0.0"/>
  <testcase name="testEqualNonEgalite(Element, Element)[96]" classname="fr.eseo.e3.poo.projet.blox.modele.pieces.ElementTest" time="0.0"/>
  <testcase name="testEqualNonEgalite(Element, Element)[97]" classname="fr.eseo.e3.poo.projet.blox.modele.pieces.ElementTest" time="0.0"/>
  <testcase name="testEqualNonEgalite(Element, Element)[98]" classname="fr.eseo.e3.poo.projet.blox.modele.pieces.ElementTest" time="0.0"/>
  <testcase name="testEqualNonEgalite(Element, Element)[99]" classname="fr.eseo.e3.poo.projet.blox.modele.pieces.ElementTest" time="0.0"/>
  <testcase name="testEqualNonEgalite(Element, Element)[100]" classname="fr.eseo.e3.poo.projet.blox.modele.pieces.ElementTest" time="0.001"/>
  <testcase name="testEqualNonEgalite(Element, Element)[101]" classname="fr.eseo.e3.poo.projet.blox.modele.pieces.ElementTest" time="0.0"/>
  <testcase name="testEqualNonEgalite(Element, Element)[102]" classname="fr.eseo.e3.poo.projet.blox.modele.pieces.ElementTest" time="0.001"/>
  <testcase name="testEqualNonEgalite(Element, Element)[103]" classname="fr.eseo.e3.poo.projet.blox.modele.pieces.ElementTest" time="0.0"/>
  <testcase name="testEqualNonEgalite(Element, Element)[104]" classname="fr.eseo.e3.poo.projet.blox.modele.pieces.ElementTest" time="0.001"/>
  <testcase name="testEqualNonEgalite(Element, Element)[105]" classname="fr.eseo.e3.poo.projet.blox.modele.pieces.ElementTest" time="0.0"/>
  <testcase name="testEqualNonEgalite(Element, Element)[106]" classname="fr.eseo.e3.poo.projet.blox.modele.pieces.ElementTest" time="0.001"/>
  <testcase name="testEqualNonEgalite(Element, Element)[107]" classname="fr.eseo.e3.poo.projet.blox.modele.pieces.ElementTest" time="0.0"/>
  <testcase name="testEqualNonEgalite(Element, Element)[108]" classname="fr.eseo.e3.poo.projet.blox.modele.pieces.ElementTest" time="0.0"/>
  <testcase name="testEqualNonEgalite(Element, Element)[109]" classname="fr.eseo.e3.poo.projet.blox.modele.pieces.ElementTest" time="0.0"/>
  <testcase name="testEqualNonEgalite(Element, Element)[110]" classname="fr.eseo.e3.poo.projet.blox.modele.pieces.ElementTest" time="0.0"/>
  <testcase name="testEqualNonEgalite(Element, Element)[111]" classname="fr.eseo.e3.poo.projet.blox.modele.pieces.ElementTest" time="0.001"/>
  <testcase name="testEqualNonEgalite(Element, Element)[112]" classname="fr.eseo.e3.poo.projet.blox.modele.pieces.ElementTest" time="0.0"/>
  <testcase name="testEqualNonEgalite(Element, Element)[113]" classname="fr.eseo.e3.poo.projet.blox.modele.pieces.ElementTest" time="0.001"/>
  <testcase name="testEqualNonEgalite(Element, Element)[114]" classname="fr.eseo.e3.poo.projet.blox.modele.pieces.ElementTest" time="0.0"/>
  <testcase name="testEqualNonEgalite(Element, Element)[115]" classname="fr.eseo.e3.poo.projet.blox.modele.pieces.ElementTest" time="0.0"/>
  <testcase name="testEqualNonEgalite(Element, Element)[116]" classname="fr.eseo.e3.poo.projet.blox.modele.pieces.ElementTest" time="0.0"/>
  <testcase name="testEqualNonEgalite(Element, Element)[117]" classname="fr.eseo.e3.poo.projet.blox.modele.pieces.ElementTest" time="0.0"/>
  <testcase name="testEqualNonEgalite(Element, Element)[118]" classname="fr.eseo.e3.poo.projet.blox.modele.pieces.ElementTest" time="0.0"/>
  <testcase name="testEqualNonEgalite(Element, Element)[119]" classname="fr.eseo.e3.poo.projet.blox.modele.pieces.ElementTest" time="0.0"/>
  <testcase name="testEqualNonEgalite(Element, Element)[120]" classname="fr.eseo.e3.poo.projet.blox.modele.pieces.ElementTest" time="0.001"/>
  <testcase name="testEqualNonEgalite(Element, Element)[121]" classname="fr.eseo.e3.poo.projet.blox.modele.pieces.ElementTest" time="0.0"/>
  <testcase name="testEqualNonEgalite(Element, Element)[122]" classname="fr.eseo.e3.poo.projet.blox.modele.pieces.ElementTest" time="0.001"/>
  <testcase name="testEqualNonEgalite(Element, Element)[123]" classname="fr.eseo.e3.poo.projet.blox.modele.pieces.ElementTest" time="0.0"/>
  <testcase name="testEqualNonEgalite(Element, Element)[124]" classname="fr.eseo.e3.poo.projet.blox.modele.pieces.ElementTest" time="0.0"/>
  <testcase name="testEqualNonEgalite(Element, Element)[125]" classname="fr.eseo.e3.poo.projet.blox.modele.pieces.ElementTest" time="0.001"/>
  <testcase name="testEqualNonEgalite(Element, Element)[126]" classname="fr.eseo.e3.poo.projet.blox.modele.pieces.ElementTest" time="0.0"/>
  <testcase name="testEqualNonEgalite(Element, Element)[127]" classname="fr.eseo.e3.poo.projet.blox.modele.pieces.ElementTest" time="0.0"/>
  <testcase name="testEqualNonEgalite(Element, Element)[128]" classname="fr.eseo.e3.poo.projet.blox.modele.pieces.ElementTest" time="0.001"/>
  <testcase name="testEqualNonEgalite(Element, Element)[129]" classname="fr.eseo.e3.poo.projet.blox.modele.pieces.ElementTest" time="0.0"/>
  <testcase name="testEqualNonEgalite(Element, Element)[130]" classname="fr.eseo.e3.poo.projet.blox.modele.pieces.ElementTest" time="0.001"/>
  <testcase name="testEqualNonEgalite(Element, Element)[131]" classname="fr.eseo.e3.poo.projet.blox.modele.pieces.ElementTest" time="0.0"/>
  <testcase name="testEqualNonEgalite(Element, Element)[132]" classname="fr.eseo.e3.poo.projet.blox.modele.pieces.ElementTest" time="0.0"/>
  <testcase name="testEqualNonEgalite(Element, Element)[133]" classname="fr.eseo.e3.poo.projet.blox.modele.pieces.ElementTest" time="0.0"/>
  <testcase name="testEqualNonEgalite(Element, Element)[134]" classname="fr.eseo.e3.poo.projet.blox.modele.pieces.ElementTest" time="0.0"/>
  <testcase name="testEqualNonEgalite(Element, Element)[135]" classname="fr.eseo.e3.poo.projet.blox.modele.pieces.ElementTest" time="0.001"/>
  <testcase name="testEqualNonEgalite(Element, Element)[136]" classname="fr.eseo.e3.poo.projet.blox.modele.pieces.ElementTest" time="0.0"/>
  <testcase name="testEqualNonEgalite(Element, Element)[137]" classname="fr.eseo.e3.poo.projet.blox.modele.pieces.ElementTest" time="0.001"/>
  <testcase name="testEqualNonEgalite(Element, Element)[138]" classname="fr.eseo.e3.poo.projet.blox.modele.pieces.ElementTest" time="0.0"/>
  <testcase name="testEqualNonEgalite(Element, Element)[139]" classname="fr.eseo.e3.poo.projet.blox.modele.pieces.ElementTest" time="0.0"/>
  <testcase name="testEqualNonEgalite(Element, Element)[140]" classname="fr.eseo.e3.poo.projet.blox.modele.pieces.ElementTest" time="0.0"/>
  <testcase name="testEqualNonEgalite(Element, Element)[141]" classname="fr.eseo.e3.poo.projet.blox.modele.pieces.ElementTest" time="0.0"/>
  <testcase name="testEqualNonEgalite(Element, Element)[142]" classname="fr.eseo.e3.poo.projet.blox.modele.pieces.ElementTest" time="0.001"/>
  <testcase name="testEqualNonEgalite(Element, Element)[143]" classname="fr.eseo.e3.poo.projet.blox.modele.pieces.ElementTest" time="0.0"/>
  <testcase name="testEqualNonEgalite(Element, Element)[144]" classname="fr.eseo.e3.poo.projet.blox.modele.pieces.ElementTest" time="0.0"/>
  <testcase name="testEqualNonEgalite(Element, Element)[145]" classname="fr.eseo.e3.poo.projet.blox.modele.pieces.ElementTest" time="0.0"/>
  <testcase name="testEqualNonEgalite(Element, Element)[146]" classname="fr.eseo.e3.poo.projet.blox.modele.pieces.ElementTest" time="0.0"/>
  <testcase name="testEqualNonEgalite(Element, Element)[147]" classname="fr.eseo.e3.poo.projet.blox.modele.pieces.ElementTest" time="0.0"/>
  <testcase name="testEqualNonEgalite(Element, Element)[148]" classname="fr.eseo.e3.poo.projet.blox.modele.pieces.ElementTest" time="0.0"/>
  <testcase name="testEqualNonEgalite(Element, Element)[149]" classname="fr.eseo.e3.poo.projet.blox.modele.pieces.ElementTest" time="0.0"/>
  <testcase name="testEqualNonEgalite(Element, Element)[150]" classname="fr.eseo.e3.poo.projet.blox.modele.pieces.ElementTest" time="0.0"/>
  <testcase name="testEqualNonEgalite(Element, Element)[151]" classname="fr.eseo.e3.poo.projet.blox.modele.pieces.ElementTest" time="0.0"/>
  <testcase name="testEqualNonEgalite(Element, Element)[152]" classname="fr.eseo.e3.poo.projet.blox.modele.pieces.ElementTest" time="0.001"/>
  <testcase name="testEqualNonEgalite(Element, Element)[153]" classname="fr.eseo.e3.poo.projet.blox.modele.pieces.ElementTest" time="0.0"/>
  <testcase name="testEqualNonEgalite(Element, Element)[154]" classname="fr.eseo.e3.poo.projet.blox.modele.pieces.ElementTest" time="0.001"/>
  <testcase name="testEqualNonEgalite(Element, Element)[155]" classname="fr.eseo.e3.poo.projet.blox.modele.pieces.ElementTest" time="0.0"/>
  <testcase name="testEqualNonEgalite(Element, Element)[156]" classname="fr.eseo.e3.poo.projet.blox.modele.pieces.ElementTest" time="0.001"/>
  <testcase name="testEqualNonEgalite(Element, Element)[157]" classname="fr.eseo.e3.poo.projet.blox.modele.pieces.ElementTest" time="0.0"/>
  <testcase name="testEqualNonEgalite(Element, Element)[158]" classname="fr.eseo.e3.poo.projet.blox.modele.pieces.ElementTest" time="0.001"/>
  <testcase name="testEqualNonEgalite(Element, Element)[159]" classname="fr.eseo.e3.poo.projet.blox.modele.pieces.ElementTest" time="0.0"/>
  <testcase name="testEqualNonEgalite(Element, Element)[160]" classname="fr.eseo.e3.poo.projet.blox.modele.pieces.ElementTest" time="0.0"/>
  <testcase name="testEqualNonEgalite(Element, Element)[161]" classname="fr.eseo.e3.poo.projet.blox.modele.pieces.ElementTest" time="0.0"/>
  <testcase name="testEqualNonEgalite(Element, Element)[162]" classname="fr.eseo.e3.poo.projet.blox.modele.pieces.ElementTest" time="0.001"/>
  <testcase name="testEqualNonEgalite(Element, Element)[163]" classname="fr.eseo.e3.poo.projet.blox.modele.pieces.ElementTest" time="0.0"/>
  <testcase name="testEqualNonEgalite(Element, Element)[164]" classname="fr.eseo.e3.poo.projet.blox.modele.pieces.ElementTest" time="0.0"/>
  <testcase name="testEqualNonEgalite(Element, Element)[165]" classname="fr.eseo.e3.poo.projet.blox.modele.pieces.ElementTest" time="0.0"/>
  <testcase name="testEqualNonEgalite(Element, Element)[166]" classname="fr.eseo.e3.poo.projet.blox.modele.pieces.ElementTest" time="0.0"/>
  <testcase name="testEqualNonEgalite(Element, Element)[167]" classname="fr.eseo.e3.poo.projet.blox.modele.pieces.ElementTest" time="0.0"/>
  <testcase name="testEqualNonEgalite(Element, Element)[168]" classname="fr.eseo.e3.poo.projet.blox.modele.pieces.ElementTest" time="0.0"/>
  <testcase name="testEqualNonEgalite(Element, Element)[169]" classname="fr.eseo.e3.poo.projet.blox.modele.pieces.ElementTest" time="0.0"/>
  <testcase name="testEqualNonEgalite(Element, Element)[170]" classname="fr.eseo.e3.poo.projet.blox.modele.pieces.ElementTest" time="0.001"/>
  <testcase name="testEqualNonEgalite(Element, Element)[171]" classname="fr.eseo.e3.poo.projet.blox.modele.pieces.ElementTest" time="0.0"/>
  <testcase name="testEqualNonEgalite(Element, Element)[172]" classname="fr.eseo.e3.poo.projet.blox.modele.pieces.ElementTest" time="0.0"/>
  <testcase name="testEqualNonEgalite(Element, Element)[173]" classname="fr.eseo.e3.poo.projet.blox.modele.pieces.ElementTest" time="0.0"/>
  <testcase name="testEqualNonEgalite(Element, Element)[174]" classname="fr.eseo.e3.poo.projet.blox.modele.pieces.ElementTest" time="0.0"/>
  <testcase name="testEqualNonEgalite(Element, Element)[175]" classname="fr.eseo.e3.poo.projet.blox.modele.pieces.ElementTest" time="0.0"/>
  <testcase name="testEqualNonEgalite(Element, Element)[176]" classname="fr.eseo.e3.poo.projet.blox.modele.pieces.ElementTest" time="0.001"/>
  <testcase name="testEqualNonEgalite(Element, Element)[177]" classname="fr.eseo.e3.poo.projet.blox.modele.pieces.ElementTest" time="0.023"/>
  <testcase name="testEqualNonEgalite(Element, Element)[178]" classname="fr.eseo.e3.poo.projet.blox.modele.pieces.ElementTest" time="0.0"/>
  <testcase name="testEqualNonEgalite(Element, Element)[179]" classname="fr.eseo.e3.poo.projet.blox.modele.pieces.ElementTest" time="0.0"/>
  <testcase name="testEqualNonEgalite(Element, Element)[180]" classname="fr.eseo.e3.poo.projet.blox.modele.pieces.ElementTest" time="0.0"/>
  <testcase name="testEqualNonEgalite(Element, Element)[181]" classname="fr.eseo.e3.poo.projet.blox.modele.pieces.ElementTest" time="0.0"/>
  <testcase name="testEqualNonEgalite(Element, Element)[182]" classname="fr.eseo.e3.poo.projet.blox.modele.pieces.ElementTest" time="0.0"/>
  <testcase name="testEqualNonEgalite(Element, Element)[183]" classname="fr.eseo.e3.poo.projet.blox.modele.pieces.ElementTest" time="0.0"/>
  <testcase name="testEqualNonEgalite(Element, Element)[184]" classname="fr.eseo.e3.poo.projet.blox.modele.pieces.ElementTest" time="0.0"/>
  <testcase name="testEqualNonEgalite(Element, Element)[185]" classname="fr.eseo.e3.poo.projet.blox.modele.pieces.ElementTest" time="0.0"/>
  <testcase name="testEqualNonEgalite(Element, Element)[186]" classname="fr.eseo.e3.poo.projet.blox.modele.pieces.ElementTest" time="0.0"/>
  <testcase name="testEqualNonEgalite(Element, Element)[187]" classname="fr.eseo.e3.poo.projet.blox.modele.pieces.ElementTest" time="0.001"/>
  <testcase name="testEqualNonEgalite(Element, Element)[188]" classname="fr.eseo.e3.poo.projet.blox.modele.pieces.ElementTest" time="0.027"/>
  <testcase name="testEqualNonEgalite(Element, Element)[189]" classname="fr.eseo.e3.poo.projet.blox.modele.pieces.ElementTest" time="0.002"/>
  <testcase name="testEqualNonEgalite(Element, Element)[190]" classname="fr.eseo.e3.poo.projet.blox.modele.pieces.ElementTest" time="0.001"/>
  <testcase name="testEqualNonEgalite(Element, Element)[191]" classname="fr.eseo.e3.poo.projet.blox.modele.pieces.ElementTest" time="0.0"/>
  <testcase name="testEqualNonEgalite(Element, Element)[192]" classname="fr.eseo.e3.poo.projet.blox.modele.pieces.ElementTest" time="0.0"/>
  <testcase name="testEqualNonEgalite(Element, Element)[193]" classname="fr.eseo.e3.poo.projet.blox.modele.pieces.ElementTest" time="0.0"/>
  <testcase name="testEqualNonEgalite(Element, Element)[194]" classname="fr.eseo.e3.poo.projet.blox.modele.pieces.ElementTest" time="0.0"/>
  <testcase name="testEqualNonEgalite(Element, Element)[195]" classname="fr.eseo.e3.poo.projet.blox.modele.pieces.ElementTest" time="0.001"/>
  <testcase name="testEqualNonEgalite(Element, Element)[196]" classname="fr.eseo.e3.poo.projet.blox.modele.pieces.ElementTest" time="0.0"/>
  <testcase name="testEqualNonEgalite(Element, Element)[197]" classname="fr.eseo.e3.poo.projet.blox.modele.pieces.ElementTest" time="0.0"/>
  <testcase name="testEqualNonEgalite(Element, Element)[198]" classname="fr.eseo.e3.poo.projet.blox.modele.pieces.ElementTest" time="0.001"/>
  <testcase name="testEqualNonEgalite(Element, Element)[199]" classname="fr.eseo.e3.poo.projet.blox.modele.pieces.ElementTest" time="0.0"/>
  <testcase name="testEqualNonEgalite(Element, Element)[200]" classname="fr.eseo.e3.poo.projet.blox.modele.pieces.ElementTest" time="0.001"/>
  <testcase name="testEqualNonEgalite(Element, Element)[201]" classname="fr.eseo.e3.poo.projet.blox.modele.pieces.ElementTest" time="0.001"/>
  <testcase name="testEqualNonEgalite(Element, Element)[202]" classname="fr.eseo.e3.poo.projet.blox.modele.pieces.ElementTest" time="0.001"/>
  <testcase name="testEqualNonEgalite(Element, Element)[203]" classname="fr.eseo.e3.poo.projet.blox.modele.pieces.ElementTest" time="0.0"/>
  <testcase name="testEqualNonEgalite(Element, Element)[204]" classname="fr.eseo.e3.poo.projet.blox.modele.pieces.ElementTest" time="0.0"/>
  <testcase name="testEqualNonEgalite(Element, Element)[205]" classname="fr.eseo.e3.poo.projet.blox.modele.pieces.ElementTest" time="0.001"/>
  <testcase name="testEqualNonEgalite(Element, Element)[206]" classname="fr.eseo.e3.poo.projet.blox.modele.pieces.ElementTest" time="0.0"/>
  <testcase name="testEqualNonEgalite(Element, Element)[207]" classname="fr.eseo.e3.poo.projet.blox.modele.pieces.ElementTest" time="0.0"/>
  <testcase name="testEqualNonEgalite(Element, Element)[208]" classname="fr.eseo.e3.poo.projet.blox.modele.pieces.ElementTest" time="0.001"/>
  <testcase name="testEqualNonEgalite(Element, Element)[209]" classname="fr.eseo.e3.poo.projet.blox.modele.pieces.ElementTest" time="0.0"/>
  <testcase name="testEqualNonEgalite(Element, Element)[210]" classname="fr.eseo.e3.poo.projet.blox.modele.pieces.ElementTest" time="0.0"/>
  <testcase name="testEqualNonEgalite(Element, Element)[211]" classname="fr.eseo.e3.poo.projet.blox.modele.pieces.ElementTest" time="0.001"/>
  <testcase name="testEqualNonEgalite(Element, Element)[212]" classname="fr.eseo.e3.poo.projet.blox.modele.pieces.ElementTest" time="0.0"/>
  <testcase name="testEqualNonEgalite(Element, Element)[213]" classname="fr.eseo.e3.poo.projet.blox.modele.pieces.ElementTest" time="0.0"/>
  <testcase name="testEqualNonEgalite(Element, Element)[214]" classname="fr.eseo.e3.poo.projet.blox.modele.pieces.ElementTest" time="0.001"/>
  <testcase name="testEqualNonEgalite(Element, Element)[215]" classname="fr.eseo.e3.poo.projet.blox.modele.pieces.ElementTest" time="0.016"/>
  <testcase name="testEqualNonEgalite(Element, Element)[216]" classname="fr.eseo.e3.poo.projet.blox.modele.pieces.ElementTest" time="0.0"/>
  <testcase name="testEqualNonEgalite(Element, Element)[217]" classname="fr.eseo.e3.poo.projet.blox.modele.pieces.ElementTest" time="0.0"/>
  <testcase name="testEqualNonEgalite(Element, Element)[218]" classname="fr.eseo.e3.poo.projet.blox.modele.pieces.ElementTest" time="0.0"/>
  <testcase name="testEqualNonEgalite(Element, Element)[219]" classname="fr.eseo.e3.poo.projet.blox.modele.pieces.ElementTest" time="0.0"/>
  <testcase name="testEqualNonEgalite(Element, Element)[220]" classname="fr.eseo.e3.poo.projet.blox.modele.pieces.ElementTest" time="0.0"/>
  <testcase name="testEqualNonEgalite(Element, Element)[221]" classname="fr.eseo.e3.poo.projet.blox.modele.pieces.ElementTest" time="0.0"/>
  <testcase name="testEqualNonEgalite(Element, Element)[222]" classname="fr.eseo.e3.poo.projet.blox.modele.pieces.ElementTest" time="0.001"/>
  <testcase name="testEqualNonEgalite(Element, Element)[223]" classname="fr.eseo.e3.poo.projet.blox.modele.pieces.ElementTest" time="0.013"/>
  <testcase name="testEqualNonEgalite(Element, Element)[224]" classname="fr.eseo.e3.poo.projet.blox.modele.pieces.ElementTest" time="0.0"/>
  <testcase name="testEqualNonEgalite(Element, Element)[225]" classname="fr.eseo.e3.poo.projet.blox.modele.pieces.ElementTest" time="0.0"/>
  <testcase name="testEqualNonEgalite(Element, Element)[226]" classname="fr.eseo.e3.poo.projet.blox.modele.pieces.ElementTest" time="0.001"/>
  <testcase name="testEqualNonEgalite(Element, Element)[227]" classname="fr.eseo.e3.poo.projet.blox.modele.pieces.ElementTest" time="0.001"/>
  <testcase name="testEqualNonEgalite(Element, Element)[228]" classname="fr.eseo.e3.poo.projet.blox.modele.pieces.ElementTest" time="0.0"/>
  <testcase name="testEqualNonEgalite(Element, Element)[229]" classname="fr.eseo.e3.poo.projet.blox.modele.pieces.ElementTest" time="0.001"/>
  <testcase name="testEqualNonEgalite(Element, Element)[230]" classname="fr.eseo.e3.poo.projet.blox.modele.pieces.ElementTest" time="0.0"/>
  <testcase name="testEqualNonEgalite(Element, Element)[231]" classname="fr.eseo.e3.poo.projet.blox.modele.pieces.ElementTest" time="0.0"/>
  <testcase name="testEqualNonEgalite(Element, Element)[232]" classname="fr.eseo.e3.poo.projet.blox.modele.pieces.ElementTest" time="0.0"/>
  <testcase name="testEqualNonEgalite(Element, Element)[233]" classname="fr.eseo.e3.poo.projet.blox.modele.pieces.ElementTest" time="0.0"/>
  <testcase name="testEqualNonEgalite(Element, Element)[234]" classname="fr.eseo.e3.poo.projet.blox.modele.pieces.ElementTest" time="0.0"/>
  <testcase name="testEqualNonEgalite(Element, Element)[235]" classname="fr.eseo.e3.poo.projet.blox.modele.pieces.ElementTest" time="0.0"/>
  <testcase name="testEqualNonEgalite(Element, Element)[236]" classname="fr.eseo.e3.poo.projet.blox.modele.pieces.ElementTest" time="0.0"/>
  <testcase name="testEqualNonEgalite(Element, Element)[237]" classname="fr.eseo.e3.poo.projet.blox.modele.pieces.ElementTest" time="0.0"/>
  <testcase name="testEqualNonEgalite(Element, Element)[238]" classname="fr.eseo.e3.poo.projet.blox.modele.pieces.ElementTest" time="0.001"/>
  <testcase name="testEqualNonEgalite(Element, Element)[239]" classname="fr.eseo.e3.poo.projet.blox.modele.pieces.ElementTest" time="0.0"/>
  <testcase name="testEqualNonEgalite(Element, Element)[240]" classname="fr.eseo.e3.poo.projet.blox.modele.pieces.ElementTest" time="0.0"/>
  <testcase name="testEqualNonEgalite(Element, Element)[241]" classname="fr.eseo.e3.poo.projet.blox.modele.pieces.ElementTest" time="0.0"/>
  <testcase name="testEqualNonEgalite(Element, Element)[242]" classname="fr.eseo.e3.poo.projet.blox.modele.pieces.ElementTest" time="0.0"/>
  <testcase name="testEqualNonEgalite(Element, Element)[243]" classname="fr.eseo.e3.poo.projet.blox.modele.pieces.ElementTest" time="0.001"/>
  <testcase name="testEqualNonEgalite(Element, Element)[244]" classname="fr.eseo.e3.poo.projet.blox.modele.pieces.ElementTest" time="0.001"/>
  <testcase name="testEqualNonEgalite(Element, Element)[245]" classname="fr.eseo.e3.poo.projet.blox.modele.pieces.ElementTest" time="0.001"/>
  <testcase name="testEqualNonEgalite(Element, Element)[246]" classname="fr.eseo.e3.poo.projet.blox.modele.pieces.ElementTest" time="0.0"/>
  <testcase name="testEqualNonEgalite(Element, Element)[247]" classname="fr.eseo.e3.poo.projet.blox.modele.pieces.ElementTest" time="0.001"/>
  <testcase name="testEqualNonEgalite(Element, Element)[248]" classname="fr.eseo.e3.poo.projet.blox.modele.pieces.ElementTest" time="0.0"/>
  <testcase name="testEqualNonEgalite(Element, Element)[249]" classname="fr.eseo.e3.poo.projet.blox.modele.pieces.ElementTest" time="0.001"/>
  <testcase name="testEqualNonEgalite(Element, Element)[250]" classname="fr.eseo.e3.poo.projet.blox.modele.pieces.ElementTest" time="0.0"/>
  <testcase name="testEqualNonEgalite(Element, Element)[251]" classname="fr.eseo.e3.poo.projet.blox.modele.pieces.ElementTest" time="0.0"/>
  <testcase name="testEqualNonEgalite(Element, Element)[252]" classname="fr.eseo.e3.poo.projet.blox.modele.pieces.ElementTest" time="0.001"/>
  <testcase name="testEqualNonEgalite(Element, Element)[253]" classname="fr.eseo.e3.poo.projet.blox.modele.pieces.ElementTest" time="0.0"/>
  <testcase name="testEqualNonEgalite(Element, Element)[254]" classname="fr.eseo.e3.poo.projet.blox.modele.pieces.ElementTest" time="0.0"/>
  <testcase name="testEqualNonEgalite(Element, Element)[255]" classname="fr.eseo.e3.poo.projet.blox.modele.pieces.ElementTest" time="0.001"/>
  <testcase name="testEqualNonEgalite(Element, Element)[256]" classname="fr.eseo.e3.poo.projet.blox.modele.pieces.ElementTest" time="0.001"/>
  <testcase name="testEqualNonEgalite(Element, Element)[257]" classname="fr.eseo.e3.poo.projet.blox.modele.pieces.ElementTest" time="0.001"/>
  <testcase name="testEqualNonEgalite(Element, Element)[258]" classname="fr.eseo.e3.poo.projet.blox.modele.pieces.ElementTest" time="0.001"/>
  <testcase name="testEqualNonEgalite(Element, Element)[259]" classname="fr.eseo.e3.poo.projet.blox.modele.pieces.ElementTest" time="0.001"/>
  <testcase name="testEqualNonEgalite(Element, Element)[260]" classname="fr.eseo.e3.poo.projet.blox.modele.pieces.ElementTest" time="0.0"/>
  <testcase name="testEqualNonEgalite(Element, Element)[261]" classname="fr.eseo.e3.poo.projet.blox.modele.pieces.ElementTest" time="0.0"/>
  <testcase name="testEqualNonEgalite(Element, Element)[262]" classname="fr.eseo.e3.poo.projet.blox.modele.pieces.ElementTest" time="0.0"/>
  <testcase name="testEqualNonEgalite(Element, Element)[263]" classname="fr.eseo.e3.poo.projet.blox.modele.pieces.ElementTest" time="0.0"/>
  <testcase name="testEqualNonEgalite(Element, Element)[264]" classname="fr.eseo.e3.poo.projet.blox.modele.pieces.ElementTest" time="0.0"/>
  <testcase name="testEqualNonEgalite(Element, Element)[265]" classname="fr.eseo.e3.poo.projet.blox.modele.pieces.ElementTest" time="0.0"/>
  <testcase name="testEqualNonEgalite(Element, Element)[266]" classname="fr.eseo.e3.poo.projet.blox.modele.pieces.ElementTest" time="0.0"/>
  <testcase name="testEqualNonEgalite(Element, Element)[267]" classname="fr.eseo.e3.poo.projet.blox.modele.pieces.ElementTest" time="0.0"/>
  <testcase name="testEqualNonEgalite(Element, Element)[268]" classname="fr.eseo.e3.poo.projet.blox.modele.pieces.ElementTest" time="0.001"/>
  <testcase name="testEqualNonEgalite(Element, Element)[269]" classname="fr.eseo.e3.poo.projet.blox.modele.pieces.ElementTest" time="0.001"/>
  <testcase name="testEqualNonEgalite(Element, Element)[270]" classname="fr.eseo.e3.poo.projet.blox.modele.pieces.ElementTest" time="0.0"/>
  <testcase name="testEqualNonEgalite(Element, Element)[271]" classname="fr.eseo.e3.poo.projet.blox.modele.pieces.ElementTest" time="0.001"/>
  <testcase name="testEqualNonEgalite(Element, Element)[272]" classname="fr.eseo.e3.poo.projet.blox.modele.pieces.ElementTest" time="0.0"/>
  <testcase name="testEqualNonEgalite(Element, Element)[273]" classname="fr.eseo.e3.poo.projet.blox.modele.pieces.ElementTest" time="0.007"/>
  <testcase name="testEqualNonEgalite(Element, Element)[274]" classname="fr.eseo.e3.poo.projet.blox.modele.pieces.ElementTest" time="0.0"/>
  <testcase name="testEqualNonEgalite(Element, Element)[275]" classname="fr.eseo.e3.poo.projet.blox.modele.pieces.ElementTest" time="0.001"/>
  <testcase name="testEqualNonEgalite(Element, Element)[276]" classname="fr.eseo.e3.poo.projet.blox.modele.pieces.ElementTest" time="0.0"/>
  <testcase name="testEqualNonEgalite(Element, Element)[277]" classname="fr.eseo.e3.poo.projet.blox.modele.pieces.ElementTest" time="0.0"/>
  <testcase name="testEqualNonEgalite(Element, Element)[278]" classname="fr.eseo.e3.poo.projet.blox.modele.pieces.ElementTest" time="0.0"/>
  <testcase name="testEqualNonEgalite(Element, Element)[279]" classname="fr.eseo.e3.poo.projet.blox.modele.pieces.ElementTest" time="0.0"/>
  <testcase name="testEqualNonEgalite(Element, Element)[280]" classname="fr.eseo.e3.poo.projet.blox.modele.pieces.ElementTest" time="0.0"/>
  <testcase name="testEqualNonEgalite(Element, Element)[281]" classname="fr.eseo.e3.poo.projet.blox.modele.pieces.ElementTest" time="0.0"/>
  <testcase name="testEqualNonEgalite(Element, Element)[282]" classname="fr.eseo.e3.poo.projet.blox.modele.pieces.ElementTest" time="0.002"/>
  <testcase name="testEqualNonEgalite(Element, Element)[283]" classname="fr.eseo.e3.poo.projet.blox.modele.pieces.ElementTest" time="0.0"/>
  <testcase name="testEqualNonEgalite(Element, Element)[284]" classname="fr.eseo.e3.poo.projet.blox.modele.pieces.ElementTest" time="0.0"/>
  <testcase name="testEqualNonEgalite(Element, Element)[285]" classname="fr.eseo.e3.poo.projet.blox.modele.pieces.ElementTest" time="0.0"/>
  <testcase name="testEqualNonEgalite(Element, Element)[286]" classname="fr.eseo.e3.poo.projet.blox.modele.pieces.ElementTest" time="0.0"/>
  <testcase name="testEqualNonEgalite(Element, Element)[287]" classname="fr.eseo.e3.poo.projet.blox.modele.pieces.ElementTest" time="0.0"/>
  <testcase name="testEqualNonEgalite(Element, Element)[288]" classname="fr.eseo.e3.poo.projet.blox.modele.pieces.ElementTest" time="0.0"/>
  <testcase name="testEqualNonEgalite(Element, Element)[289]" classname="fr.eseo.e3.poo.projet.blox.modele.pieces.ElementTest" time="0.0"/>
  <testcase name="testEqualNonEgalite(Element, Element)[290]" classname="fr.eseo.e3.poo.projet.blox.modele.pieces.ElementTest" time="0.001"/>
  <testcase name="testEqualNonEgalite(Element, Element)[291]" classname="fr.eseo.e3.poo.projet.blox.modele.pieces.ElementTest" time="0.0"/>
  <testcase name="testEqualNonEgalite(Element, Element)[292]" classname="fr.eseo.e3.poo.projet.blox.modele.pieces.ElementTest" time="0.001"/>
  <testcase name="testEqualNonEgalite(Element, Element)[293]" classname="fr.eseo.e3.poo.projet.blox.modele.pieces.ElementTest" time="0.0"/>
  <testcase name="testEqualNonEgalite(Element, Element)[294]" classname="fr.eseo.e3.poo.projet.blox.modele.pieces.ElementTest" time="0.001"/>
  <testcase name="testEqualNonEgalite(Element, Element)[295]" classname="fr.eseo.e3.poo.projet.blox.modele.pieces.ElementTest" time="0.0"/>
  <testcase name="testEqualNonEgalite(Element, Element)[296]" classname="fr.eseo.e3.poo.projet.blox.modele.pieces.ElementTest" time="0.0"/>
  <testcase name="testEqualNonEgalite(Element, Element)[297]" classname="fr.eseo.e3.poo.projet.blox.modele.pieces.ElementTest" time="0.001"/>
  <testcase name="testEqualNonEgalite(Element, Element)[298]" classname="fr.eseo.e3.poo.projet.blox.modele.pieces.ElementTest" time="0.0"/>
  <testcase name="testEqualNonEgalite(Element, Element)[299]" classname="fr.eseo.e3.poo.projet.blox.modele.pieces.ElementTest" time="0.0"/>
  <testcase name="testEqualNonEgalite(Element, Element)[300]" classname="fr.eseo.e3.poo.projet.blox.modele.pieces.ElementTest" time="0.0"/>
  <testcase name="testEqualNonEgalite(Element, Element)[301]" classname="fr.eseo.e3.poo.projet.blox.modele.pieces.ElementTest" time="0.0"/>
  <testcase name="testEqualNonEgalite(Element, Element)[302]" classname="fr.eseo.e3.poo.projet.blox.modele.pieces.ElementTest" time="0.0"/>
  <testcase name="testEqualNonEgalite(Element, Element)[303]" classname="fr.eseo.e3.poo.projet.blox.modele.pieces.ElementTest" time="0.001"/>
  <testcase name="testEqualNonEgalite(Element, Element)[304]" classname="fr.eseo.e3.poo.projet.blox.modele.pieces.ElementTest" time="0.0"/>
  <testcase name="testEqualNonEgalite(Element, Element)[305]" classname="fr.eseo.e3.poo.projet.blox.modele.pieces.ElementTest" time="0.0"/>
  <testcase name="testEqualNonEgalite(Element, Element)[306]" classname="fr.eseo.e3.poo.projet.blox.modele.pieces.ElementTest" time="0.0"/>
  <testcase name="testEqualNonEgalite(Element, Element)[307]" classname="fr.eseo.e3.poo.projet.blox.modele.pieces.ElementTest" time="0.0"/>
  <testcase name="testEqualNonEgalite(Element, Element)[308]" classname="fr.eseo.e3.poo.projet.blox.modele.pieces.ElementTest" time="0.0"/>
  <testcase name="testEqualNonEgalite(Element, Element)[309]" classname="fr.eseo.e3.poo.projet.blox.modele.pieces.ElementTest" time="0.001"/>
  <testcase name="testEqualNonEgalite(Element, Element)[310]" classname="fr.eseo.e3.poo.projet.blox.modele.pieces.ElementTest" time="0.002"/>
  <testcase name="testEqualNonEgalite(Element, Element)[311]" classname="fr.eseo.e3.poo.projet.blox.modele.pieces.ElementTest" time="0.0"/>
  <testcase name="testEqualNonEgalite(Element, Element)[312]" classname="fr.eseo.e3.poo.projet.blox.modele.pieces.ElementTest" time="0.001"/>
  <testcase name="testEqualNonEgalite(Element, Element)[313]" classname="fr.eseo.e3.poo.projet.blox.modele.pieces.ElementTest" time="0.0"/>
  <testcase name="testEqualNonEgalite(Element, Element)[314]" classname="fr.eseo.e3.poo.projet.blox.modele.pieces.ElementTest" time="0.0"/>
  <testcase name="testEqualNonEgalite(Element, Element)[315]" classname="fr.eseo.e3.poo.projet.blox.modele.pieces.ElementTest" time="0.0"/>
  <testcase name="testEqualNonEgalite(Element, Element)[316]" classname="fr.eseo.e3.poo.projet.blox.modele.pieces.ElementTest" time="0.0"/>
  <testcase name="testEqualNonEgalite(Element, Element)[317]" classname="fr.eseo.e3.poo.projet.blox.modele.pieces.ElementTest" time="0.001"/>
  <testcase name="testEqualNonEgalite(Element, Element)[318]" classname="fr.eseo.e3.poo.projet.blox.modele.pieces.ElementTest" time="0.0"/>
  <testcase name="testEqualNonEgalite(Element, Element)[319]" classname="fr.eseo.e3.poo.projet.blox.modele.pieces.ElementTest" time="0.001"/>
  <testcase name="testEqualNonEgalite(Element, Element)[320]" classname="fr.eseo.e3.poo.projet.blox.modele.pieces.ElementTest" time="0.0"/>
  <testcase name="testEqualNonEgalite(Element, Element)[321]" classname="fr.eseo.e3.poo.projet.blox.modele.pieces.ElementTest" time="0.0"/>
  <testcase name="testEqualNonEgalite(Element, Element)[322]" classname="fr.eseo.e3.poo.projet.blox.modele.pieces.ElementTest" time="0.0"/>
  <testcase name="testEqualNonEgalite(Element, Element)[323]" classname="fr.eseo.e3.poo.projet.blox.modele.pieces.ElementTest" time="0.001"/>
  <testcase name="testEqualNonEgalite(Element, Element)[324]" classname="fr.eseo.e3.poo.projet.blox.modele.pieces.ElementTest" time="0.001"/>
  <testcase name="testEqualNonEgalite(Element, Element)[325]" classname="fr.eseo.e3.poo.projet.blox.modele.pieces.ElementTest" time="0.0"/>
  <testcase name="testEqualNonEgalite(Element, Element)[326]" classname="fr.eseo.e3.poo.projet.blox.modele.pieces.ElementTest" time="0.001"/>
  <testcase name="testEqualNonEgalite(Element, Element)[327]" classname="fr.eseo.e3.poo.projet.blox.modele.pieces.ElementTest" time="0.001"/>
  <testcase name="testEqualNonEgalite(Element, Element)[328]" classname="fr.eseo.e3.poo.projet.blox.modele.pieces.ElementTest" time="0.001"/>
  <testcase name="testEqualNonEgalite(Element, Element)[329]" classname="fr.eseo.e3.poo.projet.blox.modele.pieces.ElementTest" time="0.0"/>
  <testcase name="testEqualNonEgalite(Element, Element)[330]" classname="fr.eseo.e3.poo.projet.blox.modele.pieces.ElementTest" time="0.0"/>
  <testcase name="testEqualNonEgalite(Element, Element)[331]" classname="fr.eseo.e3.poo.projet.blox.modele.pieces.ElementTest" time="0.0"/>
  <testcase name="testEqualNonEgalite(Element, Element)[332]" classname="fr.eseo.e3.poo.projet.blox.modele.pieces.ElementTest" time="0.0"/>
  <testcase name="testEqualNonEgalite(Element, Element)[333]" classname="fr.eseo.e3.poo.projet.blox.modele.pieces.ElementTest" time="0.0"/>
  <testcase name="testEqualNonEgalite(Element, Element)[334]" classname="fr.eseo.e3.poo.projet.blox.modele.pieces.ElementTest" time="0.001"/>
  <testcase name="testEqualNonEgalite(Element, Element)[335]" classname="fr.eseo.e3.poo.projet.blox.modele.pieces.ElementTest" time="0.0"/>
  <testcase name="testEqualNonEgalite(Element, Element)[336]" classname="fr.eseo.e3.poo.projet.blox.modele.pieces.ElementTest" time="0.001"/>
  <testcase name="testEqualNonEgalite(Element, Element)[337]" classname="fr.eseo.e3.poo.projet.blox.modele.pieces.ElementTest" time="0.0"/>
  <testcase name="testEqualNonEgalite(Element, Element)[338]" classname="fr.eseo.e3.poo.projet.blox.modele.pieces.ElementTest" time="0.0"/>
  <testcase name="testEqualNonEgalite(Element, Element)[339]" classname="fr.eseo.e3.poo.projet.blox.modele.pieces.ElementTest" time="0.001"/>
  <testcase name="testEqualNonEgalite(Element, Element)[340]" classname="fr.eseo.e3.poo.projet.blox.modele.pieces.ElementTest" time="0.0"/>
  <testcase name="testEqualNonEgalite(Element, Element)[341]" classname="fr.eseo.e3.poo.projet.blox.modele.pieces.ElementTest" time="0.001"/>
  <testcase name="testEqualNonEgalite(Element, Element)[342]" classname="fr.eseo.e3.poo.projet.blox.modele.pieces.ElementTest" time="0.001"/>
  <testcase name="testEqualNonEgalite(Element, Element)[343]" classname="fr.eseo.e3.poo.projet.blox.modele.pieces.ElementTest" time="0.001"/>
  <testcase name="testEqualNonEgalite(Element, Element)[344]" classname="fr.eseo.e3.poo.projet.blox.modele.pieces.ElementTest" time="0.0"/>
  <testcase name="testEqualNonEgalite(Element, Element)[345]" classname="fr.eseo.e3.poo.projet.blox.modele.pieces.ElementTest" time="0.0"/>
  <testcase name="testEqualNonEgalite(Element, Element)[346]" classname="fr.eseo.e3.poo.projet.blox.modele.pieces.ElementTest" time="0.001"/>
  <testcase name="testEqualNonEgalite(Element, Element)[347]" classname="fr.eseo.e3.poo.projet.blox.modele.pieces.ElementTest" time="0.0"/>
  <testcase name="testEqualNonEgalite(Element, Element)[348]" classname="fr.eseo.e3.poo.projet.blox.modele.pieces.ElementTest" time="0.0"/>
  <testcase name="testEqualNonEgalite(Element, Element)[349]" classname="fr.eseo.e3.poo.projet.blox.modele.pieces.ElementTest" time="0.0"/>
  <testcase name="testEqualNonEgalite(Element, Element)[350]" classname="fr.eseo.e3.poo.projet.blox.modele.pieces.ElementTest" time="0.001"/>
  <testcase name="testEqualNonEgalite(Element, Element)[351]" classname="fr.eseo.e3.poo.projet.blox.modele.pieces.ElementTest" time="0.0"/>
  <testcase name="testEqualNonEgalite(Element, Element)[352]" classname="fr.eseo.e3.poo.projet.blox.modele.pieces.ElementTest" time="0.0"/>
  <testcase name="testEqualNonEgalite(Element, Element)[353]" classname="fr.eseo.e3.poo.projet.blox.modele.pieces.ElementTest" time="0.0"/>
  <testcase name="testEqualNonEgalite(Element, Element)[354]" classname="fr.eseo.e3.poo.projet.blox.modele.pieces.ElementTest" time="0.001"/>
  <testcase name="testEqualNonEgalite(Element, Element)[355]" classname="fr.eseo.e3.poo.projet.blox.modele.pieces.ElementTest" time="0.0"/>
  <testcase name="testEqualNonEgalite(Element, Element)[356]" classname="fr.eseo.e3.poo.projet.blox.modele.pieces.ElementTest" time="0.0"/>
  <testcase name="testEqualNonEgalite(Element, Element)[357]" classname="fr.eseo.e3.poo.projet.blox.modele.pieces.ElementTest" time="0.0"/>
  <testcase name="testEqualNonEgalite(Element, Element)[358]" classname="fr.eseo.e3.poo.projet.blox.modele.pieces.ElementTest" time="0.0"/>
  <testcase name="testEqualNonEgalite(Element, Element)[359]" classname="fr.eseo.e3.poo.projet.blox.modele.pieces.ElementTest" time="0.0"/>
  <testcase name="testEqualNonEgalite(Element, Element)[360]" classname="fr.eseo.e3.poo.projet.blox.modele.pieces.ElementTest" time="0.0"/>
  <testcase name="testEqualNonEgalite(Element, Element)[361]" classname="fr.eseo.e3.poo.projet.blox.modele.pieces.ElementTest" time="0.001"/>
  <testcase name="testEqualNonEgalite(Element, Element)[362]" classname="fr.eseo.e3.poo.projet.blox.modele.pieces.ElementTest" time="0.0"/>
  <testcase name="testEqualNonEgalite(Element, Element)[363]" classname="fr.eseo.e3.poo.projet.blox.modele.pieces.ElementTest" time="0.001"/>
  <testcase name="testEqualNonEgalite(Element, Element)[364]" classname="fr.eseo.e3.poo.projet.blox.modele.pieces.ElementTest" time="0.0"/>
  <testcase name="testEqualNonEgalite(Element, Element)[365]" classname="fr.eseo.e3.poo.projet.blox.modele.pieces.ElementTest" time="0.0"/>
  <testcase name="testEqualNonEgalite(Element, Element)[366]" classname="fr.eseo.e3.poo.projet.blox.modele.pieces.ElementTest" time="0.001"/>
  <testcase name="testEqualNonEgalite(Element, Element)[367]" classname="fr.eseo.e3.poo.projet.blox.modele.pieces.ElementTest" time="0.002"/>
  <testcase name="testEqualNonEgalite(Element, Element)[368]" classname="fr.eseo.e3.poo.projet.blox.modele.pieces.ElementTest" time="0.0"/>
  <testcase name="testEqualNonEgalite(Element, Element)[369]" classname="fr.eseo.e3.poo.projet.blox.modele.pieces.ElementTest" time="0.001"/>
  <testcase name="testEqualNonEgalite(Element, Element)[370]" classname="fr.eseo.e3.poo.projet.blox.modele.pieces.ElementTest" time="0.0"/>
  <testcase name="testEqualNonEgalite(Element, Element)[371]" classname="fr.eseo.e3.poo.projet.blox.modele.pieces.ElementTest" time="0.0"/>
  <testcase name="testEqualNonEgalite(Element, Element)[372]" classname="fr.eseo.e3.poo.projet.blox.modele.pieces.ElementTest" time="0.0"/>
  <testcase name="testEqualNonEgalite(Element, Element)[373]" classname="fr.eseo.e3.poo.projet.blox.modele.pieces.ElementTest" time="0.0"/>
  <testcase name="testEqualNonEgalite(Element, Element)[374]" classname="fr.eseo.e3.poo.projet.blox.modele.pieces.ElementTest" time="0.001"/>
  <testcase name="testEqualNonEgalite(Element, Element)[375]" classname="fr.eseo.e3.poo.projet.blox.modele.pieces.ElementTest" time="0.0"/>
  <testcase name="testEqualNonEgalite(Element, Element)[376]" classname="fr.eseo.e3.poo.projet.blox.modele.pieces.ElementTest" time="0.001"/>
  <testcase name="testEqualNonEgalite(Element, Element)[377]" classname="fr.eseo.e3.poo.projet.blox.modele.pieces.ElementTest" time="0.0"/>
  <testcase name="testEqualNonEgalite(Element, Element)[378]" classname="fr.eseo.e3.poo.projet.blox.modele.pieces.ElementTest" time="0.0"/>
  <testcase name="testEqualNonEgalite(Element, Element)[379]" classname="fr.eseo.e3.poo.projet.blox.modele.pieces.ElementTest" time="0.0"/>
  <testcase name="testEqualNonEgalite(Element, Element)[380]" classname="fr.eseo.e3.poo.projet.blox.modele.pieces.ElementTest" time="0.0"/>
  <testcase name="testEqualNonEgalite(Element, Element)[381]" classname="fr.eseo.e3.poo.projet.blox.modele.pieces.ElementTest" time="0.0"/>
  <testcase name="testEqualNonEgalite(Element, Element)[382]" classname="fr.eseo.e3.poo.projet.blox.modele.pieces.ElementTest" time="0.001"/>
  <testcase name="testEqualNonEgalite(Element, Element)[383]" classname="fr.eseo.e3.poo.projet.blox.modele.pieces.ElementTest" time="0.0"/>
  <testcase name="testEqualNonEgalite(Element, Element)[384]" classname="fr.eseo.e3.poo.projet.blox.modele.pieces.ElementTest" time="0.001"/>
  <testcase name="testEqualNonEgalite(Element, Element)[385]" classname="fr.eseo.e3.poo.projet.blox.modele.pieces.ElementTest" time="0.0"/>
  <testcase name="testEqualNonEgalite(Element, Element)[386]" classname="fr.eseo.e3.poo.projet.blox.modele.pieces.ElementTest" time="0.0"/>
  <testcase name="testEqualNonEgalite(Element, Element)[387]" classname="fr.eseo.e3.poo.projet.blox.modele.pieces.ElementTest" time="0.001"/>
  <testcase name="testEqualNonEgalite(Element, Element)[388]" classname="fr.eseo.e3.poo.projet.blox.modele.pieces.ElementTest" time="0.001"/>
  <testcase name="testEqualNonEgalite(Element, Element)[389]" classname="fr.eseo.e3.poo.projet.blox.modele.pieces.ElementTest" time="0.0"/>
  <testcase name="testEqualNonEgalite(Element, Element)[390]" classname="fr.eseo.e3.poo.projet.blox.modele.pieces.ElementTest" time="0.0"/>
  <testcase name="testEqualNonEgalite(Element, Element)[391]" classname="fr.eseo.e3.poo.projet.blox.modele.pieces.ElementTest" time="0.0"/>
  <testcase name="testEqualNonEgalite(Element, Element)[392]" classname="fr.eseo.e3.poo.projet.blox.modele.pieces.ElementTest" time="0.001"/>
  <testcase name="testEqualNonEgalite(Element, Element)[393]" classname="fr.eseo.e3.poo.projet.blox.modele.pieces.ElementTest" time="0.0"/>
  <testcase name="testEqualNonEgalite(Element, Element)[394]" classname="fr.eseo.e3.poo.projet.blox.modele.pieces.ElementTest" time="0.0"/>
  <testcase name="testEqualNonEgalite(Element, Element)[395]" classname="fr.eseo.e3.poo.projet.blox.modele.pieces.ElementTest" time="0.001"/>
  <testcase name="testEqualNonEgalite(Element, Element)[396]" classname="fr.eseo.e3.poo.projet.blox.modele.pieces.ElementTest" time="0.0"/>
  <testcase name="testEqualNonEgalite(Element, Element)[397]" classname="fr.eseo.e3.poo.projet.blox.modele.pieces.ElementTest" time="0.0"/>
  <testcase name="testEqualNonEgalite(Element, Element)[398]" classname="fr.eseo.e3.poo.projet.blox.modele.pieces.ElementTest" time="0.0"/>
  <testcase name="testEqualNonEgalite(Element, Element)[399]" classname="fr.eseo.e3.poo.projet.blox.modele.pieces.ElementTest" time="0.0"/>
  <testcase name="testEqualNonEgalite(Element, Element)[400]" classname="fr.eseo.e3.poo.projet.blox.modele.pieces.ElementTest" time="0.001"/>
  <testcase name="testEqualNonEgalite(Element, Element)[401]" classname="fr.eseo.e3.poo.projet.blox.modele.pieces.ElementTest" time="0.0"/>
  <testcase name="testEqualNonEgalite(Element, Element)[402]" classname="fr.eseo.e3.poo.projet.blox.modele.pieces.ElementTest" time="0.001"/>
  <testcase name="testEqualNonEgalite(Element, Element)[403]" classname="fr.eseo.e3.poo.projet.blox.modele.pieces.ElementTest" time="0.0"/>
  <testcase name="testEqualNonEgalite(Element, Element)[404]" classname="fr.eseo.e3.poo.projet.blox.modele.pieces.ElementTest" time="0.0"/>
  <testcase name="testEqualNonEgalite(Element, Element)[405]" classname="fr.eseo.e3.poo.projet.blox.modele.pieces.ElementTest" time="0.001"/>
  <testcase name="testEqualNonEgalite(Element, Element)[406]" classname="fr.eseo.e3.poo.projet.blox.modele.pieces.ElementTest" time="0.0"/>
  <testcase name="testEqualNonEgalite(Element, Element)[407]" classname="fr.eseo.e3.poo.projet.blox.modele.pieces.ElementTest" time="0.001"/>
  <testcase name="testEqualNonEgalite(Element, Element)[408]" classname="fr.eseo.e3.poo.projet.blox.modele.pieces.ElementTest" time="0.0"/>
  <testcase name="testEqualNonEgalite(Element, Element)[409]" classname="fr.eseo.e3.poo.projet.blox.modele.pieces.ElementTest" time="0.001"/>
  <testcase name="testEqualNonEgalite(Element, Element)[410]" classname="fr.eseo.e3.poo.projet.blox.modele.pieces.ElementTest" time="0.001"/>
  <testcase name="testEqualNonEgalite(Element, Element)[411]" classname="fr.eseo.e3.poo.projet.blox.modele.pieces.ElementTest" time="0.0"/>
  <testcase name="testEqualNonEgalite(Element, Element)[412]" classname="fr.eseo.e3.poo.projet.blox.modele.pieces.ElementTest" time="0.0"/>
  <testcase name="testEqualNonEgalite(Element, Element)[413]" classname="fr.eseo.e3.poo.projet.blox.modele.pieces.ElementTest" time="0.0"/>
  <testcase name="testEqualNonEgalite(Element, Element)[414]" classname="fr.eseo.e3.poo.projet.blox.modele.pieces.ElementTest" time="0.0"/>
  <testcase name="testEqualNonEgalite(Element, Element)[415]" classname="fr.eseo.e3.poo.projet.blox.modele.pieces.ElementTest" time="0.001"/>
  <testcase name="testEqualNonEgalite(Element, Element)[416]" classname="fr.eseo.e3.poo.projet.blox.modele.pieces.ElementTest" time="0.001"/>
  <testcase name="testEqualNonEgalite(Element, Element)[417]" classname="fr.eseo.e3.poo.projet.blox.modele.pieces.ElementTest" time="0.0"/>
  <testcase name="testEqualNonEgalite(Element, Element)[418]" classname="fr.eseo.e3.poo.projet.blox.modele.pieces.ElementTest" time="0.0"/>
  <testcase name="testEqualNonEgalite(Element, Element)[419]" classname="fr.eseo.e3.poo.projet.blox.modele.pieces.ElementTest" time="0.0"/>
  <testcase name="testEqualNonEgalite(Element, Element)[420]" classname="fr.eseo.e3.poo.projet.blox.modele.pieces.ElementTest" time="0.001"/>
  <testcase name="testEqualNonEgalite(Element, Element)[421]" classname="fr.eseo.e3.poo.projet.blox.modele.pieces.ElementTest" time="0.0"/>
  <testcase name="testEqualNonEgalite(Element, Element)[422]" classname="fr.eseo.e3.poo.projet.blox.modele.pieces.ElementTest" time="0.0"/>
  <testcase name="testEqualNonEgalite(Element, Element)[423]" classname="fr.eseo.e3.poo.projet.blox.modele.pieces.ElementTest" time="0.0"/>
  <testcase name="testEqualNonEgalite(Element, Element)[424]" classname="fr.eseo.e3.poo.projet.blox.modele.pieces.ElementTest" time="0.0"/>
  <testcase name="testEqualNonEgalite(Element, Element)[425]" classname="fr.eseo.e3.poo.projet.blox.modele.pieces.ElementTest" time="0.0"/>
  <testcase name="testEqualNonEgalite(Element, Element)[426]" classname="fr.eseo.e3.poo.projet.blox.modele.pieces.ElementTest" time="0.001"/>
  <testcase name="testEqualNonEgalite(Element, Element)[427]" classname="fr.eseo.e3.poo.projet.blox.modele.pieces.ElementTest" time="0.0"/>
  <testcase name="testEqualNonEgalite(Element, Element)[428]" classname="fr.eseo.e3.poo.projet.blox.modele.pieces.ElementTest" time="0.0"/>
  <testcase name="testEqualNonEgalite(Element, Element)[429]" classname="fr.eseo.e3.poo.projet.blox.modele.pieces.ElementTest" time="0.001"/>
  <testcase name="testEqualNonEgalite(Element, Element)[430]" classname="fr.eseo.e3.poo.projet.blox.modele.pieces.ElementTest" time="0.0"/>
  <testcase name="testEqualNonEgalite(Element, Element)[431]" classname="fr.eseo.e3.poo.projet.blox.modele.pieces.ElementTest" time="0.0"/>
  <testcase name="testEqualNonEgalite(Element, Element)[432]" classname="fr.eseo.e3.poo.projet.blox.modele.pieces.ElementTest" time="0.0"/>
  <testcase name="testEqualNonEgalite(Element, Element)[433]" classname="fr.eseo.e3.poo.projet.blox.modele.pieces.ElementTest" time="0.0"/>
  <testcase name="testEqualNonEgalite(Element, Element)[434]" classname="fr.eseo.e3.poo.projet.blox.modele.pieces.ElementTest" time="0.001"/>
  <testcase name="testEqualNonEgalite(Element, Element)[435]" classname="fr.eseo.e3.poo.projet.blox.modele.pieces.ElementTest" time="0.0"/>
  <testcase name="testEqualNonEgalite(Element, Element)[436]" classname="fr.eseo.e3.poo.projet.blox.modele.pieces.ElementTest" time="0.0"/>
  <testcase name="testEqualNonEgalite(Element, Element)[437]" classname="fr.eseo.e3.poo.projet.blox.modele.pieces.ElementTest" time="0.001"/>
  <testcase name="testEqualNonEgalite(Element, Element)[438]" classname="fr.eseo.e3.poo.projet.blox.modele.pieces.ElementTest" time="0.0"/>
  <testcase name="testEqualNonEgalite(Element, Element)[439]" classname="fr.eseo.e3.poo.projet.blox.modele.pieces.ElementTest" time="0.0"/>
  <testcase name="testEqualNonEgalite(Element, Element)[440]" classname="fr.eseo.e3.poo.projet.blox.modele.pieces.ElementTest" time="0.0"/>
  <testcase name="testEqualNonEgalite(Element, Element)[441]" classname="fr.eseo.e3.poo.projet.blox.modele.pieces.ElementTest" time="0.0"/>
  <testcase name="testEqualNonEgalite(Element, Element)[442]" classname="fr.eseo.e3.poo.projet.blox.modele.pieces.ElementTest" time="0.001"/>
  <testcase name="testEqualNonEgalite(Element, Element)[443]" classname="fr.eseo.e3.poo.projet.blox.modele.pieces.ElementTest" time="0.0"/>
  <testcase name="testEqualNonEgalite(Element, Element)[444]" classname="fr.eseo.e3.poo.projet.blox.modele.pieces.ElementTest" time="0.0"/>
  <testcase name="testEqualNonEgalite(Element, Element)[445]" classname="fr.eseo.e3.poo.projet.blox.modele.pieces.ElementTest" time="0.0"/>
  <testcase name="testEqualNonEgalite(Element, Element)[446]" classname="fr.eseo.e3.poo.projet.blox.modele.pieces.ElementTest" time="0.001"/>
  <testcase name="testEqualNonEgalite(Element, Element)[447]" classname="fr.eseo.e3.poo.projet.blox.modele.pieces.ElementTest" time="0.0"/>
  <testcase name="testEqualNonEgalite(Element, Element)[448]" classname="fr.eseo.e3.poo.projet.blox.modele.pieces.ElementTest" time="0.001"/>
  <testcase name="testEqualNonEgalite(Element, Element)[449]" classname="fr.eseo.e3.poo.projet.blox.modele.pieces.ElementTest" time="0.0"/>
  <testcase name="testEqualNonEgalite(Element, Element)[450]" classname="fr.eseo.e3.poo.projet.blox.modele.pieces.ElementTest" time="0.0"/>
  <testcase name="testEqualNonEgalite(Element, Element)[451]" classname="fr.eseo.e3.poo.projet.blox.modele.pieces.ElementTest" time="0.0"/>
  <testcase name="testEqualNonEgalite(Element, Element)[452]" classname="fr.eseo.e3.poo.projet.blox.modele.pieces.ElementTest" time="0.001"/>
  <testcase name="testEqualNonEgalite(Element, Element)[453]" classname="fr.eseo.e3.poo.projet.blox.modele.pieces.ElementTest" time="0.0"/>
  <testcase name="testEqualNonEgalite(Element, Element)[454]" classname="fr.eseo.e3.poo.projet.blox.modele.pieces.ElementTest" time="0.0"/>
  <testcase name="testEqualNonEgalite(Element, Element)[455]" classname="fr.eseo.e3.poo.projet.blox.modele.pieces.ElementTest" time="0.001"/>
  <testcase name="testEqualNonEgalite(Element, Element)[456]" classname="fr.eseo.e3.poo.projet.blox.modele.pieces.ElementTest" time="0.0"/>
  <testcase name="testEqualNonEgalite(Element, Element)[457]" classname="fr.eseo.e3.poo.projet.blox.modele.pieces.ElementTest" time="0.0"/>
  <testcase name="testEqualNonEgalite(Element, Element)[458]" classname="fr.eseo.e3.poo.projet.blox.modele.pieces.ElementTest" time="0.0"/>
  <testcase name="testEqualNonEgalite(Element, Element)[459]" classname="fr.eseo.e3.poo.projet.blox.modele.pieces.ElementTest" time="0.0"/>
  <testcase name="testEqualNonEgalite(Element, Element)[460]" classname="fr.eseo.e3.poo.projet.blox.modele.pieces.ElementTest" time="0.0"/>
  <testcase name="testEqualNonEgalite(Element, Element)[461]" classname="fr.eseo.e3.poo.projet.blox.modele.pieces.ElementTest" time="0.0"/>
  <testcase name="testEqualNonEgalite(Element, Element)[462]" classname="fr.eseo.e3.poo.projet.blox.modele.pieces.ElementTest" time="0.001"/>
  <testcase name="testEqualNonEgalite(Element, Element)[463]" classname="fr.eseo.e3.poo.projet.blox.modele.pieces.ElementTest" time="0.0"/>
  <testcase name="testEqualNonEgalite(Element, Element)[464]" classname="fr.eseo.e3.poo.projet.blox.modele.pieces.ElementTest" time="0.0"/>
  <testcase name="testEqualNonEgalite(Element, Element)[465]" classname="fr.eseo.e3.poo.projet.blox.modele.pieces.ElementTest" time="0.0"/>
  <testcase name="testEqualNonEgalite(Element, Element)[466]" classname="fr.eseo.e3.poo.projet.blox.modele.pieces.ElementTest" time="0.0"/>
  <testcase name="testEqualNonEgalite(Element, Element)[467]" classname="fr.eseo.e3.poo.projet.blox.modele.pieces.ElementTest" time="0.0"/>
  <testcase name="testEqualNonEgalite(Element, Element)[468]" classname="fr.eseo.e3.poo.projet.blox.modele.pieces.ElementTest" time="0.0"/>
  <testcase name="testEqualNonEgalite(Element, Element)[469]" classname="fr.eseo.e3.poo.projet.blox.modele.pieces.ElementTest" time="0.001"/>
  <testcase name="testEqualNonEgalite(Element, Element)[470]" classname="fr.eseo.e3.poo.projet.blox.modele.pieces.ElementTest" time="0.0"/>
  <testcase name="testEqualNonEgalite(Element, Element)[471]" classname="fr.eseo.e3.poo.projet.blox.modele.pieces.ElementTest" time="0.0"/>
  <testcase name="testEqualNonEgalite(Element, Element)[472]" classname="fr.eseo.e3.poo.projet.blox.modele.pieces.ElementTest" time="0.0"/>
  <testcase name="testEqualNonEgalite(Element, Element)[473]" classname="fr.eseo.e3.poo.projet.blox.modele.pieces.ElementTest" time="0.0"/>
  <testcase name="testEqualNonEgalite(Element, Element)[474]" classname="fr.eseo.e3.poo.projet.blox.modele.pieces.ElementTest" time="0.0"/>
  <testcase name="testEqualNonEgalite(Element, Element)[475]" classname="fr.eseo.e3.poo.projet.blox.modele.pieces.ElementTest" time="0.0"/>
  <testcase name="testEqualNonEgalite(Element, Element)[476]" classname="fr.eseo.e3.poo.projet.blox.modele.pieces.ElementTest" time="0.0"/>
  <testcase name="testEqualNonEgalite(Element, Element)[477]" classname="fr.eseo.e3.poo.projet.blox.modele.pieces.ElementTest" time="0.0"/>
  <testcase name="testEqualNonEgalite(Element, Element)[478]" classname="fr.eseo.e3.poo.projet.blox.modele.pieces.ElementTest" time="0.0"/>
  <testcase name="testEqualNonEgalite(Element, Element)[479]" classname="fr.eseo.e3.poo.projet.blox.modele.pieces.ElementTest" time="0.001"/>
  <testcase name="testEqualNonEgalite(Element, Element)[480]" classname="fr.eseo.e3.poo.projet.blox.modele.pieces.ElementTest" time="0.0"/>
  <testcase name="testEqualNonEgalite(Element, Element)[481]" classname="fr.eseo.e3.poo.projet.blox.modele.pieces.ElementTest" time="0.001"/>
  <testcase name="testEqualNonEgalite(Element, Element)[482]" classname="fr.eseo.e3.poo.projet.blox.modele.pieces.ElementTest" time="0.0"/>
  <testcase name="testEqualNonEgalite(Element, Element)[483]" classname="fr.eseo.e3.poo.projet.blox.modele.pieces.ElementTest" time="0.0"/>
  <testcase name="testEqualNonEgalite(Element, Element)[484]" classname="fr.eseo.e3.poo.projet.blox.modele.pieces.ElementTest" time="0.0"/>
  <testcase name="testEqualNonEgalite(Element, Element)[485]" classname="fr.eseo.e3.poo.projet.blox.modele.pieces.ElementTest" time="0.0"/>
  <testcase name="testEqualNonEgalite(Element, Element)[486]" classname="fr.eseo.e3.poo.projet.blox.modele.pieces.ElementTest" time="0.0"/>
  <testcase name="testEqualNonEgalite(Element, Element)[487]" classname="fr.eseo.e3.poo.projet.blox.modele.pieces.ElementTest" time="0.001"/>
  <testcase name="testEqualNonEgalite(Element, Element)[488]" classname="fr.eseo.e3.poo.projet.blox.modele.pieces.ElementTest" time="0.0"/>
  <testcase name="testEqualNonEgalite(Element, Element)[489]" classname="fr.eseo.e3.poo.projet.blox.modele.pieces.ElementTest" time="0.0"/>
  <testcase name="testEqualNonEgalite(Element, Element)[490]" classname="fr.eseo.e3.poo.projet.blox.modele.pieces.ElementTest" time="0.0"/>
  <testcase name="testEqualNonEgalite(Element, Element)[491]" classname="fr.eseo.e3.poo.projet.blox.modele.pieces.ElementTest" time="0.0"/>
  <testcase name="testEqualNonEgalite(Element, Element)[492]" classname="fr.eseo.e3.poo.projet.blox.modele.pieces.ElementTest" time="0.0"/>
  <testcase name="testEqualNonEgalite(Element, Element)[493]" classname="fr.eseo.e3.poo.projet.blox.modele.pieces.ElementTest" time="0.001"/>
  <testcase name="testEqualNonEgalite(Element, Element)[494]" classname="fr.eseo.e3.poo.projet.blox.modele.pieces.ElementTest" time="0.0"/>
  <testcase name="testEqualNonEgalite(Element, Element)[495]" classname="fr.eseo.e3.poo.projet.blox.modele.pieces.ElementTest" time="0.001"/>
  <testcase name="testEqualNonEgalite(Element, Element)[496]" classname="fr.eseo.e3.poo.projet.blox.modele.pieces.ElementTest" time="0.0"/>
  <testcase name="testEqualNonEgalite(Element, Element)[497]" classname="fr.eseo.e3.poo.projet.blox.modele.pieces.ElementTest" time="0.0"/>
  <testcase name="testEqualNonEgalite(Element, Element)[498]" classname="fr.eseo.e3.poo.projet.blox.modele.pieces.ElementTest" time="0.0"/>
  <testcase name="testEqualNonEgalite(Element, Element)[499]" classname="fr.eseo.e3.poo.projet.blox.modele.pieces.ElementTest" time="0.0"/>
  <testcase name="testEqualNonEgalite(Element, Element)[500]" classname="fr.eseo.e3.poo.projet.blox.modele.pieces.ElementTest" time="0.001"/>
  <testcase name="testEqualNonEgalite(Element, Element)[501]" classname="fr.eseo.e3.poo.projet.blox.modele.pieces.ElementTest" time="0.0"/>
  <testcase name="testEqualNonEgalite(Element, Element)[502]" classname="fr.eseo.e3.poo.projet.blox.modele.pieces.ElementTest" time="0.0"/>
  <testcase name="testEqualNonEgalite(Element, Element)[503]" classname="fr.eseo.e3.poo.projet.blox.modele.pieces.ElementTest" time="0.001"/>
  <testcase name="testEqualNonEgalite(Element, Element)[504]" classname="fr.eseo.e3.poo.projet.blox.modele.pieces.ElementTest" time="0.0"/>
  <testcase name="testEqualNonEgalite(Element, Element)[505]" classname="fr.eseo.e3.poo.projet.blox.modele.pieces.ElementTest" time="0.0"/>
  <testcase name="testEqualNonEgalite(Element, Element)[506]" classname="fr.eseo.e3.poo.projet.blox.modele.pieces.ElementTest" time="0.0"/>
  <testcase name="testEqualNonEgalite(Element, Element)[507]" classname="fr.eseo.e3.poo.projet.blox.modele.pieces.ElementTest" time="0.0"/>
  <testcase name="testEqualNonEgalite(Element, Element)[508]" classname="fr.eseo.e3.poo.projet.blox.modele.pieces.ElementTest" time="0.0"/>
  <testcase name="testEqualNonEgalite(Element, Element)[509]" classname="fr.eseo.e3.poo.projet.blox.modele.pieces.ElementTest" time="0.0"/>
  <testcase name="testEqualNonEgalite(Element, Element)[510]" classname="fr.eseo.e3.poo.projet.blox.modele.pieces.ElementTest" time="0.0"/>
  <testcase name="testEqualNonEgalite(Element, Element)[511]" classname="fr.eseo.e3.poo.projet.blox.modele.pieces.ElementTest" time="0.0"/>
  <testcase name="testEqualNonEgalite(Element, Element)[512]" classname="fr.eseo.e3.poo.projet.blox.modele.pieces.ElementTest" time="0.0"/>
  <testcase name="testEqualNonEgalite(Element, Element)[513]" classname="fr.eseo.e3.poo.projet.blox.modele.pieces.ElementTest" time="0.001"/>
  <testcase name="testEqualNonEgalite(Element, Element)[514]" classname="fr.eseo.e3.poo.projet.blox.modele.pieces.ElementTest" time="0.0"/>
  <testcase name="testEqualNonEgalite(Element, Element)[515]" classname="fr.eseo.e3.poo.projet.blox.modele.pieces.ElementTest" time="0.0"/>
  <testcase name="testEqualNonEgalite(Element, Element)[516]" classname="fr.eseo.e3.poo.projet.blox.modele.pieces.ElementTest" time="0.0"/>
  <testcase name="testEqualNonEgalite(Element, Element)[517]" classname="fr.eseo.e3.poo.projet.blox.modele.pieces.ElementTest" time="0.0"/>
  <testcase name="testEqualNonEgalite(Element, Element)[518]" classname="fr.eseo.e3.poo.projet.blox.modele.pieces.ElementTest" time="0.0"/>
  <testcase name="testEqualNonEgalite(Element, Element)[519]" classname="fr.eseo.e3.poo.projet.blox.modele.pieces.ElementTest" time="0.0"/>
  <testcase name="testEqualNonEgalite(Element, Element)[520]" classname="fr.eseo.e3.poo.projet.blox.modele.pieces.ElementTest" time="0.0"/>
  <testcase name="testEqualNonEgalite(Element, Element)[521]" classname="fr.eseo.e3.poo.projet.blox.modele.pieces.ElementTest" time="0.0"/>
  <testcase name="testEqualNonEgalite(Element, Element)[522]" classname="fr.eseo.e3.poo.projet.blox.modele.pieces.ElementTest" time="0.0"/>
  <testcase name="testEqualNonEgalite(Element, Element)[523]" classname="fr.eseo.e3.poo.projet.blox.modele.pieces.ElementTest" time="0.001"/>
  <testcase name="testEqualNonEgalite(Element, Element)[524]" classname="fr.eseo.e3.poo.projet.blox.modele.pieces.ElementTest" time="0.0"/>
  <testcase name="testEqualNonEgalite(Element, Element)[525]" classname="fr.eseo.e3.poo.projet.blox.modele.pieces.ElementTest" time="0.0"/>
  <testcase name="testEqualNonEgalite(Element, Element)[526]" classname="fr.eseo.e3.poo.projet.blox.modele.pieces.ElementTest" time="0.001"/>
  <testcase name="testEqualNonEgalite(Element, Element)[527]" classname="fr.eseo.e3.poo.projet.blox.modele.pieces.ElementTest" time="0.0"/>
  <testcase name="testEqualNonEgalite(Element, Element)[528]" classname="fr.eseo.e3.poo.projet.blox.modele.pieces.ElementTest" time="0.001"/>
  <testcase name="testEqualNonEgalite(Element, Element)[529]" classname="fr.eseo.e3.poo.projet.blox.modele.pieces.ElementTest" time="0.0"/>
  <testcase name="testEqualNonEgalite(Element, Element)[530]" classname="fr.eseo.e3.poo.projet.blox.modele.pieces.ElementTest" time="0.0"/>
  <testcase name="testEqualNonEgalite(Element, Element)[531]" classname="fr.eseo.e3.poo.projet.blox.modele.pieces.ElementTest" time="0.0"/>
  <testcase name="testEqualNonEgalite(Element, Element)[532]" classname="fr.eseo.e3.poo.projet.blox.modele.pieces.ElementTest" time="0.0"/>
  <testcase name="testEqualNonEgalite(Element, Element)[533]" classname="fr.eseo.e3.poo.projet.blox.modele.pieces.ElementTest" time="0.0"/>
  <testcase name="testEqualNonEgalite(Element, Element)[534]" classname="fr.eseo.e3.poo.projet.blox.modele.pieces.ElementTest" time="0.0"/>
  <testcase name="testEqualNonEgalite(Element, Element)[535]" classname="fr.eseo.e3.poo.projet.blox.modele.pieces.ElementTest" time="0.0"/>
  <testcase name="testEqualNonEgalite(Element, Element)[536]" classname="fr.eseo.e3.poo.projet.blox.modele.pieces.ElementTest" time="0.0"/>
  <testcase name="testEqualNonEgalite(Element, Element)[537]" classname="fr.eseo.e3.poo.projet.blox.modele.pieces.ElementTest" time="0.001"/>
  <testcase name="testEqualNonEgalite(Element, Element)[538]" classname="fr.eseo.e3.poo.projet.blox.modele.pieces.ElementTest" time="0.0"/>
  <testcase name="testEqualNonEgalite(Element, Element)[539]" classname="fr.eseo.e3.poo.projet.blox.modele.pieces.ElementTest" time="0.0"/>
  <testcase name="testEqualNonEgalite(Element, Element)[540]" classname="fr.eseo.e3.poo.projet.blox.modele.pieces.ElementTest" time="0.0"/>
  <testcase name="testEqualNonEgalite(Element, Element)[541]" classname="fr.eseo.e3.poo.projet.blox.modele.pieces.ElementTest" time="0.0"/>
  <testcase name="testEqualNonEgalite(Element, Element)[542]" classname="fr.eseo.e3.poo.projet.blox.modele.pieces.ElementTest" time="0.002"/>
  <testcase name="testEqualNonEgalite(Element, Element)[543]" classname="fr.eseo.e3.poo.projet.blox.modele.pieces.ElementTest" time="0.0"/>
  <testcase name="testEqualNonEgalite(Element, Element)[544]" classname="fr.eseo.e3.poo.projet.blox.modele.pieces.ElementTest" time="0.0"/>
  <testcase name="testEqualNonEgalite(Element, Element)[545]" classname="fr.eseo.e3.poo.projet.blox.modele.pieces.ElementTest" time="0.0"/>
  <testcase name="testEqualNonEgalite(Element, Element)[546]" classname="fr.eseo.e3.poo.projet.blox.modele.pieces.ElementTest" time="0.0"/>
  <testcase name="testEqualNonEgalite(Element, Element)[547]" classname="fr.eseo.e3.poo.projet.blox.modele.pieces.ElementTest" time="0.0"/>
  <testcase name="testEqualNonEgalite(Element, Element)[548]" classname="fr.eseo.e3.poo.projet.blox.modele.pieces.ElementTest" time="0.0"/>
  <testcase name="testEqualNonEgalite(Element, Element)[549]" classname="fr.eseo.e3.poo.projet.blox.modele.pieces.ElementTest" time="0.0"/>
  <testcase name="testEqualNonEgalite(Element, Element)[550]" classname="fr.eseo.e3.poo.projet.blox.modele.pieces.ElementTest" time="0.0"/>
  <testcase name="testEqualNonEgalite(Element, Element)[551]" classname="fr.eseo.e3.poo.projet.blox.modele.pieces.ElementTest" time="0.0"/>
  <testcase name="testEqualNonEgalite(Element, Element)[552]" classname="fr.eseo.e3.poo.projet.blox.modele.pieces.ElementTest" time="0.0"/>
  <testcase name="testEqualNonEgalite(Element, Element)[553]" classname="fr.eseo.e3.poo.projet.blox.modele.pieces.ElementTest" time="0.0"/>
  <testcase name="testEqualNonEgalite(Element, Element)[554]" classname="fr.eseo.e3.poo.projet.blox.modele.pieces.ElementTest" time="0.0"/>
  <testcase name="testEqualNonEgalite(Element, Element)[555]" classname="fr.eseo.e3.poo.projet.blox.modele.pieces.ElementTest" time="0.0"/>
  <testcase name="testEqualNonEgalite(Element, Element)[556]" classname="fr.eseo.e3.poo.projet.blox.modele.pieces.ElementTest" time="0.001"/>
  <testcase name="testEqualNonEgalite(Element, Element)[557]" classname="fr.eseo.e3.poo.projet.blox.modele.pieces.ElementTest" time="0.0"/>
  <testcase name="testEqualNonEgalite(Element, Element)[558]" classname="fr.eseo.e3.poo.projet.blox.modele.pieces.ElementTest" time="0.0"/>
  <testcase name="testEqualNonEgalite(Element, Element)[559]" classname="fr.eseo.e3.poo.projet.blox.modele.pieces.ElementTest" time="0.0"/>
  <testcase name="testEqualNonEgalite(Element, Element)[560]" classname="fr.eseo.e3.poo.projet.blox.modele.pieces.ElementTest" time="0.0"/>
  <testcase name="testEqualNonEgalite(Element, Element)[561]" classname="fr.eseo.e3.poo.projet.blox.modele.pieces.ElementTest" time="0.0"/>
  <testcase name="testEqualNonEgalite(Element, Element)[562]" classname="fr.eseo.e3.poo.projet.blox.modele.pieces.ElementTest" time="0.001"/>
  <testcase name="testEqualNonEgalite(Element, Element)[563]" classname="fr.eseo.e3.poo.projet.blox.modele.pieces.ElementTest" time="0.0"/>
  <testcase name="testEqualNonEgalite(Element, Element)[564]" classname="fr.eseo.e3.poo.projet.blox.modele.pieces.ElementTest" time="0.001"/>
  <testcase name="testEqualNonEgalite(Element, Element)[565]" classname="fr.eseo.e3.poo.projet.blox.modele.pieces.ElementTest" time="0.0"/>
  <testcase name="testEqualNonEgalite(Element, Element)[566]" classname="fr.eseo.e3.poo.projet.blox.modele.pieces.ElementTest" time="0.0"/>
  <testcase name="testEqualNonEgalite(Element, Element)[567]" classname="fr.eseo.e3.poo.projet.blox.modele.pieces.ElementTest" time="0.0"/>
  <testcase name="testEqualNonEgalite(Element, Element)[568]" classname="fr.eseo.e3.poo.projet.blox.modele.pieces.ElementTest" time="0.0"/>
  <testcase name="testEqualNonEgalite(Element, Element)[569]" classname="fr.eseo.e3.poo.projet.blox.modele.pieces.ElementTest" time="0.0"/>
  <testcase name="testEqualNonEgalite(Element, Element)[570]" classname="fr.eseo.e3.poo.projet.blox.modele.pieces.ElementTest" time="0.0"/>
  <testcase name="testEqualNonEgalite(Element, Element)[571]" classname="fr.eseo.e3.poo.projet.blox.modele.pieces.ElementTest" time="0.001"/>
  <testcase name="testEqualNonEgalite(Element, Element)[572]" classname="fr.eseo.e3.poo.projet.blox.modele.pieces.ElementTest" time="0.0"/>
  <testcase name="testEqualNonEgalite(Element, Element)[573]" classname="fr.eseo.e3.poo.projet.blox.modele.pieces.ElementTest" time="0.0"/>
  <testcase name="testEqualNonEgalite(Element, Element)[574]" classname="fr.eseo.e3.poo.projet.blox.modele.pieces.ElementTest" time="0.001"/>
  <testcase name="testEqualNonEgalite(Element, Element)[575]" classname="fr.eseo.e3.poo.projet.blox.modele.pieces.ElementTest" time="0.0"/>
  <testcase name="testEqualNonEgalite(Element, Element)[576]" classname="fr.eseo.e3.poo.projet.blox.modele.pieces.ElementTest" time="0.0"/>
  <testcase name="testEqualNonEgalite(Element, Element)[577]" classname="fr.eseo.e3.poo.projet.blox.modele.pieces.ElementTest" time="0.0"/>
  <testcase name="testEqualNonEgalite(Element, Element)[578]" classname="fr.eseo.e3.poo.projet.blox.modele.pieces.ElementTest" time="0.001"/>
  <testcase name="testEqualNonEgalite(Element, Element)[579]" classname="fr.eseo.e3.poo.projet.blox.modele.pieces.ElementTest" time="0.0"/>
  <testcase name="testEqualNonEgalite(Element, Element)[580]" classname="fr.eseo.e3.poo.projet.blox.modele.pieces.ElementTest" time="0.0"/>
  <testcase name="testEqualNonEgalite(Element, Element)[581]" classname="fr.eseo.e3.poo.projet.blox.modele.pieces.ElementTest" time="0.001"/>
  <testcase name="testEqualNonEgalite(Element, Element)[582]" classname="fr.eseo.e3.poo.projet.blox.modele.pieces.ElementTest" time="0.0"/>
  <testcase name="testEqualNonEgalite(Element, Element)[583]" classname="fr.eseo.e3.poo.projet.blox.modele.pieces.ElementTest" time="0.0"/>
  <testcase name="testEqualNonEgalite(Element, Element)[584]" classname="fr.eseo.e3.poo.projet.blox.modele.pieces.ElementTest" time="0.0"/>
  <testcase name="testEqualNonEgalite(Element, Element)[585]" classname="fr.eseo.e3.poo.projet.blox.modele.pieces.ElementTest" time="0.0"/>
  <testcase name="testEqualNonEgalite(Element, Element)[586]" classname="fr.eseo.e3.poo.projet.blox.modele.pieces.ElementTest" time="0.0"/>
  <testcase name="testEqualNonEgalite(Element, Element)[587]" classname="fr.eseo.e3.poo.projet.blox.modele.pieces.ElementTest" time="0.001"/>
  <testcase name="testEqualNonEgalite(Element, Element)[588]" classname="fr.eseo.e3.poo.projet.blox.modele.pieces.ElementTest" time="0.0"/>
  <testcase name="testEqualNonEgalite(Element, Element)[589]" classname="fr.eseo.e3.poo.projet.blox.modele.pieces.ElementTest" time="0.0"/>
  <testcase name="testEqualNonEgalite(Element, Element)[590]" classname="fr.eseo.e3.poo.projet.blox.modele.pieces.ElementTest" time="0.0"/>
  <testcase name="testEqualNonEgalite(Element, Element)[591]" classname="fr.eseo.e3.poo.projet.blox.modele.pieces.ElementTest" time="0.0"/>
  <testcase name="testEqualNonEgalite(Element, Element)[592]" classname="fr.eseo.e3.poo.projet.blox.modele.pieces.ElementTest" time="0.0"/>
  <testcase name="testEqualNonEgalite(Element, Element)[593]" classname="fr.eseo.e3.poo.projet.blox.modele.pieces.ElementTest" time="0.0"/>
  <testcase name="testEqualNonEgalite(Element, Element)[594]" classname="fr.eseo.e3.poo.projet.blox.modele.pieces.ElementTest" time="0.001"/>
  <testcase name="testEqualNonEgalite(Element, Element)[595]" classname="fr.eseo.e3.poo.projet.blox.modele.pieces.ElementTest" time="0.0"/>
  <testcase name="testEqualNonEgalite(Element, Element)[596]" classname="fr.eseo.e3.poo.projet.blox.modele.pieces.ElementTest" time="0.0"/>
  <testcase name="testEqualNonEgalite(Element, Element)[597]" classname="fr.eseo.e3.poo.projet.blox.modele.pieces.ElementTest" time="0.0"/>
  <testcase name="testEqualNonEgalite(Element, Element)[598]" classname="fr.eseo.e3.poo.projet.blox.modele.pieces.ElementTest" time="0.0"/>
  <testcase name="testEqualNonEgalite(Element, Element)[599]" classname="fr.eseo.e3.poo.projet.blox.modele.pieces.ElementTest" time="0.0"/>
  <testcase name="testEqualNonEgalite(Element, Element)[600]" classname="fr.eseo.e3.poo.projet.blox.modele.pieces.ElementTest" time="0.0"/>
  <testcase name="testEqualNonEgalite(Element, Element)[601]" classname="fr.eseo.e3.poo.projet.blox.modele.pieces.ElementTest" time="0.0"/>
  <testcase name="testEqualNonEgalite(Element, Element)[602]" classname="fr.eseo.e3.poo.projet.blox.modele.pieces.ElementTest" time="0.0"/>
  <testcase name="testEqualNonEgalite(Element, Element)[603]" classname="fr.eseo.e3.poo.projet.blox.modele.pieces.ElementTest" time="0.0"/>
  <testcase name="testEqualNonEgalite(Element, Element)[604]" classname="fr.eseo.e3.poo.projet.blox.modele.pieces.ElementTest" time="0.0"/>
  <testcase name="testEqualNonEgalite(Element, Element)[605]" classname="fr.eseo.e3.poo.projet.blox.modele.pieces.ElementTest" time="0.0"/>
  <testcase name="testEqualNonEgalite(Element, Element)[606]" classname="fr.eseo.e3.poo.projet.blox.modele.pieces.ElementTest" time="0.0"/>
  <testcase name="testEqualNonEgalite(Element, Element)[607]" classname="fr.eseo.e3.poo.projet.blox.modele.pieces.ElementTest" time="0.0"/>
  <testcase name="testEqualNonEgalite(Element, Element)[608]" classname="fr.eseo.e3.poo.projet.blox.modele.pieces.ElementTest" time="0.0"/>
  <testcase name="testEqualNonEgalite(Element, Element)[609]" classname="fr.eseo.e3.poo.projet.blox.modele.pieces.ElementTest" time="0.0"/>
  <testcase name="testEqualNonEgalite(Element, Element)[610]" classname="fr.eseo.e3.poo.projet.blox.modele.pieces.ElementTest" time="0.0"/>
  <testcase name="testEqualNonEgalite(Element, Element)[611]" classname="fr.eseo.e3.poo.projet.blox.modele.pieces.ElementTest" time="0.0"/>
  <testcase name="testEqualNonEgalite(Element, Element)[612]" classname="fr.eseo.e3.poo.projet.blox.modele.pieces.ElementTest" time="0.0"/>
  <testcase name="testEqualNonEgalite(Element, Element)[613]" classname="fr.eseo.e3.poo.projet.blox.modele.pieces.ElementTest" time="0.0"/>
  <testcase name="testEqualNonEgalite(Element, Element)[614]" classname="fr.eseo.e3.poo.projet.blox.modele.pieces.ElementTest" time="0.0"/>
  <testcase name="testEqualNonEgalite(Element, Element)[615]" classname="fr.eseo.e3.poo.projet.blox.modele.pieces.ElementTest" time="0.0"/>
  <testcase name="testEqualNonEgalite(Element, Element)[616]" classname="fr.eseo.e3.poo.projet.blox.modele.pieces.ElementTest" time="0.0"/>
  <testcase name="testEqualNonEgalite(Element, Element)[617]" classname="fr.eseo.e3.poo.projet.blox.modele.pieces.ElementTest" time="0.0"/>
  <testcase name="testEqualNonEgalite(Element, Element)[618]" classname="fr.eseo.e3.poo.projet.blox.modele.pieces.ElementTest" time="0.0"/>
  <testcase name="testEqualNonEgalite(Element, Element)[619]" classname="fr.eseo.e3.poo.projet.blox.modele.pieces.ElementTest" time="0.0"/>
  <testcase name="testEqualNonEgalite(Element, Element)[620]" classname="fr.eseo.e3.poo.projet.blox.modele.pieces.ElementTest" time="0.0"/>
  <testcase name="testEqualNonEgalite(Element, Element)[621]" classname="fr.eseo.e3.poo.projet.blox.modele.pieces.ElementTest" time="0.0"/>
  <testcase name="testEqualNonEgalite(Element, Element)[622]" classname="fr.eseo.e3.poo.projet.blox.modele.pieces.ElementTest" time="0.0"/>
  <testcase name="testEqualNonEgalite(Element, Element)[623]" classname="fr.eseo.e3.poo.projet.blox.modele.pieces.ElementTest" time="0.0"/>
  <testcase name="testEqualNonEgalite(Element, Element)[624]" classname="fr.eseo.e3.poo.projet.blox.modele.pieces.ElementTest" time="0.0"/>
  <testcase name="testEqualNonEgalite(Element, Element)[625]" classname="fr.eseo.e3.poo.projet.blox.modele.pieces.ElementTest" time="0.0"/>
  <testcase name="testEqualNonEgalite(Element, Element)[626]" classname="fr.eseo.e3.poo.projet.blox.modele.pieces.ElementTest" time="0.0"/>
  <testcase name="testEqualNonEgalite(Element, Element)[627]" classname="fr.eseo.e3.poo.projet.blox.modele.pieces.ElementTest" time="0.0"/>
  <testcase name="testEqualNonEgalite(Element, Element)[628]" classname="fr.eseo.e3.poo.projet.blox.modele.pieces.ElementTest" time="0.0"/>
  <testcase name="testEqualNonEgalite(Element, Element)[629]" classname="fr.eseo.e3.poo.projet.blox.modele.pieces.ElementTest" time="0.001"/>
  <testcase name="testEqualNonEgalite(Element, Element)[630]" classname="fr.eseo.e3.poo.projet.blox.modele.pieces.ElementTest" time="0.0"/>
  <testcase name="testEqualNonEgalite(Element, Element)[631]" classname="fr.eseo.e3.poo.projet.blox.modele.pieces.ElementTest" time="0.0"/>
  <testcase name="testEqualNonEgalite(Element, Element)[632]" classname="fr.eseo.e3.poo.projet.blox.modele.pieces.ElementTest" time="0.0"/>
  <testcase name="testEqualNonEgalite(Element, Element)[633]" classname="fr.eseo.e3.poo.projet.blox.modele.pieces.ElementTest" time="0.0"/>
  <testcase name="testEqualNonEgalite(Element, Element)[634]" classname="fr.eseo.e3.poo.projet.blox.modele.pieces.ElementTest" time="0.0"/>
  <testcase name="testEqualNonEgalite(Element, Element)[635]" classname="fr.eseo.e3.poo.projet.blox.modele.pieces.ElementTest" time="0.0"/>
  <testcase name="testEqualNonEgalite(Element, Element)[636]" classname="fr.eseo.e3.poo.projet.blox.modele.pieces.ElementTest" time="0.0"/>
  <testcase name="testEqualNonEgalite(Element, Element)[637]" classname="fr.eseo.e3.poo.projet.blox.modele.pieces.ElementTest" time="0.0"/>
  <testcase name="testEqualNonEgalite(Element, Element)[638]" classname="fr.eseo.e3.poo.projet.blox.modele.pieces.ElementTest" time="0.001"/>
  <testcase name="testEqualNonEgalite(Element, Element)[639]" classname="fr.eseo.e3.poo.projet.blox.modele.pieces.ElementTest" time="0.0"/>
  <testcase name="testEqualNonEgalite(Element, Element)[640]" classname="fr.eseo.e3.poo.projet.blox.modele.pieces.ElementTest" time="0.0"/>
  <testcase name="testEqualNonEgalite(Element, Element)[641]" classname="fr.eseo.e3.poo.projet.blox.modele.pieces.ElementTest" time="0.0"/>
  <testcase name="testEqualNonEgalite(Element, Element)[642]" classname="fr.eseo.e3.poo.projet.blox.modele.pieces.ElementTest" time="0.0"/>
  <testcase name="testEqualNonEgalite(Element, Element)[643]" classname="fr.eseo.e3.poo.projet.blox.modele.pieces.ElementTest" time="0.0"/>
  <testcase name="testEqualNonEgalite(Element, Element)[644]" classname="fr.eseo.e3.poo.projet.blox.modele.pieces.ElementTest" time="0.001"/>
  <testcase name="testEqualNonEgalite(Element, Element)[645]" classname="fr.eseo.e3.poo.projet.blox.modele.pieces.ElementTest" time="0.0"/>
  <testcase name="testEqualNonEgalite(Element, Element)[646]" classname="fr.eseo.e3.poo.projet.blox.modele.pieces.ElementTest" time="0.0"/>
  <testcase name="testEqualNonEgalite(Element, Element)[647]" classname="fr.eseo.e3.poo.projet.blox.modele.pieces.ElementTest" time="0.0"/>
  <testcase name="testEqualNonEgalite(Element, Element)[648]" classname="fr.eseo.e3.poo.projet.blox.modele.pieces.ElementTest" time="0.001"/>
  <testcase name="testEqualNonEgalite(Element, Element)[649]" classname="fr.eseo.e3.poo.projet.blox.modele.pieces.ElementTest" time="0.0"/>
  <testcase name="testEqualNonEgalite(Element, Element)[650]" classname="fr.eseo.e3.poo.projet.blox.modele.pieces.ElementTest" time="0.0"/>
  <testcase name="testEqualNonEgalite(Element, Element)[651]" classname="fr.eseo.e3.poo.projet.blox.modele.pieces.ElementTest" time="0.0"/>
  <testcase name="testEqualNonEgalite(Element, Element)[652]" classname="fr.eseo.e3.poo.projet.blox.modele.pieces.ElementTest" time="0.0"/>
  <testcase name="testEqualNonEgalite(Element, Element)[653]" classname="fr.eseo.e3.poo.projet.blox.modele.pieces.ElementTest" time="0.0"/>
  <testcase name="testEqualNonEgalite(Element, Element)[654]" classname="fr.eseo.e3.poo.projet.blox.modele.pieces.ElementTest" time="0.0"/>
  <testcase name="testEqualNonEgalite(Element, Element)[655]" classname="fr.eseo.e3.poo.projet.blox.modele.pieces.ElementTest" time="0.001"/>
  <testcase name="testEqualNonEgalite(Element, Element)[656]" classname="fr.eseo.e3.poo.projet.blox.modele.pieces.ElementTest" time="0.0"/>
  <testcase name="testEqualNonEgalite(Element, Element)[657]" classname="fr.eseo.e3.poo.projet.blox.modele.pieces.ElementTest" time="0.0"/>
  <testcase name="testEqualNonEgalite(Element, Element)[658]" classname="fr.eseo.e3.poo.projet.blox.modele.pieces.ElementTest" time="0.001"/>
  <testcase name="testEqualNonEgalite(Element, Element)[659]" classname="fr.eseo.e3.poo.projet.blox.modele.pieces.ElementTest" time="0.0"/>
  <testcase name="testEqualNonEgalite(Element, Element)[660]" classname="fr.eseo.e3.poo.projet.blox.modele.pieces.ElementTest" time="0.0"/>
  <testcase name="testEqualNonEgalite(Element, Element)[661]" classname="fr.eseo.e3.poo.projet.blox.modele.pieces.ElementTest" time="0.001"/>
  <testcase name="testEqualNonEgalite(Element, Element)[662]" classname="fr.eseo.e3.poo.projet.blox.modele.pieces.ElementTest" time="0.0"/>
  <testcase name="testEqualNonEgalite(Element, Element)[663]" classname="fr.eseo.e3.poo.projet.blox.modele.pieces.ElementTest" time="0.0"/>
  <testcase name="testEqualNonEgalite(Element, Element)[664]" classname="fr.eseo.e3.poo.projet.blox.modele.pieces.ElementTest" time="0.001"/>
  <testcase name="testEqualNonEgalite(Element, Element)[665]" classname="fr.eseo.e3.poo.projet.blox.modele.pieces.ElementTest" time="0.0"/>
  <testcase name="testEqualNonEgalite(Element, Element)[666]" classname="fr.eseo.e3.poo.projet.blox.modele.pieces.ElementTest" time="0.0"/>
  <testcase name="testEqualNonEgalite(Element, Element)[667]" classname="fr.eseo.e3.poo.projet.blox.modele.pieces.ElementTest" time="0.0"/>
  <testcase name="testEqualNonEgalite(Element, Element)[668]" classname="fr.eseo.e3.poo.projet.blox.modele.pieces.ElementTest" time="0.0"/>
  <testcase name="testEqualNonEgalite(Element, Element)[669]" classname="fr.eseo.e3.poo.projet.blox.modele.pieces.ElementTest" time="0.0"/>
  <testcase name="testEqualNonEgalite(Element, Element)[670]" classname="fr.eseo.e3.poo.projet.blox.modele.pieces.ElementTest" time="0.0"/>
  <testcase name="testEqualNonEgalite(Element, Element)[671]" classname="fr.eseo.e3.poo.projet.blox.modele.pieces.ElementTest" time="0.0"/>
  <testcase name="testEqualNonEgalite(Element, Element)[672]" classname="fr.eseo.e3.poo.projet.blox.modele.pieces.ElementTest" time="0.0"/>
  <testcase name="testEqualNonEgalite(Element, Element)[673]" classname="fr.eseo.e3.poo.projet.blox.modele.pieces.ElementTest" time="0.0"/>
  <testcase name="testEqualNonEgalite(Element, Element)[674]" classname="fr.eseo.e3.poo.projet.blox.modele.pieces.ElementTest" time="0.0"/>
  <testcase name="testEqualNonEgalite(Element, Element)[675]" classname="fr.eseo.e3.poo.projet.blox.modele.pieces.ElementTest" time="0.0"/>
  <testcase name="testEqualNonEgalite(Element, Element)[676]" classname="fr.eseo.e3.poo.projet.blox.modele.pieces.ElementTest" time="0.0"/>
  <testcase name="testEqualNonEgalite(Element, Element)[677]" classname="fr.eseo.e3.poo.projet.blox.modele.pieces.ElementTest" time="0.0"/>
  <testcase name="testEqualNonEgalite(Element, Element)[678]" classname="fr.eseo.e3.poo.projet.blox.modele.pieces.ElementTest" time="0.0"/>
  <testcase name="testEqualNonEgalite(Element, Element)[679]" classname="fr.eseo.e3.poo.projet.blox.modele.pieces.ElementTest" time="0.0"/>
  <testcase name="testEqualNonEgalite(Element, Element)[680]" classname="fr.eseo.e3.poo.projet.blox.modele.pieces.ElementTest" time="0.0"/>
  <testcase name="testEqualNonEgalite(Element, Element)[681]" classname="fr.eseo.e3.poo.projet.blox.modele.pieces.ElementTest" time="0.0"/>
  <testcase name="testEqualNonEgalite(Element, Element)[682]" classname="fr.eseo.e3.poo.projet.blox.modele.pieces.ElementTest" time="0.0"/>
  <testcase name="testEqualNonEgalite(Element, Element)[683]" classname="fr.eseo.e3.poo.projet.blox.modele.pieces.ElementTest" time="0.0"/>
  <testcase name="testEqualNonEgalite(Element, Element)[684]" classname="fr.eseo.e3.poo.projet.blox.modele.pieces.ElementTest" time="0.0"/>
  <testcase name="testEqualNonEgalite(Element, Element)[685]" classname="fr.eseo.e3.poo.projet.blox.modele.pieces.ElementTest" time="0.0"/>
  <testcase name="testEqualNonEgalite(Element, Element)[686]" classname="fr.eseo.e3.poo.projet.blox.modele.pieces.ElementTest" time="0.0"/>
  <testcase name="testEqualNonEgalite(Element, Element)[687]" classname="fr.eseo.e3.poo.projet.blox.modele.pieces.ElementTest" time="0.0"/>
  <testcase name="testEqualNonEgalite(Element, Element)[688]" classname="fr.eseo.e3.poo.projet.blox.modele.pieces.ElementTest" time="0.0"/>
  <testcase name="testEqualNonEgalite(Element, Element)[689]" classname="fr.eseo.e3.poo.projet.blox.modele.pieces.ElementTest" time="0.0"/>
  <testcase name="testEqualNonEgalite(Element, Element)[690]" classname="fr.eseo.e3.poo.projet.blox.modele.pieces.ElementTest" time="0.0"/>
  <testcase name="testEqualNonEgalite(Element, Element)[691]" classname="fr.eseo.e3.poo.projet.blox.modele.pieces.ElementTest" time="0.0"/>
  <testcase name="testEqualNonEgalite(Element, Element)[692]" classname="fr.eseo.e3.poo.projet.blox.modele.pieces.ElementTest" time="0.0"/>
  <testcase name="testEqualNonEgalite(Element, Element)[693]" classname="fr.eseo.e3.poo.projet.blox.modele.pieces.ElementTest" time="0.0"/>
  <testcase name="testEqualNonEgalite(Element, Element)[694]" classname="fr.eseo.e3.poo.projet.blox.modele.pieces.ElementTest" time="0.0"/>
  <testcase name="testEqualNonEgalite(Element, Element)[695]" classname="fr.eseo.e3.poo.projet.blox.modele.pieces.ElementTest" time="0.0"/>
  <testcase name="testEqualNonEgalite(Element, Element)[696]" classname="fr.eseo.e3.poo.projet.blox.modele.pieces.ElementTest" time="0.0"/>
  <testcase name="testEqualNonEgalite(Element, Element)[697]" classname="fr.eseo.e3.poo.projet.blox.modele.pieces.ElementTest" time="0.001"/>
  <testcase name="testEqualNonEgalite(Element, Element)[698]" classname="fr.eseo.e3.poo.projet.blox.modele.pieces.ElementTest" time="0.0"/>
  <testcase name="testEqualNonEgalite(Element, Element)[699]" classname="fr.eseo.e3.poo.projet.blox.modele.pieces.ElementTest" time="0.0"/>
  <testcase name="testEqualNonEgalite(Element, Element)[700]" classname="fr.eseo.e3.poo.projet.blox.modele.pieces.ElementTest" time="0.001"/>
  <testcase name="testEqualNonEgalite(Element, Element)[701]" classname="fr.eseo.e3.poo.projet.blox.modele.pieces.ElementTest" time="0.0"/>
  <testcase name="testEqualNonEgalite(Element, Element)[702]" classname="fr.eseo.e3.poo.projet.blox.modele.pieces.ElementTest" time="0.0"/>
  <testcase name="testEqualNonEgalite(Element, Element)[703]" classname="fr.eseo.e3.poo.projet.blox.modele.pieces.ElementTest" time="0.0"/>
  <testcase name="testEqualNonEgalite(Element, Element)[704]" classname="fr.eseo.e3.poo.projet.blox.modele.pieces.ElementTest" time="0.0"/>
  <testcase name="testEqualNonEgalite(Element, Element)[705]" classname="fr.eseo.e3.poo.projet.blox.modele.pieces.ElementTest" time="0.0"/>
  <testcase name="testEqualNonEgalite(Element, Element)[706]" classname="fr.eseo.e3.poo.projet.blox.modele.pieces.ElementTest" time="0.001"/>
  <testcase name="testEqualNonEgalite(Element, Element)[707]" classname="fr.eseo.e3.poo.projet.blox.modele.pieces.ElementTest" time="0.0"/>
  <testcase name="testEqualNonEgalite(Element, Element)[708]" classname="fr.eseo.e3.poo.projet.blox.modele.pieces.ElementTest" time="0.001"/>
  <testcase name="testEqualNonEgalite(Element, Element)[709]" classname="fr.eseo.e3.poo.projet.blox.modele.pieces.ElementTest" time="0.0"/>
  <testcase name="testEqualNonEgalite(Element, Element)[710]" classname="fr.eseo.e3.poo.projet.blox.modele.pieces.ElementTest" time="0.0"/>
  <testcase name="testEqualNonEgalite(Element, Element)[711]" classname="fr.eseo.e3.poo.projet.blox.modele.pieces.ElementTest" time="0.0"/>
  <testcase name="testEqualNonEgalite(Element, Element)[712]" classname="fr.eseo.e3.poo.projet.blox.modele.pieces.ElementTest" time="0.0"/>
  <testcase name="testEqualNonEgalite(Element, Element)[713]" classname="fr.eseo.e3.poo.projet.blox.modele.pieces.ElementTest" time="0.0"/>
  <testcase name="testEqualNonEgalite(Element, Element)[714]" classname="fr.eseo.e3.poo.projet.blox.modele.pieces.ElementTest" time="0.001"/>
  <testcase name="testEqualNonEgalite(Element, Element)[715]" classname="fr.eseo.e3.poo.projet.blox.modele.pieces.ElementTest" time="0.0"/>
  <testcase name="testEqualNonEgalite(Element, Element)[716]" classname="fr.eseo.e3.poo.projet.blox.modele.pieces.ElementTest" time="0.0"/>
  <testcase name="testEqualNonEgalite(Element, Element)[717]" classname="fr.eseo.e3.poo.projet.blox.modele.pieces.ElementTest" time="0.0"/>
  <testcase name="testEqualNonEgalite(Element, Element)[718]" classname="fr.eseo.e3.poo.projet.blox.modele.pieces.ElementTest" time="0.001"/>
  <testcase name="testEqualNonEgalite(Element, Element)[719]" classname="fr.eseo.e3.poo.projet.blox.modele.pieces.ElementTest" time="0.0"/>
  <testcase name="testEqualNonEgalite(Element, Element)[720]" classname="fr.eseo.e3.poo.projet.blox.modele.pieces.ElementTest" time="0.0"/>
  <testcase name="testEqualNonEgalite(Element, Element)[721]" classname="fr.eseo.e3.poo.projet.blox.modele.pieces.ElementTest" time="0.0"/>
  <testcase name="testEqualNonEgalite(Element, Element)[722]" classname="fr.eseo.e3.poo.projet.blox.modele.pieces.ElementTest" time="0.0"/>
  <testcase name="testEqualNonEgalite(Element, Element)[723]" classname="fr.eseo.e3.poo.projet.blox.modele.pieces.ElementTest" time="0.0"/>
  <testcase name="testEqualNonEgalite(Element, Element)[724]" classname="fr.eseo.e3.poo.projet.blox.modele.pieces.ElementTest" time="0.0"/>
  <testcase name="testEqualNonEgalite(Element, Element)[725]" classname="fr.eseo.e3.poo.projet.blox.modele.pieces.ElementTest" time="0.0"/>
  <testcase name="testEqualNonEgalite(Element, Element)[726]" classname="fr.eseo.e3.poo.projet.blox.modele.pieces.ElementTest" time="0.0"/>
  <testcase name="testEqualNonEgalite(Element, Element)[727]" classname="fr.eseo.e3.poo.projet.blox.modele.pieces.ElementTest" time="0.001"/>
  <testcase name="testEqualNonEgalite(Element, Element)[728]" classname="fr.eseo.e3.poo.projet.blox.modele.pieces.ElementTest" time="0.0"/>
  <testcase name="testEqualNonEgalite(Element, Element)[729]" classname="fr.eseo.e3.poo.projet.blox.modele.pieces.ElementTest" time="0.0"/>
  <testcase name="testEqualNonEgalite(Element, Element)[730]" classname="fr.eseo.e3.poo.projet.blox.modele.pieces.ElementTest" time="0.0"/>
  <testcase name="testEqualNonEgalite(Element, Element)[731]" classname="fr.eseo.e3.poo.projet.blox.modele.pieces.ElementTest" time="0.0"/>
  <testcase name="testEqualNonEgalite(Element, Element)[732]" classname="fr.eseo.e3.poo.projet.blox.modele.pieces.ElementTest" time="0.0"/>
  <testcase name="testEqualNonEgalite(Element, Element)[733]" classname="fr.eseo.e3.poo.projet.blox.modele.pieces.ElementTest" time="0.0"/>
  <testcase name="testEqualNonEgalite(Element, Element)[734]" classname="fr.eseo.e3.poo.projet.blox.modele.pieces.ElementTest" time="0.0"/>
  <testcase name="testEqualNonEgalite(Element, Element)[735]" classname="fr.eseo.e3.poo.projet.blox.modele.pieces.ElementTest" time="0.0"/>
  <testcase name="testEqualNonEgalite(Element, Element)[736]" classname="fr.eseo.e3.poo.projet.blox.modele.pieces.ElementTest" time="0.001"/>
  <testcase name="testEqualNonEgalite(Element, Element)[737]" classname="fr.eseo.e3.poo.projet.blox.modele.pieces.ElementTest" time="0.0"/>
  <testcase name="testEqualNonEgalite(Element, Element)[738]" classname="fr.eseo.e3.poo.projet.blox.modele.pieces.ElementTest" time="0.0"/>
  <testcase name="testEqualNonEgalite(Element, Element)[739]" classname="fr.eseo.e3.poo.projet.blox.modele.pieces.ElementTest" time="0.001"/>
  <testcase name="testEqualNonEgalite(Element, Element)[740]" classname="fr.eseo.e3.poo.projet.blox.modele.pieces.ElementTest" time="0.0"/>
  <testcase name="testEqualNonEgalite(Element, Element)[741]" classname="fr.eseo.e3.poo.projet.blox.modele.pieces.ElementTest" time="0.0"/>
  <testcase name="testEqualNonEgalite(Element, Element)[742]" classname="fr.eseo.e3.poo.projet.blox.modele.pieces.ElementTest" time="0.0"/>
  <testcase name="testEqualNonEgalite(Element, Element)[743]" classname="fr.eseo.e3.poo.projet.blox.modele.pieces.ElementTest" time="0.0"/>
  <testcase name="testEqualNonEgalite(Element, Element)[744]" classname="fr.eseo.e3.poo.projet.blox.modele.pieces.ElementTest" time="0.001"/>
  <testcase name="testEqualNonEgalite(Element, Element)[745]" classname="fr.eseo.e3.poo.projet.blox.modele.pieces.ElementTest" time="0.0"/>
  <testcase name="testEqualNonEgalite(Element, Element)[746]" classname="fr.eseo.e3.poo.projet.blox.modele.pieces.ElementTest" time="0.001"/>
  <testcase name="testEqualNonEgalite(Element, Element)[747]" classname="fr.eseo.e3.poo.projet.blox.modele.pieces.ElementTest" time="0.0"/>
  <testcase name="testEqualNonEgalite(Element, Element)[748]" classname="fr.eseo.e3.poo.projet.blox.modele.pieces.ElementTest" time="0.0"/>
  <testcase name="testEqualNonEgalite(Element, Element)[749]" classname="fr.eseo.e3.poo.projet.blox.modele.pieces.ElementTest" time="0.0"/>
  <testcase name="testEqualNonEgalite(Element, Element)[750]" classname="fr.eseo.e3.poo.projet.blox.modele.pieces.ElementTest" time="0.0"/>
  <testcase name="testEqualNonEgalite(Element, Element)[751]" classname="fr.eseo.e3.poo.projet.blox.modele.pieces.ElementTest" time="0.0"/>
  <testcase name="testEqualNonEgalite(Element, Element)[752]" classname="fr.eseo.e3.poo.projet.blox.modele.pieces.ElementTest" time="0.0"/>
  <testcase name="testEqualNonEgalite(Element, Element)[753]" classname="fr.eseo.e3.poo.projet.blox.modele.pieces.ElementTest" time="0.0"/>
  <testcase name="testEqualNonEgalite(Element, Element)[754]" classname="fr.eseo.e3.poo.projet.blox.modele.pieces.ElementTest" time="0.0"/>
  <testcase name="testEqualNonEgalite(Element, Element)[755]" classname="fr.eseo.e3.poo.projet.blox.modele.pieces.ElementTest" time="0.0"/>
  <testcase name="testEqualNonEgalite(Element, Element)[756]" classname="fr.eseo.e3.poo.projet.blox.modele.pieces.ElementTest" time="0.0"/>
  <testcase name="testEqualNonEgalite(Element, Element)[757]" classname="fr.eseo.e3.poo.projet.blox.modele.pieces.ElementTest" time="0.001"/>
  <testcase name="testEqualNonEgalite(Element, Element)[758]" classname="fr.eseo.e3.poo.projet.blox.modele.pieces.ElementTest" time="0.0"/>
  <testcase name="testEqualNonEgalite(Element, Element)[759]" classname="fr.eseo.e3.poo.projet.blox.modele.pieces.ElementTest" time="0.0"/>
  <testcase name="testEqualNonEgalite(Element, Element)[760]" classname="fr.eseo.e3.poo.projet.blox.modele.pieces.ElementTest" time="0.0"/>
  <testcase name="testEqualNonEgalite(Element, Element)[761]" classname="fr.eseo.e3.poo.projet.blox.modele.pieces.ElementTest" time="0.0"/>
  <testcase name="testEqualNonEgalite(Element, Element)[762]" classname="fr.eseo.e3.poo.projet.blox.modele.pieces.ElementTest" time="0.0"/>
  <testcase name="testEqualNonEgalite(Element, Element)[763]" classname="fr.eseo.e3.poo.projet.blox.modele.pieces.ElementTest" time="0.001"/>
  <testcase name="testEqualNonEgalite(Element, Element)[764]" classname="fr.eseo.e3.poo.projet.blox.modele.pieces.ElementTest" time="0.0"/>
  <testcase name="testEqualNonEgalite(Element, Element)[765]" classname="fr.eseo.e3.poo.projet.blox.modele.pieces.ElementTest" time="0.0"/>
  <testcase name="testEqualNonEgalite(Element, Element)[766]" classname="fr.eseo.e3.poo.projet.blox.modele.pieces.ElementTest" time="0.0"/>
  <testcase name="testEqualNonEgalite(Element, Element)[767]" classname="fr.eseo.e3.poo.projet.blox.modele.pieces.ElementTest" time="0.0"/>
  <testcase name="testEqualNonEgalite(Element, Element)[768]" classname="fr.eseo.e3.poo.projet.blox.modele.pieces.ElementTest" time="0.0"/>
  <testcase name="testEqualNonEgalite(Element, Element)[769]" classname="fr.eseo.e3.poo.projet.blox.modele.pieces.ElementTest" time="0.0"/>
  <testcase name="testEqualNonEgalite(Element, Element)[770]" classname="fr.eseo.e3.poo.projet.blox.modele.pieces.ElementTest" time="0.0"/>
  <testcase name="testEqualNonEgalite(Element, Element)[771]" classname="fr.eseo.e3.poo.projet.blox.modele.pieces.ElementTest" time="0.0"/>
  <testcase name="testEqualNonEgalite(Element, Element)[772]" classname="fr.eseo.e3.poo.projet.blox.modele.pieces.ElementTest" time="0.0"/>
  <testcase name="testEqualNonEgalite(Element, Element)[773]" classname="fr.eseo.e3.poo.projet.blox.modele.pieces.ElementTest" time="0.0"/>
  <testcase name="testEqualNonEgalite(Element, Element)[774]" classname="fr.eseo.e3.poo.projet.blox.modele.pieces.ElementTest" time="0.0"/>
  <testcase name="testEqualNonEgalite(Element, Element)[775]" classname="fr.eseo.e3.poo.projet.blox.modele.pieces.ElementTest" time="0.001"/>
  <testcase name="testEqualNonEgalite(Element, Element)[776]" classname="fr.eseo.e3.poo.projet.blox.modele.pieces.ElementTest" time="0.0"/>
  <testcase name="testEqualNonEgalite(Element, Element)[777]" classname="fr.eseo.e3.poo.projet.blox.modele.pieces.ElementTest" time="0.0"/>
  <testcase name="testEqualNonEgalite(Element, Element)[778]" classname="fr.eseo.e3.poo.projet.blox.modele.pieces.ElementTest" time="0.001"/>
  <testcase name="testEqualNonEgalite(Element, Element)[779]" classname="fr.eseo.e3.poo.projet.blox.modele.pieces.ElementTest" time="0.0"/>
  <testcase name="testEqualNonEgalite(Element, Element)[780]" classname="fr.eseo.e3.poo.projet.blox.modele.pieces.ElementTest" time="0.0"/>
  <testcase name="testEqualNonEgalite(Element, Element)[781]" classname="fr.eseo.e3.poo.projet.blox.modele.pieces.ElementTest" time="0.001"/>
  <testcase name="testEqualNonEgalite(Element, Element)[782]" classname="fr.eseo.e3.poo.projet.blox.modele.pieces.ElementTest" time="0.0"/>
  <testcase name="testEqualNonEgalite(Element, Element)[783]" classname="fr.eseo.e3.poo.projet.blox.modele.pieces.ElementTest" time="0.0"/>
  <testcase name="testEqualNonEgalite(Element, Element)[784]" classname="fr.eseo.e3.poo.projet.blox.modele.pieces.ElementTest" time="0.001"/>
  <testcase name="testEqualNonEgalite(Element, Element)[785]" classname="fr.eseo.e3.poo.projet.blox.modele.pieces.ElementTest" time="0.0"/>
  <testcase name="testEqualNonEgalite(Element, Element)[786]" classname="fr.eseo.e3.poo.projet.blox.modele.pieces.ElementTest" time="0.0"/>
  <testcase name="testEqualNonEgalite(Element, Element)[787]" classname="fr.eseo.e3.poo.projet.blox.modele.pieces.ElementTest" time="0.0"/>
  <testcase name="testEqualNonEgalite(Element, Element)[788]" classname="fr.eseo.e3.poo.projet.blox.modele.pieces.ElementTest" time="0.0"/>
  <testcase name="testEqualNonEgalite(Element, Element)[789]" classname="fr.eseo.e3.poo.projet.blox.modele.pieces.ElementTest" time="0.0"/>
  <testcase name="testEqualNonEgalite(Element, Element)[790]" classname="fr.eseo.e3.poo.projet.blox.modele.pieces.ElementTest" time="0.001"/>
  <testcase name="testEqualNonEgalite(Element, Element)[791]" classname="fr.eseo.e3.poo.projet.blox.modele.pieces.ElementTest" time="0.0"/>
  <testcase name="testEqualNonEgalite(Element, Element)[792]" classname="fr.eseo.e3.poo.projet.blox.modele.pieces.ElementTest" time="0.001"/>
  <testcase name="testEqualNonEgalite(Element, Element)[793]" classname="fr.eseo.e3.poo.projet.blox.modele.pieces.ElementTest" time="0.0"/>
  <testcase name="testEqualNonEgalite(Element, Element)[794]" classname="fr.eseo.e3.poo.projet.blox.modele.pieces.ElementTest" time="0.001"/>
  <testcase name="testEqualNonEgalite(Element, Element)[795]" classname="fr.eseo.e3.poo.projet.blox.modele.pieces.ElementTest" time="0.0"/>
  <testcase name="testEqualNonEgalite(Element, Element)[796]" classname="fr.eseo.e3.poo.projet.blox.modele.pieces.ElementTest" time="0.0"/>
  <testcase name="testEqualNonEgalite(Element, Element)[797]" classname="fr.eseo.e3.poo.projet.blox.modele.pieces.ElementTest" time="0.001"/>
  <testcase name="testEqualNonEgalite(Element, Element)[798]" classname="fr.eseo.e3.poo.projet.blox.modele.pieces.ElementTest" time="0.0"/>
  <testcase name="testEqualNonEgalite(Element, Element)[799]" classname="fr.eseo.e3.poo.projet.blox.modele.pieces.ElementTest" time="0.0"/>
  <testcase name="testEqualNonEgalite(Element, Element)[800]" classname="fr.eseo.e3.poo.projet.blox.modele.pieces.ElementTest" time="0.0"/>
  <testcase name="testEqualNonEgalite(Element, Element)[801]" classname="fr.eseo.e3.poo.projet.blox.modele.pieces.ElementTest" time="0.0"/>
  <testcase name="testEqualNonEgalite(Element, Element)[802]" classname="fr.eseo.e3.poo.projet.blox.modele.pieces.ElementTest" time="0.0"/>
  <testcase name="testEqualNonEgalite(Element, Element)[803]" classname="fr.eseo.e3.poo.projet.blox.modele.pieces.ElementTest" time="0.0"/>
  <testcase name="testEqualNonEgalite(Element, Element)[804]" classname="fr.eseo.e3.poo.projet.blox.modele.pieces.ElementTest" time="0.001"/>
  <testcase name="testEqualNonEgalite(Element, Element)[805]" classname="fr.eseo.e3.poo.projet.blox.modele.pieces.ElementTest" time="0.0"/>
  <testcase name="testEqualNonEgalite(Element, Element)[806]" classname="fr.eseo.e3.poo.projet.blox.modele.pieces.ElementTest" time="0.001"/>
  <testcase name="testEqualNonEgalite(Element, Element)[807]" classname="fr.eseo.e3.poo.projet.blox.modele.pieces.ElementTest" time="0.0"/>
  <testcase name="testEqualNonEgalite(Element, Element)[808]" classname="fr.eseo.e3.poo.projet.blox.modele.pieces.ElementTest" time="0.001"/>
  <testcase name="testEqualNonEgalite(Element, Element)[809]" classname="fr.eseo.e3.poo.projet.blox.modele.pieces.ElementTest" time="0.0"/>
  <testcase name="testEqualNonEgalite(Element, Element)[810]" classname="fr.eseo.e3.poo.projet.blox.modele.pieces.ElementTest" time="0.0"/>
  <testcase name="testEqualNonEgalite(Element, Element)[811]" classname="fr.eseo.e3.poo.projet.blox.modele.pieces.ElementTest" time="0.001"/>
  <testcase name="testEqualNonEgalite(Element, Element)[812]" classname="fr.eseo.e3.poo.projet.blox.modele.pieces.ElementTest" time="0.0"/>
  <testcase name="testEqualNonEgalite(Element, Element)[813]" classname="fr.eseo.e3.poo.projet.blox.modele.pieces.ElementTest" time="0.0"/>
  <testcase name="testEqualNonEgalite(Element, Element)[814]" classname="fr.eseo.e3.poo.projet.blox.modele.pieces.ElementTest" time="0.0"/>
  <testcase name="testEqualNonEgalite(Element, Element)[815]" classname="fr.eseo.e3.poo.projet.blox.modele.pieces.ElementTest" time="0.001"/>
  <testcase name="testEqualNonEgalite(Element, Element)[816]" classname="fr.eseo.e3.poo.projet.blox.modele.pieces.ElementTest" time="0.0"/>
  <testcase name="testEqualNonEgalite(Element, Element)[817]" classname="fr.eseo.e3.poo.projet.blox.modele.pieces.ElementTest" time="0.0"/>
  <testcase name="testEqualNonEgalite(Element, Element)[818]" classname="fr.eseo.e3.poo.projet.blox.modele.pieces.ElementTest" time="0.0"/>
  <testcase name="testEqualNonEgalite(Element, Element)[819]" classname="fr.eseo.e3.poo.projet.blox.modele.pieces.ElementTest" time="0.0"/>
  <testcase name="testEqualNonEgalite(Element, Element)[820]" classname="fr.eseo.e3.poo.projet.blox.modele.pieces.ElementTest" time="0.0"/>
  <testcase name="testEqualNonEgalite(Element, Element)[821]" classname="fr.eseo.e3.poo.projet.blox.modele.pieces.ElementTest" time="0.0"/>
  <testcase name="testEqualNonEgalite(Element, Element)[822]" classname="fr.eseo.e3.poo.projet.blox.modele.pieces.ElementTest" time="0.0"/>
  <testcase name="testEqualNonEgalite(Element, Element)[823]" classname="fr.eseo.e3.poo.projet.blox.modele.pieces.ElementTest" time="0.0"/>
  <testcase name="testEqualNonEgalite(Element, Element)[824]" classname="fr.eseo.e3.poo.projet.blox.modele.pieces.ElementTest" time="0.0"/>
  <testcase name="testEqualNonEgalite(Element, Element)[825]" classname="fr.eseo.e3.poo.projet.blox.modele.pieces.ElementTest" time="0.0"/>
  <testcase name="testEqualNonEgalite(Element, Element)[826]" classname="fr.eseo.e3.poo.projet.blox.modele.pieces.ElementTest" time="0.0"/>
  <testcase name="testEqualNonEgalite(Element, Element)[827]" classname="fr.eseo.e3.poo.projet.blox.modele.pieces.ElementTest" time="0.0"/>
  <testcase name="testEqualNonEgalite(Element, Element)[828]" classname="fr.eseo.e3.poo.projet.blox.modele.pieces.ElementTest" time="0.0"/>
  <testcase name="testEqualNonEgalite(Element, Element)[829]" classname="fr.eseo.e3.poo.projet.blox.modele.pieces.ElementTest" time="0.0"/>
  <testcase name="testEqualNonEgalite(Element, Element)[830]" classname="fr.eseo.e3.poo.projet.blox.modele.pieces.ElementTest" time="0.001"/>
  <testcase name="testEqualNonEgalite(Element, Element)[831]" classname="fr.eseo.e3.poo.projet.blox.modele.pieces.ElementTest" time="0.0"/>
  <testcase name="testEqualNonEgalite(Element, Element)[832]" classname="fr.eseo.e3.poo.projet.blox.modele.pieces.ElementTest" time="0.0"/>
  <testcase name="testEqualNonEgalite(Element, Element)[833]" classname="fr.eseo.e3.poo.projet.blox.modele.pieces.ElementTest" time="0.001"/>
  <testcase name="testEqualNonEgalite(Element, Element)[834]" classname="fr.eseo.e3.poo.projet.blox.modele.pieces.ElementTest" time="0.0"/>
  <testcase name="testEqualNonEgalite(Element, Element)[835]" classname="fr.eseo.e3.poo.projet.blox.modele.pieces.ElementTest" time="0.001"/>
  <testcase name="testEqualNonEgalite(Element, Element)[836]" classname="fr.eseo.e3.poo.projet.blox.modele.pieces.ElementTest" time="0.0"/>
  <testcase name="testEqualNonEgalite(Element, Element)[837]" classname="fr.eseo.e3.poo.projet.blox.modele.pieces.ElementTest" time="0.001"/>
  <testcase name="testEqualNonEgalite(Element, Element)[838]" classname="fr.eseo.e3.poo.projet.blox.modele.pieces.ElementTest" time="0.0"/>
  <testcase name="testEqualNonEgalite(Element, Element)[839]" classname="fr.eseo.e3.poo.projet.blox.modele.pieces.ElementTest" time="0.0"/>
  <testcase name="testEqualNonEgalite(Element, Element)[840]" classname="fr.eseo.e3.poo.projet.blox.modele.pieces.ElementTest" time="0.0"/>
  <testcase name="testEqualNonEgalite(Element, Element)[841]" classname="fr.eseo.e3.poo.projet.blox.modele.pieces.ElementTest" time="0.0"/>
  <testcase name="testEqualNonEgalite(Element, Element)[842]" classname="fr.eseo.e3.poo.projet.blox.modele.pieces.ElementTest" time="0.0"/>
  <testcase name="testEqualNonEgalite(Element, Element)[843]" classname="fr.eseo.e3.poo.projet.blox.modele.pieces.ElementTest" time="0.001"/>
  <testcase name="testEqualNonEgalite(Element, Element)[844]" classname="fr.eseo.e3.poo.projet.blox.modele.pieces.ElementTest" time="0.0"/>
  <testcase name="testEqualNonEgalite(Element, Element)[845]" classname="fr.eseo.e3.poo.projet.blox.modele.pieces.ElementTest" time="0.0"/>
  <testcase name="testEqualNonEgalite(Element, Element)[846]" classname="fr.eseo.e3.poo.projet.blox.modele.pieces.ElementTest" time="0.001"/>
  <testcase name="testEqualNonEgalite(Element, Element)[847]" classname="fr.eseo.e3.poo.projet.blox.modele.pieces.ElementTest" time="0.0"/>
  <testcase name="testEqualNonEgalite(Element, Element)[848]" classname="fr.eseo.e3.poo.projet.blox.modele.pieces.ElementTest" time="0.0"/>
  <testcase name="testEqualNonEgalite(Element, Element)[849]" classname="fr.eseo.e3.poo.projet.blox.modele.pieces.ElementTest" time="0.001"/>
  <testcase name="testEqualNonEgalite(Element, Element)[850]" classname="fr.eseo.e3.poo.projet.blox.modele.pieces.ElementTest" time="0.0"/>
  <testcase name="testEqualNonEgalite(Element, Element)[851]" classname="fr.eseo.e3.poo.projet.blox.modele.pieces.ElementTest" time="0.0"/>
  <testcase name="testEqualNonEgalite(Element, Element)[852]" classname="fr.eseo.e3.poo.projet.blox.modele.pieces.ElementTest" time="0.0"/>
  <testcase name="testEqualNonEgalite(Element, Element)[853]" classname="fr.eseo.e3.poo.projet.blox.modele.pieces.ElementTest" time="0.0"/>
  <testcase name="testEqualNonEgalite(Element, Element)[854]" classname="fr.eseo.e3.poo.projet.blox.modele.pieces.ElementTest" time="0.0"/>
  <testcase name="testEqualNonEgalite(Element, Element)[855]" classname="fr.eseo.e3.poo.projet.blox.modele.pieces.ElementTest" time="0.0"/>
  <testcase name="testEqualNonEgalite(Element, Element)[856]" classname="fr.eseo.e3.poo.projet.blox.modele.pieces.ElementTest" time="0.001"/>
  <testcase name="testEqualNonEgalite(Element, Element)[857]" classname="fr.eseo.e3.poo.projet.blox.modele.pieces.ElementTest" time="0.0"/>
  <testcase name="testEqualNonEgalite(Element, Element)[858]" classname="fr.eseo.e3.poo.projet.blox.modele.pieces.ElementTest" time="0.0"/>
  <testcase name="testEqualNonEgalite(Element, Element)[859]" classname="fr.eseo.e3.poo.projet.blox.modele.pieces.ElementTest" time="0.0"/>
  <testcase name="testEqualNonEgalite(Element, Element)[860]" classname="fr.eseo.e3.poo.projet.blox.modele.pieces.ElementTest" time="0.0"/>
  <testcase name="testEqualNonEgalite(Element, Element)[861]" classname="fr.eseo.e3.poo.projet.blox.modele.pieces.ElementTest" time="0.001"/>
  <testcase name="testEqualNonEgalite(Element, Element)[862]" classname="fr.eseo.e3.poo.projet.blox.modele.pieces.ElementTest" time="0.0"/>
  <testcase name="testEqualNonEgalite(Element, Element)[863]" classname="fr.eseo.e3.poo.projet.blox.modele.pieces.ElementTest" time="0.0"/>
  <testcase name="testEqualNonEgalite(Element, Element)[864]" classname="fr.eseo.e3.poo.projet.blox.modele.pieces.ElementTest" time="0.001"/>
  <testcase name="testEqualNonEgalite(Element, Element)[865]" classname="fr.eseo.e3.poo.projet.blox.modele.pieces.ElementTest" time="0.0"/>
  <testcase name="testEqualNonEgalite(Element, Element)[866]" classname="fr.eseo.e3.poo.projet.blox.modele.pieces.ElementTest" time="0.0"/>
  <testcase name="testEqualNonEgalite(Element, Element)[867]" classname="fr.eseo.e3.poo.projet.blox.modele.pieces.ElementTest" time="0.001"/>
  <testcase name="testEqualNonEgalite(Element, Element)[868]" classname="fr.eseo.e3.poo.projet.blox.modele.pieces.ElementTest" time="0.0"/>
  <testcase name="testEqualNonEgalite(Element, Element)[869]" classname="fr.eseo.e3.poo.projet.blox.modele.pieces.ElementTest" time="0.0"/>
  <testcase name="testEqualNonEgalite(Element, Element)[870]" classname="fr.eseo.e3.poo.projet.blox.modele.pieces.ElementTest" time="0.001"/>
  <testcase name="testEqualNonEgalite(Element, Element)[871]" classname="fr.eseo.e3.poo.projet.blox.modele.pieces.ElementTest" time="0.0"/>
  <testcase name="testEqualNonEgalite(Element, Element)[872]" classname="fr.eseo.e3.poo.projet.blox.modele.pieces.ElementTest" time="0.0"/>
  <testcase name="testEqualNonEgalite(Element, Element)[873]" classname="fr.eseo.e3.poo.projet.blox.modele.pieces.ElementTest" time="0.0"/>
  <testcase name="testEqualNonEgalite(Element, Element)[874]" classname="fr.eseo.e3.poo.projet.blox.modele.pieces.ElementTest" time="0.0"/>
  <testcase name="testEqualNonEgalite(Element, Element)[875]" classname="fr.eseo.e3.poo.projet.blox.modele.pieces.ElementTest" time="0.0"/>
  <testcase name="testEqualNonEgalite(Element, Element)[876]" classname="fr.eseo.e3.poo.projet.blox.modele.pieces.ElementTest" time="0.003"/>
  <testcase name="testEqualNonEgalite(Element, Element)[877]" classname="fr.eseo.e3.poo.projet.blox.modele.pieces.ElementTest" time="0.0"/>
  <testcase name="testEqualNonEgalite(Element, Element)[878]" classname="fr.eseo.e3.poo.projet.blox.modele.pieces.ElementTest" time="0.0"/>
  <testcase name="testEqualNonEgalite(Element, Element)[879]" classname="fr.eseo.e3.poo.projet.blox.modele.pieces.ElementTest" time="0.0"/>
  <testcase name="testEqualNonEgalite(Element, Element)[880]" classname="fr.eseo.e3.poo.projet.blox.modele.pieces.ElementTest" time="0.001"/>
  <testcase name="testEqualNonEgalite(Element, Element)[881]" classname="fr.eseo.e3.poo.projet.blox.modele.pieces.ElementTest" time="0.0"/>
  <testcase name="testEqualNonEgalite(Element, Element)[882]" classname="fr.eseo.e3.poo.projet.blox.modele.pieces.ElementTest" time="0.0"/>
  <testcase name="testEqualNonEgalite(Element, Element)[883]" classname="fr.eseo.e3.poo.projet.blox.modele.pieces.ElementTest" time="0.0"/>
  <testcase name="testEqualNonEgalite(Element, Element)[884]" classname="fr.eseo.e3.poo.projet.blox.modele.pieces.ElementTest" time="0.0"/>
  <testcase name="testEqualNonEgalite(Element, Element)[885]" classname="fr.eseo.e3.poo.projet.blox.modele.pieces.ElementTest" time="0.0"/>
  <testcase name="testEqualNonEgalite(Element, Element)[886]" classname="fr.eseo.e3.poo.projet.blox.modele.pieces.ElementTest" time="0.0"/>
  <testcase name="testEqualNonEgalite(Element, Element)[887]" classname="fr.eseo.e3.poo.projet.blox.modele.pieces.ElementTest" time="0.001"/>
  <testcase name="testEqualNonEgalite(Element, Element)[888]" classname="fr.eseo.e3.poo.projet.blox.modele.pieces.ElementTest" time="0.0"/>
  <testcase name="testEqualNonEgalite(Element, Element)[889]" classname="fr.eseo.e3.poo.projet.blox.modele.pieces.ElementTest" time="0.0"/>
  <testcase name="testEqualNonEgalite(Element, Element)[890]" classname="fr.eseo.e3.poo.projet.blox.modele.pieces.ElementTest" time="0.001"/>
  <testcase name="testEqualNonEgalite(Element, Element)[891]" classname="fr.eseo.e3.poo.projet.blox.modele.pieces.ElementTest" time="0.0"/>
  <testcase name="testEqualNonEgalite(Element, Element)[892]" classname="fr.eseo.e3.poo.projet.blox.modele.pieces.ElementTest" time="0.001"/>
  <testcase name="testEqualNonEgalite(Element, Element)[893]" classname="fr.eseo.e3.poo.projet.blox.modele.pieces.ElementTest" time="0.0"/>
  <testcase name="testEqualNonEgalite(Element, Element)[894]" classname="fr.eseo.e3.poo.projet.blox.modele.pieces.ElementTest" time="0.0"/>
  <testcase name="testEqualNonEgalite(Element, Element)[895]" classname="fr.eseo.e3.poo.projet.blox.modele.pieces.ElementTest" time="0.0"/>
  <testcase name="testEqualNonEgalite(Element, Element)[896]" classname="fr.eseo.e3.poo.projet.blox.modele.pieces.ElementTest" time="0.001"/>
  <testcase name="testEqualNonEgalite(Element, Element)[897]" classname="fr.eseo.e3.poo.projet.blox.modele.pieces.ElementTest" time="0.0"/>
  <testcase name="testEqualNonEgalite(Element, Element)[898]" classname="fr.eseo.e3.poo.projet.blox.modele.pieces.ElementTest" time="0.0"/>
  <testcase name="testEqualNonEgalite(Element, Element)[899]" classname="fr.eseo.e3.poo.projet.blox.modele.pieces.ElementTest" time="0.0"/>
  <testcase name="testEqualNonEgalite(Element, Element)[900]" classname="fr.eseo.e3.poo.projet.blox.modele.pieces.ElementTest" time="0.001"/>
  <testcase name="testEqualNonEgalite(Element, Element)[901]" classname="fr.eseo.e3.poo.projet.blox.modele.pieces.ElementTest" time="0.0"/>
  <testcase name="testEqualNonEgalite(Element, Element)[902]" classname="fr.eseo.e3.poo.projet.blox.modele.pieces.ElementTest" time="0.0"/>
  <testcase name="testEqualNonEgalite(Element, Element)[903]" classname="fr.eseo.e3.poo.projet.blox.modele.pieces.ElementTest" time="0.0"/>
  <testcase name="testEqualNonEgalite(Element, Element)[904]" classname="fr.eseo.e3.poo.projet.blox.modele.pieces.ElementTest" time="0.0"/>
  <testcase name="testEqualNonEgalite(Element, Element)[905]" classname="fr.eseo.e3.poo.projet.blox.modele.pieces.ElementTest" time="0.0"/>
  <testcase name="testEqualNonEgalite(Element, Element)[906]" classname="fr.eseo.e3.poo.projet.blox.modele.pieces.ElementTest" time="0.0"/>
  <testcase name="testEqualNonEgalite(Element, Element)[907]" classname="fr.eseo.e3.poo.projet.blox.modele.pieces.ElementTest" time="0.0"/>
  <testcase name="testEqualNonEgalite(Element, Element)[908]" classname="fr.eseo.e3.poo.projet.blox.modele.pieces.ElementTest" time="0.0"/>
  <testcase name="testEqualNonEgalite(Element, Element)[909]" classname="fr.eseo.e3.poo.projet.blox.modele.pieces.ElementTest" time="0.0"/>
  <testcase name="testEqualNonEgalite(Element, Element)[910]" classname="fr.eseo.e3.poo.projet.blox.modele.pieces.ElementTest" time="0.0"/>
  <testcase name="testEqualNonEgalite(Element, Element)[911]" classname="fr.eseo.e3.poo.projet.blox.modele.pieces.ElementTest" time="0.0"/>
  <testcase name="testEqualNonEgalite(Element, Element)[912]" classname="fr.eseo.e3.poo.projet.blox.modele.pieces.ElementTest" time="0.0"/>
  <testcase name="testEqualNonEgalite(Element, Element)[913]" classname="fr.eseo.e3.poo.projet.blox.modele.pieces.ElementTest" time="0.0"/>
  <testcase name="testEqualNonEgalite(Element, Element)[914]" classname="fr.eseo.e3.poo.projet.blox.modele.pieces.ElementTest" time="0.0"/>
  <testcase name="testEqualNonEgalite(Element, Element)[915]" classname="fr.eseo.e3.poo.projet.blox.modele.pieces.ElementTest" time="0.0"/>
  <testcase name="testEqualNonEgalite(Element, Element)[916]" classname="fr.eseo.e3.poo.projet.blox.modele.pieces.ElementTest" time="0.001"/>
  <testcase name="testEqualNonEgalite(Element, Element)[917]" classname="fr.eseo.e3.poo.projet.blox.modele.pieces.ElementTest" time="0.0"/>
  <testcase name="testEqualNonEgalite(Element, Element)[918]" classname="fr.eseo.e3.poo.projet.blox.modele.pieces.ElementTest" time="0.0"/>
  <testcase name="testEqualNonEgalite(Element, Element)[919]" classname="fr.eseo.e3.poo.projet.blox.modele.pieces.ElementTest" time="0.001"/>
  <testcase name="testEqualNonEgalite(Element, Element)[920]" classname="fr.eseo.e3.poo.projet.blox.modele.pieces.ElementTest" time="0.0"/>
  <testcase name="testEqualNonEgalite(Element, Element)[921]" classname="fr.eseo.e3.poo.projet.blox.modele.pieces.ElementTest" time="0.0"/>
  <testcase name="testEqualNonEgalite(Element, Element)[922]" classname="fr.eseo.e3.poo.projet.blox.modele.pieces.ElementTest" time="0.001"/>
  <testcase name="testEqualNonEgalite(Element, Element)[923]" classname="fr.eseo.e3.poo.projet.blox.modele.pieces.ElementTest" time="0.0"/>
  <testcase name="testEqualNonEgalite(Element, Element)[924]" classname="fr.eseo.e3.poo.projet.blox.modele.pieces.ElementTest" time="0.0"/>
  <testcase name="testEqualNonEgalite(Element, Element)[925]" classname="fr.eseo.e3.poo.projet.blox.modele.pieces.ElementTest" time="0.001"/>
  <testcase name="testEqualNonEgalite(Element, Element)[926]" classname="fr.eseo.e3.poo.projet.blox.modele.pieces.ElementTest" time="0.0"/>
  <testcase name="testEqualNonEgalite(Element, Element)[927]" classname="fr.eseo.e3.poo.projet.blox.modele.pieces.ElementTest" time="0.0"/>
  <testcase name="testEqualNonEgalite(Element, Element)[928]" classname="fr.eseo.e3.poo.projet.blox.modele.pieces.ElementTest" time="0.0"/>
  <testcase name="testEqualNonEgalite(Element, Element)[929]" classname="fr.eseo.e3.poo.projet.blox.modele.pieces.ElementTest" time="0.001"/>
  <testcase name="testEqualNonEgalite(Element, Element)[930]" classname="fr.eseo.e3.poo.projet.blox.modele.pieces.ElementTest" time="0.0"/>
  <testcase name="testEqualNonEgalite(Element, Element)[931]" classname="fr.eseo.e3.poo.projet.blox.modele.pieces.ElementTest" time="0.0"/>
  <testcase name="testEqualNonEgalite(Element, Element)[932]" classname="fr.eseo.e3.poo.projet.blox.modele.pieces.ElementTest" time="0.0"/>
  <testcase name="testEqualNonEgalite(Element, Element)[933]" classname="fr.eseo.e3.poo.projet.blox.modele.pieces.ElementTest" time="0.0"/>
  <testcase name="testEqualNonEgalite(Element, Element)[934]" classname="fr.eseo.e3.poo.projet.blox.modele.pieces.ElementTest" time="0.001"/>
  <testcase name="testEqualNonEgalite(Element, Element)[935]" classname="fr.eseo.e3.poo.projet.blox.modele.pieces.ElementTest" time="0.0"/>
  <testcase name="testEqualNonEgalite(Element, Element)[936]" classname="fr.eseo.e3.poo.projet.blox.modele.pieces.ElementTest" time="0.0"/>
  <testcase name="testEqualNonEgalite(Element, Element)[937]" classname="fr.eseo.e3.poo.projet.blox.modele.pieces.ElementTest" time="0.001"/>
  <testcase name="testEqualNonEgalite(Element, Element)[938]" classname="fr.eseo.e3.poo.projet.blox.modele.pieces.ElementTest" time="0.0"/>
  <testcase name="testEqualNonEgalite(Element, Element)[939]" classname="fr.eseo.e3.poo.projet.blox.modele.pieces.ElementTest" time="0.0"/>
  <testcase name="testEqualNonEgalite(Element, Element)[940]" classname="fr.eseo.e3.poo.projet.blox.modele.pieces.ElementTest" time="0.0"/>
  <testcase name="testEqualNonEgalite(Element, Element)[941]" classname="fr.eseo.e3.poo.projet.blox.modele.pieces.ElementTest" time="0.001"/>
  <testcase name="testEqualNonEgalite(Element, Element)[942]" classname="fr.eseo.e3.poo.projet.blox.modele.pieces.ElementTest" time="0.0"/>
  <testcase name="testEqualNonEgalite(Element, Element)[943]" classname="fr.eseo.e3.poo.projet.blox.modele.pieces.ElementTest" time="0.0"/>
  <testcase name="testEqualNonEgalite(Element, Element)[944]" classname="fr.eseo.e3.poo.projet.blox.modele.pieces.ElementTest" time="0.0"/>
  <testcase name="testEqualNonEgalite(Element, Element)[945]" classname="fr.eseo.e3.poo.projet.blox.modele.pieces.ElementTest" time="0.0"/>
  <testcase name="testEqualNonEgalite(Element, Element)[946]" classname="fr.eseo.e3.poo.projet.blox.modele.pieces.ElementTest" time="0.0"/>
  <testcase name="testEqualNonEgalite(Element, Element)[947]" classname="fr.eseo.e3.poo.projet.blox.modele.pieces.ElementTest" time="0.0"/>
  <testcase name="testEqualNonEgalite(Element, Element)[948]" classname="fr.eseo.e3.poo.projet.blox.modele.pieces.ElementTest" time="0.0"/>
  <testcase name="testEqualNonEgalite(Element, Element)[949]" classname="fr.eseo.e3.poo.projet.blox.modele.pieces.ElementTest" time="0.001"/>
  <testcase name="testEqualNonEgalite(Element, Element)[950]" classname="fr.eseo.e3.poo.projet.blox.modele.pieces.ElementTest" time="0.0"/>
  <testcase name="testEqualNonEgalite(Element, Element)[951]" classname="fr.eseo.e3.poo.projet.blox.modele.pieces.ElementTest" time="0.0"/>
  <testcase name="testEqualNonEgalite(Element, Element)[952]" classname="fr.eseo.e3.poo.projet.blox.modele.pieces.ElementTest" time="0.001"/>
  <testcase name="testEqualNonEgalite(Element, Element)[953]" classname="fr.eseo.e3.poo.projet.blox.modele.pieces.ElementTest" time="0.0"/>
  <testcase name="testEqualNonEgalite(Element, Element)[954]" classname="fr.eseo.e3.poo.projet.blox.modele.pieces.ElementTest" time="0.001"/>
  <testcase name="testEqualNonEgalite(Element, Element)[955]" classname="fr.eseo.e3.poo.projet.blox.modele.pieces.ElementTest" time="0.0"/>
  <testcase name="testEqualNonEgalite(Element, Element)[956]" classname="fr.eseo.e3.poo.projet.blox.modele.pieces.ElementTest" time="0.0"/>
  <testcase name="testEqualNonEgalite(Element, Element)[957]" classname="fr.eseo.e3.poo.projet.blox.modele.pieces.ElementTest" time="0.001"/>
  <testcase name="testEqualNonEgalite(Element, Element)[958]" classname="fr.eseo.e3.poo.projet.blox.modele.pieces.ElementTest" time="0.0"/>
  <testcase name="testEqualNonEgalite(Element, Element)[959]" classname="fr.eseo.e3.poo.projet.blox.modele.pieces.ElementTest" time="0.001"/>
  <testcase name="testEqualNonEgalite(Element, Element)[960]" classname="fr.eseo.e3.poo.projet.blox.modele.pieces.ElementTest" time="0.0"/>
  <testcase name="testEqualNonEgalite(Element, Element)[961]" classname="fr.eseo.e3.poo.projet.blox.modele.pieces.ElementTest" time="0.0"/>
  <testcase name="testEqualNonEgalite(Element, Element)[962]" classname="fr.eseo.e3.poo.projet.blox.modele.pieces.ElementTest" time="0.0"/>
  <testcase name="testEqualNonEgalite(Element, Element)[963]" classname="fr.eseo.e3.poo.projet.blox.modele.pieces.ElementTest" time="0.0"/>
  <testcase name="testEqualNonEgalite(Element, Element)[964]" classname="fr.eseo.e3.poo.projet.blox.modele.pieces.ElementTest" time="0.001"/>
  <testcase name="testEqualNonEgalite(Element, Element)[965]" classname="fr.eseo.e3.poo.projet.blox.modele.pieces.ElementTest" time="0.0"/>
  <testcase name="testEqualNonEgalite(Element, Element)[966]" classname="fr.eseo.e3.poo.projet.blox.modele.pieces.ElementTest" time="0.0"/>
  <testcase name="testEqualNonEgalite(Element, Element)[967]" classname="fr.eseo.e3.poo.projet.blox.modele.pieces.ElementTest" time="0.0"/>
  <testcase name="testEqualNonEgalite(Element, Element)[968]" classname="fr.eseo.e3.poo.projet.blox.modele.pieces.ElementTest" time="0.0"/>
  <testcase name="testEqualNonEgalite(Element, Element)[969]" classname="fr.eseo.e3.poo.projet.blox.modele.pieces.ElementTest" time="0.0"/>
  <testcase name="testEqualNonEgalite(Element, Element)[970]" classname="fr.eseo.e3.poo.projet.blox.modele.pieces.ElementTest" time="0.0"/>
  <testcase name="testEqualNonEgalite(Element, Element)[971]" classname="fr.eseo.e3.poo.projet.blox.modele.pieces.ElementTest" time="0.0"/>
  <testcase name="testEqualNonEgalite(Element, Element)[972]" classname="fr.eseo.e3.poo.projet.blox.modele.pieces.ElementTest" time="0.0"/>
  <testcase name="testEqualNonEgalite(Element, Element)[973]" classname="fr.eseo.e3.poo.projet.blox.modele.pieces.ElementTest" time="0.001"/>
  <testcase name="testEqualNonEgalite(Element, Element)[974]" classname="fr.eseo.e3.poo.projet.blox.modele.pieces.ElementTest" time="0.0"/>
  <testcase name="testEqualNonEgalite(Element, Element)[975]" classname="fr.eseo.e3.poo.projet.blox.modele.pieces.ElementTest" time="0.001"/>
  <testcase name="testEqualNonEgalite(Element, Element)[976]" classname="fr.eseo.e3.poo.projet.blox.modele.pieces.ElementTest" time="0.0"/>
  <testcase name="testEqualNonEgalite(Element, Element)[977]" classname="fr.eseo.e3.poo.projet.blox.modele.pieces.ElementTest" time="0.0"/>
  <testcase name="testEqualNonEgalite(Element, Element)[978]" classname="fr.eseo.e3.poo.projet.blox.modele.pieces.ElementTest" time="0.0"/>
  <testcase name="testEqualNonEgalite(Element, Element)[979]" classname="fr.eseo.e3.poo.projet.blox.modele.pieces.ElementTest" time="0.0"/>
  <testcase name="testEqualNonEgalite(Element, Element)[980]" classname="fr.eseo.e3.poo.projet.blox.modele.pieces.ElementTest" time="0.0"/>
  <testcase name="testEqualNonEgalite(Element, Element)[981]" classname="fr.eseo.e3.poo.projet.blox.modele.pieces.ElementTest" time="0.0"/>
  <testcase name="testEqualNonEgalite(Element, Element)[982]" classname="fr.eseo.e3.poo.projet.blox.modele.pieces.ElementTest" time="0.0"/>
  <testcase name="testEqualNonEgalite(Element, Element)[983]" classname="fr.eseo.e3.poo.projet.blox.modele.pieces.ElementTest" time="0.0"/>
  <testcase name="testEqualNonEgalite(Element, Element)[984]" classname="fr.eseo.e3.poo.projet.blox.modele.pieces.ElementTest" time="0.0"/>
  <testcase name="testEqualNonEgalite(Element, Element)[985]" classname="fr.eseo.e3.poo.projet.blox.modele.pieces.ElementTest" time="0.0"/>
  <testcase name="testEqualNonEgalite(Element, Element)[986]" classname="fr.eseo.e3.poo.projet.blox.modele.pieces.ElementTest" time="0.0"/>
  <testcase name="testEqualNonEgalite(Element, Element)[987]" classname="fr.eseo.e3.poo.projet.blox.modele.pieces.ElementTest" time="0.0"/>
  <testcase name="testEqualNonEgalite(Element, Element)[988]" classname="fr.eseo.e3.poo.projet.blox.modele.pieces.ElementTest" time="0.0"/>
  <testcase name="testEqualNonEgalite(Element, Element)[989]" classname="fr.eseo.e3.poo.projet.blox.modele.pieces.ElementTest" time="0.0"/>
  <testcase name="testEqualNonEgalite(Element, Element)[990]" classname="fr.eseo.e3.poo.projet.blox.modele.pieces.ElementTest" time="0.001"/>
  <testcase name="testEqualNonEgalite(Element, Element)[991]" classname="fr.eseo.e3.poo.projet.blox.modele.pieces.ElementTest" time="0.0"/>
  <testcase name="testEqualNonEgalite(Element, Element)[992]" classname="fr.eseo.e3.poo.projet.blox.modele.pieces.ElementTest" time="0.0"/>
  <testcase name="testEqualNonEgalite(Element, Element)[993]" classname="fr.eseo.e3.poo.projet.blox.modele.pieces.ElementTest" time="0.0"/>
  <testcase name="testEqualNonEgalite(Element, Element)[994]" classname="fr.eseo.e3.poo.projet.blox.modele.pieces.ElementTest" time="0.0"/>
  <testcase name="testEqualNonEgalite(Element, Element)[995]" classname="fr.eseo.e3.poo.projet.blox.modele.pieces.ElementTest" time="0.0"/>
  <testcase name="testEqualNonEgalite(Element, Element)[996]" classname="fr.eseo.e3.poo.projet.blox.modele.pieces.ElementTest" time="0.0"/>
  <testcase name="testEqualNonEgalite(Element, Element)[997]" classname="fr.eseo.e3.poo.projet.blox.modele.pieces.ElementTest" time="0.001"/>
  <testcase name="testEqualNonEgalite(Element, Element)[998]" classname="fr.eseo.e3.poo.projet.blox.modele.pieces.ElementTest" time="0.0"/>
  <testcase name="testEqualNonEgalite(Element, Element)[999]" classname="fr.eseo.e3.poo.projet.blox.modele.pieces.ElementTest" time="0.001"/>
  <testcase name="testEqualNonEgalite(Element, Element)[1000]" classname="fr.eseo.e3.poo.projet.blox.modele.pieces.ElementTest" time="0.0"/>
  <testcase name="testEqualNonEgalite(Element, Element)[1001]" classname="fr.eseo.e3.poo.projet.blox.modele.pieces.ElementTest" time="0.001"/>
  <testcase name="testEqualNonEgalite(Element, Element)[1002]" classname="fr.eseo.e3.poo.projet.blox.modele.pieces.ElementTest" time="0.0"/>
  <testcase name="testEqualNonEgalite(Element, Element)[1003]" classname="fr.eseo.e3.poo.projet.blox.modele.pieces.ElementTest" time="0.0"/>
  <testcase name="testEqualNonEgalite(Element, Element)[1004]" classname="fr.eseo.e3.poo.projet.blox.modele.pieces.ElementTest" time="0.0"/>
  <testcase name="testEqualNonEgalite(Element, Element)[1005]" classname="fr.eseo.e3.poo.projet.blox.modele.pieces.ElementTest" time="0.0"/>
  <testcase name="testEqualNonEgalite(Element, Element)[1006]" classname="fr.eseo.e3.poo.projet.blox.modele.pieces.ElementTest" time="0.0"/>
  <testcase name="testEqualNonEgalite(Element, Element)[1007]" classname="fr.eseo.e3.poo.projet.blox.modele.pieces.ElementTest" time="0.0"/>
  <testcase name="testEqualNonEgalite(Element, Element)[1008]" classname="fr.eseo.e3.poo.projet.blox.modele.pieces.ElementTest" time="0.0"/>
  <testcase name="testEqualNonEgalite(Element, Element)[1009]" classname="fr.eseo.e3.poo.projet.blox.modele.pieces.ElementTest" time="0.0"/>
  <testcase name="testEqualNonEgalite(Element, Element)[1010]" classname="fr.eseo.e3.poo.projet.blox.modele.pieces.ElementTest" time="0.0"/>
  <testcase name="testEqualNonEgalite(Element, Element)[1011]" classname="fr.eseo.e3.poo.projet.blox.modele.pieces.ElementTest" time="0.001"/>
  <testcase name="testEqualNonEgalite(Element, Element)[1012]" classname="fr.eseo.e3.poo.projet.blox.modele.pieces.ElementTest" time="0.0"/>
  <testcase name="testEqualNonEgalite(Element, Element)[1013]" classname="fr.eseo.e3.poo.projet.blox.modele.pieces.ElementTest" time="0.0"/>
  <testcase name="testEqualNonEgalite(Element, Element)[1014]" classname="fr.eseo.e3.poo.projet.blox.modele.pieces.ElementTest" time="0.0"/>
  <testcase name="testEqualNonEgalite(Element, Element)[1015]" classname="fr.eseo.e3.poo.projet.blox.modele.pieces.ElementTest" time="0.001"/>
  <testcase name="testEqualNonEgalite(Element, Element)[1016]" classname="fr.eseo.e3.poo.projet.blox.modele.pieces.ElementTest" time="0.0"/>
  <testcase name="testEqualNonEgalite(Element, Element)[1017]" classname="fr.eseo.e3.poo.projet.blox.modele.pieces.ElementTest" time="0.0"/>
  <testcase name="testEqualNonEgalite(Element, Element)[1018]" classname="fr.eseo.e3.poo.projet.blox.modele.pieces.ElementTest" time="0.001"/>
  <testcase name="testEqualNonEgalite(Element, Element)[1019]" classname="fr.eseo.e3.poo.projet.blox.modele.pieces.ElementTest" time="0.001"/>
  <testcase name="testEqualNonEgalite(Element, Element)[1020]" classname="fr.eseo.e3.poo.projet.blox.modele.pieces.ElementTest" time="0.0"/>
  <testcase name="testEqualNonEgalite(Element, Element)[1021]" classname="fr.eseo.e3.poo.projet.blox.modele.pieces.ElementTest" time="0.0"/>
  <testcase name="testEqualNonEgalite(Element, Element)[1022]" classname="fr.eseo.e3.poo.projet.blox.modele.pieces.ElementTest" time="0.0"/>
  <testcase name="testEqualNonEgalite(Element, Element)[1023]" classname="fr.eseo.e3.poo.projet.blox.modele.pieces.ElementTest" time="0.0"/>
  <testcase name="testEqualNonEgalite(Element, Element)[1024]" classname="fr.eseo.e3.poo.projet.blox.modele.pieces.ElementTest" time="0.0"/>
  <testcase name="testEqualNonEgalite(Element, Element)[1025]" classname="fr.eseo.e3.poo.projet.blox.modele.pieces.ElementTest" time="0.0"/>
  <testcase name="testEqualNonEgalite(Element, Element)[1026]" classname="fr.eseo.e3.poo.projet.blox.modele.pieces.ElementTest" time="0.0"/>
  <testcase name="testEqualNonEgalite(Element, Element)[1027]" classname="fr.eseo.e3.poo.projet.blox.modele.pieces.ElementTest" time="0.001"/>
  <testcase name="testEqualNonEgalite(Element, Element)[1028]" classname="fr.eseo.e3.poo.projet.blox.modele.pieces.ElementTest" time="0.0"/>
  <testcase name="testEqualNonEgalite(Element, Element)[1029]" classname="fr.eseo.e3.poo.projet.blox.modele.pieces.ElementTest" time="0.0"/>
  <testcase name="testEqualNonEgalite(Element, Element)[1030]" classname="fr.eseo.e3.poo.projet.blox.modele.pieces.ElementTest" time="0.001"/>
  <testcase name="testEqualNonEgalite(Element, Element)[1031]" classname="fr.eseo.e3.poo.projet.blox.modele.pieces.ElementTest" time="0.0"/>
  <testcase name="testEqualNonEgalite(Element, Element)[1032]" classname="fr.eseo.e3.poo.projet.blox.modele.pieces.ElementTest" time="0.0"/>
  <testcase name="testEqualNonEgalite(Element, Element)[1033]" classname="fr.eseo.e3.poo.projet.blox.modele.pieces.ElementTest" time="0.0"/>
  <testcase name="testEqualNonEgalite(Element, Element)[1034]" classname="fr.eseo.e3.poo.projet.blox.modele.pieces.ElementTest" time="0.0"/>
  <testcase name="testEqualNonEgalite(Element, Element)[1035]" classname="fr.eseo.e3.poo.projet.blox.modele.pieces.ElementTest" time="0.0"/>
  <testcase name="testEqualNonEgalite(Element, Element)[1036]" classname="fr.eseo.e3.poo.projet.blox.modele.pieces.ElementTest" time="0.0"/>
  <testcase name="testEqualNonEgalite(Element, Element)[1037]" classname="fr.eseo.e3.poo.projet.blox.modele.pieces.ElementTest" time="0.001"/>
  <testcase name="testEqualNonEgalite(Element, Element)[1038]" classname="fr.eseo.e3.poo.projet.blox.modele.pieces.ElementTest" time="0.0"/>
  <testcase name="testEqualNonEgalite(Element, Element)[1039]" classname="fr.eseo.e3.poo.projet.blox.modele.pieces.ElementTest" time="0.001"/>
  <testcase name="testEqualNonEgalite(Element, Element)[1040]" classname="fr.eseo.e3.poo.projet.blox.modele.pieces.ElementTest" time="0.0"/>
  <testcase name="testEqualNonEgalite(Element, Element)[1041]" classname="fr.eseo.e3.poo.projet.blox.modele.pieces.ElementTest" time="0.0"/>
  <testcase name="testEqualNonEgalite(Element, Element)[1042]" classname="fr.eseo.e3.poo.projet.blox.modele.pieces.ElementTest" time="0.0"/>
  <testcase name="testEqualNonEgalite(Element, Element)[1043]" classname="fr.eseo.e3.poo.projet.blox.modele.pieces.ElementTest" time="0.0"/>
  <testcase name="testEqualNonEgalite(Element, Element)[1044]" classname="fr.eseo.e3.poo.projet.blox.modele.pieces.ElementTest" time="0.001"/>
  <testcase name="testEqualNonEgalite(Element, Element)[1045]" classname="fr.eseo.e3.poo.projet.blox.modele.pieces.ElementTest" time="0.0"/>
  <testcase name="testEqualNonEgalite(Element, Element)[1046]" classname="fr.eseo.e3.poo.projet.blox.modele.pieces.ElementTest" time="0.001"/>
  <testcase name="testEqualNonEgalite(Element, Element)[1047]" classname="fr.eseo.e3.poo.projet.blox.modele.pieces.ElementTest" time="0.0"/>
  <testcase name="testEqualNonEgalite(Element, Element)[1048]" classname="fr.eseo.e3.poo.projet.blox.modele.pieces.ElementTest" time="0.0"/>
  <testcase name="testEqualNonEgalite(Element, Element)[1049]" classname="fr.eseo.e3.poo.projet.blox.modele.pieces.ElementTest" time="0.0"/>
  <testcase name="testEqualNonEgalite(Element, Element)[1050]" classname="fr.eseo.e3.poo.projet.blox.modele.pieces.ElementTest" time="0.0"/>
  <testcase name="testEqualNonEgalite(Element, Element)[1051]" classname="fr.eseo.e3.poo.projet.blox.modele.pieces.ElementTest" time="0.0"/>
  <testcase name="testEqualNonEgalite(Element, Element)[1052]" classname="fr.eseo.e3.poo.projet.blox.modele.pieces.ElementTest" time="0.0"/>
  <testcase name="testEqualNonEgalite(Element, Element)[1053]" classname="fr.eseo.e3.poo.projet.blox.modele.pieces.ElementTest" time="0.0"/>
  <testcase name="testEqualNonEgalite(Element, Element)[1054]" classname="fr.eseo.e3.poo.projet.blox.modele.pieces.ElementTest" time="0.001"/>
  <testcase name="testEqualNonEgalite(Element, Element)[1055]" classname="fr.eseo.e3.poo.projet.blox.modele.pieces.ElementTest" time="0.001"/>
  <testcase name="testEqualNonEgalite(Element, Element)[1056]" classname="fr.eseo.e3.poo.projet.blox.modele.pieces.ElementTest" time="0.0"/>
  <testcase name="testEqualNonEgalite(Element, Element)[1057]" classname="fr.eseo.e3.poo.projet.blox.modele.pieces.ElementTest" time="0.001"/>
  <testcase name="testEqualNonEgalite(Element, Element)[1058]" classname="fr.eseo.e3.poo.projet.blox.modele.pieces.ElementTest" time="0.0"/>
  <testcase name="testEqualNonEgalite(Element, Element)[1059]" classname="fr.eseo.e3.poo.projet.blox.modele.pieces.ElementTest" time="0.001"/>
  <testcase name="testEqualNonEgalite(Element, Element)[1060]" classname="fr.eseo.e3.poo.projet.blox.modele.pieces.ElementTest" time="0.0"/>
  <testcase name="testEqualNonEgalite(Element, Element)[1061]" classname="fr.eseo.e3.poo.projet.blox.modele.pieces.ElementTest" time="0.0"/>
  <testcase name="testEqualNonEgalite(Element, Element)[1062]" classname="fr.eseo.e3.poo.projet.blox.modele.pieces.ElementTest" time="0.001"/>
  <testcase name="testEqualNonEgalite(Element, Element)[1063]" classname="fr.eseo.e3.poo.projet.blox.modele.pieces.ElementTest" time="0.0"/>
  <testcase name="testEqualNonEgalite(Element, Element)[1064]" classname="fr.eseo.e3.poo.projet.blox.modele.pieces.ElementTest" time="0.001"/>
  <testcase name="testEqualNonEgalite(Element, Element)[1065]" classname="fr.eseo.e3.poo.projet.blox.modele.pieces.ElementTest" time="0.0"/>
  <testcase name="testEqualNonEgalite(Element, Element)[1066]" classname="fr.eseo.e3.poo.projet.blox.modele.pieces.ElementTest" time="0.001"/>
  <testcase name="testEqualNonEgalite(Element, Element)[1067]" classname="fr.eseo.e3.poo.projet.blox.modele.pieces.ElementTest" time="0.0"/>
  <testcase name="testEqualNonEgalite(Element, Element)[1068]" classname="fr.eseo.e3.poo.projet.blox.modele.pieces.ElementTest" time="0.0"/>
  <testcase name="testEqualNonEgalite(Element, Element)[1069]" classname="fr.eseo.e3.poo.projet.blox.modele.pieces.ElementTest" time="0.0"/>
  <testcase name="testEqualNonEgalite(Element, Element)[1070]" classname="fr.eseo.e3.poo.projet.blox.modele.pieces.ElementTest" time="0.0"/>
  <testcase name="testEqualNonEgalite(Element, Element)[1071]" classname="fr.eseo.e3.poo.projet.blox.modele.pieces.ElementTest" time="0.001"/>
  <testcase name="testEqualNonEgalite(Element, Element)[1072]" classname="fr.eseo.e3.poo.projet.blox.modele.pieces.ElementTest" time="0.0"/>
  <testcase name="testEqualNonEgalite(Element, Element)[1073]" classname="fr.eseo.e3.poo.projet.blox.modele.pieces.ElementTest" time="0.0"/>
  <testcase name="testEqualNonEgalite(Element, Element)[1074]" classname="fr.eseo.e3.poo.projet.blox.modele.pieces.ElementTest" time="0.001"/>
  <testcase name="testEqualNonEgalite(Element, Element)[1075]" classname="fr.eseo.e3.poo.projet.blox.modele.pieces.ElementTest" time="0.0"/>
  <testcase name="testEqualNonEgalite(Element, Element)[1076]" classname="fr.eseo.e3.poo.projet.blox.modele.pieces.ElementTest" time="0.0"/>
  <testcase name="testEqualNonEgalite(Element, Element)[1077]" classname="fr.eseo.e3.poo.projet.blox.modele.pieces.ElementTest" time="0.0"/>
  <testcase name="testEqualNonEgalite(Element, Element)[1078]" classname="fr.eseo.e3.poo.projet.blox.modele.pieces.ElementTest" time="0.0"/>
  <testcase name="testEqualNonEgalite(Element, Element)[1079]" classname="fr.eseo.e3.poo.projet.blox.modele.pieces.ElementTest" time="0.0"/>
  <testcase name="testEqualNonEgalite(Element, Element)[1080]" classname="fr.eseo.e3.poo.projet.blox.modele.pieces.ElementTest" time="0.0"/>
  <testcase name="testEqualNonEgalite(Element, Element)[1081]" classname="fr.eseo.e3.poo.projet.blox.modele.pieces.ElementTest" time="0.001"/>
  <testcase name="testEqualNonEgalite(Element, Element)[1082]" classname="fr.eseo.e3.poo.projet.blox.modele.pieces.ElementTest" time="0.0"/>
  <testcase name="testEqualNonEgalite(Element, Element)[1083]" classname="fr.eseo.e3.poo.projet.blox.modele.pieces.ElementTest" time="0.0"/>
  <testcase name="testEqualNonEgalite(Element, Element)[1084]" classname="fr.eseo.e3.poo.projet.blox.modele.pieces.ElementTest" time="0.001"/>
  <testcase name="testEqualNonEgalite(Element, Element)[1085]" classname="fr.eseo.e3.poo.projet.blox.modele.pieces.ElementTest" time="0.0"/>
  <testcase name="testEqualNonEgalite(Element, Element)[1086]" classname="fr.eseo.e3.poo.projet.blox.modele.pieces.ElementTest" time="0.0"/>
  <testcase name="testEqualNonEgalite(Element, Element)[1087]" classname="fr.eseo.e3.poo.projet.blox.modele.pieces.ElementTest" time="0.0"/>
  <testcase name="testEqualNonEgalite(Element, Element)[1088]" classname="fr.eseo.e3.poo.projet.blox.modele.pieces.ElementTest" time="0.0"/>
  <testcase name="testEqualNonEgalite(Element, Element)[1089]" classname="fr.eseo.e3.poo.projet.blox.modele.pieces.ElementTest" time="0.0"/>
  <testcase name="testEqualNonEgalite(Element, Element)[1090]" classname="fr.eseo.e3.poo.projet.blox.modele.pieces.ElementTest" time="0.0"/>
  <testcase name="testEqualNonEgalite(Element, Element)[1091]" classname="fr.eseo.e3.poo.projet.blox.modele.pieces.ElementTest" time="0.001"/>
  <testcase name="testEqualNonEgalite(Element, Element)[1092]" classname="fr.eseo.e3.poo.projet.blox.modele.pieces.ElementTest" time="0.0"/>
  <testcase name="testEqualNonEgalite(Element, Element)[1093]" classname="fr.eseo.e3.poo.projet.blox.modele.pieces.ElementTest" time="0.0"/>
  <testcase name="testEqualNonEgalite(Element, Element)[1094]" classname="fr.eseo.e3.poo.projet.blox.modele.pieces.ElementTest" time="0.001"/>
  <testcase name="testEqualNonEgalite(Element, Element)[1095]" classname="fr.eseo.e3.poo.projet.blox.modele.pieces.ElementTest" time="0.0"/>
  <testcase name="testEqualNonEgalite(Element, Element)[1096]" classname="fr.eseo.e3.poo.projet.blox.modele.pieces.ElementTest" time="0.0"/>
  <testcase name="testEqualNonEgalite(Element, Element)[1097]" classname="fr.eseo.e3.poo.projet.blox.modele.pieces.ElementTest" time="0.0"/>
  <testcase name="testEqualNonEgalite(Element, Element)[1098]" classname="fr.eseo.e3.poo.projet.blox.modele.pieces.ElementTest" time="0.0"/>
  <testcase name="testEqualNonEgalite(Element, Element)[1099]" classname="fr.eseo.e3.poo.projet.blox.modele.pieces.ElementTest" time="0.001"/>
  <testcase name="testEqualNonEgalite(Element, Element)[1100]" classname="fr.eseo.e3.poo.projet.blox.modele.pieces.ElementTest" time="0.0"/>
  <testcase name="testEqualNonEgalite(Element, Element)[1101]" classname="fr.eseo.e3.poo.projet.blox.modele.pieces.ElementTest" time="0.001"/>
  <testcase name="testEqualNonEgalite(Element, Element)[1102]" classname="fr.eseo.e3.poo.projet.blox.modele.pieces.ElementTest" time="0.0"/>
  <testcase name="testEqualNonEgalite(Element, Element)[1103]" classname="fr.eseo.e3.poo.projet.blox.modele.pieces.ElementTest" time="0.0"/>
  <testcase name="testEqualNonEgalite(Element, Element)[1104]" classname="fr.eseo.e3.poo.projet.blox.modele.pieces.ElementTest" time="0.001"/>
  <testcase name="testEqualNonEgalite(Element, Element)[1105]" classname="fr.eseo.e3.poo.projet.blox.modele.pieces.ElementTest" time="0.0"/>
  <testcase name="testEqualNonEgalite(Element, Element)[1106]" classname="fr.eseo.e3.poo.projet.blox.modele.pieces.ElementTest" time="0.0"/>
  <testcase name="testEqualNonEgalite(Element, Element)[1107]" classname="fr.eseo.e3.poo.projet.blox.modele.pieces.ElementTest" time="0.001"/>
  <testcase name="testEqualNonEgalite(Element, Element)[1108]" classname="fr.eseo.e3.poo.projet.blox.modele.pieces.ElementTest" time="0.0"/>
  <testcase name="testEqualNonEgalite(Element, Element)[1109]" classname="fr.eseo.e3.poo.projet.blox.modele.pieces.ElementTest" time="0.0"/>
  <testcase name="testEqualNonEgalite(Element, Element)[1110]" classname="fr.eseo.e3.poo.projet.blox.modele.pieces.ElementTest" time="0.0"/>
  <testcase name="testEqualNonEgalite(Element, Element)[1111]" classname="fr.eseo.e3.poo.projet.blox.modele.pieces.ElementTest" time="0.0"/>
  <testcase name="testEqualNonEgalite(Element, Element)[1112]" classname="fr.eseo.e3.poo.projet.blox.modele.pieces.ElementTest" time="0.0"/>
  <testcase name="testEqualNonEgalite(Element, Element)[1113]" classname="fr.eseo.e3.poo.projet.blox.modele.pieces.ElementTest" time="0.0"/>
  <testcase name="testEqualNonEgalite(Element, Element)[1114]" classname="fr.eseo.e3.poo.projet.blox.modele.pieces.ElementTest" time="0.0"/>
  <testcase name="testEqualNonEgalite(Element, Element)[1115]" classname="fr.eseo.e3.poo.projet.blox.modele.pieces.ElementTest" time="0.0"/>
  <testcase name="testEqualNonEgalite(Element, Element)[1116]" classname="fr.eseo.e3.poo.projet.blox.modele.pieces.ElementTest" time="0.0"/>
  <testcase name="testEqualNonEgalite(Element, Element)[1117]" classname="fr.eseo.e3.poo.projet.blox.modele.pieces.ElementTest" time="0.0"/>
  <testcase name="testEqualNonEgalite(Element, Element)[1118]" classname="fr.eseo.e3.poo.projet.blox.modele.pieces.ElementTest" time="0.0"/>
  <testcase name="testEqualNonEgalite(Element, Element)[1119]" classname="fr.eseo.e3.poo.projet.blox.modele.pieces.ElementTest" time="0.001"/>
  <testcase name="testEqualNonEgalite(Element, Element)[1120]" classname="fr.eseo.e3.poo.projet.blox.modele.pieces.ElementTest" time="0.0"/>
  <testcase name="testEqualNonEgalite(Element, Element)[1121]" classname="fr.eseo.e3.poo.projet.blox.modele.pieces.ElementTest" time="0.0"/>
  <testcase name="testEqualNonEgalite(Element, Element)[1122]" classname="fr.eseo.e3.poo.projet.blox.modele.pieces.ElementTest" time="0.001"/>
  <testcase name="testEqualNonEgalite(Element, Element)[1123]" classname="fr.eseo.e3.poo.projet.blox.modele.pieces.ElementTest" time="0.0"/>
  <testcase name="testEqualNonEgalite(Element, Element)[1124]" classname="fr.eseo.e3.poo.projet.blox.modele.pieces.ElementTest" time="0.0"/>
  <testcase name="testEqualNonEgalite(Element, Element)[1125]" classname="fr.eseo.e3.poo.projet.blox.modele.pieces.ElementTest" time="0.0"/>
  <testcase name="testEqualNonEgalite(Element, Element)[1126]" classname="fr.eseo.e3.poo.projet.blox.modele.pieces.ElementTest" time="0.0"/>
  <testcase name="testEqualNonEgalite(Element, Element)[1127]" classname="fr.eseo.e3.poo.projet.blox.modele.pieces.ElementTest" time="0.0"/>
  <testcase name="testEqualNonEgalite(Element, Element)[1128]" classname="fr.eseo.e3.poo.projet.blox.modele.pieces.ElementTest" time="0.0"/>
  <testcase name="testEqualNonEgalite(Element, Element)[1129]" classname="fr.eseo.e3.poo.projet.blox.modele.pieces.ElementTest" time="0.0"/>
  <testcase name="testEqualNonEgalite(Element, Element)[1130]" classname="fr.eseo.e3.poo.projet.blox.modele.pieces.ElementTest" time="0.001"/>
  <testcase name="testEqualNonEgalite(Element, Element)[1131]" classname="fr.eseo.e3.poo.projet.blox.modele.pieces.ElementTest" time="0.0"/>
  <testcase name="testEqualNonEgalite(Element, Element)[1132]" classname="fr.eseo.e3.poo.projet.blox.modele.pieces.ElementTest" time="0.0"/>
  <testcase name="testEqualNonEgalite(Element, Element)[1133]" classname="fr.eseo.e3.poo.projet.blox.modele.pieces.ElementTest" time="0.0"/>
  <testcase name="testEqualNonEgalite(Element, Element)[1134]" classname="fr.eseo.e3.poo.projet.blox.modele.pieces.ElementTest" time="0.001"/>
  <testcase name="testEqualNonEgalite(Element, Element)[1135]" classname="fr.eseo.e3.poo.projet.blox.modele.pieces.ElementTest" time="0.0"/>
  <testcase name="testEqualNonEgalite(Element, Element)[1136]" classname="fr.eseo.e3.poo.projet.blox.modele.pieces.ElementTest" time="0.0"/>
  <testcase name="testEqualNonEgalite(Element, Element)[1137]" classname="fr.eseo.e3.poo.projet.blox.modele.pieces.ElementTest" time="0.0"/>
  <testcase name="testEqualNonEgalite(Element, Element)[1138]" classname="fr.eseo.e3.poo.projet.blox.modele.pieces.ElementTest" time="0.0"/>
  <testcase name="testEqualNonEgalite(Element, Element)[1139]" classname="fr.eseo.e3.poo.projet.blox.modele.pieces.ElementTest" time="0.001"/>
  <testcase name="testEqualNonEgalite(Element, Element)[1140]" classname="fr.eseo.e3.poo.projet.blox.modele.pieces.ElementTest" time="0.0"/>
  <testcase name="testEqualNonEgalite(Element, Element)[1141]" classname="fr.eseo.e3.poo.projet.blox.modele.pieces.ElementTest" time="0.0"/>
  <testcase name="testEqualNonEgalite(Element, Element)[1142]" classname="fr.eseo.e3.poo.projet.blox.modele.pieces.ElementTest" time="0.001"/>
  <testcase name="testEqualNonEgalite(Element, Element)[1143]" classname="fr.eseo.e3.poo.projet.blox.modele.pieces.ElementTest" time="0.0"/>
  <testcase name="testEqualNonEgalite(Element, Element)[1144]" classname="fr.eseo.e3.poo.projet.blox.modele.pieces.ElementTest" time="0.0"/>
  <testcase name="testEqualNonEgalite(Element, Element)[1145]" classname="fr.eseo.e3.poo.projet.blox.modele.pieces.ElementTest" time="0.001"/>
  <testcase name="testEqualNonEgalite(Element, Element)[1146]" classname="fr.eseo.e3.poo.projet.blox.modele.pieces.ElementTest" time="0.0"/>
  <testcase name="testEqualNonEgalite(Element, Element)[1147]" classname="fr.eseo.e3.poo.projet.blox.modele.pieces.ElementTest" time="0.0"/>
  <testcase name="testEqualNonEgalite(Element, Element)[1148]" classname="fr.eseo.e3.poo.projet.blox.modele.pieces.ElementTest" time="0.0"/>
  <testcase name="testEqualNonEgalite(Element, Element)[1149]" classname="fr.eseo.e3.poo.projet.blox.modele.pieces.ElementTest" time="0.0"/>
  <testcase name="testEqualNonEgalite(Element, Element)[1150]" classname="fr.eseo.e3.poo.projet.blox.modele.pieces.ElementTest" time="0.0"/>
  <testcase name="testEqualNonEgalite(Element, Element)[1151]" classname="fr.eseo.e3.poo.projet.blox.modele.pieces.ElementTest" time="0.0"/>
  <testcase name="testEqualNonEgalite(Element, Element)[1152]" classname="fr.eseo.e3.poo.projet.blox.modele.pieces.ElementTest" time="0.0"/>
  <testcase name="testEqualNonEgalite(Element, Element)[1153]" classname="fr.eseo.e3.poo.projet.blox.modele.pieces.ElementTest" time="0.001"/>
  <testcase name="testEqualNonEgalite(Element, Element)[1154]" classname="fr.eseo.e3.poo.projet.blox.modele.pieces.ElementTest" time="0.0"/>
  <testcase name="testEqualNonEgalite(Element, Element)[1155]" classname="fr.eseo.e3.poo.projet.blox.modele.pieces.ElementTest" time="0.0"/>
  <testcase name="testEqualNonEgalite(Element, Element)[1156]" classname="fr.eseo.e3.poo.projet.blox.modele.pieces.ElementTest" time="0.0"/>
  <testcase name="testEqualNonEgalite(Element, Element)[1157]" classname="fr.eseo.e3.poo.projet.blox.modele.pieces.ElementTest" time="0.0"/>
  <testcase name="testEqualNonEgalite(Element, Element)[1158]" classname="fr.eseo.e3.poo.projet.blox.modele.pieces.ElementTest" time="0.0"/>
  <testcase name="testEqualNonEgalite(Element, Element)[1159]" classname="fr.eseo.e3.poo.projet.blox.modele.pieces.ElementTest" time="0.001"/>
  <testcase name="testEqualNonEgalite(Element, Element)[1160]" classname="fr.eseo.e3.poo.projet.blox.modele.pieces.ElementTest" time="0.0"/>
  <testcase name="testEqualNonEgalite(Element, Element)[1161]" classname="fr.eseo.e3.poo.projet.blox.modele.pieces.ElementTest" time="0.0"/>
  <testcase name="testEqualNonEgalite(Element, Element)[1162]" classname="fr.eseo.e3.poo.projet.blox.modele.pieces.ElementTest" time="0.0"/>
  <testcase name="testEqualNonEgalite(Element, Element)[1163]" classname="fr.eseo.e3.poo.projet.blox.modele.pieces.ElementTest" time="0.0"/>
  <testcase name="testEqualNonEgalite(Element, Element)[1164]" classname="fr.eseo.e3.poo.projet.blox.modele.pieces.ElementTest" time="0.001"/>
  <testcase name="testEqualNonEgalite(Element, Element)[1165]" classname="fr.eseo.e3.poo.projet.blox.modele.pieces.ElementTest" time="0.0"/>
  <testcase name="testEqualNonEgalite(Element, Element)[1166]" classname="fr.eseo.e3.poo.projet.blox.modele.pieces.ElementTest" time="0.0"/>
  <testcase name="testEqualNonEgalite(Element, Element)[1167]" classname="fr.eseo.e3.poo.projet.blox.modele.pieces.ElementTest" time="0.0"/>
  <testcase name="testEqualNonEgalite(Element, Element)[1168]" classname="fr.eseo.e3.poo.projet.blox.modele.pieces.ElementTest" time="0.0"/>
  <testcase name="testEqualNonEgalite(Element, Element)[1169]" classname="fr.eseo.e3.poo.projet.blox.modele.pieces.ElementTest" time="0.0"/>
  <testcase name="testEqualNonEgalite(Element, Element)[1170]" classname="fr.eseo.e3.poo.projet.blox.modele.pieces.ElementTest" time="0.001"/>
  <testcase name="testEqualNonEgalite(Element, Element)[1171]" classname="fr.eseo.e3.poo.projet.blox.modele.pieces.ElementTest" time="0.0"/>
  <testcase name="testEqualNonEgalite(Element, Element)[1172]" classname="fr.eseo.e3.poo.projet.blox.modele.pieces.ElementTest" time="0.001"/>
  <testcase name="testEqualNonEgalite(Element, Element)[1173]" classname="fr.eseo.e3.poo.projet.blox.modele.pieces.ElementTest" time="0.0"/>
  <testcase name="testEqualNonEgalite(Element, Element)[1174]" classname="fr.eseo.e3.poo.projet.blox.modele.pieces.ElementTest" time="0.0"/>
  <testcase name="testEqualNonEgalite(Element, Element)[1175]" classname="fr.eseo.e3.poo.projet.blox.modele.pieces.ElementTest" time="0.0"/>
  <testcase name="testEqualNonEgalite(Element, Element)[1176]" classname="fr.eseo.e3.poo.projet.blox.modele.pieces.ElementTest" time="0.0"/>
  <testcase name="testEqualNonEgalite(Element, Element)[1177]" classname="fr.eseo.e3.poo.projet.blox.modele.pieces.ElementTest" time="0.0"/>
  <testcase name="testEqualNonEgalite(Element, Element)[1178]" classname="fr.eseo.e3.poo.projet.blox.modele.pieces.ElementTest" time="0.001"/>
  <testcase name="testEqualNonEgalite(Element, Element)[1179]" classname="fr.eseo.e3.poo.projet.blox.modele.pieces.ElementTest" time="0.0"/>
  <testcase name="testEqualNonEgalite(Element, Element)[1180]" classname="fr.eseo.e3.poo.projet.blox.modele.pieces.ElementTest" time="0.0"/>
  <testcase name="testEqualNonEgalite(Element, Element)[1181]" classname="fr.eseo.e3.poo.projet.blox.modele.pieces.ElementTest" time="0.0"/>
  <testcase name="testEqualNonEgalite(Element, Element)[1182]" classname="fr.eseo.e3.poo.projet.blox.modele.pieces.ElementTest" time="0.0"/>
  <testcase name="testEqualNonEgalite(Element, Element)[1183]" classname="fr.eseo.e3.poo.projet.blox.modele.pieces.ElementTest" time="0.001"/>
  <testcase name="testEqualNonEgalite(Element, Element)[1184]" classname="fr.eseo.e3.poo.projet.blox.modele.pieces.ElementTest" time="0.0"/>
  <testcase name="testEqualNonEgalite(Element, Element)[1185]" classname="fr.eseo.e3.poo.projet.blox.modele.pieces.ElementTest" time="0.0"/>
  <testcase name="testEqualNonEgalite(Element, Element)[1186]" classname="fr.eseo.e3.poo.projet.blox.modele.pieces.ElementTest" time="0.001"/>
  <testcase name="testEqualNonEgalite(Element, Element)[1187]" classname="fr.eseo.e3.poo.projet.blox.modele.pieces.ElementTest" time="0.0"/>
  <testcase name="testEqualNonEgalite(Element, Element)[1188]" classname="fr.eseo.e3.poo.projet.blox.modele.pieces.ElementTest" time="0.0"/>
  <testcase name="testEqualNonEgalite(Element, Element)[1189]" classname="fr.eseo.e3.poo.projet.blox.modele.pieces.ElementTest" time="0.0"/>
  <testcase name="testEqualNonEgalite(Element, Element)[1190]" classname="fr.eseo.e3.poo.projet.blox.modele.pieces.ElementTest" time="0.0"/>
  <testcase name="testEqualNonEgalite(Element, Element)[1191]" classname="fr.eseo.e3.poo.projet.blox.modele.pieces.ElementTest" time="0.0"/>
  <testcase name="testEqualNonEgalite(Element, Element)[1192]" classname="fr.eseo.e3.poo.projet.blox.modele.pieces.ElementTest" time="0.0"/>
  <testcase name="testEqualNonEgalite(Element, Element)[1193]" classname="fr.eseo.e3.poo.projet.blox.modele.pieces.ElementTest" time="0.0"/>
  <testcase name="testEqualNonEgalite(Element, Element)[1194]" classname="fr.eseo.e3.poo.projet.blox.modele.pieces.ElementTest" time="0.0"/>
  <testcase name="testEqualNonEgalite(Element, Element)[1195]" classname="fr.eseo.e3.poo.projet.blox.modele.pieces.ElementTest" time="0.0"/>
  <testcase name="testEqualNonEgalite(Element, Element)[1196]" classname="fr.eseo.e3.poo.projet.blox.modele.pieces.ElementTest" time="0.0"/>
  <testcase name="testEqualNonEgalite(Element, Element)[1197]" classname="fr.eseo.e3.poo.projet.blox.modele.pieces.ElementTest" time="0.001"/>
  <testcase name="testEqualNonEgalite(Element, Element)[1198]" classname="fr.eseo.e3.poo.projet.blox.modele.pieces.ElementTest" time="0.0"/>
  <testcase name="testEqualNonEgalite(Element, Element)[1199]" classname="fr.eseo.e3.poo.projet.blox.modele.pieces.ElementTest" time="0.0"/>
  <testcase name="testEqualNonEgalite(Element, Element)[1200]" classname="fr.eseo.e3.poo.projet.blox.modele.pieces.ElementTest" time="0.0"/>
  <testcase name="testEqualNonEgalite(Element, Element)[1201]" classname="fr.eseo.e3.poo.projet.blox.modele.pieces.ElementTest" time="0.0"/>
  <testcase name="testEqualNonEgalite(Element, Element)[1202]" classname="fr.eseo.e3.poo.projet.blox.modele.pieces.ElementTest" time="0.0"/>
  <testcase name="testEqualNonEgalite(Element, Element)[1203]" classname="fr.eseo.e3.poo.projet.blox.modele.pieces.ElementTest" time="0.0"/>
  <testcase name="testEqualNonEgalite(Element, Element)[1204]" classname="fr.eseo.e3.poo.projet.blox.modele.pieces.ElementTest" time="0.001"/>
  <testcase name="testEqualNonEgalite(Element, Element)[1205]" classname="fr.eseo.e3.poo.projet.blox.modele.pieces.ElementTest" time="0.0"/>
  <testcase name="testEqualNonEgalite(Element, Element)[1206]" classname="fr.eseo.e3.poo.projet.blox.modele.pieces.ElementTest" time="0.0"/>
  <testcase name="testEqualNonEgalite(Element, Element)[1207]" classname="fr.eseo.e3.poo.projet.blox.modele.pieces.ElementTest" time="0.0"/>
  <testcase name="testEqualNonEgalite(Element, Element)[1208]" classname="fr.eseo.e3.poo.projet.blox.modele.pieces.ElementTest" time="0.0"/>
  <testcase name="testEqualNonEgalite(Element, Element)[1209]" classname="fr.eseo.e3.poo.projet.blox.modele.pieces.ElementTest" time="0.0"/>
  <testcase name="testEqualNonEgalite(Element, Element)[1210]" classname="fr.eseo.e3.poo.projet.blox.modele.pieces.ElementTest" time="0.0"/>
  <testcase name="testEqualNonEgalite(Element, Element)[1211]" classname="fr.eseo.e3.poo.projet.blox.modele.pieces.ElementTest" time="0.0"/>
  <testcase name="testEqualNonEgalite(Element, Element)[1212]" classname="fr.eseo.e3.poo.projet.blox.modele.pieces.ElementTest" time="0.0"/>
  <testcase name="testEqualNonEgalite(Element, Element)[1213]" classname="fr.eseo.e3.poo.projet.blox.modele.pieces.ElementTest" time="0.001"/>
  <testcase name="testEqualNonEgalite(Element, Element)[1214]" classname="fr.eseo.e3.poo.projet.blox.modele.pieces.ElementTest" time="0.0"/>
  <testcase name="testEqualNonEgalite(Element, Element)[1215]" classname="fr.eseo.e3.poo.projet.blox.modele.pieces.ElementTest" time="0.0"/>
  <testcase name="testEqualNonEgalite(Element, Element)[1216]" classname="fr.eseo.e3.poo.projet.blox.modele.pieces.ElementTest" time="0.0"/>
  <testcase name="testEqualNonEgalite(Element, Element)[1217]" classname="fr.eseo.e3.poo.projet.blox.modele.pieces.ElementTest" time="0.0"/>
  <testcase name="testEqualNonEgalite(Element, Element)[1218]" classname="fr.eseo.e3.poo.projet.blox.modele.pieces.ElementTest" time="0.0"/>
  <testcase name="testEqualNonEgalite(Element, Element)[1219]" classname="fr.eseo.e3.poo.projet.blox.modele.pieces.ElementTest" time="0.0"/>
  <testcase name="testEqualNonEgalite(Element, Element)[1220]" classname="fr.eseo.e3.poo.projet.blox.modele.pieces.ElementTest" time="0.0"/>
  <testcase name="testEqualNonEgalite(Element, Element)[1221]" classname="fr.eseo.e3.poo.projet.blox.modele.pieces.ElementTest" time="0.001"/>
  <testcase name="testEqualNonEgalite(Element, Element)[1222]" classname="fr.eseo.e3.poo.projet.blox.modele.pieces.ElementTest" time="0.0"/>
  <testcase name="testEqualNonEgalite(Element, Element)[1223]" classname="fr.eseo.e3.poo.projet.blox.modele.pieces.ElementTest" time="0.0"/>
  <testcase name="testEqualNonEgalite(Element, Element)[1224]" classname="fr.eseo.e3.poo.projet.blox.modele.pieces.ElementTest" time="0.001"/>
  <testcase name="testEqualNonEgalite(Element, Element)[1225]" classname="fr.eseo.e3.poo.projet.blox.modele.pieces.ElementTest" time="0.0"/>
  <testcase name="testEqualNonEgalite(Element, Element)[1226]" classname="fr.eseo.e3.poo.projet.blox.modele.pieces.ElementTest" time="0.0"/>
  <testcase name="testEqualNonEgalite(Element, Element)[1227]" classname="fr.eseo.e3.poo.projet.blox.modele.pieces.ElementTest" time="0.0"/>
  <testcase name="testEqualNonEgalite(Element, Element)[1228]" classname="fr.eseo.e3.poo.projet.blox.modele.pieces.ElementTest" time="0.0"/>
  <testcase name="testEqualNonEgalite(Element, Element)[1229]" classname="fr.eseo.e3.poo.projet.blox.modele.pieces.ElementTest" time="0.001"/>
  <testcase name="testEqualNonEgalite(Element, Element)[1230]" classname="fr.eseo.e3.poo.projet.blox.modele.pieces.ElementTest" time="0.0"/>
  <testcase name="testEqualNonEgalite(Element, Element)[1231]" classname="fr.eseo.e3.poo.projet.blox.modele.pieces.ElementTest" time="0.0"/>
  <testcase name="testEqualNonEgalite(Element, Element)[1232]" classname="fr.eseo.e3.poo.projet.blox.modele.pieces.ElementTest" time="0.001"/>
  <testcase name="testEqualNonEgalite(Element, Element)[1233]" classname="fr.eseo.e3.poo.projet.blox.modele.pieces.ElementTest" time="0.0"/>
  <testcase name="testEqualNonEgalite(Element, Element)[1234]" classname="fr.eseo.e3.poo.projet.blox.modele.pieces.ElementTest" time="0.0"/>
  <testcase name="testEqualNonEgalite(Element, Element)[1235]" classname="fr.eseo.e3.poo.projet.blox.modele.pieces.ElementTest" time="0.0"/>
  <testcase name="testEqualNonEgalite(Element, Element)[1236]" classname="fr.eseo.e3.poo.projet.blox.modele.pieces.ElementTest" time="0.0"/>
  <testcase name="testEqualNonEgalite(Element, Element)[1237]" classname="fr.eseo.e3.poo.projet.blox.modele.pieces.ElementTest" time="0.0"/>
  <testcase name="testEqualNonEgalite(Element, Element)[1238]" classname="fr.eseo.e3.poo.projet.blox.modele.pieces.ElementTest" time="0.0"/>
  <testcase name="testEqualNonEgalite(Element, Element)[1239]" classname="fr.eseo.e3.poo.projet.blox.modele.pieces.ElementTest" time="0.0"/>
  <testcase name="testEqualNonEgalite(Element, Element)[1240]" classname="fr.eseo.e3.poo.projet.blox.modele.pieces.ElementTest" time="0.001"/>
  <testcase name="testEqualNonEgalite(Element, Element)[1241]" classname="fr.eseo.e3.poo.projet.blox.modele.pieces.ElementTest" time="0.0"/>
  <testcase name="testEqualNonEgalite(Element, Element)[1242]" classname="fr.eseo.e3.poo.projet.blox.modele.pieces.ElementTest" time="0.0"/>
  <testcase name="testEqualNonEgalite(Element, Element)[1243]" classname="fr.eseo.e3.poo.projet.blox.modele.pieces.ElementTest" time="0.0"/>
  <testcase name="testEqualNonEgalite(Element, Element)[1244]" classname="fr.eseo.e3.poo.projet.blox.modele.pieces.ElementTest" time="0.0"/>
  <testcase name="testEqualNonEgalite(Element, Element)[1245]" classname="fr.eseo.e3.poo.projet.blox.modele.pieces.ElementTest" time="0.0"/>
  <testcase name="testEqualNonEgalite(Element, Element)[1246]" classname="fr.eseo.e3.poo.projet.blox.modele.pieces.ElementTest" time="0.001"/>
  <testcase name="testEqualNonEgalite(Element, Element)[1247]" classname="fr.eseo.e3.poo.projet.blox.modele.pieces.ElementTest" time="0.0"/>
  <testcase name="testEqualNonEgalite(Element, Element)[1248]" classname="fr.eseo.e3.poo.projet.blox.modele.pieces.ElementTest" time="0.0"/>
  <testcase name="testEqualNonEgalite(Element, Element)[1249]" classname="fr.eseo.e3.poo.projet.blox.modele.pieces.ElementTest" time="0.0"/>
  <testcase name="testEqualNonEgalite(Element, Element)[1250]" classname="fr.eseo.e3.poo.projet.blox.modele.pieces.ElementTest" time="0.0"/>
  <testcase name="testEqualNonEgalite(Element, Element)[1251]" classname="fr.eseo.e3.poo.projet.blox.modele.pieces.ElementTest" time="0.001"/>
  <testcase name="testEqualNonEgalite(Element, Element)[1252]" classname="fr.eseo.e3.poo.projet.blox.modele.pieces.ElementTest" time="0.0"/>
  <testcase name="testEqualNonEgalite(Element, Element)[1253]" classname="fr.eseo.e3.poo.projet.blox.modele.pieces.ElementTest" time="0.0"/>
  <testcase name="testEqualNonEgalite(Element, Element)[1254]" classname="fr.eseo.e3.poo.projet.blox.modele.pieces.ElementTest" time="0.001"/>
  <testcase name="testEqualNonEgalite(Element, Element)[1255]" classname="fr.eseo.e3.poo.projet.blox.modele.pieces.ElementTest" time="0.0"/>
  <testcase name="testEqualNonEgalite(Element, Element)[1256]" classname="fr.eseo.e3.poo.projet.blox.modele.pieces.ElementTest" time="0.0"/>
  <testcase name="testEqualNonEgalite(Element, Element)[1257]" classname="fr.eseo.e3.poo.projet.blox.modele.pieces.ElementTest" time="0.001"/>
  <testcase name="testEqualNonEgalite(Element, Element)[1258]" classname="fr.eseo.e3.poo.projet.blox.modele.pieces.ElementTest" time="0.0"/>
  <testcase name="testEqualNonEgalite(Element, Element)[1259]" classname="fr.eseo.e3.poo.projet.blox.modele.pieces.ElementTest" time="0.0"/>
  <testcase name="testEqualNonEgalite(Element, Element)[1260]" classname="fr.eseo.e3.poo.projet.blox.modele.pieces.ElementTest" time="0.0"/>
  <testcase name="testEqualNonEgalite(Element, Element)[1261]" classname="fr.eseo.e3.poo.projet.blox.modele.pieces.ElementTest" time="0.001"/>
  <testcase name="testEqualNonEgalite(Element, Element)[1262]" classname="fr.eseo.e3.poo.projet.blox.modele.pieces.ElementTest" time="0.0"/>
  <testcase name="testEqualNonEgalite(Element, Element)[1263]" classname="fr.eseo.e3.poo.projet.blox.modele.pieces.ElementTest" time="0.0"/>
  <testcase name="testEqualNonEgalite(Element, Element)[1264]" classname="fr.eseo.e3.poo.projet.blox.modele.pieces.ElementTest" time="0.0"/>
  <testcase name="testEqualNonEgalite(Element, Element)[1265]" classname="fr.eseo.e3.poo.projet.blox.modele.pieces.ElementTest" time="0.0"/>
  <testcase name="testEqualNonEgalite(Element, Element)[1266]" classname="fr.eseo.e3.poo.projet.blox.modele.pieces.ElementTest" time="0.0"/>
  <testcase name="testEqualNonEgalite(Element, Element)[1267]" classname="fr.eseo.e3.poo.projet.blox.modele.pieces.ElementTest" time="0.0"/>
  <testcase name="testEqualNonEgalite(Element, Element)[1268]" classname="fr.eseo.e3.poo.projet.blox.modele.pieces.ElementTest" time="0.0"/>
  <testcase name="testEqualNonEgalite(Element, Element)[1269]" classname="fr.eseo.e3.poo.projet.blox.modele.pieces.ElementTest" time="0.0"/>
  <testcase name="testEqualNonEgalite(Element, Element)[1270]" classname="fr.eseo.e3.poo.projet.blox.modele.pieces.ElementTest" time="0.0"/>
  <testcase name="testEqualNonEgalite(Element, Element)[1271]" classname="fr.eseo.e3.poo.projet.blox.modele.pieces.ElementTest" time="0.001"/>
  <testcase name="testEqualNonEgalite(Element, Element)[1272]" classname="fr.eseo.e3.poo.projet.blox.modele.pieces.ElementTest" time="0.0"/>
  <testcase name="testEqualNonEgalite(Element, Element)[1273]" classname="fr.eseo.e3.poo.projet.blox.modele.pieces.ElementTest" time="0.0"/>
  <testcase name="testEqualNonEgalite(Element, Element)[1274]" classname="fr.eseo.e3.poo.projet.blox.modele.pieces.ElementTest" time="0.0"/>
  <testcase name="testEqualNonEgalite(Element, Element)[1275]" classname="fr.eseo.e3.poo.projet.blox.modele.pieces.ElementTest" time="0.001"/>
  <testcase name="testEqualNonEgalite(Element, Element)[1276]" classname="fr.eseo.e3.poo.projet.blox.modele.pieces.ElementTest" time="0.0"/>
  <testcase name="testEqualNonEgalite(Element, Element)[1277]" classname="fr.eseo.e3.poo.projet.blox.modele.pieces.ElementTest" time="0.0"/>
  <testcase name="testEqualNonEgalite(Element, Element)[1278]" classname="fr.eseo.e3.poo.projet.blox.modele.pieces.ElementTest" time="0.0"/>
  <testcase name="testEqualNonEgalite(Element, Element)[1279]" classname="fr.eseo.e3.poo.projet.blox.modele.pieces.ElementTest" time="0.001"/>
  <testcase name="testEqualNonEgalite(Element, Element)[1280]" classname="fr.eseo.e3.poo.projet.blox.modele.pieces.ElementTest" time="0.0"/>
  <testcase name="testEqualNonEgalite(Element, Element)[1281]" classname="fr.eseo.e3.poo.projet.blox.modele.pieces.ElementTest" time="0.001"/>
  <testcase name="testEqualNonEgalite(Element, Element)[1282]" classname="fr.eseo.e3.poo.projet.blox.modele.pieces.ElementTest" time="0.0"/>
  <testcase name="testEqualNonEgalite(Element, Element)[1283]" classname="fr.eseo.e3.poo.projet.blox.modele.pieces.ElementTest" time="0.0"/>
  <testcase name="testEqualNonEgalite(Element, Element)[1284]" classname="fr.eseo.e3.poo.projet.blox.modele.pieces.ElementTest" time="0.0"/>
  <testcase name="testEqualNonEgalite(Element, Element)[1285]" classname="fr.eseo.e3.poo.projet.blox.modele.pieces.ElementTest" time="0.0"/>
  <testcase name="testEqualNonEgalite(Element, Element)[1286]" classname="fr.eseo.e3.poo.projet.blox.modele.pieces.ElementTest" time="0.0"/>
  <testcase name="testEqualNonEgalite(Element, Element)[1287]" classname="fr.eseo.e3.poo.projet.blox.modele.pieces.ElementTest" time="0.0"/>
  <testcase name="testEqualNonEgalite(Element, Element)[1288]" classname="fr.eseo.e3.poo.projet.blox.modele.pieces.ElementTest" time="0.0"/>
  <testcase name="testEqualNonEgalite(Element, Element)[1289]" classname="fr.eseo.e3.poo.projet.blox.modele.pieces.ElementTest" time="0.0"/>
  <testcase name="testEqualNonEgalite(Element, Element)[1290]" classname="fr.eseo.e3.poo.projet.blox.modele.pieces.ElementTest" time="0.0"/>
  <testcase name="testEqualNonEgalite(Element, Element)[1291]" classname="fr.eseo.e3.poo.projet.blox.modele.pieces.ElementTest" time="0.0"/>
  <testcase name="testEqualNonEgalite(Element, Element)[1292]" classname="fr.eseo.e3.poo.projet.blox.modele.pieces.ElementTest" time="0.001"/>
  <testcase name="testEqualNonEgalite(Element, Element)[1293]" classname="fr.eseo.e3.poo.projet.blox.modele.pieces.ElementTest" time="0.0"/>
  <testcase name="testEqualNonEgalite(Element, Element)[1294]" classname="fr.eseo.e3.poo.projet.blox.modele.pieces.ElementTest" time="0.001"/>
  <testcase name="testEqualNonEgalite(Element, Element)[1295]" classname="fr.eseo.e3.poo.projet.blox.modele.pieces.ElementTest" time="0.0"/>
  <testcase name="testEqualNonEgalite(Element, Element)[1296]" classname="fr.eseo.e3.poo.projet.blox.modele.pieces.ElementTest" time="0.0"/>
  <testcase name="testEqualNonEgalite(Element, Element)[1297]" classname="fr.eseo.e3.poo.projet.blox.modele.pieces.ElementTest" time="0.001"/>
  <testcase name="testEqualNonEgalite(Element, Element)[1298]" classname="fr.eseo.e3.poo.projet.blox.modele.pieces.ElementTest" time="0.0"/>
  <testcase name="testEqualNonEgalite(Element, Element)[1299]" classname="fr.eseo.e3.poo.projet.blox.modele.pieces.ElementTest" time="0.0"/>
  <testcase name="testEqualNonEgalite(Element, Element)[1300]" classname="fr.eseo.e3.poo.projet.blox.modele.pieces.ElementTest" time="0.0"/>
  <testcase name="testEqualNonEgalite(Element, Element)[1301]" classname="fr.eseo.e3.poo.projet.blox.modele.pieces.ElementTest" time="0.0"/>
  <testcase name="testEqualNonEgalite(Element, Element)[1302]" classname="fr.eseo.e3.poo.projet.blox.modele.pieces.ElementTest" time="0.001"/>
  <testcase name="testEqualNonEgalite(Element, Element)[1303]" classname="fr.eseo.e3.poo.projet.blox.modele.pieces.ElementTest" time="0.0"/>
  <testcase name="testEqualNonEgalite(Element, Element)[1304]" classname="fr.eseo.e3.poo.projet.blox.modele.pieces.ElementTest" time="0.0"/>
  <testcase name="testEqualNonEgalite(Element, Element)[1305]" classname="fr.eseo.e3.poo.projet.blox.modele.pieces.ElementTest" time="0.0"/>
  <testcase name="testEqualNonEgalite(Element, Element)[1306]" classname="fr.eseo.e3.poo.projet.blox.modele.pieces.ElementTest" time="0.0"/>
  <testcase name="testEqualNonEgalite(Element, Element)[1307]" classname="fr.eseo.e3.poo.projet.blox.modele.pieces.ElementTest" time="0.0"/>
  <testcase name="testEqualNonEgalite(Element, Element)[1308]" classname="fr.eseo.e3.poo.projet.blox.modele.pieces.ElementTest" time="0.0"/>
  <testcase name="testEqualNonEgalite(Element, Element)[1309]" classname="fr.eseo.e3.poo.projet.blox.modele.pieces.ElementTest" time="0.0"/>
  <testcase name="testEqualNonEgalite(Element, Element)[1310]" classname="fr.eseo.e3.poo.projet.blox.modele.pieces.ElementTest" time="0.0"/>
  <testcase name="testEqualNonEgalite(Element, Element)[1311]" classname="fr.eseo.e3.poo.projet.blox.modele.pieces.ElementTest" time="0.0"/>
  <testcase name="testEqualNonEgalite(Element, Element)[1312]" classname="fr.eseo.e3.poo.projet.blox.modele.pieces.ElementTest" time="0.0"/>
  <testcase name="testEqualNonEgalite(Element, Element)[1313]" classname="fr.eseo.e3.poo.projet.blox.modele.pieces.ElementTest" time="0.001"/>
  <testcase name="testEqualNonEgalite(Element, Element)[1314]" classname="fr.eseo.e3.poo.projet.blox.modele.pieces.ElementTest" time="0.0"/>
  <testcase name="testEqualNonEgalite(Element, Element)[1315]" classname="fr.eseo.e3.poo.projet.blox.modele.pieces.ElementTest" time="0.0"/>
  <testcase name="testEqualNonEgalite(Element, Element)[1316]" classname="fr.eseo.e3.poo.projet.blox.modele.pieces.ElementTest" time="0.001"/>
  <testcase name="testEqualNonEgalite(Element, Element)[1317]" classname="fr.eseo.e3.poo.projet.blox.modele.pieces.ElementTest" time="0.0"/>
  <testcase name="testEqualNonEgalite(Element, Element)[1318]" classname="fr.eseo.e3.poo.projet.blox.modele.pieces.ElementTest" time="0.0"/>
  <testcase name="testEqualNonEgalite(Element, Element)[1319]" classname="fr.eseo.e3.poo.projet.blox.modele.pieces.ElementTest" time="0.0"/>
  <testcase name="testEqualNonEgalite(Element, Element)[1320]" classname="fr.eseo.e3.poo.projet.blox.modele.pieces.ElementTest" time="0.0"/>
  <testcase name="testEqualNonEgalite(Element, Element)[1321]" classname="fr.eseo.e3.poo.projet.blox.modele.pieces.ElementTest" time="0.0"/>
  <testcase name="testEqualNonEgalite(Element, Element)[1322]" classname="fr.eseo.e3.poo.projet.blox.modele.pieces.ElementTest" time="0.001"/>
  <testcase name="testEqualNonEgalite(Element, Element)[1323]" classname="fr.eseo.e3.poo.projet.blox.modele.pieces.ElementTest" time="0.0"/>
  <testcase name="testEqualNonEgalite(Element, Element)[1324]" classname="fr.eseo.e3.poo.projet.blox.modele.pieces.ElementTest" time="0.0"/>
  <testcase name="testEqualNonEgalite(Element, Element)[1325]" classname="fr.eseo.e3.poo.projet.blox.modele.pieces.ElementTest" time="0.0"/>
  <testcase name="testEqualNonEgalite(Element, Element)[1326]" classname="fr.eseo.e3.poo.projet.blox.modele.pieces.ElementTest" time="0.0"/>
  <testcase name="testEqualNonEgalite(Element, Element)[1327]" classname="fr.eseo.e3.poo.projet.blox.modele.pieces.ElementTest" time="0.001"/>
  <testcase name="testEqualNonEgalite(Element, Element)[1328]" classname="fr.eseo.e3.poo.projet.blox.modele.pieces.ElementTest" time="0.0"/>
  <testcase name="testEqualNonEgalite(Element, Element)[1329]" classname="fr.eseo.e3.poo.projet.blox.modele.pieces.ElementTest" time="0.0"/>
  <testcase name="testEqualNonEgalite(Element, Element)[1330]" classname="fr.eseo.e3.poo.projet.blox.modele.pieces.ElementTest" time="0.0"/>
  <testcase name="testEqualNonEgalite(Element, Element)[1331]" classname="fr.eseo.e3.poo.projet.blox.modele.pieces.ElementTest" time="0.0"/>
  <testcase name="testEqualNonEgalite(Element, Element)[1332]" classname="fr.eseo.e3.poo.projet.blox.modele.pieces.ElementTest" time="0.0"/>
  <testcase name="testEqualNonEgalite(Element, Element)[1333]" classname="fr.eseo.e3.poo.projet.blox.modele.pieces.ElementTest" time="0.001"/>
  <testcase name="testEqualNonEgalite(Element, Element)[1334]" classname="fr.eseo.e3.poo.projet.blox.modele.pieces.ElementTest" time="0.0"/>
  <testcase name="testEqualNonEgalite(Element, Element)[1335]" classname="fr.eseo.e3.poo.projet.blox.modele.pieces.ElementTest" time="0.0"/>
  <testcase name="testEqualNonEgalite(Element, Element)[1336]" classname="fr.eseo.e3.poo.projet.blox.modele.pieces.ElementTest" time="0.001"/>
  <testcase name="testEqualNonEgalite(Element, Element)[1337]" classname="fr.eseo.e3.poo.projet.blox.modele.pieces.ElementTest" time="0.0"/>
  <testcase name="testEqualNonEgalite(Element, Element)[1338]" classname="fr.eseo.e3.poo.projet.blox.modele.pieces.ElementTest" time="0.0"/>
  <testcase name="testEqualNonEgalite(Element, Element)[1339]" classname="fr.eseo.e3.poo.projet.blox.modele.pieces.ElementTest" time="0.0"/>
  <testcase name="testEqualNonEgalite(Element, Element)[1340]" classname="fr.eseo.e3.poo.projet.blox.modele.pieces.ElementTest" time="0.0"/>
  <testcase name="testEqualNonEgalite(Element, Element)[1341]" classname="fr.eseo.e3.poo.projet.blox.modele.pieces.ElementTest" time="0.0"/>
  <testcase name="testEqualNonEgalite(Element, Element)[1342]" classname="fr.eseo.e3.poo.projet.blox.modele.pieces.ElementTest" time="0.001"/>
  <testcase name="testEqualNonEgalite(Element, Element)[1343]" classname="fr.eseo.e3.poo.projet.blox.modele.pieces.ElementTest" time="0.0"/>
  <testcase name="testEqualNonEgalite(Element, Element)[1344]" classname="fr.eseo.e3.poo.projet.blox.modele.pieces.ElementTest" time="0.001"/>
  <testcase name="testEqualNonEgalite(Element, Element)[1345]" classname="fr.eseo.e3.poo.projet.blox.modele.pieces.ElementTest" time="0.0"/>
  <testcase name="testEqualNonEgalite(Element, Element)[1346]" classname="fr.eseo.e3.poo.projet.blox.modele.pieces.ElementTest" time="0.0"/>
  <testcase name="testEqualNonEgalite(Element, Element)[1347]" classname="fr.eseo.e3.poo.projet.blox.modele.pieces.ElementTest" time="0.0"/>
  <testcase name="testEqualNonEgalite(Element, Element)[1348]" classname="fr.eseo.e3.poo.projet.blox.modele.pieces.ElementTest" time="0.0"/>
  <testcase name="testEqualNonEgalite(Element, Element)[1349]" classname="fr.eseo.e3.poo.projet.blox.modele.pieces.ElementTest" time="0.0"/>
  <testcase name="testEqualNonEgalite(Element, Element)[1350]" classname="fr.eseo.e3.poo.projet.blox.modele.pieces.ElementTest" time="0.0"/>
  <testcase name="testEqualNonEgalite(Element, Element)[1351]" classname="fr.eseo.e3.poo.projet.blox.modele.pieces.ElementTest" time="0.0"/>
  <testcase name="testEqualNonEgalite(Element, Element)[1352]" classname="fr.eseo.e3.poo.projet.blox.modele.pieces.ElementTest" time="0.001"/>
  <testcase name="testEqualNonEgalite(Element, Element)[1353]" classname="fr.eseo.e3.poo.projet.blox.modele.pieces.ElementTest" time="0.001"/>
  <testcase name="testEqualNonEgalite(Element, Element)[1354]" classname="fr.eseo.e3.poo.projet.blox.modele.pieces.ElementTest" time="0.001"/>
  <testcase name="testEqualNonEgalite(Element, Element)[1355]" classname="fr.eseo.e3.poo.projet.blox.modele.pieces.ElementTest" time="0.0"/>
  <testcase name="testEqualNonEgalite(Element, Element)[1356]" classname="fr.eseo.e3.poo.projet.blox.modele.pieces.ElementTest" time="0.0"/>
  <testcase name="testEqualNonEgalite(Element, Element)[1357]" classname="fr.eseo.e3.poo.projet.blox.modele.pieces.ElementTest" time="0.0"/>
  <testcase name="testEqualNonEgalite(Element, Element)[1358]" classname="fr.eseo.e3.poo.projet.blox.modele.pieces.ElementTest" time="0.0"/>
  <testcase name="testEqualNonEgalite(Element, Element)[1359]" classname="fr.eseo.e3.poo.projet.blox.modele.pieces.ElementTest" time="0.0"/>
  <testcase name="testEqualNonEgalite(Element, Element)[1360]" classname="fr.eseo.e3.poo.projet.blox.modele.pieces.ElementTest" time="0.001"/>
  <testcase name="testEqualNonEgalite(Element, Element)[1361]" classname="fr.eseo.e3.poo.projet.blox.modele.pieces.ElementTest" time="0.0"/>
  <testcase name="testEqualNonEgalite(Element, Element)[1362]" classname="fr.eseo.e3.poo.projet.blox.modele.pieces.ElementTest" time="0.0"/>
  <testcase name="testEqualNonEgalite(Element, Element)[1363]" classname="fr.eseo.e3.poo.projet.blox.modele.pieces.ElementTest" time="0.0"/>
  <testcase name="testEqualNonEgalite(Element, Element)[1364]" classname="fr.eseo.e3.poo.projet.blox.modele.pieces.ElementTest" time="0.0"/>
  <testcase name="testEqualNonEgalite(Element, Element)[1365]" classname="fr.eseo.e3.poo.projet.blox.modele.pieces.ElementTest" time="0.0"/>
  <testcase name="testEqualNonEgalite(Element, Element)[1366]" classname="fr.eseo.e3.poo.projet.blox.modele.pieces.ElementTest" time="0.0"/>
  <testcase name="testEqualNonEgalite(Element, Element)[1367]" classname="fr.eseo.e3.poo.projet.blox.modele.pieces.ElementTest" time="0.0"/>
  <testcase name="testEqualNonEgalite(Element, Element)[1368]" classname="fr.eseo.e3.poo.projet.blox.modele.pieces.ElementTest" time="0.0"/>
  <testcase name="testEqualNonEgalite(Element, Element)[1369]" classname="fr.eseo.e3.poo.projet.blox.modele.pieces.ElementTest" time="0.0"/>
  <testcase name="testEqualNonEgalite(Element, Element)[1370]" classname="fr.eseo.e3.poo.projet.blox.modele.pieces.ElementTest" time="0.0"/>
  <testcase name="testEqualNonEgalite(Element, Element)[1371]" classname="fr.eseo.e3.poo.projet.blox.modele.pieces.ElementTest" time="0.0"/>
  <testcase name="testEqualNonEgalite(Element, Element)[1372]" classname="fr.eseo.e3.poo.projet.blox.modele.pieces.ElementTest" time="0.0"/>
  <testcase name="testEqualNonEgalite(Element, Element)[1373]" classname="fr.eseo.e3.poo.projet.blox.modele.pieces.ElementTest" time="0.0"/>
  <testcase name="testEqualNonEgalite(Element, Element)[1374]" classname="fr.eseo.e3.poo.projet.blox.modele.pieces.ElementTest" time="0.001"/>
  <testcase name="testEqualNonEgalite(Element, Element)[1375]" classname="fr.eseo.e3.poo.projet.blox.modele.pieces.ElementTest" time="0.0"/>
  <testcase name="testEqualNonEgalite(Element, Element)[1376]" classname="fr.eseo.e3.poo.projet.blox.modele.pieces.ElementTest" time="0.0"/>
  <testcase name="testEqualNonEgalite(Element, Element)[1377]" classname="fr.eseo.e3.poo.projet.blox.modele.pieces.ElementTest" time="0.0"/>
  <testcase name="testEqualNonEgalite(Element, Element)[1378]" classname="fr.eseo.e3.poo.projet.blox.modele.pieces.ElementTest" time="0.0"/>
  <testcase name="testEqualNonEgalite(Element, Element)[1379]" classname="fr.eseo.e3.poo.projet.blox.modele.pieces.ElementTest" time="0.0"/>
  <testcase name="testEqualNonEgalite(Element, Element)[1380]" classname="fr.eseo.e3.poo.projet.blox.modele.pieces.ElementTest" time="0.0"/>
  <testcase name="testEqualNonEgalite(Element, Element)[1381]" classname="fr.eseo.e3.poo.projet.blox.modele.pieces.ElementTest" time="0.0"/>
  <testcase name="testEqualNonEgalite(Element, Element)[1382]" classname="fr.eseo.e3.poo.projet.blox.modele.pieces.ElementTest" time="0.001"/>
  <testcase name="testEqualNonEgalite(Element, Element)[1383]" classname="fr.eseo.e3.poo.projet.blox.modele.pieces.ElementTest" time="0.0"/>
  <testcase name="testEqualNonEgalite(Element, Element)[1384]" classname="fr.eseo.e3.poo.projet.blox.modele.pieces.ElementTest" time="0.001"/>
  <testcase name="testEqualNonEgalite(Element, Element)[1385]" classname="fr.eseo.e3.poo.projet.blox.modele.pieces.ElementTest" time="0.001"/>
  <testcase name="testEqualNonEgalite(Element, Element)[1386]" classname="fr.eseo.e3.poo.projet.blox.modele.pieces.ElementTest" time="0.0"/>
  <testcase name="testEqualNonEgalite(Element, Element)[1387]" classname="fr.eseo.e3.poo.projet.blox.modele.pieces.ElementTest" time="0.0"/>
  <testcase name="testEqualNonEgalite(Element, Element)[1388]" classname="fr.eseo.e3.poo.projet.blox.modele.pieces.ElementTest" time="0.0"/>
  <testcase name="testEqualNonEgalite(Element, Element)[1389]" classname="fr.eseo.e3.poo.projet.blox.modele.pieces.ElementTest" time="0.0"/>
  <testcase name="testEqualNonEgalite(Element, Element)[1390]" classname="fr.eseo.e3.poo.projet.blox.modele.pieces.ElementTest" time="0.0"/>
  <testcase name="testEqualNonEgalite(Element, Element)[1391]" classname="fr.eseo.e3.poo.projet.blox.modele.pieces.ElementTest" time="0.0"/>
  <testcase name="testEqualNonEgalite(Element, Element)[1392]" classname="fr.eseo.e3.poo.projet.blox.modele.pieces.ElementTest" time="0.0"/>
  <testcase name="testEqualNonEgalite(Element, Element)[1393]" classname="fr.eseo.e3.poo.projet.blox.modele.pieces.ElementTest" time="0.001"/>
  <testcase name="testEqualNonEgalite(Element, Element)[1394]" classname="fr.eseo.e3.poo.projet.blox.modele.pieces.ElementTest" time="0.0"/>
  <testcase name="testEqualNonEgalite(Element, Element)[1395]" classname="fr.eseo.e3.poo.projet.blox.modele.pieces.ElementTest" time="0.0"/>
  <testcase name="testEqualNonEgalite(Element, Element)[1396]" classname="fr.eseo.e3.poo.projet.blox.modele.pieces.ElementTest" time="0.0"/>
  <testcase name="testEqualNonEgalite(Element, Element)[1397]" classname="fr.eseo.e3.poo.projet.blox.modele.pieces.ElementTest" time="0.0"/>
  <testcase name="testEqualNonEgalite(Element, Element)[1398]" classname="fr.eseo.e3.poo.projet.blox.modele.pieces.ElementTest" time="0.0"/>
  <testcase name="testEqualNonEgalite(Element, Element)[1399]" classname="fr.eseo.e3.poo.projet.blox.modele.pieces.ElementTest" time="0.001"/>
  <testcase name="testEqualNonEgalite(Element, Element)[1400]" classname="fr.eseo.e3.poo.projet.blox.modele.pieces.ElementTest" time="0.0"/>
  <testcase name="testEqualNonEgalite(Element, Element)[1401]" classname="fr.eseo.e3.poo.projet.blox.modele.pieces.ElementTest" time="0.0"/>
  <testcase name="testEqualNonEgalite(Element, Element)[1402]" classname="fr.eseo.e3.poo.projet.blox.modele.pieces.ElementTest" time="0.0"/>
  <testcase name="testEqualNonEgalite(Element, Element)[1403]" classname="fr.eseo.e3.poo.projet.blox.modele.pieces.ElementTest" time="0.0"/>
  <testcase name="testEqualNonEgalite(Element, Element)[1404]" classname="fr.eseo.e3.poo.projet.blox.modele.pieces.ElementTest" time="0.0"/>
  <testcase name="testEqualNonEgalite(Element, Element)[1405]" classname="fr.eseo.e3.poo.projet.blox.modele.pieces.ElementTest" time="0.001"/>
  <testcase name="testEqualNonEgalite(Element, Element)[1406]" classname="fr.eseo.e3.poo.projet.blox.modele.pieces.ElementTest" time="0.0"/>
  <testcase name="testEqualNonEgalite(Element, Element)[1407]" classname="fr.eseo.e3.poo.projet.blox.modele.pieces.ElementTest" time="0.0"/>
  <testcase name="testEqualNonEgalite(Element, Element)[1408]" classname="fr.eseo.e3.poo.projet.blox.modele.pieces.ElementTest" time="0.001"/>
  <testcase name="testEqualNonEgalite(Element, Element)[1409]" classname="fr.eseo.e3.poo.projet.blox.modele.pieces.ElementTest" time="0.0"/>
  <testcase name="testEqualNonEgalite(Element, Element)[1410]" classname="fr.eseo.e3.poo.projet.blox.modele.pieces.ElementTest" time="0.0"/>
  <testcase name="testEqualNonEgalite(Element, Element)[1411]" classname="fr.eseo.e3.poo.projet.blox.modele.pieces.ElementTest" time="0.0"/>
  <testcase name="testEqualNonEgalite(Element, Element)[1412]" classname="fr.eseo.e3.poo.projet.blox.modele.pieces.ElementTest" time="0.001"/>
  <testcase name="testEqualNonEgalite(Element, Element)[1413]" classname="fr.eseo.e3.poo.projet.blox.modele.pieces.ElementTest" time="0.0"/>
  <testcase name="testEqualNonEgalite(Element, Element)[1414]" classname="fr.eseo.e3.poo.projet.blox.modele.pieces.ElementTest" time="0.0"/>
  <testcase name="testEqualNonEgalite(Element, Element)[1415]" classname="fr.eseo.e3.poo.projet.blox.modele.pieces.ElementTest" time="0.0"/>
  <testcase name="testEqualNonEgalite(Element, Element)[1416]" classname="fr.eseo.e3.poo.projet.blox.modele.pieces.ElementTest" time="0.0"/>
  <testcase name="testEqualNonEgalite(Element, Element)[1417]" classname="fr.eseo.e3.poo.projet.blox.modele.pieces.ElementTest" time="0.0"/>
  <testcase name="testEqualNonEgalite(Element, Element)[1418]" classname="fr.eseo.e3.poo.projet.blox.modele.pieces.ElementTest" time="0.0"/>
  <testcase name="testEqualNonEgalite(Element, Element)[1419]" classname="fr.eseo.e3.poo.projet.blox.modele.pieces.ElementTest" time="0.0"/>
  <testcase name="testEqualNonEgalite(Element, Element)[1420]" classname="fr.eseo.e3.poo.projet.blox.modele.pieces.ElementTest" time="0.0"/>
  <testcase name="testEqualNonEgalite(Element, Element)[1421]" classname="fr.eseo.e3.poo.projet.blox.modele.pieces.ElementTest" time="0.0"/>
  <testcase name="testEqualNonEgalite(Element, Element)[1422]" classname="fr.eseo.e3.poo.projet.blox.modele.pieces.ElementTest" time="0.001"/>
  <testcase name="testEqualNonEgalite(Element, Element)[1423]" classname="fr.eseo.e3.poo.projet.blox.modele.pieces.ElementTest" time="0.0"/>
  <testcase name="testEqualNonEgalite(Element, Element)[1424]" classname="fr.eseo.e3.poo.projet.blox.modele.pieces.ElementTest" time="0.0"/>
  <testcase name="testEqualNonEgalite(Element, Element)[1425]" classname="fr.eseo.e3.poo.projet.blox.modele.pieces.ElementTest" time="0.0"/>
  <testcase name="testEqualNonEgalite(Element, Element)[1426]" classname="fr.eseo.e3.poo.projet.blox.modele.pieces.ElementTest" time="0.001"/>
  <testcase name="testEqualNonEgalite(Element, Element)[1427]" classname="fr.eseo.e3.poo.projet.blox.modele.pieces.ElementTest" time="0.0"/>
  <testcase name="testEqualNonEgalite(Element, Element)[1428]" classname="fr.eseo.e3.poo.projet.blox.modele.pieces.ElementTest" time="0.0"/>
  <testcase name="testEqualNonEgalite(Element, Element)[1429]" classname="fr.eseo.e3.poo.projet.blox.modele.pieces.ElementTest" time="0.0"/>
  <testcase name="testEqualNonEgalite(Element, Element)[1430]" classname="fr.eseo.e3.poo.projet.blox.modele.pieces.ElementTest" time="0.0"/>
  <testcase name="testEqualNonEgalite(Element, Element)[1431]" classname="fr.eseo.e3.poo.projet.blox.modele.pieces.ElementTest" time="0.0"/>
  <testcase name="testEqualNonEgalite(Element, Element)[1432]" classname="fr.eseo.e3.poo.projet.blox.modele.pieces.ElementTest" time="0.001"/>
  <testcase name="testEqualNonEgalite(Element, Element)[1433]" classname="fr.eseo.e3.poo.projet.blox.modele.pieces.ElementTest" time="0.0"/>
  <testcase name="testEqualNonEgalite(Element, Element)[1434]" classname="fr.eseo.e3.poo.projet.blox.modele.pieces.ElementTest" time="0.0"/>
  <testcase name="testEqualNonEgalite(Element, Element)[1435]" classname="fr.eseo.e3.poo.projet.blox.modele.pieces.ElementTest" time="0.001"/>
  <testcase name="testEqualNonEgalite(Element, Element)[1436]" classname="fr.eseo.e3.poo.projet.blox.modele.pieces.ElementTest" time="0.0"/>
  <testcase name="testEqualNonEgalite(Element, Element)[1437]" classname="fr.eseo.e3.poo.projet.blox.modele.pieces.ElementTest" time="0.0"/>
  <testcase name="testEqualNonEgalite(Element, Element)[1438]" classname="fr.eseo.e3.poo.projet.blox.modele.pieces.ElementTest" time="0.0"/>
  <testcase name="testEqualNonEgalite(Element, Element)[1439]" classname="fr.eseo.e3.poo.projet.blox.modele.pieces.ElementTest" time="0.001"/>
  <testcase name="testEqualNonEgalite(Element, Element)[1440]" classname="fr.eseo.e3.poo.projet.blox.modele.pieces.ElementTest" time="0.001"/>
  <testcase name="testEqualNonEgalite(Element, Element)[1441]" classname="fr.eseo.e3.poo.projet.blox.modele.pieces.ElementTest" time="0.0"/>
  <testcase name="testEqualNonEgalite(Element, Element)[1442]" classname="fr.eseo.e3.poo.projet.blox.modele.pieces.ElementTest" time="0.0"/>
  <testcase name="testEqualNonEgalite(Element, Element)[1443]" classname="fr.eseo.e3.poo.projet.blox.modele.pieces.ElementTest" time="0.0"/>
  <testcase name="testEqualNonEgalite(Element, Element)[1444]" classname="fr.eseo.e3.poo.projet.blox.modele.pieces.ElementTest" time="0.001"/>
  <testcase name="testEqualNonEgalite(Element, Element)[1445]" classname="fr.eseo.e3.poo.projet.blox.modele.pieces.ElementTest" time="0.0"/>
  <testcase name="testEqualNonEgalite(Element, Element)[1446]" classname="fr.eseo.e3.poo.projet.blox.modele.pieces.ElementTest" time="0.0"/>
  <testcase name="testEqualNonEgalite(Element, Element)[1447]" classname="fr.eseo.e3.poo.projet.blox.modele.pieces.ElementTest" time="0.001"/>
  <testcase name="testEqualNonEgalite(Element, Element)[1448]" classname="fr.eseo.e3.poo.projet.blox.modele.pieces.ElementTest" time="0.0"/>
  <testcase name="testEqualNonEgalite(Element, Element)[1449]" classname="fr.eseo.e3.poo.projet.blox.modele.pieces.ElementTest" time="0.001"/>
  <testcase name="testEqualNonEgalite(Element, Element)[1450]" classname="fr.eseo.e3.poo.projet.blox.modele.pieces.ElementTest" time="0.0"/>
  <testcase name="testEqualNonEgalite(Element, Element)[1451]" classname="fr.eseo.e3.poo.projet.blox.modele.pieces.ElementTest" time="0.0"/>
  <testcase name="testEqualNonEgalite(Element, Element)[1452]" classname="fr.eseo.e3.poo.projet.blox.modele.pieces.ElementTest" time="0.001"/>
  <testcase name="testEqualNonEgalite(Element, Element)[1453]" classname="fr.eseo.e3.poo.projet.blox.modele.pieces.ElementTest" time="0.0"/>
  <testcase name="testEqualNonEgalite(Element, Element)[1454]" classname="fr.eseo.e3.poo.projet.blox.modele.pieces.ElementTest" time="0.0"/>
  <testcase name="testEqualNonEgalite(Element, Element)[1455]" classname="fr.eseo.e3.poo.projet.blox.modele.pieces.ElementTest" time="0.0"/>
  <testcase name="testEqualNonEgalite(Element, Element)[1456]" classname="fr.eseo.e3.poo.projet.blox.modele.pieces.ElementTest" time="0.0"/>
  <testcase name="testEqualNonEgalite(Element, Element)[1457]" classname="fr.eseo.e3.poo.projet.blox.modele.pieces.ElementTest" time="0.0"/>
  <testcase name="testEqualNonEgalite(Element, Element)[1458]" classname="fr.eseo.e3.poo.projet.blox.modele.pieces.ElementTest" time="0.0"/>
  <testcase name="testEqualNonEgalite(Element, Element)[1459]" classname="fr.eseo.e3.poo.projet.blox.modele.pieces.ElementTest" time="0.0"/>
  <testcase name="testEqualNonEgalite(Element, Element)[1460]" classname="fr.eseo.e3.poo.projet.blox.modele.pieces.ElementTest" time="0.0"/>
  <testcase name="testEqualNonEgalite(Element, Element)[1461]" classname="fr.eseo.e3.poo.projet.blox.modele.pieces.ElementTest" time="0.001"/>
  <testcase name="testEqualNonEgalite(Element, Element)[1462]" classname="fr.eseo.e3.poo.projet.blox.modele.pieces.ElementTest" time="0.0"/>
  <testcase name="testEqualNonEgalite(Element, Element)[1463]" classname="fr.eseo.e3.poo.projet.blox.modele.pieces.ElementTest" time="0.001"/>
  <testcase name="testEqualNonEgalite(Element, Element)[1464]" classname="fr.eseo.e3.poo.projet.blox.modele.pieces.ElementTest" time="0.0"/>
  <testcase name="testEqualNonEgalite(Element, Element)[1465]" classname="fr.eseo.e3.poo.projet.blox.modele.pieces.ElementTest" time="0.0"/>
  <testcase name="testEqualNonEgalite(Element, Element)[1466]" classname="fr.eseo.e3.poo.projet.blox.modele.pieces.ElementTest" time="0.001"/>
  <testcase name="testEqualNonEgalite(Element, Element)[1467]" classname="fr.eseo.e3.poo.projet.blox.modele.pieces.ElementTest" time="0.0"/>
  <testcase name="testEqualNonEgalite(Element, Element)[1468]" classname="fr.eseo.e3.poo.projet.blox.modele.pieces.ElementTest" time="0.0"/>
  <testcase name="testEqualNonEgalite(Element, Element)[1469]" classname="fr.eseo.e3.poo.projet.blox.modele.pieces.ElementTest" time="0.0"/>
  <testcase name="testEqualNonEgalite(Element, Element)[1470]" classname="fr.eseo.e3.poo.projet.blox.modele.pieces.ElementTest" time="0.0"/>
  <testcase name="testEqualNonEgalite(Element, Element)[1471]" classname="fr.eseo.e3.poo.projet.blox.modele.pieces.ElementTest" time="0.001"/>
  <testcase name="testEqualNonEgalite(Element, Element)[1472]" classname="fr.eseo.e3.poo.projet.blox.modele.pieces.ElementTest" time="0.0"/>
  <testcase name="testEqualNonEgalite(Element, Element)[1473]" classname="fr.eseo.e3.poo.projet.blox.modele.pieces.ElementTest" time="0.0"/>
  <testcase name="testEqualNonEgalite(Element, Element)[1474]" classname="fr.eseo.e3.poo.projet.blox.modele.pieces.ElementTest" time="0.001"/>
  <testcase name="testEqualNonEgalite(Element, Element)[1475]" classname="fr.eseo.e3.poo.projet.blox.modele.pieces.ElementTest" time="0.0"/>
  <testcase name="testEqualNonEgalite(Element, Element)[1476]" classname="fr.eseo.e3.poo.projet.blox.modele.pieces.ElementTest" time="0.0"/>
  <testcase name="testEqualNonEgalite(Element, Element)[1477]" classname="fr.eseo.e3.poo.projet.blox.modele.pieces.ElementTest" time="0.001"/>
  <testcase name="testEqualNonEgalite(Element, Element)[1478]" classname="fr.eseo.e3.poo.projet.blox.modele.pieces.ElementTest" time="0.0"/>
  <testcase name="testEqualNonEgalite(Element, Element)[1479]" classname="fr.eseo.e3.poo.projet.blox.modele.pieces.ElementTest" time="0.0"/>
  <testcase name="testEqualNonEgalite(Element, Element)[1480]" classname="fr.eseo.e3.poo.projet.blox.modele.pieces.ElementTest" time="0.0"/>
  <testcase name="testEqualNonEgalite(Element, Element)[1481]" classname="fr.eseo.e3.poo.projet.blox.modele.pieces.ElementTest" time="0.0"/>
  <testcase name="testEqualNonEgalite(Element, Element)[1482]" classname="fr.eseo.e3.poo.projet.blox.modele.pieces.ElementTest" time="0.0"/>
  <testcase name="testEqualNonEgalite(Element, Element)[1483]" classname="fr.eseo.e3.poo.projet.blox.modele.pieces.ElementTest" time="0.0"/>
  <testcase name="testEqualNonEgalite(Element, Element)[1484]" classname="fr.eseo.e3.poo.projet.blox.modele.pieces.ElementTest" time="0.0"/>
  <testcase name="testEqualNonEgalite(Element, Element)[1485]" classname="fr.eseo.e3.poo.projet.blox.modele.pieces.ElementTest" time="0.001"/>
  <testcase name="testEqualNonEgalite(Element, Element)[1486]" classname="fr.eseo.e3.poo.projet.blox.modele.pieces.ElementTest" time="0.0"/>
  <testcase name="testEqualNonEgalite(Element, Element)[1487]" classname="fr.eseo.e3.poo.projet.blox.modele.pieces.ElementTest" time="0.0"/>
  <testcase name="testEqualNonEgalite(Element, Element)[1488]" classname="fr.eseo.e3.poo.projet.blox.modele.pieces.ElementTest" time="0.001"/>
  <testcase name="testEqualNonEgalite(Element, Element)[1489]" classname="fr.eseo.e3.poo.projet.blox.modele.pieces.ElementTest" time="0.0"/>
  <testcase name="testEqualNonEgalite(Element, Element)[1490]" classname="fr.eseo.e3.poo.projet.blox.modele.pieces.ElementTest" time="0.0"/>
  <testcase name="testEqualNonEgalite(Element, Element)[1491]" classname="fr.eseo.e3.poo.projet.blox.modele.pieces.ElementTest" time="0.001"/>
  <testcase name="testEqualNonEgalite(Element, Element)[1492]" classname="fr.eseo.e3.poo.projet.blox.modele.pieces.ElementTest" time="0.0"/>
  <testcase name="testEqualNonEgalite(Element, Element)[1493]" classname="fr.eseo.e3.poo.projet.blox.modele.pieces.ElementTest" time="0.0"/>
  <testcase name="testEqualNonEgalite(Element, Element)[1494]" classname="fr.eseo.e3.poo.projet.blox.modele.pieces.ElementTest" time="0.001"/>
  <testcase name="testEqualNonEgalite(Element, Element)[1495]" classname="fr.eseo.e3.poo.projet.blox.modele.pieces.ElementTest" time="0.0"/>
  <testcase name="testEqualNonEgalite(Element, Element)[1496]" classname="fr.eseo.e3.poo.projet.blox.modele.pieces.ElementTest" time="0.0"/>
  <testcase name="testEqualNonEgalite(Element, Element)[1497]" classname="fr.eseo.e3.poo.projet.blox.modele.pieces.ElementTest" time="0.001"/>
  <testcase name="testEqualNonEgalite(Element, Element)[1498]" classname="fr.eseo.e3.poo.projet.blox.modele.pieces.ElementTest" time="0.0"/>
  <testcase name="testEqualNonEgalite(Element, Element)[1499]" classname="fr.eseo.e3.poo.projet.blox.modele.pieces.ElementTest" time="0.0"/>
  <testcase name="testEqualNonEgalite(Element, Element)[1500]" classname="fr.eseo.e3.poo.projet.blox.modele.pieces.ElementTest" time="0.001"/>
  <testcase name="testEqualNonEgalite(Element, Element)[1501]" classname="fr.eseo.e3.poo.projet.blox.modele.pieces.ElementTest" time="0.0"/>
  <testcase name="testEqualNonEgalite(Element, Element)[1502]" classname="fr.eseo.e3.poo.projet.blox.modele.pieces.ElementTest" time="0.0"/>
  <testcase name="testEqualNonEgalite(Element, Element)[1503]" classname="fr.eseo.e3.poo.projet.blox.modele.pieces.ElementTest" time="0.0"/>
  <testcase name="testEqualNonEgalite(Element, Element)[1504]" classname="fr.eseo.e3.poo.projet.blox.modele.pieces.ElementTest" time="0.0"/>
  <testcase name="testEqualNonEgalite(Element, Element)[1505]" classname="fr.eseo.e3.poo.projet.blox.modele.pieces.ElementTest" time="0.0"/>
  <testcase name="testEqualNonEgalite(Element, Element)[1506]" classname="fr.eseo.e3.poo.projet.blox.modele.pieces.ElementTest" time="0.001"/>
  <testcase name="testEqualNonEgalite(Element, Element)[1507]" classname="fr.eseo.e3.poo.projet.blox.modele.pieces.ElementTest" time="0.0"/>
  <testcase name="testEqualNonEgalite(Element, Element)[1508]" classname="fr.eseo.e3.poo.projet.blox.modele.pieces.ElementTest" time="0.0"/>
  <testcase name="testEqualNonEgalite(Element, Element)[1509]" classname="fr.eseo.e3.poo.projet.blox.modele.pieces.ElementTest" time="0.0"/>
  <testcase name="testEqualNonEgalite(Element, Element)[1510]" classname="fr.eseo.e3.poo.projet.blox.modele.pieces.ElementTest" time="0.0"/>
  <testcase name="testEqualNonEgalite(Element, Element)[1511]" classname="fr.eseo.e3.poo.projet.blox.modele.pieces.ElementTest" time="0.001"/>
  <testcase name="testEqualNonEgalite(Element, Element)[1512]" classname="fr.eseo.e3.poo.projet.blox.modele.pieces.ElementTest" time="0.0"/>
  <testcase name="testEqualNonEgalite(Element, Element)[1513]" classname="fr.eseo.e3.poo.projet.blox.modele.pieces.ElementTest" time="0.0"/>
  <testcase name="testEqualNonEgalite(Element, Element)[1514]" classname="fr.eseo.e3.poo.projet.blox.modele.pieces.ElementTest" time="0.0"/>
  <testcase name="testEqualNonEgalite(Element, Element)[1515]" classname="fr.eseo.e3.poo.projet.blox.modele.pieces.ElementTest" time="0.0"/>
  <testcase name="testEqualNonEgalite(Element, Element)[1516]" classname="fr.eseo.e3.poo.projet.blox.modele.pieces.ElementTest" time="0.001"/>
  <testcase name="testEqualNonEgalite(Element, Element)[1517]" classname="fr.eseo.e3.poo.projet.blox.modele.pieces.ElementTest" time="0.0"/>
  <testcase name="testEqualNonEgalite(Element, Element)[1518]" classname="fr.eseo.e3.poo.projet.blox.modele.pieces.ElementTest" time="0.001"/>
  <testcase name="testEqualNonEgalite(Element, Element)[1519]" classname="fr.eseo.e3.poo.projet.blox.modele.pieces.ElementTest" time="0.0"/>
  <testcase name="testEqualNonEgalite(Element, Element)[1520]" classname="fr.eseo.e3.poo.projet.blox.modele.pieces.ElementTest" time="0.0"/>
  <testcase name="testEqualNonEgalite(Element, Element)[1521]" classname="fr.eseo.e3.poo.projet.blox.modele.pieces.ElementTest" time="0.0"/>
  <testcase name="testEqualNonEgalite(Element, Element)[1522]" classname="fr.eseo.e3.poo.projet.blox.modele.pieces.ElementTest" time="0.0"/>
  <testcase name="testEqualNonEgalite(Element, Element)[1523]" classname="fr.eseo.e3.poo.projet.blox.modele.pieces.ElementTest" time="0.0"/>
  <testcase name="testEqualNonEgalite(Element, Element)[1524]" classname="fr.eseo.e3.poo.projet.blox.modele.pieces.ElementTest" time="0.0"/>
  <testcase name="testEqualNonEgalite(Element, Element)[1525]" classname="fr.eseo.e3.poo.projet.blox.modele.pieces.ElementTest" time="0.0"/>
  <testcase name="testEqualNonEgalite(Element, Element)[1526]" classname="fr.eseo.e3.poo.projet.blox.modele.pieces.ElementTest" time="0.0"/>
  <testcase name="testEqualNonEgalite(Element, Element)[1527]" classname="fr.eseo.e3.poo.projet.blox.modele.pieces.ElementTest" time="0.001"/>
  <testcase name="testEqualNonEgalite(Element, Element)[1528]" classname="fr.eseo.e3.poo.projet.blox.modele.pieces.ElementTest" time="0.0"/>
  <testcase name="testEqualNonEgalite(Element, Element)[1529]" classname="fr.eseo.e3.poo.projet.blox.modele.pieces.ElementTest" time="0.0"/>
  <testcase name="testEqualNonEgalite(Element, Element)[1530]" classname="fr.eseo.e3.poo.projet.blox.modele.pieces.ElementTest" time="0.0"/>
  <testcase name="testEqualNonEgalite(Element, Element)[1531]" classname="fr.eseo.e3.poo.projet.blox.modele.pieces.ElementTest" time="0.0"/>
  <testcase name="testEqualNonEgalite(Element, Element)[1532]" classname="fr.eseo.e3.poo.projet.blox.modele.pieces.ElementTest" time="0.0"/>
  <testcase name="testEqualNonEgalite(Element, Element)[1533]" classname="fr.eseo.e3.poo.projet.blox.modele.pieces.ElementTest" time="0.0"/>
  <testcase name="testEqualNonEgalite(Element, Element)[1534]" classname="fr.eseo.e3.poo.projet.blox.modele.pieces.ElementTest" time="0.0"/>
  <testcase name="testEqualNonEgalite(Element, Element)[1535]" classname="fr.eseo.e3.poo.projet.blox.modele.pieces.ElementTest" time="0.0"/>
  <testcase name="testEqualNonEgalite(Element, Element)[1536]" classname="fr.eseo.e3.poo.projet.blox.modele.pieces.ElementTest" time="0.0"/>
  <testcase name="testEqualNonEgalite(Element, Element)[1537]" classname="fr.eseo.e3.poo.projet.blox.modele.pieces.ElementTest" time="0.0"/>
  <testcase name="testEqualNonEgalite(Element, Element)[1538]" classname="fr.eseo.e3.poo.projet.blox.modele.pieces.ElementTest" time="0.0"/>
  <testcase name="testEqualNonEgalite(Element, Element)[1539]" classname="fr.eseo.e3.poo.projet.blox.modele.pieces.ElementTest" time="0.0"/>
  <testcase name="testEqualNonEgalite(Element, Element)[1540]" classname="fr.eseo.e3.poo.projet.blox.modele.pieces.ElementTest" time="0.001"/>
  <testcase name="testEqualNonEgalite(Element, Element)[1541]" classname="fr.eseo.e3.poo.projet.blox.modele.pieces.ElementTest" time="0.0"/>
  <testcase name="testEqualNonEgalite(Element, Element)[1542]" classname="fr.eseo.e3.poo.projet.blox.modele.pieces.ElementTest" time="0.0"/>
  <testcase name="testEqualNonEgalite(Element, Element)[1543]" classname="fr.eseo.e3.poo.projet.blox.modele.pieces.ElementTest" time="0.0"/>
  <testcase name="testEqualNonEgalite(Element, Element)[1544]" classname="fr.eseo.e3.poo.projet.blox.modele.pieces.ElementTest" time="0.001"/>
  <testcase name="testEqualNonEgalite(Element, Element)[1545]" classname="fr.eseo.e3.poo.projet.blox.modele.pieces.ElementTest" time="0.0"/>
  <testcase name="testEqualNonEgalite(Element, Element)[1546]" classname="fr.eseo.e3.poo.projet.blox.modele.pieces.ElementTest" time="0.0"/>
  <testcase name="testEqualNonEgalite(Element, Element)[1547]" classname="fr.eseo.e3.poo.projet.blox.modele.pieces.ElementTest" time="0.0"/>
  <testcase name="testEqualNonEgalite(Element, Element)[1548]" classname="fr.eseo.e3.poo.projet.blox.modele.pieces.ElementTest" time="0.0"/>
  <testcase name="testEqualNonEgalite(Element, Element)[1549]" classname="fr.eseo.e3.poo.projet.blox.modele.pieces.ElementTest" time="0.001"/>
  <testcase name="testEqualNonEgalite(Element, Element)[1550]" classname="fr.eseo.e3.poo.projet.blox.modele.pieces.ElementTest" time="0.0"/>
  <testcase name="testEqualNonEgalite(Element, Element)[1551]" classname="fr.eseo.e3.poo.projet.blox.modele.pieces.ElementTest" time="0.0"/>
  <testcase name="testEqualNonEgalite(Element, Element)[1552]" classname="fr.eseo.e3.poo.projet.blox.modele.pieces.ElementTest" time="0.0"/>
  <testcase name="testEqualNonEgalite(Element, Element)[1553]" classname="fr.eseo.e3.poo.projet.blox.modele.pieces.ElementTest" time="0.001"/>
  <testcase name="testEqualNonEgalite(Element, Element)[1554]" classname="fr.eseo.e3.poo.projet.blox.modele.pieces.ElementTest" time="0.0"/>
  <testcase name="testEqualNonEgalite(Element, Element)[1555]" classname="fr.eseo.e3.poo.projet.blox.modele.pieces.ElementTest" time="0.0"/>
  <testcase name="testEqualNonEgalite(Element, Element)[1556]" classname="fr.eseo.e3.poo.projet.blox.modele.pieces.ElementTest" time="0.0"/>
  <testcase name="testEqualNonEgalite(Element, Element)[1557]" classname="fr.eseo.e3.poo.projet.blox.modele.pieces.ElementTest" time="0.001"/>
  <testcase name="testEqualNonEgalite(Element, Element)[1558]" classname="fr.eseo.e3.poo.projet.blox.modele.pieces.ElementTest" time="0.0"/>
  <testcase name="testEqualNonEgalite(Element, Element)[1559]" classname="fr.eseo.e3.poo.projet.blox.modele.pieces.ElementTest" time="0.0"/>
  <testcase name="testEqualNonEgalite(Element, Element)[1560]" classname="fr.eseo.e3.poo.projet.blox.modele.pieces.ElementTest" time="0.0"/>
  <testcase name="testEqualNonEgalite(Element, Element)[1561]" classname="fr.eseo.e3.poo.projet.blox.modele.pieces.ElementTest" time="0.0"/>
  <testcase name="testEqualNonEgalite(Element, Element)[1562]" classname="fr.eseo.e3.poo.projet.blox.modele.pieces.ElementTest" time="0.0"/>
  <testcase name="testEqualNonEgalite(Element, Element)[1563]" classname="fr.eseo.e3.poo.projet.blox.modele.pieces.ElementTest" time="0.0"/>
  <testcase name="testEqualNonEgalite(Element, Element)[1564]" classname="fr.eseo.e3.poo.projet.blox.modele.pieces.ElementTest" time="0.0"/>
  <testcase name="testEqualNonEgalite(Element, Element)[1565]" classname="fr.eseo.e3.poo.projet.blox.modele.pieces.ElementTest" time="0.0"/>
  <testcase name="testEqualNonEgalite(Element, Element)[1566]" classname="fr.eseo.e3.poo.projet.blox.modele.pieces.ElementTest" time="0.001"/>
  <testcase name="testEqualNonEgalite(Element, Element)[1567]" classname="fr.eseo.e3.poo.projet.blox.modele.pieces.ElementTest" time="0.0"/>
  <testcase name="testEqualNonEgalite(Element, Element)[1568]" classname="fr.eseo.e3.poo.projet.blox.modele.pieces.ElementTest" time="0.0"/>
  <testcase name="testEqualNonEgalite(Element, Element)[1569]" classname="fr.eseo.e3.poo.projet.blox.modele.pieces.ElementTest" time="0.0"/>
  <testcase name="testEqualNonEgalite(Element, Element)[1570]" classname="fr.eseo.e3.poo.projet.blox.modele.pieces.ElementTest" time="0.0"/>
  <testcase name="testEqualNonEgalite(Element, Element)[1571]" classname="fr.eseo.e3.poo.projet.blox.modele.pieces.ElementTest" time="0.0"/>
  <testcase name="testEqualNonEgalite(Element, Element)[1572]" classname="fr.eseo.e3.poo.projet.blox.modele.pieces.ElementTest" time="0.001"/>
  <testcase name="testEqualNonEgalite(Element, Element)[1573]" classname="fr.eseo.e3.poo.projet.blox.modele.pieces.ElementTest" time="0.0"/>
  <testcase name="testEqualNonEgalite(Element, Element)[1574]" classname="fr.eseo.e3.poo.projet.blox.modele.pieces.ElementTest" time="0.001"/>
  <testcase name="testEqualNonEgalite(Element, Element)[1575]" classname="fr.eseo.e3.poo.projet.blox.modele.pieces.ElementTest" time="0.0"/>
  <testcase name="testEqualNonEgalite(Element, Element)[1576]" classname="fr.eseo.e3.poo.projet.blox.modele.pieces.ElementTest" time="0.0"/>
  <testcase name="testEqualNonEgalite(Element, Element)[1577]" classname="fr.eseo.e3.poo.projet.blox.modele.pieces.ElementTest" time="0.0"/>
  <testcase name="testEqualNonEgalite(Element, Element)[1578]" classname="fr.eseo.e3.poo.projet.blox.modele.pieces.ElementTest" time="0.0"/>
  <testcase name="testEqualNonEgalite(Element, Element)[1579]" classname="fr.eseo.e3.poo.projet.blox.modele.pieces.ElementTest" time="0.001"/>
  <testcase name="testEqualNonEgalite(Element, Element)[1580]" classname="fr.eseo.e3.poo.projet.blox.modele.pieces.ElementTest" time="0.0"/>
  <testcase name="testEqualNonEgalite(Element, Element)[1581]" classname="fr.eseo.e3.poo.projet.blox.modele.pieces.ElementTest" time="0.0"/>
  <testcase name="testEqualNonEgalite(Element, Element)[1582]" classname="fr.eseo.e3.poo.projet.blox.modele.pieces.ElementTest" time="0.001"/>
  <testcase name="testEqualNonEgalite(Element, Element)[1583]" classname="fr.eseo.e3.poo.projet.blox.modele.pieces.ElementTest" time="0.0"/>
  <testcase name="testEqualNonEgalite(Element, Element)[1584]" classname="fr.eseo.e3.poo.projet.blox.modele.pieces.ElementTest" time="0.0"/>
  <testcase name="testEqualNonEgalite(Element, Element)[1585]" classname="fr.eseo.e3.poo.projet.blox.modele.pieces.ElementTest" time="0.0"/>
  <testcase name="testEqualNonEgalite(Element, Element)[1586]" classname="fr.eseo.e3.poo.projet.blox.modele.pieces.ElementTest" time="0.0"/>
  <testcase name="testEqualNonEgalite(Element, Element)[1587]" classname="fr.eseo.e3.poo.projet.blox.modele.pieces.ElementTest" time="0.0"/>
  <testcase name="testEqualNonEgalite(Element, Element)[1588]" classname="fr.eseo.e3.poo.projet.blox.modele.pieces.ElementTest" time="0.0"/>
  <testcase name="testEqualNonEgalite(Element, Element)[1589]" classname="fr.eseo.e3.poo.projet.blox.modele.pieces.ElementTest" time="0.001"/>
  <testcase name="testEqualNonEgalite(Element, Element)[1590]" classname="fr.eseo.e3.poo.projet.blox.modele.pieces.ElementTest" time="0.0"/>
  <testcase name="testEqualNonEgalite(Element, Element)[1591]" classname="fr.eseo.e3.poo.projet.blox.modele.pieces.ElementTest" time="0.001"/>
  <testcase name="testEqualNonEgalite(Element, Element)[1592]" classname="fr.eseo.e3.poo.projet.blox.modele.pieces.ElementTest" time="0.0"/>
  <testcase name="testEqualNonEgalite(Element, Element)[1593]" classname="fr.eseo.e3.poo.projet.blox.modele.pieces.ElementTest" time="0.0"/>
  <testcase name="testEqualNonEgalite(Element, Element)[1594]" classname="fr.eseo.e3.poo.projet.blox.modele.pieces.ElementTest" time="0.0"/>
  <testcase name="testEqualNonEgalite(Element, Element)[1595]" classname="fr.eseo.e3.poo.projet.blox.modele.pieces.ElementTest" time="0.0"/>
  <testcase name="testEqualNonEgalite(Element, Element)[1596]" classname="fr.eseo.e3.poo.projet.blox.modele.pieces.ElementTest" time="0.0"/>
  <testcase name="testEqualNonEgalite(Element, Element)[1597]" classname="fr.eseo.e3.poo.projet.blox.modele.pieces.ElementTest" time="0.001"/>
  <testcase name="testEqualNonEgalite(Element, Element)[1598]" classname="fr.eseo.e3.poo.projet.blox.modele.pieces.ElementTest" time="0.0"/>
  <testcase name="testEqualNonEgalite(Element, Element)[1599]" classname="fr.eseo.e3.poo.projet.blox.modele.pieces.ElementTest" time="0.0"/>
  <testcase name="testEqualNonEgalite(Element, Element)[1600]" classname="fr.eseo.e3.poo.projet.blox.modele.pieces.ElementTest" time="0.001"/>
  <testcase name="testEqualNonEgalite(Element, Element)[1601]" classname="fr.eseo.e3.poo.projet.blox.modele.pieces.ElementTest" time="0.0"/>
  <testcase name="testEqualNonEgalite(Element, Element)[1602]" classname="fr.eseo.e3.poo.projet.blox.modele.pieces.ElementTest" time="0.0"/>
  <testcase name="testEqualNonEgalite(Element, Element)[1603]" classname="fr.eseo.e3.poo.projet.blox.modele.pieces.ElementTest" time="0.001"/>
  <testcase name="testEqualNonEgalite(Element, Element)[1604]" classname="fr.eseo.e3.poo.projet.blox.modele.pieces.ElementTest" time="0.0"/>
  <testcase name="testEqualNonEgalite(Element, Element)[1605]" classname="fr.eseo.e3.poo.projet.blox.modele.pieces.ElementTest" time="0.0"/>
  <testcase name="testEqualNonEgalite(Element, Element)[1606]" classname="fr.eseo.e3.poo.projet.blox.modele.pieces.ElementTest" time="0.0"/>
  <testcase name="testEqualNonEgalite(Element, Element)[1607]" classname="fr.eseo.e3.poo.projet.blox.modele.pieces.ElementTest" time="0.0"/>
  <testcase name="testEqualNonEgalite(Element, Element)[1608]" classname="fr.eseo.e3.poo.projet.blox.modele.pieces.ElementTest" time="0.0"/>
  <testcase name="testEqualNonEgalite(Element, Element)[1609]" classname="fr.eseo.e3.poo.projet.blox.modele.pieces.ElementTest" time="0.0"/>
  <testcase name="testEqualNonEgalite(Element, Element)[1610]" classname="fr.eseo.e3.poo.projet.blox.modele.pieces.ElementTest" time="0.0"/>
  <testcase name="testEqualNonEgalite(Element, Element)[1611]" classname="fr.eseo.e3.poo.projet.blox.modele.pieces.ElementTest" time="0.0"/>
  <testcase name="testEqualNonEgalite(Element, Element)[1612]" classname="fr.eseo.e3.poo.projet.blox.modele.pieces.ElementTest" time="0.0"/>
  <testcase name="testEqualNonEgalite(Element, Element)[1613]" classname="fr.eseo.e3.poo.projet.blox.modele.pieces.ElementTest" time="0.0"/>
  <testcase name="testEqualNonEgalite(Element, Element)[1614]" classname="fr.eseo.e3.poo.projet.blox.modele.pieces.ElementTest" time="0.0"/>
  <testcase name="testEqualNonEgalite(Element, Element)[1615]" classname="fr.eseo.e3.poo.projet.blox.modele.pieces.ElementTest" time="0.0"/>
  <testcase name="testEqualNonEgalite(Element, Element)[1616]" classname="fr.eseo.e3.poo.projet.blox.modele.pieces.ElementTest" time="0.0"/>
  <testcase name="testEqualNonEgalite(Element, Element)[1617]" classname="fr.eseo.e3.poo.projet.blox.modele.pieces.ElementTest" time="0.0"/>
  <testcase name="testEqualNonEgalite(Element, Element)[1618]" classname="fr.eseo.e3.poo.projet.blox.modele.pieces.ElementTest" time="0.0"/>
  <testcase name="testEqualNonEgalite(Element, Element)[1619]" classname="fr.eseo.e3.poo.projet.blox.modele.pieces.ElementTest" time="0.0"/>
  <testcase name="testEqualNonEgalite(Element, Element)[1620]" classname="fr.eseo.e3.poo.projet.blox.modele.pieces.ElementTest" time="0.001"/>
  <testcase name="testEqualNonEgalite(Element, Element)[1621]" classname="fr.eseo.e3.poo.projet.blox.modele.pieces.ElementTest" time="0.0"/>
  <testcase name="testEqualNonEgalite(Element, Element)[1622]" classname="fr.eseo.e3.poo.projet.blox.modele.pieces.ElementTest" time="0.0"/>
  <testcase name="testEqualNonEgalite(Element, Element)[1623]" classname="fr.eseo.e3.poo.projet.blox.modele.pieces.ElementTest" time="0.0"/>
  <testcase name="testEqualNonEgalite(Element, Element)[1624]" classname="fr.eseo.e3.poo.projet.blox.modele.pieces.ElementTest" time="0.0"/>
  <testcase name="testEqualNonEgalite(Element, Element)[1625]" classname="fr.eseo.e3.poo.projet.blox.modele.pieces.ElementTest" time="0.0"/>
  <testcase name="testEqualNonEgalite(Element, Element)[1626]" classname="fr.eseo.e3.poo.projet.blox.modele.pieces.ElementTest" time="0.0"/>
  <testcase name="testEqualNonEgalite(Element, Element)[1627]" classname="fr.eseo.e3.poo.projet.blox.modele.pieces.ElementTest" time="0.0"/>
  <testcase name="testEqualNonEgalite(Element, Element)[1628]" classname="fr.eseo.e3.poo.projet.blox.modele.pieces.ElementTest" time="0.0"/>
  <testcase name="testEqualNonEgalite(Element, Element)[1629]" classname="fr.eseo.e3.poo.projet.blox.modele.pieces.ElementTest" time="0.0"/>
  <testcase name="testEqualNonEgalite(Element, Element)[1630]" classname="fr.eseo.e3.poo.projet.blox.modele.pieces.ElementTest" time="0.001"/>
  <testcase name="testEqualNonEgalite(Element, Element)[1631]" classname="fr.eseo.e3.poo.projet.blox.modele.pieces.ElementTest" time="0.0"/>
  <testcase name="testEqualNonEgalite(Element, Element)[1632]" classname="fr.eseo.e3.poo.projet.blox.modele.pieces.ElementTest" time="0.0"/>
  <testcase name="testEqualNonEgalite(Element, Element)[1633]" classname="fr.eseo.e3.poo.projet.blox.modele.pieces.ElementTest" time="0.0"/>
  <testcase name="testEqualNonEgalite(Element, Element)[1634]" classname="fr.eseo.e3.poo.projet.blox.modele.pieces.ElementTest" time="0.0"/>
  <testcase name="testEqualNonEgalite(Element, Element)[1635]" classname="fr.eseo.e3.poo.projet.blox.modele.pieces.ElementTest" time="0.001"/>
  <testcase name="testEqualNonEgalite(Element, Element)[1636]" classname="fr.eseo.e3.poo.projet.blox.modele.pieces.ElementTest" time="0.0"/>
  <testcase name="testEqualNonEgalite(Element, Element)[1637]" classname="fr.eseo.e3.poo.projet.blox.modele.pieces.ElementTest" time="0.0"/>
  <testcase name="testEqualNonEgalite(Element, Element)[1638]" classname="fr.eseo.e3.poo.projet.blox.modele.pieces.ElementTest" time="0.0"/>
  <testcase name="testEqualNonEgalite(Element, Element)[1639]" classname="fr.eseo.e3.poo.projet.blox.modele.pieces.ElementTest" time="0.0"/>
  <testcase name="testEqualNonEgalite(Element, Element)[1640]" classname="fr.eseo.e3.poo.projet.blox.modele.pieces.ElementTest" time="0.0"/>
  <testcase name="testEqualNonEgalite(Element, Element)[1641]" classname="fr.eseo.e3.poo.projet.blox.modele.pieces.ElementTest" time="0.001"/>
  <testcase name="testEqualNonEgalite(Element, Element)[1642]" classname="fr.eseo.e3.poo.projet.blox.modele.pieces.ElementTest" time="0.0"/>
  <testcase name="testEqualNonEgalite(Element, Element)[1643]" classname="fr.eseo.e3.poo.projet.blox.modele.pieces.ElementTest" time="0.0"/>
  <testcase name="testEqualNonEgalite(Element, Element)[1644]" classname="fr.eseo.e3.poo.projet.blox.modele.pieces.ElementTest" time="0.0"/>
  <testcase name="testEqualNonEgalite(Element, Element)[1645]" classname="fr.eseo.e3.poo.projet.blox.modele.pieces.ElementTest" time="0.0"/>
  <testcase name="testEqualNonEgalite(Element, Element)[1646]" classname="fr.eseo.e3.poo.projet.blox.modele.pieces.ElementTest" time="0.0"/>
  <testcase name="testEqualNonEgalite(Element, Element)[1647]" classname="fr.eseo.e3.poo.projet.blox.modele.pieces.ElementTest" time="0.0"/>
  <testcase name="testEqualNonEgalite(Element, Element)[1648]" classname="fr.eseo.e3.poo.projet.blox.modele.pieces.ElementTest" time="0.0"/>
  <testcase name="testEqualNonEgalite(Element, Element)[1649]" classname="fr.eseo.e3.poo.projet.blox.modele.pieces.ElementTest" time="0.0"/>
  <testcase name="testEqualNonEgalite(Element, Element)[1650]" classname="fr.eseo.e3.poo.projet.blox.modele.pieces.ElementTest" time="0.0"/>
  <testcase name="testEqualNonEgalite(Element, Element)[1651]" classname="fr.eseo.e3.poo.projet.blox.modele.pieces.ElementTest" time="0.0"/>
  <testcase name="testEqualNonEgalite(Element, Element)[1652]" classname="fr.eseo.e3.poo.projet.blox.modele.pieces.ElementTest" time="0.0"/>
  <testcase name="testEqualNonEgalite(Element, Element)[1653]" classname="fr.eseo.e3.poo.projet.blox.modele.pieces.ElementTest" time="0.0"/>
  <testcase name="testEqualNonEgalite(Element, Element)[1654]" classname="fr.eseo.e3.poo.projet.blox.modele.pieces.ElementTest" time="0.0"/>
  <testcase name="testEqualNonEgalite(Element, Element)[1655]" classname="fr.eseo.e3.poo.projet.blox.modele.pieces.ElementTest" time="0.001"/>
  <testcase name="testEqualNonEgalite(Element, Element)[1656]" classname="fr.eseo.e3.poo.projet.blox.modele.pieces.ElementTest" time="0.0"/>
  <testcase name="testEqualNonEgalite(Element, Element)[1657]" classname="fr.eseo.e3.poo.projet.blox.modele.pieces.ElementTest" time="0.0"/>
  <testcase name="testEqualNonEgalite(Element, Element)[1658]" classname="fr.eseo.e3.poo.projet.blox.modele.pieces.ElementTest" time="0.0"/>
  <testcase name="testEqualNonEgalite(Element, Element)[1659]" classname="fr.eseo.e3.poo.projet.blox.modele.pieces.ElementTest" time="0.0"/>
  <testcase name="testEqualNonEgalite(Element, Element)[1660]" classname="fr.eseo.e3.poo.projet.blox.modele.pieces.ElementTest" time="0.0"/>
  <testcase name="testEqualNonEgalite(Element, Element)[1661]" classname="fr.eseo.e3.poo.projet.blox.modele.pieces.ElementTest" time="0.0"/>
  <testcase name="testEqualNonEgalite(Element, Element)[1662]" classname="fr.eseo.e3.poo.projet.blox.modele.pieces.ElementTest" time="0.0"/>
  <testcase name="testEqualNonEgalite(Element, Element)[1663]" classname="fr.eseo.e3.poo.projet.blox.modele.pieces.ElementTest" time="0.001"/>
  <testcase name="testEqualNonEgalite(Element, Element)[1664]" classname="fr.eseo.e3.poo.projet.blox.modele.pieces.ElementTest" time="0.0"/>
  <testcase name="testEqualNonEgalite(Element, Element)[1665]" classname="fr.eseo.e3.poo.projet.blox.modele.pieces.ElementTest" time="0.0"/>
  <testcase name="testEqualNonEgalite(Element, Element)[1666]" classname="fr.eseo.e3.poo.projet.blox.modele.pieces.ElementTest" time="0.0"/>
  <testcase name="testEqualNonEgalite(Element, Element)[1667]" classname="fr.eseo.e3.poo.projet.blox.modele.pieces.ElementTest" time="0.001"/>
  <testcase name="testEqualNonEgalite(Element, Element)[1668]" classname="fr.eseo.e3.poo.projet.blox.modele.pieces.ElementTest" time="0.0"/>
  <testcase name="testEqualNonEgalite(Element, Element)[1669]" classname="fr.eseo.e3.poo.projet.blox.modele.pieces.ElementTest" time="0.001"/>
  <testcase name="testEqualNonEgalite(Element, Element)[1670]" classname="fr.eseo.e3.poo.projet.blox.modele.pieces.ElementTest" time="0.0"/>
  <testcase name="testEqualNonEgalite(Element, Element)[1671]" classname="fr.eseo.e3.poo.projet.blox.modele.pieces.ElementTest" time="0.0"/>
  <testcase name="testEqualNonEgalite(Element, Element)[1672]" classname="fr.eseo.e3.poo.projet.blox.modele.pieces.ElementTest" time="0.0"/>
  <testcase name="testEqualNonEgalite(Element, Element)[1673]" classname="fr.eseo.e3.poo.projet.blox.modele.pieces.ElementTest" time="0.0"/>
  <testcase name="testEqualNonEgalite(Element, Element)[1674]" classname="fr.eseo.e3.poo.projet.blox.modele.pieces.ElementTest" time="0.0"/>
  <testcase name="testEqualNonEgalite(Element, Element)[1675]" classname="fr.eseo.e3.poo.projet.blox.modele.pieces.ElementTest" time="0.0"/>
  <testcase name="testEqualNonEgalite(Element, Element)[1676]" classname="fr.eseo.e3.poo.projet.blox.modele.pieces.ElementTest" time="0.0"/>
  <testcase name="testEqualNonEgalite(Element, Element)[1677]" classname="fr.eseo.e3.poo.projet.blox.modele.pieces.ElementTest" time="0.0"/>
  <testcase name="testEqualNonEgalite(Element, Element)[1678]" classname="fr.eseo.e3.poo.projet.blox.modele.pieces.ElementTest" time="0.001"/>
  <testcase name="testEqualNonEgalite(Element, Element)[1679]" classname="fr.eseo.e3.poo.projet.blox.modele.pieces.ElementTest" time="0.0"/>
  <testcase name="testEqualNonEgalite(Element, Element)[1680]" classname="fr.eseo.e3.poo.projet.blox.modele.pieces.ElementTest" time="0.0"/>
  <testcase name="testEqualNonEgalite(Element, Element)[1681]" classname="fr.eseo.e3.poo.projet.blox.modele.pieces.ElementTest" time="0.0"/>
  <testcase name="testEqualNonEgalite(Element, Element)[1682]" classname="fr.eseo.e3.poo.projet.blox.modele.pieces.ElementTest" time="0.0"/>
  <testcase name="testEqualNonEgalite(Element, Element)[1683]" classname="fr.eseo.e3.poo.projet.blox.modele.pieces.ElementTest" time="0.0"/>
  <testcase name="testEqualNonEgalite(Element, Element)[1684]" classname="fr.eseo.e3.poo.projet.blox.modele.pieces.ElementTest" time="0.0"/>
  <testcase name="testEqualNonEgalite(Element, Element)[1685]" classname="fr.eseo.e3.poo.projet.blox.modele.pieces.ElementTest" time="0.0"/>
  <testcase name="testEqualNonEgalite(Element, Element)[1686]" classname="fr.eseo.e3.poo.projet.blox.modele.pieces.ElementTest" time="0.0"/>
  <testcase name="testEqualNonEgalite(Element, Element)[1687]" classname="fr.eseo.e3.poo.projet.blox.modele.pieces.ElementTest" time="0.0"/>
  <testcase name="testEqualNonEgalite(Element, Element)[1688]" classname="fr.eseo.e3.poo.projet.blox.modele.pieces.ElementTest" time="0.0"/>
  <testcase name="testEqualNonEgalite(Element, Element)[1689]" classname="fr.eseo.e3.poo.projet.blox.modele.pieces.ElementTest" time="0.001"/>
  <testcase name="testEqualNonEgalite(Element, Element)[1690]" classname="fr.eseo.e3.poo.projet.blox.modele.pieces.ElementTest" time="0.0"/>
  <testcase name="testEqualNonEgalite(Element, Element)[1691]" classname="fr.eseo.e3.poo.projet.blox.modele.pieces.ElementTest" time="0.0"/>
  <testcase name="testEqualNonEgalite(Element, Element)[1692]" classname="fr.eseo.e3.poo.projet.blox.modele.pieces.ElementTest" time="0.0"/>
  <testcase name="testEqualNonEgalite(Element, Element)[1693]" classname="fr.eseo.e3.poo.projet.blox.modele.pieces.ElementTest" time="0.0"/>
  <testcase name="testEqualNonEgalite(Element, Element)[1694]" classname="fr.eseo.e3.poo.projet.blox.modele.pieces.ElementTest" time="0.0"/>
  <testcase name="testEqualNonEgalite(Element, Element)[1695]" classname="fr.eseo.e3.poo.projet.blox.modele.pieces.ElementTest" time="0.0"/>
  <testcase name="testEqualNonEgalite(Element, Element)[1696]" classname="fr.eseo.e3.poo.projet.blox.modele.pieces.ElementTest" time="0.0"/>
  <testcase name="testEqualNonEgalite(Element, Element)[1697]" classname="fr.eseo.e3.poo.projet.blox.modele.pieces.ElementTest" time="0.001"/>
  <testcase name="testEqualNonEgalite(Element, Element)[1698]" classname="fr.eseo.e3.poo.projet.blox.modele.pieces.ElementTest" time="0.0"/>
  <testcase name="testEqualNonEgalite(Element, Element)[1699]" classname="fr.eseo.e3.poo.projet.blox.modele.pieces.ElementTest" time="0.0"/>
  <testcase name="testEqualNonEgalite(Element, Element)[1700]" classname="fr.eseo.e3.poo.projet.blox.modele.pieces.ElementTest" time="0.0"/>
  <testcase name="testEqualNonEgalite(Element, Element)[1701]" classname="fr.eseo.e3.poo.projet.blox.modele.pieces.ElementTest" time="0.0"/>
  <testcase name="testEqualNonEgalite(Element, Element)[1702]" classname="fr.eseo.e3.poo.projet.blox.modele.pieces.ElementTest" time="0.0"/>
  <testcase name="testEqualNonEgalite(Element, Element)[1703]" classname="fr.eseo.e3.poo.projet.blox.modele.pieces.ElementTest" time="0.001"/>
  <testcase name="testEqualNonEgalite(Element, Element)[1704]" classname="fr.eseo.e3.poo.projet.blox.modele.pieces.ElementTest" time="0.0"/>
  <testcase name="testEqualNonEgalite(Element, Element)[1705]" classname="fr.eseo.e3.poo.projet.blox.modele.pieces.ElementTest" time="0.0"/>
  <testcase name="testEqualNonEgalite(Element, Element)[1706]" classname="fr.eseo.e3.poo.projet.blox.modele.pieces.ElementTest" time="0.001"/>
  <testcase name="testEqualNonEgalite(Element, Element)[1707]" classname="fr.eseo.e3.poo.projet.blox.modele.pieces.ElementTest" time="0.0"/>
  <testcase name="testEqualNonEgalite(Element, Element)[1708]" classname="fr.eseo.e3.poo.projet.blox.modele.pieces.ElementTest" time="0.0"/>
  <testcase name="testEqualNonEgalite(Element, Element)[1709]" classname="fr.eseo.e3.poo.projet.blox.modele.pieces.ElementTest" time="0.0"/>
  <testcase name="testEqualNonEgalite(Element, Element)[1710]" classname="fr.eseo.e3.poo.projet.blox.modele.pieces.ElementTest" time="0.0"/>
  <testcase name="testEqualNonEgalite(Element, Element)[1711]" classname="fr.eseo.e3.poo.projet.blox.modele.pieces.ElementTest" time="0.0"/>
  <testcase name="testEqualNonEgalite(Element, Element)[1712]" classname="fr.eseo.e3.poo.projet.blox.modele.pieces.ElementTest" time="0.0"/>
  <testcase name="testEqualNonEgalite(Element, Element)[1713]" classname="fr.eseo.e3.poo.projet.blox.modele.pieces.ElementTest" time="0.001"/>
  <testcase name="testEqualNonEgalite(Element, Element)[1714]" classname="fr.eseo.e3.poo.projet.blox.modele.pieces.ElementTest" time="0.0"/>
  <testcase name="testEqualNonEgalite(Element, Element)[1715]" classname="fr.eseo.e3.poo.projet.blox.modele.pieces.ElementTest" time="0.0"/>
  <testcase name="testEqualNonEgalite(Element, Element)[1716]" classname="fr.eseo.e3.poo.projet.blox.modele.pieces.ElementTest" time="0.0"/>
  <testcase name="testEqualNonEgalite(Element, Element)[1717]" classname="fr.eseo.e3.poo.projet.blox.modele.pieces.ElementTest" time="0.001"/>
  <testcase name="testEqualNonEgalite(Element, Element)[1718]" classname="fr.eseo.e3.poo.projet.blox.modele.pieces.ElementTest" time="0.0"/>
  <testcase name="testEqualNonEgalite(Element, Element)[1719]" classname="fr.eseo.e3.poo.projet.blox.modele.pieces.ElementTest" time="0.0"/>
  <testcase name="testEqualNonEgalite(Element, Element)[1720]" classname="fr.eseo.e3.poo.projet.blox.modele.pieces.ElementTest" time="0.0"/>
  <testcase name="testEqualNonEgalite(Element, Element)[1721]" classname="fr.eseo.e3.poo.projet.blox.modele.pieces.ElementTest" time="0.001"/>
  <testcase name="testEqualNonEgalite(Element, Element)[1722]" classname="fr.eseo.e3.poo.projet.blox.modele.pieces.ElementTest" time="0.0"/>
  <testcase name="testEqualNonEgalite(Element, Element)[1723]" classname="fr.eseo.e3.poo.projet.blox.modele.pieces.ElementTest" time="0.0"/>
  <testcase name="testEqualNonEgalite(Element, Element)[1724]" classname="fr.eseo.e3.poo.projet.blox.modele.pieces.ElementTest" time="0.001"/>
  <testcase name="testEqualNonEgalite(Element, Element)[1725]" classname="fr.eseo.e3.poo.projet.blox.modele.pieces.ElementTest" time="0.0"/>
  <testcase name="testEqualNonEgalite(Element, Element)[1726]" classname="fr.eseo.e3.poo.projet.blox.modele.pieces.ElementTest" time="0.0"/>
  <testcase name="testEqualNonEgalite(Element, Element)[1727]" classname="fr.eseo.e3.poo.projet.blox.modele.pieces.ElementTest" time="0.0"/>
  <testcase name="testEqualNonEgalite(Element, Element)[1728]" classname="fr.eseo.e3.poo.projet.blox.modele.pieces.ElementTest" time="0.001"/>
  <testcase name="testEqualNonEgalite(Element, Element)[1729]" classname="fr.eseo.e3.poo.projet.blox.modele.pieces.ElementTest" time="0.0"/>
  <testcase name="testEqualNonEgalite(Element, Element)[1730]" classname="fr.eseo.e3.poo.projet.blox.modele.pieces.ElementTest" time="0.0"/>
  <testcase name="testEqualNonEgalite(Element, Element)[1731]" classname="fr.eseo.e3.poo.projet.blox.modele.pieces.ElementTest" time="0.0"/>
  <testcase name="testEqualNonEgalite(Element, Element)[1732]" classname="fr.eseo.e3.poo.projet.blox.modele.pieces.ElementTest" time="0.0"/>
  <testcase name="testEqualNonEgalite(Element, Element)[1733]" classname="fr.eseo.e3.poo.projet.blox.modele.pieces.ElementTest" time="0.0"/>
  <testcase name="testEqualNonEgalite(Element, Element)[1734]" classname="fr.eseo.e3.poo.projet.blox.modele.pieces.ElementTest" time="0.001"/>
  <testcase name="testEqualNonEgalite(Element, Element)[1735]" classname="fr.eseo.e3.poo.projet.blox.modele.pieces.ElementTest" time="0.0"/>
  <testcase name="testEqualNonEgalite(Element, Element)[1736]" classname="fr.eseo.e3.poo.projet.blox.modele.pieces.ElementTest" time="0.0"/>
  <testcase name="testEqualNonEgalite(Element, Element)[1737]" classname="fr.eseo.e3.poo.projet.blox.modele.pieces.ElementTest" time="0.0"/>
  <testcase name="testEqualNonEgalite(Element, Element)[1738]" classname="fr.eseo.e3.poo.projet.blox.modele.pieces.ElementTest" time="0.0"/>
  <testcase name="testEqualNonEgalite(Element, Element)[1739]" classname="fr.eseo.e3.poo.projet.blox.modele.pieces.ElementTest" time="0.0"/>
  <testcase name="testEqualNonEgalite(Element, Element)[1740]" classname="fr.eseo.e3.poo.projet.blox.modele.pieces.ElementTest" time="0.0"/>
  <testcase name="testEqualNonEgalite(Element, Element)[1741]" classname="fr.eseo.e3.poo.projet.blox.modele.pieces.ElementTest" time="0.0"/>
  <testcase name="testEqualNonEgalite(Element, Element)[1742]" classname="fr.eseo.e3.poo.projet.blox.modele.pieces.ElementTest" time="0.0"/>
  <testcase name="testEqualNonEgalite(Element, Element)[1743]" classname="fr.eseo.e3.poo.projet.blox.modele.pieces.ElementTest" time="0.0"/>
  <testcase name="testEqualNonEgalite(Element, Element)[1744]" classname="fr.eseo.e3.poo.projet.blox.modele.pieces.ElementTest" time="0.0"/>
  <testcase name="testEqualNonEgalite(Element, Element)[1745]" classname="fr.eseo.e3.poo.projet.blox.modele.pieces.ElementTest" time="0.0"/>
  <testcase name="testEqualNonEgalite(Element, Element)[1746]" classname="fr.eseo.e3.poo.projet.blox.modele.pieces.ElementTest" time="0.0"/>
  <testcase name="testEqualNonEgalite(Element, Element)[1747]" classname="fr.eseo.e3.poo.projet.blox.modele.pieces.ElementTest" time="0.0"/>
  <testcase name="testEqualNonEgalite(Element, Element)[1748]" classname="fr.eseo.e3.poo.projet.blox.modele.pieces.ElementTest" time="0.0"/>
  <testcase name="testEqualNonEgalite(Element, Element)[1749]" classname="fr.eseo.e3.poo.projet.blox.modele.pieces.ElementTest" time="0.0"/>
  <testcase name="testEqualNonEgalite(Element, Element)[1750]" classname="fr.eseo.e3.poo.projet.blox.modele.pieces.ElementTest" time="0.001"/>
  <testcase name="testEqualNonEgalite(Element, Element)[1751]" classname="fr.eseo.e3.poo.projet.blox.modele.pieces.ElementTest" time="0.0"/>
  <testcase name="testEqualNonEgalite(Element, Element)[1752]" classname="fr.eseo.e3.poo.projet.blox.modele.pieces.ElementTest" time="0.0"/>
  <testcase name="testEqualNonEgalite(Element, Element)[1753]" classname="fr.eseo.e3.poo.projet.blox.modele.pieces.ElementTest" time="0.0"/>
  <testcase name="testEqualNonEgalite(Element, Element)[1754]" classname="fr.eseo.e3.poo.projet.blox.modele.pieces.ElementTest" time="0.001"/>
  <testcase name="testEqualNonEgalite(Element, Element)[1755]" classname="fr.eseo.e3.poo.projet.blox.modele.pieces.ElementTest" time="0.0"/>
  <testcase name="testEqualNonEgalite(Element, Element)[1756]" classname="fr.eseo.e3.poo.projet.blox.modele.pieces.ElementTest" time="0.0"/>
  <testcase name="testEqualNonEgalite(Element, Element)[1757]" classname="fr.eseo.e3.poo.projet.blox.modele.pieces.ElementTest" time="0.0"/>
  <testcase name="testEqualNonEgalite(Element, Element)[1758]" classname="fr.eseo.e3.poo.projet.blox.modele.pieces.ElementTest" time="0.0"/>
  <testcase name="testEqualNonEgalite(Element, Element)[1759]" classname="fr.eseo.e3.poo.projet.blox.modele.pieces.ElementTest" time="0.001"/>
  <testcase name="testEqualNonEgalite(Element, Element)[1760]" classname="fr.eseo.e3.poo.projet.blox.modele.pieces.ElementTest" time="0.0"/>
  <testcase name="testEqualNonEgalite(Element, Element)[1761]" classname="fr.eseo.e3.poo.projet.blox.modele.pieces.ElementTest" time="0.0"/>
  <testcase name="testEqualNonEgalite(Element, Element)[1762]" classname="fr.eseo.e3.poo.projet.blox.modele.pieces.ElementTest" time="0.001"/>
  <testcase name="testEqualNonEgalite(Element, Element)[1763]" classname="fr.eseo.e3.poo.projet.blox.modele.pieces.ElementTest" time="0.0"/>
  <testcase name="testEqualNonEgalite(Element, Element)[1764]" classname="fr.eseo.e3.poo.projet.blox.modele.pieces.ElementTest" time="0.0"/>
  <testcase name="testEqualNonEgalite(Element, Element)[1765]" classname="fr.eseo.e3.poo.projet.blox.modele.pieces.ElementTest" time="0.001"/>
  <testcase name="testEqualNonEgalite(Element, Element)[1766]" classname="fr.eseo.e3.poo.projet.blox.modele.pieces.ElementTest" time="0.0"/>
  <testcase name="testEqualNonEgalite(Element, Element)[1767]" classname="fr.eseo.e3.poo.projet.blox.modele.pieces.ElementTest" time="0.0"/>
  <testcase name="testEqualNonEgalite(Element, Element)[1768]" classname="fr.eseo.e3.poo.projet.blox.modele.pieces.ElementTest" time="0.0"/>
  <testcase name="testEqualNonEgalite(Element, Element)[1769]" classname="fr.eseo.e3.poo.projet.blox.modele.pieces.ElementTest" time="0.0"/>
  <testcase name="testEqualNonEgalite(Element, Element)[1770]" classname="fr.eseo.e3.poo.projet.blox.modele.pieces.ElementTest" time="0.0"/>
  <testcase name="testEqualNonEgalite(Element, Element)[1771]" classname="fr.eseo.e3.poo.projet.blox.modele.pieces.ElementTest" time="0.0"/>
  <testcase name="testEqualNonEgalite(Element, Element)[1772]" classname="fr.eseo.e3.poo.projet.blox.modele.pieces.ElementTest" time="0.0"/>
  <testcase name="testEqualNonEgalite(Element, Element)[1773]" classname="fr.eseo.e3.poo.projet.blox.modele.pieces.ElementTest" time="0.0"/>
  <testcase name="testEqualNonEgalite(Element, Element)[1774]" classname="fr.eseo.e3.poo.projet.blox.modele.pieces.ElementTest" time="0.001"/>
  <testcase name="testEqualNonEgalite(Element, Element)[1775]" classname="fr.eseo.e3.poo.projet.blox.modele.pieces.ElementTest" time="0.0"/>
  <testcase name="testEqualNonEgalite(Element, Element)[1776]" classname="fr.eseo.e3.poo.projet.blox.modele.pieces.ElementTest" time="0.0"/>
  <testcase name="testEqualNonEgalite(Element, Element)[1777]" classname="fr.eseo.e3.poo.projet.blox.modele.pieces.ElementTest" time="0.0"/>
  <testcase name="testEqualNonEgalite(Element, Element)[1778]" classname="fr.eseo.e3.poo.projet.blox.modele.pieces.ElementTest" time="0.001"/>
  <testcase name="testEqualNonEgalite(Element, Element)[1779]" classname="fr.eseo.e3.poo.projet.blox.modele.pieces.ElementTest" time="0.0"/>
  <testcase name="testEqualNonEgalite(Element, Element)[1780]" classname="fr.eseo.e3.poo.projet.blox.modele.pieces.ElementTest" time="0.001"/>
  <testcase name="testEqualNonEgalite(Element, Element)[1781]" classname="fr.eseo.e3.poo.projet.blox.modele.pieces.ElementTest" time="0.0"/>
  <testcase name="testEqualNonEgalite(Element, Element)[1782]" classname="fr.eseo.e3.poo.projet.blox.modele.pieces.ElementTest" time="0.0"/>
  <testcase name="testEqualNonEgalite(Element, Element)[1783]" classname="fr.eseo.e3.poo.projet.blox.modele.pieces.ElementTest" time="0.001"/>
  <testcase name="testEqualNonEgalite(Element, Element)[1784]" classname="fr.eseo.e3.poo.projet.blox.modele.pieces.ElementTest" time="0.0"/>
  <testcase name="testEqualNonEgalite(Element, Element)[1785]" classname="fr.eseo.e3.poo.projet.blox.modele.pieces.ElementTest" time="0.0"/>
  <testcase name="testEqualNonEgalite(Element, Element)[1786]" classname="fr.eseo.e3.poo.projet.blox.modele.pieces.ElementTest" time="0.001"/>
  <testcase name="testEqualNonEgalite(Element, Element)[1787]" classname="fr.eseo.e3.poo.projet.blox.modele.pieces.ElementTest" time="0.0"/>
  <testcase name="testEqualNonEgalite(Element, Element)[1788]" classname="fr.eseo.e3.poo.projet.blox.modele.pieces.ElementTest" time="0.001"/>
  <testcase name="testEqualNonEgalite(Element, Element)[1789]" classname="fr.eseo.e3.poo.projet.blox.modele.pieces.ElementTest" time="0.0"/>
  <testcase name="testEqualNonEgalite(Element, Element)[1790]" classname="fr.eseo.e3.poo.projet.blox.modele.pieces.ElementTest" time="0.0"/>
  <testcase name="testEqualNonEgalite(Element, Element)[1791]" classname="fr.eseo.e3.poo.projet.blox.modele.pieces.ElementTest" time="0.0"/>
  <testcase name="testEqualNonEgalite(Element, Element)[1792]" classname="fr.eseo.e3.poo.projet.blox.modele.pieces.ElementTest" time="0.0"/>
  <testcase name="testEqualNonEgalite(Element, Element)[1793]" classname="fr.eseo.e3.poo.projet.blox.modele.pieces.ElementTest" time="0.0"/>
  <testcase name="testEqualNonEgalite(Element, Element)[1794]" classname="fr.eseo.e3.poo.projet.blox.modele.pieces.ElementTest" time="0.0"/>
  <testcase name="testEqualNonEgalite(Element, Element)[1795]" classname="fr.eseo.e3.poo.projet.blox.modele.pieces.ElementTest" time="0.0"/>
  <testcase name="testEqualNonEgalite(Element, Element)[1796]" classname="fr.eseo.e3.poo.projet.blox.modele.pieces.ElementTest" time="0.0"/>
  <testcase name="testEqualNonEgalite(Element, Element)[1797]" classname="fr.eseo.e3.poo.projet.blox.modele.pieces.ElementTest" time="0.0"/>
  <testcase name="testEqualNonEgalite(Element, Element)[1798]" classname="fr.eseo.e3.poo.projet.blox.modele.pieces.ElementTest" time="0.0"/>
  <testcase name="testEqualNonEgalite(Element, Element)[1799]" classname="fr.eseo.e3.poo.projet.blox.modele.pieces.ElementTest" time="0.0"/>
  <testcase name="testEqualNonEgalite(Element, Element)[1800]" classname="fr.eseo.e3.poo.projet.blox.modele.pieces.ElementTest" time="0.0"/>
  <testcase name="testEqualNonEgalite(Element, Element)[1801]" classname="fr.eseo.e3.poo.projet.blox.modele.pieces.ElementTest" time="0.0"/>
  <testcase name="testEqualNonEgalite(Element, Element)[1802]" classname="fr.eseo.e3.poo.projet.blox.modele.pieces.ElementTest" time="0.0"/>
  <testcase name="testEqualNonEgalite(Element, Element)[1803]" classname="fr.eseo.e3.poo.projet.blox.modele.pieces.ElementTest" time="0.0"/>
  <testcase name="testEqualNonEgalite(Element, Element)[1804]" classname="fr.eseo.e3.poo.projet.blox.modele.pieces.ElementTest" time="0.0"/>
  <testcase name="testEqualNonEgalite(Element, Element)[1805]" classname="fr.eseo.e3.poo.projet.blox.modele.pieces.ElementTest" time="0.0"/>
  <testcase name="testEqualNonEgalite(Element, Element)[1806]" classname="fr.eseo.e3.poo.projet.blox.modele.pieces.ElementTest" time="0.001"/>
  <testcase name="testEqualNonEgalite(Element, Element)[1807]" classname="fr.eseo.e3.poo.projet.blox.modele.pieces.ElementTest" time="0.0"/>
  <testcase name="testEqualNonEgalite(Element, Element)[1808]" classname="fr.eseo.e3.poo.projet.blox.modele.pieces.ElementTest" time="0.0"/>
  <testcase name="testEqualNonEgalite(Element, Element)[1809]" classname="fr.eseo.e3.poo.projet.blox.modele.pieces.ElementTest" time="0.0"/>
  <testcase name="testEqualNonEgalite(Element, Element)[1810]" classname="fr.eseo.e3.poo.projet.blox.modele.pieces.ElementTest" time="0.001"/>
  <testcase name="testEqualNonEgalite(Element, Element)[1811]" classname="fr.eseo.e3.poo.projet.blox.modele.pieces.ElementTest" time="0.0"/>
  <testcase name="testEqualNonEgalite(Element, Element)[1812]" classname="fr.eseo.e3.poo.projet.blox.modele.pieces.ElementTest" time="0.0"/>
  <testcase name="testEqualNonEgalite(Element, Element)[1813]" classname="fr.eseo.e3.poo.projet.blox.modele.pieces.ElementTest" time="0.0"/>
  <testcase name="testEqualNonEgalite(Element, Element)[1814]" classname="fr.eseo.e3.poo.projet.blox.modele.pieces.ElementTest" time="0.0"/>
  <testcase name="testEqualNonEgalite(Element, Element)[1815]" classname="fr.eseo.e3.poo.projet.blox.modele.pieces.ElementTest" time="0.0"/>
  <testcase name="testEqualNonEgalite(Element, Element)[1816]" classname="fr.eseo.e3.poo.projet.blox.modele.pieces.ElementTest" time="0.0"/>
  <testcase name="testEqualNonEgalite(Element, Element)[1817]" classname="fr.eseo.e3.poo.projet.blox.modele.pieces.ElementTest" time="0.0"/>
  <testcase name="testEqualNonEgalite(Element, Element)[1818]" classname="fr.eseo.e3.poo.projet.blox.modele.pieces.ElementTest" time="0.0"/>
  <testcase name="testEqualNonEgalite(Element, Element)[1819]" classname="fr.eseo.e3.poo.projet.blox.modele.pieces.ElementTest" time="0.0"/>
  <testcase name="testEqualNonEgalite(Element, Element)[1820]" classname="fr.eseo.e3.poo.projet.blox.modele.pieces.ElementTest" time="0.0"/>
  <testcase name="testEqualNonEgalite(Element, Element)[1821]" classname="fr.eseo.e3.poo.projet.blox.modele.pieces.ElementTest" time="0.0"/>
  <testcase name="testEqualNonEgalite(Element, Element)[1822]" classname="fr.eseo.e3.poo.projet.blox.modele.pieces.ElementTest" time="0.001"/>
  <testcase name="testEqualNonEgalite(Element, Element)[1823]" classname="fr.eseo.e3.poo.projet.blox.modele.pieces.ElementTest" time="0.0"/>
  <testcase name="testEqualNonEgalite(Element, Element)[1824]" classname="fr.eseo.e3.poo.projet.blox.modele.pieces.ElementTest" time="0.0"/>
  <testcase name="testEqualNonEgalite(Element, Element)[1825]" classname="fr.eseo.e3.poo.projet.blox.modele.pieces.ElementTest" time="0.001"/>
  <testcase name="testEqualNonEgalite(Element, Element)[1826]" classname="fr.eseo.e3.poo.projet.blox.modele.pieces.ElementTest" time="0.0"/>
  <testcase name="testEqualNonEgalite(Element, Element)[1827]" classname="fr.eseo.e3.poo.projet.blox.modele.pieces.ElementTest" time="0.0"/>
  <testcase name="testEqualNonEgalite(Element, Element)[1828]" classname="fr.eseo.e3.poo.projet.blox.modele.pieces.ElementTest" time="0.0"/>
  <testcase name="testEqualNonEgalite(Element, Element)[1829]" classname="fr.eseo.e3.poo.projet.blox.modele.pieces.ElementTest" time="0.0"/>
  <testcase name="testEqualNonEgalite(Element, Element)[1830]" classname="fr.eseo.e3.poo.projet.blox.modele.pieces.ElementTest" time="0.0"/>
  <testcase name="testEqualNonEgalite(Element, Element)[1831]" classname="fr.eseo.e3.poo.projet.blox.modele.pieces.ElementTest" time="0.0"/>
  <testcase name="testEqualNonEgalite(Element, Element)[1832]" classname="fr.eseo.e3.poo.projet.blox.modele.pieces.ElementTest" time="0.001"/>
  <testcase name="testEqualNonEgalite(Element, Element)[1833]" classname="fr.eseo.e3.poo.projet.blox.modele.pieces.ElementTest" time="0.0"/>
  <testcase name="testEqualNonEgalite(Element, Element)[1834]" classname="fr.eseo.e3.poo.projet.blox.modele.pieces.ElementTest" time="0.001"/>
  <testcase name="testEqualNonEgalite(Element, Element)[1835]" classname="fr.eseo.e3.poo.projet.blox.modele.pieces.ElementTest" time="0.0"/>
  <testcase name="testEqualNonEgalite(Element, Element)[1836]" classname="fr.eseo.e3.poo.projet.blox.modele.pieces.ElementTest" time="0.0"/>
  <testcase name="testEqualNonEgalite(Element, Element)[1837]" classname="fr.eseo.e3.poo.projet.blox.modele.pieces.ElementTest" time="0.0"/>
  <testcase name="testEqualNonEgalite(Element, Element)[1838]" classname="fr.eseo.e3.poo.projet.blox.modele.pieces.ElementTest" time="0.001"/>
  <testcase name="testEqualNonEgalite(Element, Element)[1839]" classname="fr.eseo.e3.poo.projet.blox.modele.pieces.ElementTest" time="0.0"/>
  <testcase name="testEqualNonEgalite(Element, Element)[1840]" classname="fr.eseo.e3.poo.projet.blox.modele.pieces.ElementTest" time="0.0"/>
  <testcase name="testEqualNonEgalite(Element, Element)[1841]" classname="fr.eseo.e3.poo.projet.blox.modele.pieces.ElementTest" time="0.0"/>
  <testcase name="testEqualNonEgalite(Element, Element)[1842]" classname="fr.eseo.e3.poo.projet.blox.modele.pieces.ElementTest" time="0.0"/>
  <testcase name="testEqualNonEgalite(Element, Element)[1843]" classname="fr.eseo.e3.poo.projet.blox.modele.pieces.ElementTest" time="0.0"/>
  <testcase name="testEqualNonEgalite(Element, Element)[1844]" classname="fr.eseo.e3.poo.projet.blox.modele.pieces.ElementTest" time="0.0"/>
  <testcase name="testEqualNonEgalite(Element, Element)[1845]" classname="fr.eseo.e3.poo.projet.blox.modele.pieces.ElementTest" time="0.0"/>
  <testcase name="testEqualNonEgalite(Element, Element)[1846]" classname="fr.eseo.e3.poo.projet.blox.modele.pieces.ElementTest" time="0.0"/>
  <testcase name="testEqualNonEgalite(Element, Element)[1847]" classname="fr.eseo.e3.poo.projet.blox.modele.pieces.ElementTest" time="0.0"/>
  <testcase name="testEqualNonEgalite(Element, Element)[1848]" classname="fr.eseo.e3.poo.projet.blox.modele.pieces.ElementTest" time="0.0"/>
  <testcase name="testEqualNonEgalite(Element, Element)[1849]" classname="fr.eseo.e3.poo.projet.blox.modele.pieces.ElementTest" time="0.0"/>
  <testcase name="testEqualNonEgalite(Element, Element)[1850]" classname="fr.eseo.e3.poo.projet.blox.modele.pieces.ElementTest" time="0.0"/>
  <testcase name="testEqualNonEgalite(Element, Element)[1851]" classname="fr.eseo.e3.poo.projet.blox.modele.pieces.ElementTest" time="0.001"/>
  <testcase name="testEqualNonEgalite(Element, Element)[1852]" classname="fr.eseo.e3.poo.projet.blox.modele.pieces.ElementTest" time="0.0"/>
  <testcase name="testEqualNonEgalite(Element, Element)[1853]" classname="fr.eseo.e3.poo.projet.blox.modele.pieces.ElementTest" time="0.0"/>
  <testcase name="testEqualNonEgalite(Element, Element)[1854]" classname="fr.eseo.e3.poo.projet.blox.modele.pieces.ElementTest" time="0.0"/>
  <testcase name="testEqualNonEgalite(Element, Element)[1855]" classname="fr.eseo.e3.poo.projet.blox.modele.pieces.ElementTest" time="0.0"/>
  <testcase name="testEqualNonEgalite(Element, Element)[1856]" classname="fr.eseo.e3.poo.projet.blox.modele.pieces.ElementTest" time="0.0"/>
  <testcase name="testEqualNonEgalite(Element, Element)[1857]" classname="fr.eseo.e3.poo.projet.blox.modele.pieces.ElementTest" time="0.0"/>
  <testcase name="testEqualNonEgalite(Element, Element)[1858]" classname="fr.eseo.e3.poo.projet.blox.modele.pieces.ElementTest" time="0.001"/>
  <testcase name="testEqualNonEgalite(Element, Element)[1859]" classname="fr.eseo.e3.poo.projet.blox.modele.pieces.ElementTest" time="0.0"/>
  <testcase name="testEqualNonEgalite(Element, Element)[1860]" classname="fr.eseo.e3.poo.projet.blox.modele.pieces.ElementTest" time="0.0"/>
  <testcase name="testEqualNonEgalite(Element, Element)[1861]" classname="fr.eseo.e3.poo.projet.blox.modele.pieces.ElementTest" time="0.0"/>
  <testcase name="testEqualNonEgalite(Element, Element)[1862]" classname="fr.eseo.e3.poo.projet.blox.modele.pieces.ElementTest" time="0.0"/>
  <testcase name="testEqualNonEgalite(Element, Element)[1863]" classname="fr.eseo.e3.poo.projet.blox.modele.pieces.ElementTest" time="0.0"/>
  <testcase name="testEqualNonEgalite(Element, Element)[1864]" classname="fr.eseo.e3.poo.projet.blox.modele.pieces.ElementTest" time="0.0"/>
  <testcase name="testEqualNonEgalite(Element, Element)[1865]" classname="fr.eseo.e3.poo.projet.blox.modele.pieces.ElementTest" time="0.0"/>
  <testcase name="testEqualNonEgalite(Element, Element)[1866]" classname="fr.eseo.e3.poo.projet.blox.modele.pieces.ElementTest" time="0.001"/>
  <testcase name="testEqualNonEgalite(Element, Element)[1867]" classname="fr.eseo.e3.poo.projet.blox.modele.pieces.ElementTest" time="0.0"/>
  <testcase name="testEqualNonEgalite(Element, Element)[1868]" classname="fr.eseo.e3.poo.projet.blox.modele.pieces.ElementTest" time="0.0"/>
  <testcase name="testEqualNonEgalite(Element, Element)[1869]" classname="fr.eseo.e3.poo.projet.blox.modele.pieces.ElementTest" time="0.0"/>
  <testcase name="testEqualNonEgalite(Element, Element)[1870]" classname="fr.eseo.e3.poo.projet.blox.modele.pieces.ElementTest" time="0.0"/>
  <testcase name="testEqualNonEgalite(Element, Element)[1871]" classname="fr.eseo.e3.poo.projet.blox.modele.pieces.ElementTest" time="0.0"/>
  <testcase name="testEqualNonEgalite(Element, Element)[1872]" classname="fr.eseo.e3.poo.projet.blox.modele.pieces.ElementTest" time="0.001"/>
  <testcase name="testEqualNonEgalite(Element, Element)[1873]" classname="fr.eseo.e3.poo.projet.blox.modele.pieces.ElementTest" time="0.0"/>
  <testcase name="testEqualNonEgalite(Element, Element)[1874]" classname="fr.eseo.e3.poo.projet.blox.modele.pieces.ElementTest" time="0.0"/>
  <testcase name="testEqualNonEgalite(Element, Element)[1875]" classname="fr.eseo.e3.poo.projet.blox.modele.pieces.ElementTest" time="0.0"/>
  <testcase name="testEqualNonEgalite(Element, Element)[1876]" classname="fr.eseo.e3.poo.projet.blox.modele.pieces.ElementTest" time="0.001"/>
  <testcase name="testEqualNonEgalite(Element, Element)[1877]" classname="fr.eseo.e3.poo.projet.blox.modele.pieces.ElementTest" time="0.0"/>
  <testcase name="testEqualNonEgalite(Element, Element)[1878]" classname="fr.eseo.e3.poo.projet.blox.modele.pieces.ElementTest" time="0.0"/>
  <testcase name="testEqualNonEgalite(Element, Element)[1879]" classname="fr.eseo.e3.poo.projet.blox.modele.pieces.ElementTest" time="0.0"/>
  <testcase name="testEqualNonEgalite(Element, Element)[1880]" classname="fr.eseo.e3.poo.projet.blox.modele.pieces.ElementTest" time="0.001"/>
  <testcase name="testEqualNonEgalite(Element, Element)[1881]" classname="fr.eseo.e3.poo.projet.blox.modele.pieces.ElementTest" time="0.0"/>
  <testcase name="testEqualNonEgalite(Element, Element)[1882]" classname="fr.eseo.e3.poo.projet.blox.modele.pieces.ElementTest" time="0.0"/>
  <testcase name="testEqualNonEgalite(Element, Element)[1883]" classname="fr.eseo.e3.poo.projet.blox.modele.pieces.ElementTest" time="0.0"/>
  <testcase name="testEqualNonEgalite(Element, Element)[1884]" classname="fr.eseo.e3.poo.projet.blox.modele.pieces.ElementTest" time="0.0"/>
  <testcase name="testEqualNonEgalite(Element, Element)[1885]" classname="fr.eseo.e3.poo.projet.blox.modele.pieces.ElementTest" time="0.001"/>
  <testcase name="testEqualNonEgalite(Element, Element)[1886]" classname="fr.eseo.e3.poo.projet.blox.modele.pieces.ElementTest" time="0.0"/>
  <testcase name="testEqualNonEgalite(Element, Element)[1887]" classname="fr.eseo.e3.poo.projet.blox.modele.pieces.ElementTest" time="0.0"/>
  <testcase name="testEqualNonEgalite(Element, Element)[1888]" classname="fr.eseo.e3.poo.projet.blox.modele.pieces.ElementTest" time="0.0"/>
  <testcase name="testEqualNonEgalite(Element, Element)[1889]" classname="fr.eseo.e3.poo.projet.blox.modele.pieces.ElementTest" time="0.001"/>
  <testcase name="testEqualNonEgalite(Element, Element)[1890]" classname="fr.eseo.e3.poo.projet.blox.modele.pieces.ElementTest" time="0.0"/>
  <testcase name="testEqualNonEgalite(Element, Element)[1891]" classname="fr.eseo.e3.poo.projet.blox.modele.pieces.ElementTest" time="0.0"/>
  <testcase name="testEqualNonEgalite(Element, Element)[1892]" classname="fr.eseo.e3.poo.projet.blox.modele.pieces.ElementTest" time="0.0"/>
  <testcase name="testEqualNonEgalite(Element, Element)[1893]" classname="fr.eseo.e3.poo.projet.blox.modele.pieces.ElementTest" time="0.0"/>
  <testcase name="testEqualNonEgalite(Element, Element)[1894]" classname="fr.eseo.e3.poo.projet.blox.modele.pieces.ElementTest" time="0.0"/>
  <testcase name="testEqualNonEgalite(Element, Element)[1895]" classname="fr.eseo.e3.poo.projet.blox.modele.pieces.ElementTest" time="0.0"/>
  <testcase name="testEqualNonEgalite(Element, Element)[1896]" classname="fr.eseo.e3.poo.projet.blox.modele.pieces.ElementTest" time="0.0"/>
  <testcase name="testEqualNonEgalite(Element, Element)[1897]" classname="fr.eseo.e3.poo.projet.blox.modele.pieces.ElementTest" time="0.0"/>
  <testcase name="testEqualNonEgalite(Element, Element)[1898]" classname="fr.eseo.e3.poo.projet.blox.modele.pieces.ElementTest" time="0.001"/>
  <testcase name="testEqualNonEgalite(Element, Element)[1899]" classname="fr.eseo.e3.poo.projet.blox.modele.pieces.ElementTest" time="0.0"/>
  <testcase name="testEqualNonEgalite(Element, Element)[1900]" classname="fr.eseo.e3.poo.projet.blox.modele.pieces.ElementTest" time="0.0"/>
  <testcase name="testEqualNonEgalite(Element, Element)[1901]" classname="fr.eseo.e3.poo.projet.blox.modele.pieces.ElementTest" time="0.0"/>
  <testcase name="testEqualNonEgalite(Element, Element)[1902]" classname="fr.eseo.e3.poo.projet.blox.modele.pieces.ElementTest" time="0.0"/>
  <testcase name="testEqualNonEgalite(Element, Element)[1903]" classname="fr.eseo.e3.poo.projet.blox.modele.pieces.ElementTest" time="0.0"/>
  <testcase name="testEqualNonEgalite(Element, Element)[1904]" classname="fr.eseo.e3.poo.projet.blox.modele.pieces.ElementTest" time="0.0"/>
  <testcase name="testEqualNonEgalite(Element, Element)[1905]" classname="fr.eseo.e3.poo.projet.blox.modele.pieces.ElementTest" time="0.0"/>
  <testcase name="testEqualNonEgalite(Element, Element)[1906]" classname="fr.eseo.e3.poo.projet.blox.modele.pieces.ElementTest" time="0.0"/>
  <testcase name="testEqualNonEgalite(Element, Element)[1907]" classname="fr.eseo.e3.poo.projet.blox.modele.pieces.ElementTest" time="0.0"/>
  <testcase name="testEqualNonEgalite(Element, Element)[1908]" classname="fr.eseo.e3.poo.projet.blox.modele.pieces.ElementTest" time="0.0"/>
  <testcase name="testEqualNonEgalite(Element, Element)[1909]" classname="fr.eseo.e3.poo.projet.blox.modele.pieces.ElementTest" time="0.0"/>
  <testcase name="testEqualNonEgalite(Element, Element)[1910]" classname="fr.eseo.e3.poo.projet.blox.modele.pieces.ElementTest" time="0.0"/>
  <testcase name="testEqualNonEgalite(Element, Element)[1911]" classname="fr.eseo.e3.poo.projet.blox.modele.pieces.ElementTest" time="0.0"/>
  <testcase name="testEqualNonEgalite(Element, Element)[1912]" classname="fr.eseo.e3.poo.projet.blox.modele.pieces.ElementTest" time="0.0"/>
  <testcase name="testEqualNonEgalite(Element, Element)[1913]" classname="fr.eseo.e3.poo.projet.blox.modele.pieces.ElementTest" time="0.0"/>
  <testcase name="testEqualNonEgalite(Element, Element)[1914]" classname="fr.eseo.e3.poo.projet.blox.modele.pieces.ElementTest" time="0.0"/>
  <testcase name="testEqualNonEgalite(Element, Element)[1915]" classname="fr.eseo.e3.poo.projet.blox.modele.pieces.ElementTest" time="0.0"/>
  <testcase name="testEqualNonEgalite(Element, Element)[1916]" classname="fr.eseo.e3.poo.projet.blox.modele.pieces.ElementTest" time="0.0"/>
  <testcase name="testEqualNonEgalite(Element, Element)[1917]" classname="fr.eseo.e3.poo.projet.blox.modele.pieces.ElementTest" time="0.001"/>
  <testcase name="testEqualNonEgalite(Element, Element)[1918]" classname="fr.eseo.e3.poo.projet.blox.modele.pieces.ElementTest" time="0.0"/>
  <testcase name="testEqualNonEgalite(Element, Element)[1919]" classname="fr.eseo.e3.poo.projet.blox.modele.pieces.ElementTest" time="0.0"/>
  <testcase name="testEqualNonEgalite(Element, Element)[1920]" classname="fr.eseo.e3.poo.projet.blox.modele.pieces.ElementTest" time="0.0"/>
  <testcase name="testEqualNonEgalite(Element, Element)[1921]" classname="fr.eseo.e3.poo.projet.blox.modele.pieces.ElementTest" time="0.0"/>
  <testcase name="testEqualNonEgalite(Element, Element)[1922]" classname="fr.eseo.e3.poo.projet.blox.modele.pieces.ElementTest" time="0.001"/>
  <testcase name="testEqualNonEgalite(Element, Element)[1923]" classname="fr.eseo.e3.poo.projet.blox.modele.pieces.ElementTest" time="0.0"/>
  <testcase name="testEqualNonEgalite(Element, Element)[1924]" classname="fr.eseo.e3.poo.projet.blox.modele.pieces.ElementTest" time="0.0"/>
  <testcase name="testEqualNonEgalite(Element, Element)[1925]" classname="fr.eseo.e3.poo.projet.blox.modele.pieces.ElementTest" time="0.001"/>
  <testcase name="testEqualNonEgalite(Element, Element)[1926]" classname="fr.eseo.e3.poo.projet.blox.modele.pieces.ElementTest" time="0.0"/>
  <testcase name="testEqualNonEgalite(Element, Element)[1927]" classname="fr.eseo.e3.poo.projet.blox.modele.pieces.ElementTest" time="0.0"/>
  <testcase name="testEqualNonEgalite(Element, Element)[1928]" classname="fr.eseo.e3.poo.projet.blox.modele.pieces.ElementTest" time="0.0"/>
  <testcase name="testEqualNonEgalite(Element, Element)[1929]" classname="fr.eseo.e3.poo.projet.blox.modele.pieces.ElementTest" time="0.0"/>
  <testcase name="testEqualNonEgalite(Element, Element)[1930]" classname="fr.eseo.e3.poo.projet.blox.modele.pieces.ElementTest" time="0.0"/>
  <testcase name="testEqualNonEgalite(Element, Element)[1931]" classname="fr.eseo.e3.poo.projet.blox.modele.pieces.ElementTest" time="0.0"/>
  <testcase name="testEqualNonEgalite(Element, Element)[1932]" classname="fr.eseo.e3.poo.projet.blox.modele.pieces.ElementTest" time="0.0"/>
  <testcase name="testEqualNonEgalite(Element, Element)[1933]" classname="fr.eseo.e3.poo.projet.blox.modele.pieces.ElementTest" time="0.022"/>
  <testcase name="testEqualNonEgalite(Element, Element)[1934]" classname="fr.eseo.e3.poo.projet.blox.modele.pieces.ElementTest" time="0.0"/>
  <testcase name="testEqualNonEgalite(Element, Element)[1935]" classname="fr.eseo.e3.poo.projet.blox.modele.pieces.ElementTest" time="0.0"/>
  <testcase name="testEqualNonEgalite(Element, Element)[1936]" classname="fr.eseo.e3.poo.projet.blox.modele.pieces.ElementTest" time="0.0"/>
  <testcase name="testEqualNonEgalite(Element, Element)[1937]" classname="fr.eseo.e3.poo.projet.blox.modele.pieces.ElementTest" time="0.0"/>
  <testcase name="testEqualNonEgalite(Element, Element)[1938]" classname="fr.eseo.e3.poo.projet.blox.modele.pieces.ElementTest" time="0.0"/>
  <testcase name="testEqualNonEgalite(Element, Element)[1939]" classname="fr.eseo.e3.poo.projet.blox.modele.pieces.ElementTest" time="0.0"/>
  <testcase name="testEqualNonEgalite(Element, Element)[1940]" classname="fr.eseo.e3.poo.projet.blox.modele.pieces.ElementTest" time="0.0"/>
  <testcase name="testEqualNonEgalite(Element, Element)[1941]" classname="fr.eseo.e3.poo.projet.blox.modele.pieces.ElementTest" time="0.0"/>
  <testcase name="testEqualNonEgalite(Element, Element)[1942]" classname="fr.eseo.e3.poo.projet.blox.modele.pieces.ElementTest" time="0.0"/>
  <testcase name="testEqualNonEgalite(Element, Element)[1943]" classname="fr.eseo.e3.poo.projet.blox.modele.pieces.ElementTest" time="0.001"/>
  <testcase name="testEqualNonEgalite(Element, Element)[1944]" classname="fr.eseo.e3.poo.projet.blox.modele.pieces.ElementTest" time="0.0"/>
  <testcase name="testEqualNonEgalite(Element, Element)[1945]" classname="fr.eseo.e3.poo.projet.blox.modele.pieces.ElementTest" time="0.0"/>
  <testcase name="testEqualNonEgalite(Element, Element)[1946]" classname="fr.eseo.e3.poo.projet.blox.modele.pieces.ElementTest" time="0.0"/>
  <testcase name="testEqualNonEgalite(Element, Element)[1947]" classname="fr.eseo.e3.poo.projet.blox.modele.pieces.ElementTest" time="0.004"/>
  <testcase name="testEqualNonEgalite(Element, Element)[1948]" classname="fr.eseo.e3.poo.projet.blox.modele.pieces.ElementTest" time="0.0"/>
  <testcase name="testEqualNonEgalite(Element, Element)[1949]" classname="fr.eseo.e3.poo.projet.blox.modele.pieces.ElementTest" time="0.001"/>
  <testcase name="testEqualNonEgalite(Element, Element)[1950]" classname="fr.eseo.e3.poo.projet.blox.modele.pieces.ElementTest" time="0.0"/>
  <testcase name="testEqualNonEgalite(Element, Element)[1951]" classname="fr.eseo.e3.poo.projet.blox.modele.pieces.ElementTest" time="0.0"/>
  <testcase name="testEqualNonEgalite(Element, Element)[1952]" classname="fr.eseo.e3.poo.projet.blox.modele.pieces.ElementTest" time="0.0"/>
  <testcase name="testEqualNonEgalite(Element, Element)[1953]" classname="fr.eseo.e3.poo.projet.blox.modele.pieces.ElementTest" time="0.0"/>
  <testcase name="testEqualNonEgalite(Element, Element)[1954]" classname="fr.eseo.e3.poo.projet.blox.modele.pieces.ElementTest" time="0.0"/>
  <testcase name="testEqualNonEgalite(Element, Element)[1955]" classname="fr.eseo.e3.poo.projet.blox.modele.pieces.ElementTest" time="0.0"/>
  <testcase name="testEqualNonEgalite(Element, Element)[1956]" classname="fr.eseo.e3.poo.projet.blox.modele.pieces.ElementTest" time="0.001"/>
  <testcase name="testEqualNonEgalite(Element, Element)[1957]" classname="fr.eseo.e3.poo.projet.blox.modele.pieces.ElementTest" time="0.0"/>
  <testcase name="testEqualNonEgalite(Element, Element)[1958]" classname="fr.eseo.e3.poo.projet.blox.modele.pieces.ElementTest" time="0.0"/>
  <testcase name="testEqualNonEgalite(Element, Element)[1959]" classname="fr.eseo.e3.poo.projet.blox.modele.pieces.ElementTest" time="0.0"/>
  <testcase name="testEqualNonEgalite(Element, Element)[1960]" classname="fr.eseo.e3.poo.projet.blox.modele.pieces.ElementTest" time="0.001"/>
  <testcase name="testEqualNonEgalite(Element, Element)[1961]" classname="fr.eseo.e3.poo.projet.blox.modele.pieces.ElementTest" time="0.0"/>
  <testcase name="testEqualNonEgalite(Element, Element)[1962]" classname="fr.eseo.e3.poo.projet.blox.modele.pieces.ElementTest" time="0.0"/>
  <testcase name="testEqualNonEgalite(Element, Element)[1963]" classname="fr.eseo.e3.poo.projet.blox.modele.pieces.ElementTest" time="0.001"/>
  <testcase name="testEqualNonEgalite(Element, Element)[1964]" classname="fr.eseo.e3.poo.projet.blox.modele.pieces.ElementTest" time="0.0"/>
  <testcase name="testEqualNonEgalite(Element, Element)[1965]" classname="fr.eseo.e3.poo.projet.blox.modele.pieces.ElementTest" time="0.001"/>
  <testcase name="testEqualNonEgalite(Element, Element)[1966]" classname="fr.eseo.e3.poo.projet.blox.modele.pieces.ElementTest" time="0.0"/>
  <testcase name="testEqualNonEgalite(Element, Element)[1967]" classname="fr.eseo.e3.poo.projet.blox.modele.pieces.ElementTest" time="0.0"/>
  <testcase name="testEqualNonEgalite(Element, Element)[1968]" classname="fr.eseo.e3.poo.projet.blox.modele.pieces.ElementTest" time="0.0"/>
  <testcase name="testEqualNonEgalite(Element, Element)[1969]" classname="fr.eseo.e3.poo.projet.blox.modele.pieces.ElementTest" time="0.0"/>
  <testcase name="testEqualNonEgalite(Element, Element)[1970]" classname="fr.eseo.e3.poo.projet.blox.modele.pieces.ElementTest" time="0.0"/>
  <testcase name="testEqualNonEgalite(Element, Element)[1971]" classname="fr.eseo.e3.poo.projet.blox.modele.pieces.ElementTest" time="0.0"/>
  <testcase name="testEqualNonEgalite(Element, Element)[1972]" classname="fr.eseo.e3.poo.projet.blox.modele.pieces.ElementTest" time="0.0"/>
  <testcase name="testEqualNonEgalite(Element, Element)[1973]" classname="fr.eseo.e3.poo.projet.blox.modele.pieces.ElementTest" time="0.0"/>
  <testcase name="testEqualNonEgalite(Element, Element)[1974]" classname="fr.eseo.e3.poo.projet.blox.modele.pieces.ElementTest" time="0.0"/>
  <testcase name="testEqualNonEgalite(Element, Element)[1975]" classname="fr.eseo.e3.poo.projet.blox.modele.pieces.ElementTest" time="0.0"/>
  <testcase name="testEqualNonEgalite(Element, Element)[1976]" classname="fr.eseo.e3.poo.projet.blox.modele.pieces.ElementTest" time="0.0"/>
  <testcase name="testEqualNonEgalite(Element, Element)[1977]" classname="fr.eseo.e3.poo.projet.blox.modele.pieces.ElementTest" time="0.0"/>
  <testcase name="testEqualNonEgalite(Element, Element)[1978]" classname="fr.eseo.e3.poo.projet.blox.modele.pieces.ElementTest" time="0.0"/>
  <testcase name="testEqualNonEgalite(Element, Element)[1979]" classname="fr.eseo.e3.poo.projet.blox.modele.pieces.ElementTest" time="0.001"/>
  <testcase name="testEqualNonEgalite(Element, Element)[1980]" classname="fr.eseo.e3.poo.projet.blox.modele.pieces.ElementTest" time="0.0"/>
  <testcase name="testEqualNonEgalite(Element, Element)[1981]" classname="fr.eseo.e3.poo.projet.blox.modele.pieces.ElementTest" time="0.0"/>
  <testcase name="testEqualNonEgalite(Element, Element)[1982]" classname="fr.eseo.e3.poo.projet.blox.modele.pieces.ElementTest" time="0.0"/>
  <testcase name="testEqualNonEgalite(Element, Element)[1983]" classname="fr.eseo.e3.poo.projet.blox.modele.pieces.ElementTest" time="0.001"/>
  <testcase name="testEqualNonEgalite(Element, Element)[1984]" classname="fr.eseo.e3.poo.projet.blox.modele.pieces.ElementTest" time="0.0"/>
  <testcase name="testEqualNonEgalite(Element, Element)[1985]" classname="fr.eseo.e3.poo.projet.blox.modele.pieces.ElementTest" time="0.0"/>
  <testcase name="testEqualNonEgalite(Element, Element)[1986]" classname="fr.eseo.e3.poo.projet.blox.modele.pieces.ElementTest" time="0.0"/>
  <testcase name="testEqualNonEgalite(Element, Element)[1987]" classname="fr.eseo.e3.poo.projet.blox.modele.pieces.ElementTest" time="0.0"/>
  <testcase name="testEqualNonEgalite(Element, Element)[1988]" classname="fr.eseo.e3.poo.projet.blox.modele.pieces.ElementTest" time="0.0"/>
  <testcase name="testEqualNonEgalite(Element, Element)[1989]" classname="fr.eseo.e3.poo.projet.blox.modele.pieces.ElementTest" time="0.0"/>
  <testcase name="testEqualNonEgalite(Element, Element)[1990]" classname="fr.eseo.e3.poo.projet.blox.modele.pieces.ElementTest" time="0.001"/>
  <testcase name="testEqualNonEgalite(Element, Element)[1991]" classname="fr.eseo.e3.poo.projet.blox.modele.pieces.ElementTest" time="0.0"/>
  <testcase name="testEqualNonEgalite(Element, Element)[1992]" classname="fr.eseo.e3.poo.projet.blox.modele.pieces.ElementTest" time="0.0"/>
  <testcase name="testEqualNonEgalite(Element, Element)[1993]" classname="fr.eseo.e3.poo.projet.blox.modele.pieces.ElementTest" time="0.008"/>
  <testcase name="testEqualNonEgalite(Element, Element)[1994]" classname="fr.eseo.e3.poo.projet.blox.modele.pieces.ElementTest" time="0.0"/>
  <testcase name="testEqualNonEgalite(Element, Element)[1995]" classname="fr.eseo.e3.poo.projet.blox.modele.pieces.ElementTest" time="0.0"/>
  <testcase name="testEqualNonEgalite(Element, Element)[1996]" classname="fr.eseo.e3.poo.projet.blox.modele.pieces.ElementTest" time="0.0"/>
  <testcase name="testEqualNonEgalite(Element, Element)[1997]" classname="fr.eseo.e3.poo.projet.blox.modele.pieces.ElementTest" time="0.001"/>
  <testcase name="testEqualNonEgalite(Element, Element)[1998]" classname="fr.eseo.e3.poo.projet.blox.modele.pieces.ElementTest" time="0.0"/>
  <testcase name="testEqualNonEgalite(Element, Element)[1999]" classname="fr.eseo.e3.poo.projet.blox.modele.pieces.ElementTest" time="0.0"/>
  <testcase name="testEqualNonEgalite(Element, Element)[2000]" classname="fr.eseo.e3.poo.projet.blox.modele.pieces.ElementTest" time="0.001"/>
  <testcase name="testEqualNonEgalite(Element, Element)[2001]" classname="fr.eseo.e3.poo.projet.blox.modele.pieces.ElementTest" time="0.0"/>
  <testcase name="testEqualNonEgalite(Element, Element)[2002]" classname="fr.eseo.e3.poo.projet.blox.modele.pieces.ElementTest" time="0.0"/>
  <testcase name="testEqualNonEgalite(Element, Element)[2003]" classname="fr.eseo.e3.poo.projet.blox.modele.pieces.ElementTest" time="0.0"/>
  <testcase name="testEqualNonEgalite(Element, Element)[2004]" classname="fr.eseo.e3.poo.projet.blox.modele.pieces.ElementTest" time="0.0"/>
  <testcase name="testEqualNonEgalite(Element, Element)[2005]" classname="fr.eseo.e3.poo.projet.blox.modele.pieces.ElementTest" time="0.0"/>
  <testcase name="testEqualNonEgalite(Element, Element)[2006]" classname="fr.eseo.e3.poo.projet.blox.modele.pieces.ElementTest" time="0.0"/>
  <testcase name="testEqualNonEgalite(Element, Element)[2007]" classname="fr.eseo.e3.poo.projet.blox.modele.pieces.ElementTest" time="0.0"/>
  <testcase name="testEqualNonEgalite(Element, Element)[2008]" classname="fr.eseo.e3.poo.projet.blox.modele.pieces.ElementTest" time="0.001"/>
  <testcase name="testEqualNonEgalite(Element, Element)[2009]" classname="fr.eseo.e3.poo.projet.blox.modele.pieces.ElementTest" time="0.03"/>
  <testcase name="testEqualNonEgalite(Element, Element)[2010]" classname="fr.eseo.e3.poo.projet.blox.modele.pieces.ElementTest" time="0.0"/>
  <testcase name="testEqualNonEgalite(Element, Element)[2011]" classname="fr.eseo.e3.poo.projet.blox.modele.pieces.ElementTest" time="0.0"/>
  <testcase name="testEqualNonEgalite(Element, Element)[2012]" classname="fr.eseo.e3.poo.projet.blox.modele.pieces.ElementTest" time="0.0"/>
  <testcase name="testEqualNonEgalite(Element, Element)[2013]" classname="fr.eseo.e3.poo.projet.blox.modele.pieces.ElementTest" time="0.0"/>
  <testcase name="testEqualNonEgalite(Element, Element)[2014]" classname="fr.eseo.e3.poo.projet.blox.modele.pieces.ElementTest" time="0.0"/>
  <testcase name="testEqualNonEgalite(Element, Element)[2015]" classname="fr.eseo.e3.poo.projet.blox.modele.pieces.ElementTest" time="0.0"/>
  <testcase name="testEqualNonEgalite(Element, Element)[2016]" classname="fr.eseo.e3.poo.projet.blox.modele.pieces.ElementTest" time="0.0"/>
  <testcase name="testEqualNonEgalite(Element, Element)[2017]" classname="fr.eseo.e3.poo.projet.blox.modele.pieces.ElementTest" time="0.0"/>
  <testcase name="testEqualNonEgalite(Element, Element)[2018]" classname="fr.eseo.e3.poo.projet.blox.modele.pieces.ElementTest" time="0.001"/>
  <testcase name="testEqualNonEgalite(Element, Element)[2019]" classname="fr.eseo.e3.poo.projet.blox.modele.pieces.ElementTest" time="0.0"/>
  <testcase name="testEqualNonEgalite(Element, Element)[2020]" classname="fr.eseo.e3.poo.projet.blox.modele.pieces.ElementTest" time="0.0"/>
  <testcase name="testEqualNonEgalite(Element, Element)[2021]" classname="fr.eseo.e3.poo.projet.blox.modele.pieces.ElementTest" time="0.0"/>
  <testcase name="testEqualNonEgalite(Element, Element)[2022]" classname="fr.eseo.e3.poo.projet.blox.modele.pieces.ElementTest" time="0.0"/>
  <testcase name="testEqualNonEgalite(Element, Element)[2023]" classname="fr.eseo.e3.poo.projet.blox.modele.pieces.ElementTest" time="0.0"/>
  <testcase name="testEqualNonEgalite(Element, Element)[2024]" classname="fr.eseo.e3.poo.projet.blox.modele.pieces.ElementTest" time="0.0"/>
  <testcase name="testEqualNonEgalite(Element, Element)[2025]" classname="fr.eseo.e3.poo.projet.blox.modele.pieces.ElementTest" time="0.0"/>
  <testcase name="testEqualNonEgalite(Element, Element)[2026]" classname="fr.eseo.e3.poo.projet.blox.modele.pieces.ElementTest" time="0.0"/>
  <testcase name="testEqualNonEgalite(Element, Element)[2027]" classname="fr.eseo.e3.poo.projet.blox.modele.pieces.ElementTest" time="0.0"/>
  <testcase name="testEqualNonEgalite(Element, Element)[2028]" classname="fr.eseo.e3.poo.projet.blox.modele.pieces.ElementTest" time="0.0"/>
  <testcase name="testEqualNonEgalite(Element, Element)[2029]" classname="fr.eseo.e3.poo.projet.blox.modele.pieces.ElementTest" time="0.0"/>
  <testcase name="testEqualNonEgalite(Element, Element)[2030]" classname="fr.eseo.e3.poo.projet.blox.modele.pieces.ElementTest" time="0.0"/>
  <testcase name="testEqualNonEgalite(Element, Element)[2031]" classname="fr.eseo.e3.poo.projet.blox.modele.pieces.ElementTest" time="0.0"/>
  <testcase name="testEqualNonEgalite(Element, Element)[2032]" classname="fr.eseo.e3.poo.projet.blox.modele.pieces.ElementTest" time="0.0"/>
  <testcase name="testEqualNonEgalite(Element, Element)[2033]" classname="fr.eseo.e3.poo.projet.blox.modele.pieces.ElementTest" time="0.0"/>
  <testcase name="testEqualNonEgalite(Element, Element)[2034]" classname="fr.eseo.e3.poo.projet.blox.modele.pieces.ElementTest" time="0.001"/>
  <testcase name="testEqualNonEgalite(Element, Element)[2035]" classname="fr.eseo.e3.poo.projet.blox.modele.pieces.ElementTest" time="0.0"/>
  <testcase name="testEqualNonEgalite(Element, Element)[2036]" classname="fr.eseo.e3.poo.projet.blox.modele.pieces.ElementTest" time="0.0"/>
  <testcase name="testEqualNonEgalite(Element, Element)[2037]" classname="fr.eseo.e3.poo.projet.blox.modele.pieces.ElementTest" time="0.001"/>
  <testcase name="testEqualNonEgalite(Element, Element)[2038]" classname="fr.eseo.e3.poo.projet.blox.modele.pieces.ElementTest" time="0.0"/>
  <testcase name="testEqualNonEgalite(Element, Element)[2039]" classname="fr.eseo.e3.poo.projet.blox.modele.pieces.ElementTest" time="0.0"/>
  <testcase name="testEqualNonEgalite(Element, Element)[2040]" classname="fr.eseo.e3.poo.projet.blox.modele.pieces.ElementTest" time="0.0"/>
  <testcase name="testEqualNonEgalite(Element, Element)[2041]" classname="fr.eseo.e3.poo.projet.blox.modele.pieces.ElementTest" time="0.001"/>
  <testcase name="testEqualNonEgalite(Element, Element)[2042]" classname="fr.eseo.e3.poo.projet.blox.modele.pieces.ElementTest" time="0.0"/>
  <testcase name="testEqualNonEgalite(Element, Element)[2043]" classname="fr.eseo.e3.poo.projet.blox.modele.pieces.ElementTest" time="0.0"/>
  <testcase name="testEqualNonEgalite(Element, Element)[2044]" classname="fr.eseo.e3.poo.projet.blox.modele.pieces.ElementTest" time="0.0"/>
  <testcase name="testEqualNonEgalite(Element, Element)[2045]" classname="fr.eseo.e3.poo.projet.blox.modele.pieces.ElementTest" time="0.0"/>
  <testcase name="testEqualNonEgalite(Element, Element)[2046]" classname="fr.eseo.e3.poo.projet.blox.modele.pieces.ElementTest" time="0.001"/>
  <testcase name="testEqualNonEgalite(Element, Element)[2047]" classname="fr.eseo.e3.poo.projet.blox.modele.pieces.ElementTest" time="0.0"/>
  <testcase name="testEqualNonEgalite(Element, Element)[2048]" classname="fr.eseo.e3.poo.projet.blox.modele.pieces.ElementTest" time="0.0"/>
  <testcase name="testEqualNonEgalite(Element, Element)[2049]" classname="fr.eseo.e3.poo.projet.blox.modele.pieces.ElementTest" time="0.009"/>
  <testcase name="testEqualNonEgalite(Element, Element)[2050]" classname="fr.eseo.e3.poo.projet.blox.modele.pieces.ElementTest" time="0.001"/>
  <testcase name="testEqualNonEgalite(Element, Element)[2051]" classname="fr.eseo.e3.poo.projet.blox.modele.pieces.ElementTest" time="0.0"/>
  <testcase name="testEqualNonEgalite(Element, Element)[2052]" classname="fr.eseo.e3.poo.projet.blox.modele.pieces.ElementTest" time="0.0"/>
  <testcase name="testEqualNonEgalite(Element, Element)[2053]" classname="fr.eseo.e3.poo.projet.blox.modele.pieces.ElementTest" time="0.0"/>
  <testcase name="testEqualNonEgalite(Element, Element)[2054]" classname="fr.eseo.e3.poo.projet.blox.modele.pieces.ElementTest" time="0.0"/>
  <testcase name="testEqualNonEgalite(Element, Element)[2055]" classname="fr.eseo.e3.poo.projet.blox.modele.pieces.ElementTest" time="0.0"/>
  <testcase name="testEqualNonEgalite(Element, Element)[2056]" classname="fr.eseo.e3.poo.projet.blox.modele.pieces.ElementTest" time="0.0"/>
  <testcase name="testEqualNonEgalite(Element, Element)[2057]" classname="fr.eseo.e3.poo.projet.blox.modele.pieces.ElementTest" time="0.0"/>
  <testcase name="testEqualNonEgalite(Element, Element)[2058]" classname="fr.eseo.e3.poo.projet.blox.modele.pieces.ElementTest" time="0.0"/>
  <testcase name="testEqualNonEgalite(Element, Element)[2059]" classname="fr.eseo.e3.poo.projet.blox.modele.pieces.ElementTest" time="0.003"/>
  <testcase name="testEqualNonEgalite(Element, Element)[2060]" classname="fr.eseo.e3.poo.projet.blox.modele.pieces.ElementTest" time="0.0"/>
  <testcase name="testEqualNonEgalite(Element, Element)[2061]" classname="fr.eseo.e3.poo.projet.blox.modele.pieces.ElementTest" time="0.0"/>
  <testcase name="testEqualNonEgalite(Element, Element)[2062]" classname="fr.eseo.e3.poo.projet.blox.modele.pieces.ElementTest" time="0.0"/>
  <testcase name="testEqualNonEgalite(Element, Element)[2063]" classname="fr.eseo.e3.poo.projet.blox.modele.pieces.ElementTest" time="0.001"/>
  <testcase name="testEqualNonEgalite(Element, Element)[2064]" classname="fr.eseo.e3.poo.projet.blox.modele.pieces.ElementTest" time="0.0"/>
  <testcase name="testEqualNonEgalite(Element, Element)[2065]" classname="fr.eseo.e3.poo.projet.blox.modele.pieces.ElementTest" time="0.0"/>
  <testcase name="testEqualNonEgalite(Element, Element)[2066]" classname="fr.eseo.e3.poo.projet.blox.modele.pieces.ElementTest" time="0.0"/>
  <testcase name="testEqualNonEgalite(Element, Element)[2067]" classname="fr.eseo.e3.poo.projet.blox.modele.pieces.ElementTest" time="0.0"/>
  <testcase name="testEqualNonEgalite(Element, Element)[2068]" classname="fr.eseo.e3.poo.projet.blox.modele.pieces.ElementTest" time="0.0"/>
  <testcase name="testEqualNonEgalite(Element, Element)[2069]" classname="fr.eseo.e3.poo.projet.blox.modele.pieces.ElementTest" time="0.0"/>
  <testcase name="testEqualNonEgalite(Element, Element)[2070]" classname="fr.eseo.e3.poo.projet.blox.modele.pieces.ElementTest" time="0.0"/>
  <testcase name="testEqualNonEgalite(Element, Element)[2071]" classname="fr.eseo.e3.poo.projet.blox.modele.pieces.ElementTest" time="0.0"/>
  <testcase name="testEqualNonEgalite(Element, Element)[2072]" classname="fr.eseo.e3.poo.projet.blox.modele.pieces.ElementTest" time="0.0"/>
  <testcase name="testEqualNonEgalite(Element, Element)[2073]" classname="fr.eseo.e3.poo.projet.blox.modele.pieces.ElementTest" time="0.0"/>
  <testcase name="testEqualNonEgalite(Element, Element)[2074]" classname="fr.eseo.e3.poo.projet.blox.modele.pieces.ElementTest" time="0.0"/>
  <testcase name="testEqualNonEgalite(Element, Element)[2075]" classname="fr.eseo.e3.poo.projet.blox.modele.pieces.ElementTest" time="0.0"/>
  <testcase name="testEqualNonEgalite(Element, Element)[2076]" classname="fr.eseo.e3.poo.projet.blox.modele.pieces.ElementTest" time="0.001"/>
  <testcase name="testEqualNonEgalite(Element, Element)[2077]" classname="fr.eseo.e3.poo.projet.blox.modele.pieces.ElementTest" time="0.0"/>
  <testcase name="testEqualNonEgalite(Element, Element)[2078]" classname="fr.eseo.e3.poo.projet.blox.modele.pieces.ElementTest" time="0.0"/>
  <testcase name="testEqualNonEgalite(Element, Element)[2079]" classname="fr.eseo.e3.poo.projet.blox.modele.pieces.ElementTest" time="0.0"/>
  <testcase name="testEqualNonEgalite(Element, Element)[2080]" classname="fr.eseo.e3.poo.projet.blox.modele.pieces.ElementTest" time="0.001"/>
  <testcase name="testEqualNonEgalite(Element, Element)[2081]" classname="fr.eseo.e3.poo.projet.blox.modele.pieces.ElementTest" time="0.0"/>
  <testcase name="testEqualNonEgalite(Element, Element)[2082]" classname="fr.eseo.e3.poo.projet.blox.modele.pieces.ElementTest" time="0.001"/>
  <testcase name="testEqualNonEgalite(Element, Element)[2083]" classname="fr.eseo.e3.poo.projet.blox.modele.pieces.ElementTest" time="0.001"/>
  <testcase name="testEqualNonEgalite(Element, Element)[2084]" classname="fr.eseo.e3.poo.projet.blox.modele.pieces.ElementTest" time="0.0"/>
  <testcase name="testEqualNonEgalite(Element, Element)[2085]" classname="fr.eseo.e3.poo.projet.blox.modele.pieces.ElementTest" time="0.001"/>
  <testcase name="testEqualNonEgalite(Element, Element)[2086]" classname="fr.eseo.e3.poo.projet.blox.modele.pieces.ElementTest" time="0.0"/>
  <testcase name="testEqualNonEgalite(Element, Element)[2087]" classname="fr.eseo.e3.poo.projet.blox.modele.pieces.ElementTest" time="0.0"/>
  <testcase name="testEqualNonEgalite(Element, Element)[2088]" classname="fr.eseo.e3.poo.projet.blox.modele.pieces.ElementTest" time="0.0"/>
  <testcase name="testEqualNonEgalite(Element, Element)[2089]" classname="fr.eseo.e3.poo.projet.blox.modele.pieces.ElementTest" time="0.0"/>
  <testcase name="testEqualNonEgalite(Element, Element)[2090]" classname="fr.eseo.e3.poo.projet.blox.modele.pieces.ElementTest" time="0.0"/>
  <testcase name="testEqualNonEgalite(Element, Element)[2091]" classname="fr.eseo.e3.poo.projet.blox.modele.pieces.ElementTest" time="0.0"/>
  <testcase name="testEqualNonEgalite(Element, Element)[2092]" classname="fr.eseo.e3.poo.projet.blox.modele.pieces.ElementTest" time="0.0"/>
  <testcase name="testEqualNonEgalite(Element, Element)[2093]" classname="fr.eseo.e3.poo.projet.blox.modele.pieces.ElementTest" time="0.0"/>
  <testcase name="testEqualNonEgalite(Element, Element)[2094]" classname="fr.eseo.e3.poo.projet.blox.modele.pieces.ElementTest" time="0.0"/>
  <testcase name="testEqualNonEgalite(Element, Element)[2095]" classname="fr.eseo.e3.poo.projet.blox.modele.pieces.ElementTest" time="0.0"/>
  <testcase name="testEqualNonEgalite(Element, Element)[2096]" classname="fr.eseo.e3.poo.projet.blox.modele.pieces.ElementTest" time="0.0"/>
  <testcase name="testEqualNonEgalite(Element, Element)[2097]" classname="fr.eseo.e3.poo.projet.blox.modele.pieces.ElementTest" time="0.0"/>
  <testcase name="testEqualNonEgalite(Element, Element)[2098]" classname="fr.eseo.e3.poo.projet.blox.modele.pieces.ElementTest" time="0.0"/>
  <testcase name="testEqualNonEgalite(Element, Element)[2099]" classname="fr.eseo.e3.poo.projet.blox.modele.pieces.ElementTest" time="0.0"/>
  <testcase name="testEqualNonEgalite(Element, Element)[2100]" classname="fr.eseo.e3.poo.projet.blox.modele.pieces.ElementTest" time="0.0"/>
  <testcase name="testEqualNonEgalite(Element, Element)[2101]" classname="fr.eseo.e3.poo.projet.blox.modele.pieces.ElementTest" time="0.0"/>
  <testcase name="testEqualNonEgalite(Element, Element)[2102]" classname="fr.eseo.e3.poo.projet.blox.modele.pieces.ElementTest" time="0.0"/>
  <testcase name="testEqualNonEgalite(Element, Element)[2103]" classname="fr.eseo.e3.poo.projet.blox.modele.pieces.ElementTest" time="0.04"/>
  <testcase name="testEqualNonEgalite(Element, Element)[2104]" classname="fr.eseo.e3.poo.projet.blox.modele.pieces.ElementTest" time="0.001"/>
  <testcase name="testEqualNonEgalite(Element, Element)[2105]" classname="fr.eseo.e3.poo.projet.blox.modele.pieces.ElementTest" time="0.0"/>
  <testcase name="testEqualNonEgalite(Element, Element)[2106]" classname="fr.eseo.e3.poo.projet.blox.modele.pieces.ElementTest" time="0.0"/>
  <testcase name="testEqualNonEgalite(Element, Element)[2107]" classname="fr.eseo.e3.poo.projet.blox.modele.pieces.ElementTest" time="0.0"/>
  <testcase name="testEqualNonEgalite(Element, Element)[2108]" classname="fr.eseo.e3.poo.projet.blox.modele.pieces.ElementTest" time="0.0"/>
  <testcase name="testEqualNonEgalite(Element, Element)[2109]" classname="fr.eseo.e3.poo.projet.blox.modele.pieces.ElementTest" time="0.0"/>
  <testcase name="testEqualNonEgalite(Element, Element)[2110]" classname="fr.eseo.e3.poo.projet.blox.modele.pieces.ElementTest" time="0.0"/>
  <testcase name="testEqualNonEgalite(Element, Element)[2111]" classname="fr.eseo.e3.poo.projet.blox.modele.pieces.ElementTest" time="0.001"/>
  <testcase name="testEqualNonEgalite(Element, Element)[2112]" classname="fr.eseo.e3.poo.projet.blox.modele.pieces.ElementTest" time="0.0"/>
  <testcase name="testEqualNonEgalite(Element, Element)[2113]" classname="fr.eseo.e3.poo.projet.blox.modele.pieces.ElementTest" time="0.0"/>
  <testcase name="testEqualNonEgalite(Element, Element)[2114]" classname="fr.eseo.e3.poo.projet.blox.modele.pieces.ElementTest" time="0.0"/>
  <testcase name="testEqualNonEgalite(Element, Element)[2115]" classname="fr.eseo.e3.poo.projet.blox.modele.pieces.ElementTest" time="0.0"/>
  <testcase name="testEqualNonEgalite(Element, Element)[2116]" classname="fr.eseo.e3.poo.projet.blox.modele.pieces.ElementTest" time="0.0"/>
  <testcase name="testEqualNonEgalite(Element, Element)[2117]" classname="fr.eseo.e3.poo.projet.blox.modele.pieces.ElementTest" time="0.001"/>
  <testcase name="testEqualNonEgalite(Element, Element)[2118]" classname="fr.eseo.e3.poo.projet.blox.modele.pieces.ElementTest" time="0.0"/>
  <testcase name="testEqualNonEgalite(Element, Element)[2119]" classname="fr.eseo.e3.poo.projet.blox.modele.pieces.ElementTest" time="0.0"/>
  <testcase name="testEqualNonEgalite(Element, Element)[2120]" classname="fr.eseo.e3.poo.projet.blox.modele.pieces.ElementTest" time="0.0"/>
  <testcase name="testEqualNonEgalite(Element, Element)[2121]" classname="fr.eseo.e3.poo.projet.blox.modele.pieces.ElementTest" time="0.0"/>
  <testcase name="testEqualNonEgalite(Element, Element)[2122]" classname="fr.eseo.e3.poo.projet.blox.modele.pieces.ElementTest" time="0.0"/>
  <testcase name="testEqualNonEgalite(Element, Element)[2123]" classname="fr.eseo.e3.poo.projet.blox.modele.pieces.ElementTest" time="0.0"/>
  <testcase name="testEqualNonEgalite(Element, Element)[2124]" classname="fr.eseo.e3.poo.projet.blox.modele.pieces.ElementTest" time="0.0"/>
  <testcase name="testEqualNonEgalite(Element, Element)[2125]" classname="fr.eseo.e3.poo.projet.blox.modele.pieces.ElementTest" time="0.0"/>
  <testcase name="testEqualNonEgalite(Element, Element)[2126]" classname="fr.eseo.e3.poo.projet.blox.modele.pieces.ElementTest" time="0.0"/>
  <testcase name="testEqualNonEgalite(Element, Element)[2127]" classname="fr.eseo.e3.poo.projet.blox.modele.pieces.ElementTest" time="0.0"/>
  <testcase name="testEqualNonEgalite(Element, Element)[2128]" classname="fr.eseo.e3.poo.projet.blox.modele.pieces.ElementTest" time="0.0"/>
  <testcase name="testEqualNonEgalite(Element, Element)[2129]" classname="fr.eseo.e3.poo.projet.blox.modele.pieces.ElementTest" time="0.0"/>
  <testcase name="testEqualNonEgalite(Element, Element)[2130]" classname="fr.eseo.e3.poo.projet.blox.modele.pieces.ElementTest" time="0.0"/>
  <testcase name="testEqualNonEgalite(Element, Element)[2131]" classname="fr.eseo.e3.poo.projet.blox.modele.pieces.ElementTest" time="0.0"/>
  <testcase name="testEqualNonEgalite(Element, Element)[2132]" classname="fr.eseo.e3.poo.projet.blox.modele.pieces.ElementTest" time="0.0"/>
  <testcase name="testEqualNonEgalite(Element, Element)[2133]" classname="fr.eseo.e3.poo.projet.blox.modele.pieces.ElementTest" time="0.001"/>
  <testcase name="testEqualNonEgalite(Element, Element)[2134]" classname="fr.eseo.e3.poo.projet.blox.modele.pieces.ElementTest" time="0.0"/>
  <testcase name="testEqualNonEgalite(Element, Element)[2135]" classname="fr.eseo.e3.poo.projet.blox.modele.pieces.ElementTest" time="0.0"/>
  <testcase name="testEqualNonEgalite(Element, Element)[2136]" classname="fr.eseo.e3.poo.projet.blox.modele.pieces.ElementTest" time="0.0"/>
  <testcase name="testEqualNonEgalite(Element, Element)[2137]" classname="fr.eseo.e3.poo.projet.blox.modele.pieces.ElementTest" time="0.0"/>
  <testcase name="testEqualNonEgalite(Element, Element)[2138]" classname="fr.eseo.e3.poo.projet.blox.modele.pieces.ElementTest" time="0.001"/>
  <testcase name="testEqualNonEgalite(Element, Element)[2139]" classname="fr.eseo.e3.poo.projet.blox.modele.pieces.ElementTest" time="0.0"/>
  <testcase name="testEqualNonEgalite(Element, Element)[2140]" classname="fr.eseo.e3.poo.projet.blox.modele.pieces.ElementTest" time="0.0"/>
  <testcase name="testEqualNonEgalite(Element, Element)[2141]" classname="fr.eseo.e3.poo.projet.blox.modele.pieces.ElementTest" time="0.0"/>
  <testcase name="testEqualNonEgalite(Element, Element)[2142]" classname="fr.eseo.e3.poo.projet.blox.modele.pieces.ElementTest" time="0.0"/>
  <testcase name="testEqualNonEgalite(Element, Element)[2143]" classname="fr.eseo.e3.poo.projet.blox.modele.pieces.ElementTest" time="0.0"/>
  <testcase name="testEqualNonEgalite(Element, Element)[2144]" classname="fr.eseo.e3.poo.projet.blox.modele.pieces.ElementTest" time="0.0"/>
  <testcase name="testEqualNonEgalite(Element, Element)[2145]" classname="fr.eseo.e3.poo.projet.blox.modele.pieces.ElementTest" time="0.001"/>
  <testcase name="testEqualNonEgalite(Element, Element)[2146]" classname="fr.eseo.e3.poo.projet.blox.modele.pieces.ElementTest" time="0.0"/>
  <testcase name="testEqualNonEgalite(Element, Element)[2147]" classname="fr.eseo.e3.poo.projet.blox.modele.pieces.ElementTest" time="0.0"/>
  <testcase name="testEqualNonEgalite(Element, Element)[2148]" classname="fr.eseo.e3.poo.projet.blox.modele.pieces.ElementTest" time="0.0"/>
  <testcase name="testEqualNonEgalite(Element, Element)[2149]" classname="fr.eseo.e3.poo.projet.blox.modele.pieces.ElementTest" time="0.001"/>
  <testcase name="testEqualNonEgalite(Element, Element)[2150]" classname="fr.eseo.e3.poo.projet.blox.modele.pieces.ElementTest" time="0.0"/>
  <testcase name="testEqualNonEgalite(Element, Element)[2151]" classname="fr.eseo.e3.poo.projet.blox.modele.pieces.ElementTest" time="0.0"/>
  <testcase name="testEqualNonEgalite(Element, Element)[2152]" classname="fr.eseo.e3.poo.projet.blox.modele.pieces.ElementTest" time="0.0"/>
  <testcase name="testEqualNonEgalite(Element, Element)[2153]" classname="fr.eseo.e3.poo.projet.blox.modele.pieces.ElementTest" time="0.0"/>
  <testcase name="testEqualNonEgalite(Element, Element)[2154]" classname="fr.eseo.e3.poo.projet.blox.modele.pieces.ElementTest" time="0.0"/>
  <testcase name="testEqualNonEgalite(Element, Element)[2155]" classname="fr.eseo.e3.poo.projet.blox.modele.pieces.ElementTest" time="0.0"/>
  <testcase name="testEqualNonEgalite(Element, Element)[2156]" classname="fr.eseo.e3.poo.projet.blox.modele.pieces.ElementTest" time="0.0"/>
  <testcase name="testEqualNonEgalite(Element, Element)[2157]" classname="fr.eseo.e3.poo.projet.blox.modele.pieces.ElementTest" time="0.0"/>
  <testcase name="testEqualNonEgalite(Element, Element)[2158]" classname="fr.eseo.e3.poo.projet.blox.modele.pieces.ElementTest" time="0.0"/>
  <testcase name="testEqualNonEgalite(Element, Element)[2159]" classname="fr.eseo.e3.poo.projet.blox.modele.pieces.ElementTest" time="0.0"/>
  <testcase name="testEqualNonEgalite(Element, Element)[2160]" classname="fr.eseo.e3.poo.projet.blox.modele.pieces.ElementTest" time="0.0"/>
  <testcase name="testEqualNonEgalite(Element, Element)[2161]" classname="fr.eseo.e3.poo.projet.blox.modele.pieces.ElementTest" time="0.0"/>
  <testcase name="testEqualNonEgalite(Element, Element)[2162]" classname="fr.eseo.e3.poo.projet.blox.modele.pieces.ElementTest" time="0.0"/>
  <testcase name="testEqualNonEgalite(Element, Element)[2163]" classname="fr.eseo.e3.poo.projet.blox.modele.pieces.ElementTest" time="0.001"/>
  <testcase name="testEqualNonEgalite(Element, Element)[2164]" classname="fr.eseo.e3.poo.projet.blox.modele.pieces.ElementTest" time="0.0"/>
  <testcase name="testEqualNonEgalite(Element, Element)[2165]" classname="fr.eseo.e3.poo.projet.blox.modele.pieces.ElementTest" time="0.0"/>
  <testcase name="testEqualNonEgalite(Element, Element)[2166]" classname="fr.eseo.e3.poo.projet.blox.modele.pieces.ElementTest" time="0.001"/>
  <testcase name="testEqualNonEgalite(Element, Element)[2167]" classname="fr.eseo.e3.poo.projet.blox.modele.pieces.ElementTest" time="0.0"/>
  <testcase name="testEqualNonEgalite(Element, Element)[2168]" classname="fr.eseo.e3.poo.projet.blox.modele.pieces.ElementTest" time="0.0"/>
  <testcase name="testEqualNonEgalite(Element, Element)[2169]" classname="fr.eseo.e3.poo.projet.blox.modele.pieces.ElementTest" time="0.001"/>
  <testcase name="testEqualNonEgalite(Element, Element)[2170]" classname="fr.eseo.e3.poo.projet.blox.modele.pieces.ElementTest" time="0.0"/>
  <testcase name="testEqualNonEgalite(Element, Element)[2171]" classname="fr.eseo.e3.poo.projet.blox.modele.pieces.ElementTest" time="0.0"/>
  <testcase name="testEqualNonEgalite(Element, Element)[2172]" classname="fr.eseo.e3.poo.projet.blox.modele.pieces.ElementTest" time="0.0"/>
  <testcase name="testEqualNonEgalite(Element, Element)[2173]" classname="fr.eseo.e3.poo.projet.blox.modele.pieces.ElementTest" time="0.0"/>
  <testcase name="testEqualNonEgalite(Element, Element)[2174]" classname="fr.eseo.e3.poo.projet.blox.modele.pieces.ElementTest" time="0.001"/>
  <testcase name="testEqualNonEgalite(Element, Element)[2175]" classname="fr.eseo.e3.poo.projet.blox.modele.pieces.ElementTest" time="0.0"/>
  <testcase name="testEqualNonEgalite(Element, Element)[2176]" classname="fr.eseo.e3.poo.projet.blox.modele.pieces.ElementTest" time="0.0"/>
  <testcase name="testEqualNonEgalite(Element, Element)[2177]" classname="fr.eseo.e3.poo.projet.blox.modele.pieces.ElementTest" time="0.0"/>
  <testcase name="testEqualNonEgalite(Element, Element)[2178]" classname="fr.eseo.e3.poo.projet.blox.modele.pieces.ElementTest" time="0.001"/>
  <testcase name="testEqualNonEgalite(Element, Element)[2179]" classname="fr.eseo.e3.poo.projet.blox.modele.pieces.ElementTest" time="0.0"/>
  <testcase name="testEqualNonEgalite(Element, Element)[2180]" classname="fr.eseo.e3.poo.projet.blox.modele.pieces.ElementTest" time="0.0"/>
  <testcase name="testEqualNonEgalite(Element, Element)[2181]" classname="fr.eseo.e3.poo.projet.blox.modele.pieces.ElementTest" time="0.001"/>
  <testcase name="testEqualNonEgalite(Element, Element)[2182]" classname="fr.eseo.e3.poo.projet.blox.modele.pieces.ElementTest" time="0.0"/>
  <testcase name="testEqualNonEgalite(Element, Element)[2183]" classname="fr.eseo.e3.poo.projet.blox.modele.pieces.ElementTest" time="0.001"/>
  <testcase name="testEqualNonEgalite(Element, Element)[2184]" classname="fr.eseo.e3.poo.projet.blox.modele.pieces.ElementTest" time="0.0"/>
  <testcase name="testEqualNonEgalite(Element, Element)[2185]" classname="fr.eseo.e3.poo.projet.blox.modele.pieces.ElementTest" time="0.0"/>
  <testcase name="testEqualNonEgalite(Element, Element)[2186]" classname="fr.eseo.e3.poo.projet.blox.modele.pieces.ElementTest" time="0.0"/>
  <testcase name="testEqualNonEgalite(Element, Element)[2187]" classname="fr.eseo.e3.poo.projet.blox.modele.pieces.ElementTest" time="0.0"/>
  <testcase name="testEqualNonEgalite(Element, Element)[2188]" classname="fr.eseo.e3.poo.projet.blox.modele.pieces.ElementTest" time="0.0"/>
  <testcase name="testEqualNonEgalite(Element, Element)[2189]" classname="fr.eseo.e3.poo.projet.blox.modele.pieces.ElementTest" time="0.0"/>
  <testcase name="testEqualNonEgalite(Element, Element)[2190]" classname="fr.eseo.e3.poo.projet.blox.modele.pieces.ElementTest" time="0.0"/>
  <testcase name="testEqualNonEgalite(Element, Element)[2191]" classname="fr.eseo.e3.poo.projet.blox.modele.pieces.ElementTest" time="0.001"/>
  <testcase name="testEqualNonEgalite(Element, Element)[2192]" classname="fr.eseo.e3.poo.projet.blox.modele.pieces.ElementTest" time="0.0"/>
  <testcase name="testEqualNonEgalite(Element, Element)[2193]" classname="fr.eseo.e3.poo.projet.blox.modele.pieces.ElementTest" time="0.0"/>
  <testcase name="testEqualNonEgalite(Element, Element)[2194]" classname="fr.eseo.e3.poo.projet.blox.modele.pieces.ElementTest" time="0.0"/>
  <testcase name="testEqualNonEgalite(Element, Element)[2195]" classname="fr.eseo.e3.poo.projet.blox.modele.pieces.ElementTest" time="0.0"/>
  <testcase name="testEqualNonEgalite(Element, Element)[2196]" classname="fr.eseo.e3.poo.projet.blox.modele.pieces.ElementTest" time="0.001"/>
  <testcase name="testEqualNonEgalite(Element, Element)[2197]" classname="fr.eseo.e3.poo.projet.blox.modele.pieces.ElementTest" time="0.0"/>
  <testcase name="testEqualNonEgalite(Element, Element)[2198]" classname="fr.eseo.e3.poo.projet.blox.modele.pieces.ElementTest" time="0.0"/>
  <testcase name="testEqualNonEgalite(Element, Element)[2199]" classname="fr.eseo.e3.poo.projet.blox.modele.pieces.ElementTest" time="0.0"/>
  <testcase name="testEqualNonEgalite(Element, Element)[2200]" classname="fr.eseo.e3.poo.projet.blox.modele.pieces.ElementTest" time="0.0"/>
  <testcase name="testEqualNonEgalite(Element, Element)[2201]" classname="fr.eseo.e3.poo.projet.blox.modele.pieces.ElementTest" time="0.001"/>
  <testcase name="testEqualNonEgalite(Element, Element)[2202]" classname="fr.eseo.e3.poo.projet.blox.modele.pieces.ElementTest" time="0.0"/>
  <testcase name="testEqualNonEgalite(Element, Element)[2203]" classname="fr.eseo.e3.poo.projet.blox.modele.pieces.ElementTest" time="0.0"/>
  <testcase name="testEqualNonEgalite(Element, Element)[2204]" classname="fr.eseo.e3.poo.projet.blox.modele.pieces.ElementTest" time="0.001"/>
  <testcase name="testEqualNonEgalite(Element, Element)[2205]" classname="fr.eseo.e3.poo.projet.blox.modele.pieces.ElementTest" time="0.0"/>
  <testcase name="testEqualNonEgalite(Element, Element)[2206]" classname="fr.eseo.e3.poo.projet.blox.modele.pieces.ElementTest" time="0.0"/>
  <testcase name="testEqualNonEgalite(Element, Element)[2207]" classname="fr.eseo.e3.poo.projet.blox.modele.pieces.ElementTest" time="0.0"/>
  <testcase name="testEqualNonEgalite(Element, Element)[2208]" classname="fr.eseo.e3.poo.projet.blox.modele.pieces.ElementTest" time="0.0"/>
  <testcase name="testEqualNonEgalite(Element, Element)[2209]" classname="fr.eseo.e3.poo.projet.blox.modele.pieces.ElementTest" time="0.0"/>
  <testcase name="testEqualNonEgalite(Element, Element)[2210]" classname="fr.eseo.e3.poo.projet.blox.modele.pieces.ElementTest" time="0.001"/>
  <testcase name="testEqualNonEgalite(Element, Element)[2211]" classname="fr.eseo.e3.poo.projet.blox.modele.pieces.ElementTest" time="0.0"/>
  <testcase name="testEqualNonEgalite(Element, Element)[2212]" classname="fr.eseo.e3.poo.projet.blox.modele.pieces.ElementTest" time="0.0"/>
  <testcase name="testEqualNonEgalite(Element, Element)[2213]" classname="fr.eseo.e3.poo.projet.blox.modele.pieces.ElementTest" time="0.0"/>
  <testcase name="testEqualNonEgalite(Element, Element)[2214]" classname="fr.eseo.e3.poo.projet.blox.modele.pieces.ElementTest" time="0.001"/>
  <testcase name="testEqualNonEgalite(Element, Element)[2215]" classname="fr.eseo.e3.poo.projet.blox.modele.pieces.ElementTest" time="0.0"/>
  <testcase name="testEqualNonEgalite(Element, Element)[2216]" classname="fr.eseo.e3.poo.projet.blox.modele.pieces.ElementTest" time="0.0"/>
  <testcase name="testEqualNonEgalite(Element, Element)[2217]" classname="fr.eseo.e3.poo.projet.blox.modele.pieces.ElementTest" time="0.0"/>
  <testcase name="testEqualNonEgalite(Element, Element)[2218]" classname="fr.eseo.e3.poo.projet.blox.modele.pieces.ElementTest" time="0.0"/>
  <testcase name="testEqualNonEgalite(Element, Element)[2219]" classname="fr.eseo.e3.poo.projet.blox.modele.pieces.ElementTest" time="0.001"/>
  <testcase name="testEqualNonEgalite(Element, Element)[2220]" classname="fr.eseo.e3.poo.projet.blox.modele.pieces.ElementTest" time="0.0"/>
  <testcase name="testEqualNonEgalite(Element, Element)[2221]" classname="fr.eseo.e3.poo.projet.blox.modele.pieces.ElementTest" time="0.0"/>
  <testcase name="testEqualNonEgalite(Element, Element)[2222]" classname="fr.eseo.e3.poo.projet.blox.modele.pieces.ElementTest" time="0.001"/>
  <testcase name="testEqualNonEgalite(Element, Element)[2223]" classname="fr.eseo.e3.poo.projet.blox.modele.pieces.ElementTest" time="0.0"/>
  <testcase name="testEqualNonEgalite(Element, Element)[2224]" classname="fr.eseo.e3.poo.projet.blox.modele.pieces.ElementTest" time="0.0"/>
  <testcase name="testEqualNonEgalite(Element, Element)[2225]" classname="fr.eseo.e3.poo.projet.blox.modele.pieces.ElementTest" time="0.0"/>
  <testcase name="testEqualNonEgalite(Element, Element)[2226]" classname="fr.eseo.e3.poo.projet.blox.modele.pieces.ElementTest" time="0.0"/>
  <testcase name="testEqualNonEgalite(Element, Element)[2227]" classname="fr.eseo.e3.poo.projet.blox.modele.pieces.ElementTest" time="0.0"/>
  <testcase name="testEqualNonEgalite(Element, Element)[2228]" classname="fr.eseo.e3.poo.projet.blox.modele.pieces.ElementTest" time="0.0"/>
  <testcase name="testEqualNonEgalite(Element, Element)[2229]" classname="fr.eseo.e3.poo.projet.blox.modele.pieces.ElementTest" time="0.0"/>
  <testcase name="testEqualNonEgalite(Element, Element)[2230]" classname="fr.eseo.e3.poo.projet.blox.modele.pieces.ElementTest" time="0.0"/>
  <testcase name="testEqualNonEgalite(Element, Element)[2231]" classname="fr.eseo.e3.poo.projet.blox.modele.pieces.ElementTest" time="0.0"/>
  <testcase name="testEqualNonEgalite(Element, Element)[2232]" classname="fr.eseo.e3.poo.projet.blox.modele.pieces.ElementTest" time="0.001"/>
  <testcase name="testEqualNonEgalite(Element, Element)[2233]" classname="fr.eseo.e3.poo.projet.blox.modele.pieces.ElementTest" time="0.0"/>
  <testcase name="testEqualNonEgalite(Element, Element)[2234]" classname="fr.eseo.e3.poo.projet.blox.modele.pieces.ElementTest" time="0.0"/>
  <testcase name="testEqualNonEgalite(Element, Element)[2235]" classname="fr.eseo.e3.poo.projet.blox.modele.pieces.ElementTest" time="0.0"/>
  <testcase name="testEqualNonEgalite(Element, Element)[2236]" classname="fr.eseo.e3.poo.projet.blox.modele.pieces.ElementTest" time="0.001"/>
  <testcase name="testEqualNonEgalite(Element, Element)[2237]" classname="fr.eseo.e3.poo.projet.blox.modele.pieces.ElementTest" time="0.0"/>
  <testcase name="testEqualNonEgalite(Element, Element)[2238]" classname="fr.eseo.e3.poo.projet.blox.modele.pieces.ElementTest" time="0.0"/>
  <testcase name="testEqualNonEgalite(Element, Element)[2239]" classname="fr.eseo.e3.poo.projet.blox.modele.pieces.ElementTest" time="0.0"/>
  <testcase name="testEqualNonEgalite(Element, Element)[2240]" classname="fr.eseo.e3.poo.projet.blox.modele.pieces.ElementTest" time="0.0"/>
  <testcase name="testEqualNonEgalite(Element, Element)[2241]" classname="fr.eseo.e3.poo.projet.blox.modele.pieces.ElementTest" time="0.0"/>
  <testcase name="testEqualNonEgalite(Element, Element)[2242]" classname="fr.eseo.e3.poo.projet.blox.modele.pieces.ElementTest" time="0.0"/>
  <testcase name="testEqualNonEgalite(Element, Element)[2243]" classname="fr.eseo.e3.poo.projet.blox.modele.pieces.ElementTest" time="0.001"/>
  <testcase name="testEqualNonEgalite(Element, Element)[2244]" classname="fr.eseo.e3.poo.projet.blox.modele.pieces.ElementTest" time="0.0"/>
  <testcase name="testEqualNonEgalite(Element, Element)[2245]" classname="fr.eseo.e3.poo.projet.blox.modele.pieces.ElementTest" time="0.0"/>
  <testcase name="testEqualNonEgalite(Element, Element)[2246]" classname="fr.eseo.e3.poo.projet.blox.modele.pieces.ElementTest" time="0.0"/>
  <testcase name="testEqualNonEgalite(Element, Element)[2247]" classname="fr.eseo.e3.poo.projet.blox.modele.pieces.ElementTest" time="0.001"/>
  <testcase name="testEqualNonEgalite(Element, Element)[2248]" classname="fr.eseo.e3.poo.projet.blox.modele.pieces.ElementTest" time="0.0"/>
  <testcase name="testEqualNonEgalite(Element, Element)[2249]" classname="fr.eseo.e3.poo.projet.blox.modele.pieces.ElementTest" time="0.0"/>
  <testcase name="testEqualNonEgalite(Element, Element)[2250]" classname="fr.eseo.e3.poo.projet.blox.modele.pieces.ElementTest" time="0.0"/>
  <testcase name="testEqualNonEgalite(Element, Element)[2251]" classname="fr.eseo.e3.poo.projet.blox.modele.pieces.ElementTest" time="0.0"/>
  <testcase name="testEqualNonEgalite(Element, Element)[2252]" classname="fr.eseo.e3.poo.projet.blox.modele.pieces.ElementTest" time="0.0"/>
  <testcase name="testEqualNonEgalite(Element, Element)[2253]" classname="fr.eseo.e3.poo.projet.blox.modele.pieces.ElementTest" time="0.0"/>
  <testcase name="testEqualNonEgalite(Element, Element)[2254]" classname="fr.eseo.e3.poo.projet.blox.modele.pieces.ElementTest" time="0.001"/>
  <testcase name="testEqualNonEgalite(Element, Element)[2255]" classname="fr.eseo.e3.poo.projet.blox.modele.pieces.ElementTest" time="0.0"/>
  <testcase name="testEqualNonEgalite(Element, Element)[2256]" classname="fr.eseo.e3.poo.projet.blox.modele.pieces.ElementTest" time="0.0"/>
  <testcase name="testEqualNonEgalite(Element, Element)[2257]" classname="fr.eseo.e3.poo.projet.blox.modele.pieces.ElementTest" time="0.0"/>
  <testcase name="testEqualNonEgalite(Element, Element)[2258]" classname="fr.eseo.e3.poo.projet.blox.modele.pieces.ElementTest" time="0.0"/>
  <testcase name="testEqualNonEgalite(Element, Element)[2259]" classname="fr.eseo.e3.poo.projet.blox.modele.pieces.ElementTest" time="0.0"/>
  <testcase name="testEqualNonEgalite(Element, Element)[2260]" classname="fr.eseo.e3.poo.projet.blox.modele.pieces.ElementTest" time="0.0"/>
  <testcase name="testEqualNonEgalite(Element, Element)[2261]" classname="fr.eseo.e3.poo.projet.blox.modele.pieces.ElementTest" time="0.0"/>
  <testcase name="testEqualNonEgalite(Element, Element)[2262]" classname="fr.eseo.e3.poo.projet.blox.modele.pieces.ElementTest" time="0.0"/>
  <testcase name="testEqualNonEgalite(Element, Element)[2263]" classname="fr.eseo.e3.poo.projet.blox.modele.pieces.ElementTest" time="0.0"/>
  <testcase name="testEqualNonEgalite(Element, Element)[2264]" classname="fr.eseo.e3.poo.projet.blox.modele.pieces.ElementTest" time="0.0"/>
  <testcase name="testEqualNonEgalite(Element, Element)[2265]" classname="fr.eseo.e3.poo.projet.blox.modele.pieces.ElementTest" time="0.0"/>
  <testcase name="testEqualNonEgalite(Element, Element)[2266]" classname="fr.eseo.e3.poo.projet.blox.modele.pieces.ElementTest" time="0.0"/>
  <testcase name="testEqualNonEgalite(Element, Element)[2267]" classname="fr.eseo.e3.poo.projet.blox.modele.pieces.ElementTest" time="0.0"/>
  <testcase name="testEqualNonEgalite(Element, Element)[2268]" classname="fr.eseo.e3.poo.projet.blox.modele.pieces.ElementTest" time="0.0"/>
  <testcase name="testEqualNonEgalite(Element, Element)[2269]" classname="fr.eseo.e3.poo.projet.blox.modele.pieces.ElementTest" time="0.0"/>
  <testcase name="testEqualNonEgalite(Element, Element)[2270]" classname="fr.eseo.e3.poo.projet.blox.modele.pieces.ElementTest" time="0.0"/>
  <testcase name="testEqualNonEgalite(Element, Element)[2271]" classname="fr.eseo.e3.poo.projet.blox.modele.pieces.ElementTest" time="0.0"/>
  <testcase name="testEqualNonEgalite(Element, Element)[2272]" classname="fr.eseo.e3.poo.projet.blox.modele.pieces.ElementTest" time="0.001"/>
  <testcase name="testEqualNonEgalite(Element, Element)[2273]" classname="fr.eseo.e3.poo.projet.blox.modele.pieces.ElementTest" time="0.0"/>
  <testcase name="testEqualNonEgalite(Element, Element)[2274]" classname="fr.eseo.e3.poo.projet.blox.modele.pieces.ElementTest" time="0.0"/>
  <testcase name="testEqualNonEgalite(Element, Element)[2275]" classname="fr.eseo.e3.poo.projet.blox.modele.pieces.ElementTest" time="0.0"/>
  <testcase name="testEqualNonEgalite(Element, Element)[2276]" classname="fr.eseo.e3.poo.projet.blox.modele.pieces.ElementTest" time="0.0"/>
  <testcase name="testEqualNonEgalite(Element, Element)[2277]" classname="fr.eseo.e3.poo.projet.blox.modele.pieces.ElementTest" time="0.0"/>
  <testcase name="testEqualNonEgalite(Element, Element)[2278]" classname="fr.eseo.e3.poo.projet.blox.modele.pieces.ElementTest" time="0.0"/>
  <testcase name="testEqualNonEgalite(Element, Element)[2279]" classname="fr.eseo.e3.poo.projet.blox.modele.pieces.ElementTest" time="0.0"/>
  <testcase name="testEqualNonEgalite(Element, Element)[2280]" classname="fr.eseo.e3.poo.projet.blox.modele.pieces.ElementTest" time="0.0"/>
  <testcase name="testEqualNonEgalite(Element, Element)[2281]" classname="fr.eseo.e3.poo.projet.blox.modele.pieces.ElementTest" time="0.0"/>
  <testcase name="testEqualNonEgalite(Element, Element)[2282]" classname="fr.eseo.e3.poo.projet.blox.modele.pieces.ElementTest" time="0.0"/>
  <testcase name="testEqualNonEgalite(Element, Element)[2283]" classname="fr.eseo.e3.poo.projet.blox.modele.pieces.ElementTest" time="0.0"/>
  <testcase name="testEqualNonEgalite(Element, Element)[2284]" classname="fr.eseo.e3.poo.projet.blox.modele.pieces.ElementTest" time="0.0"/>
  <testcase name="testEqualNonEgalite(Element, Element)[2285]" classname="fr.eseo.e3.poo.projet.blox.modele.pieces.ElementTest" time="0.001"/>
  <testcase name="testEqualNonEgalite(Element, Element)[2286]" classname="fr.eseo.e3.poo.projet.blox.modele.pieces.ElementTest" time="0.0"/>
  <testcase name="testEqualNonEgalite(Element, Element)[2287]" classname="fr.eseo.e3.poo.projet.blox.modele.pieces.ElementTest" time="0.0"/>
  <testcase name="testEqualNonEgalite(Element, Element)[2288]" classname="fr.eseo.e3.poo.projet.blox.modele.pieces.ElementTest" time="0.0"/>
  <testcase name="testEqualNonEgalite(Element, Element)[2289]" classname="fr.eseo.e3.poo.projet.blox.modele.pieces.ElementTest" time="0.0"/>
  <testcase name="testEqualNonEgalite(Element, Element)[2290]" classname="fr.eseo.e3.poo.projet.blox.modele.pieces.ElementTest" time="0.0"/>
  <testcase name="testEqualNonEgalite(Element, Element)[2291]" classname="fr.eseo.e3.poo.projet.blox.modele.pieces.ElementTest" time="0.0"/>
  <testcase name="testEqualNonEgalite(Element, Element)[2292]" classname="fr.eseo.e3.poo.projet.blox.modele.pieces.ElementTest" time="0.0"/>
  <testcase name="testEqualNonEgalite(Element, Element)[2293]" classname="fr.eseo.e3.poo.projet.blox.modele.pieces.ElementTest" time="0.001"/>
  <testcase name="testEqualNonEgalite(Element, Element)[2294]" classname="fr.eseo.e3.poo.projet.blox.modele.pieces.ElementTest" time="0.0"/>
  <testcase name="testEqualNonEgalite(Element, Element)[2295]" classname="fr.eseo.e3.poo.projet.blox.modele.pieces.ElementTest" time="0.0"/>
  <testcase name="testEqualNonEgalite(Element, Element)[2296]" classname="fr.eseo.e3.poo.projet.blox.modele.pieces.ElementTest" time="0.0"/>
  <testcase name="testEqualNonEgalite(Element, Element)[2297]" classname="fr.eseo.e3.poo.projet.blox.modele.pieces.ElementTest" time="0.0"/>
  <testcase name="testEqualNonEgalite(Element, Element)[2298]" classname="fr.eseo.e3.poo.projet.blox.modele.pieces.ElementTest" time="0.0"/>
  <testcase name="testEqualNonEgalite(Element, Element)[2299]" classname="fr.eseo.e3.poo.projet.blox.modele.pieces.ElementTest" time="0.0"/>
  <testcase name="testEqualNonEgalite(Element, Element)[2300]" classname="fr.eseo.e3.poo.projet.blox.modele.pieces.ElementTest" time="0.001"/>
  <testcase name="testEqualNonEgalite(Element, Element)[2301]" classname="fr.eseo.e3.poo.projet.blox.modele.pieces.ElementTest" time="0.0"/>
  <testcase name="testEqualNonEgalite(Element, Element)[2302]" classname="fr.eseo.e3.poo.projet.blox.modele.pieces.ElementTest" time="0.0"/>
  <testcase name="testEqualNonEgalite(Element, Element)[2303]" classname="fr.eseo.e3.poo.projet.blox.modele.pieces.ElementTest" time="0.0"/>
  <testcase name="testEqualNonEgalite(Element, Element)[2304]" classname="fr.eseo.e3.poo.projet.blox.modele.pieces.ElementTest" time="0.001"/>
  <testcase name="testEqualNonEgalite(Element, Element)[2305]" classname="fr.eseo.e3.poo.projet.blox.modele.pieces.ElementTest" time="0.0"/>
  <testcase name="testEqualNonEgalite(Element, Element)[2306]" classname="fr.eseo.e3.poo.projet.blox.modele.pieces.ElementTest" time="0.0"/>
  <testcase name="testEqualNonEgalite(Element, Element)[2307]" classname="fr.eseo.e3.poo.projet.blox.modele.pieces.ElementTest" time="0.0"/>
  <testcase name="testEqualNonEgalite(Element, Element)[2308]" classname="fr.eseo.e3.poo.projet.blox.modele.pieces.ElementTest" time="0.0"/>
  <testcase name="testEqualNonEgalite(Element, Element)[2309]" classname="fr.eseo.e3.poo.projet.blox.modele.pieces.ElementTest" time="0.0"/>
  <testcase name="testEqualNonEgalite(Element, Element)[2310]" classname="fr.eseo.e3.poo.projet.blox.modele.pieces.ElementTest" time="0.0"/>
  <testcase name="testEqualNonEgalite(Element, Element)[2311]" classname="fr.eseo.e3.poo.projet.blox.modele.pieces.ElementTest" time="0.001"/>
  <testcase name="testEqualNonEgalite(Element, Element)[2312]" classname="fr.eseo.e3.poo.projet.blox.modele.pieces.ElementTest" time="0.0"/>
  <testcase name="testEqualNonEgalite(Element, Element)[2313]" classname="fr.eseo.e3.poo.projet.blox.modele.pieces.ElementTest" time="0.0"/>
  <testcase name="testEqualNonEgalite(Element, Element)[2314]" classname="fr.eseo.e3.poo.projet.blox.modele.pieces.ElementTest" time="0.0"/>
  <testcase name="testEqualNonEgalite(Element, Element)[2315]" classname="fr.eseo.e3.poo.projet.blox.modele.pieces.ElementTest" time="0.001"/>
  <testcase name="testEqualNonEgalite(Element, Element)[2316]" classname="fr.eseo.e3.poo.projet.blox.modele.pieces.ElementTest" time="0.0"/>
  <testcase name="testEqualNonEgalite(Element, Element)[2317]" classname="fr.eseo.e3.poo.projet.blox.modele.pieces.ElementTest" time="0.0"/>
  <testcase name="testEqualNonEgalite(Element, Element)[2318]" classname="fr.eseo.e3.poo.projet.blox.modele.pieces.ElementTest" time="0.0"/>
  <testcase name="testEqualNonEgalite(Element, Element)[2319]" classname="fr.eseo.e3.poo.projet.blox.modele.pieces.ElementTest" time="0.0"/>
  <testcase name="testEqualNonEgalite(Element, Element)[2320]" classname="fr.eseo.e3.poo.projet.blox.modele.pieces.ElementTest" time="0.001"/>
  <testcase name="testEqualNonEgalite(Element, Element)[2321]" classname="fr.eseo.e3.poo.projet.blox.modele.pieces.ElementTest" time="0.0"/>
  <testcase name="testEqualNonEgalite(Element, Element)[2322]" classname="fr.eseo.e3.poo.projet.blox.modele.pieces.ElementTest" time="0.0"/>
  <testcase name="testEqualNonEgalite(Element, Element)[2323]" classname="fr.eseo.e3.poo.projet.blox.modele.pieces.ElementTest" time="0.0"/>
  <testcase name="testEqualNonEgalite(Element, Element)[2324]" classname="fr.eseo.e3.poo.projet.blox.modele.pieces.ElementTest" time="0.0"/>
  <testcase name="testEqualNonEgalite(Element, Element)[2325]" classname="fr.eseo.e3.poo.projet.blox.modele.pieces.ElementTest" time="0.0"/>
  <testcase name="testEqualNonEgalite(Element, Element)[2326]" classname="fr.eseo.e3.poo.projet.blox.modele.pieces.ElementTest" time="0.0"/>
  <testcase name="testEqualNonEgalite(Element, Element)[2327]" classname="fr.eseo.e3.poo.projet.blox.modele.pieces.ElementTest" time="0.001"/>
  <testcase name="testEqualNonEgalite(Element, Element)[2328]" classname="fr.eseo.e3.poo.projet.blox.modele.pieces.ElementTest" time="0.0"/>
  <testcase name="testEqualNonEgalite(Element, Element)[2329]" classname="fr.eseo.e3.poo.projet.blox.modele.pieces.ElementTest" time="0.0"/>
  <testcase name="testEqualNonEgalite(Element, Element)[2330]" classname="fr.eseo.e3.poo.projet.blox.modele.pieces.ElementTest" time="0.0"/>
  <testcase name="testEqualNonEgalite(Element, Element)[2331]" classname="fr.eseo.e3.poo.projet.blox.modele.pieces.ElementTest" time="0.0"/>
  <testcase name="testEqualNonEgalite(Element, Element)[2332]" classname="fr.eseo.e3.poo.projet.blox.modele.pieces.ElementTest" time="0.001"/>
  <testcase name="testEqualNonEgalite(Element, Element)[2333]" classname="fr.eseo.e3.poo.projet.blox.modele.pieces.ElementTest" time="0.0"/>
  <testcase name="testEqualNonEgalite(Element, Element)[2334]" classname="fr.eseo.e3.poo.projet.blox.modele.pieces.ElementTest" time="0.0"/>
  <testcase name="testEqualNonEgalite(Element, Element)[2335]" classname="fr.eseo.e3.poo.projet.blox.modele.pieces.ElementTest" time="0.001"/>
  <testcase name="testEqualNonEgalite(Element, Element)[2336]" classname="fr.eseo.e3.poo.projet.blox.modele.pieces.ElementTest" time="0.0"/>
  <testcase name="testEqualNonEgalite(Element, Element)[2337]" classname="fr.eseo.e3.poo.projet.blox.modele.pieces.ElementTest" time="0.0"/>
  <testcase name="testEqualNonEgalite(Element, Element)[2338]" classname="fr.eseo.e3.poo.projet.blox.modele.pieces.ElementTest" time="0.0"/>
  <testcase name="testEqualNonEgalite(Element, Element)[2339]" classname="fr.eseo.e3.poo.projet.blox.modele.pieces.ElementTest" time="0.0"/>
  <testcase name="testEqualNonEgalite(Element, Element)[2340]" classname="fr.eseo.e3.poo.projet.blox.modele.pieces.ElementTest" time="0.0"/>
  <testcase name="testEqualNonEgalite(Element, Element)[2341]" classname="fr.eseo.e3.poo.projet.blox.modele.pieces.ElementTest" time="0.001"/>
  <testcase name="testEqualNonEgalite(Element, Element)[2342]" classname="fr.eseo.e3.poo.projet.blox.modele.pieces.ElementTest" time="0.0"/>
  <testcase name="testEqualNonEgalite(Element, Element)[2343]" classname="fr.eseo.e3.poo.projet.blox.modele.pieces.ElementTest" time="0.0"/>
  <testcase name="testEqualNonEgalite(Element, Element)[2344]" classname="fr.eseo.e3.poo.projet.blox.modele.pieces.ElementTest" time="0.0"/>
  <testcase name="testEqualNonEgalite(Element, Element)[2345]" classname="fr.eseo.e3.poo.projet.blox.modele.pieces.ElementTest" time="0.0"/>
  <testcase name="testEqualNonEgalite(Element, Element)[2346]" classname="fr.eseo.e3.poo.projet.blox.modele.pieces.ElementTest" time="0.0"/>
  <testcase name="testEqualNonEgalite(Element, Element)[2347]" classname="fr.eseo.e3.poo.projet.blox.modele.pieces.ElementTest" time="0.0"/>
  <testcase name="testEqualNonEgalite(Element, Element)[2348]" classname="fr.eseo.e3.poo.projet.blox.modele.pieces.ElementTest" time="0.0"/>
  <testcase name="testEqualNonEgalite(Element, Element)[2349]" classname="fr.eseo.e3.poo.projet.blox.modele.pieces.ElementTest" time="0.0"/>
  <testcase name="testEqualNonEgalite(Element, Element)[2350]" classname="fr.eseo.e3.poo.projet.blox.modele.pieces.ElementTest" time="0.0"/>
  <testcase name="testEqualNonEgalite(Element, Element)[2351]" classname="fr.eseo.e3.poo.projet.blox.modele.pieces.ElementTest" time="0.0"/>
  <testcase name="testEqualNonEgalite(Element, Element)[2352]" classname="fr.eseo.e3.poo.projet.blox.modele.pieces.ElementTest" time="0.0"/>
  <testcase name="testEqualNonEgalite(Element, Element)[2353]" classname="fr.eseo.e3.poo.projet.blox.modele.pieces.ElementTest" time="0.0"/>
  <testcase name="testEqualNonEgalite(Element, Element)[2354]" classname="fr.eseo.e3.poo.projet.blox.modele.pieces.ElementTest" time="0.0"/>
  <testcase name="testEqualNonEgalite(Element, Element)[2355]" classname="fr.eseo.e3.poo.projet.blox.modele.pieces.ElementTest" time="0.0"/>
  <testcase name="testEqualNonEgalite(Element, Element)[2356]" classname="fr.eseo.e3.poo.projet.blox.modele.pieces.ElementTest" time="0.001"/>
  <testcase name="testEqualNonEgalite(Element, Element)[2357]" classname="fr.eseo.e3.poo.projet.blox.modele.pieces.ElementTest" time="0.0"/>
  <testcase name="testEqualNonEgalite(Element, Element)[2358]" classname="fr.eseo.e3.poo.projet.blox.modele.pieces.ElementTest" time="0.0"/>
  <testcase name="testEqualNonEgalite(Element, Element)[2359]" classname="fr.eseo.e3.poo.projet.blox.modele.pieces.ElementTest" time="0.0"/>
  <testcase name="testEqualNonEgalite(Element, Element)[2360]" classname="fr.eseo.e3.poo.projet.blox.modele.pieces.ElementTest" time="0.0"/>
  <testcase name="testEqualNonEgalite(Element, Element)[2361]" classname="fr.eseo.e3.poo.projet.blox.modele.pieces.ElementTest" time="0.0"/>
  <testcase name="testEqualNonEgalite(Element, Element)[2362]" classname="fr.eseo.e3.poo.projet.blox.modele.pieces.ElementTest" time="0.0"/>
  <testcase name="testEqualNonEgalite(Element, Element)[2363]" classname="fr.eseo.e3.poo.projet.blox.modele.pieces.ElementTest" time="0.0"/>
  <testcase name="testEqualNonEgalite(Element, Element)[2364]" classname="fr.eseo.e3.poo.projet.blox.modele.pieces.ElementTest" time="0.0"/>
  <testcase name="testEqualNonEgalite(Element, Element)[2365]" classname="fr.eseo.e3.poo.projet.blox.modele.pieces.ElementTest" time="0.0"/>
  <testcase name="testEqualNonEgalite(Element, Element)[2366]" classname="fr.eseo.e3.poo.projet.blox.modele.pieces.ElementTest" time="0.0"/>
  <testcase name="testEqualNonEgalite(Element, Element)[2367]" classname="fr.eseo.e3.poo.projet.blox.modele.pieces.ElementTest" time="0.0"/>
  <testcase name="testEqualNonEgalite(Element, Element)[2368]" classname="fr.eseo.e3.poo.projet.blox.modele.pieces.ElementTest" time="0.0"/>
  <testcase name="testEqualNonEgalite(Element, Element)[2369]" classname="fr.eseo.e3.poo.projet.blox.modele.pieces.ElementTest" time="0.0"/>
  <testcase name="testEqualNonEgalite(Element, Element)[2370]" classname="fr.eseo.e3.poo.projet.blox.modele.pieces.ElementTest" time="0.001"/>
  <testcase name="testEqualNonEgalite(Element, Element)[2371]" classname="fr.eseo.e3.poo.projet.blox.modele.pieces.ElementTest" time="0.0"/>
  <testcase name="testEqualNonEgalite(Element, Element)[2372]" classname="fr.eseo.e3.poo.projet.blox.modele.pieces.ElementTest" time="0.0"/>
  <testcase name="testEqualNonEgalite(Element, Element)[2373]" classname="fr.eseo.e3.poo.projet.blox.modele.pieces.ElementTest" time="0.0"/>
  <testcase name="testEqualNonEgalite(Element, Element)[2374]" classname="fr.eseo.e3.poo.projet.blox.modele.pieces.ElementTest" time="0.001"/>
  <testcase name="testEqualNonEgalite(Element, Element)[2375]" classname="fr.eseo.e3.poo.projet.blox.modele.pieces.ElementTest" time="0.0"/>
  <testcase name="testEqualNonEgalite(Element, Element)[2376]" classname="fr.eseo.e3.poo.projet.blox.modele.pieces.ElementTest" time="0.0"/>
  <testcase name="testEqualNonEgalite(Element, Element)[2377]" classname="fr.eseo.e3.poo.projet.blox.modele.pieces.ElementTest" time="0.0"/>
  <testcase name="testEqualNonEgalite(Element, Element)[2378]" classname="fr.eseo.e3.poo.projet.blox.modele.pieces.ElementTest" time="0.001"/>
  <testcase name="testEqualNonEgalite(Element, Element)[2379]" classname="fr.eseo.e3.poo.projet.blox.modele.pieces.ElementTest" time="0.0"/>
  <testcase name="testEqualNonEgalite(Element, Element)[2380]" classname="fr.eseo.e3.poo.projet.blox.modele.pieces.ElementTest" time="0.0"/>
  <testcase name="testEqualNonEgalite(Element, Element)[2381]" classname="fr.eseo.e3.poo.projet.blox.modele.pieces.ElementTest" time="0.001"/>
  <testcase name="testEqualNonEgalite(Element, Element)[2382]" classname="fr.eseo.e3.poo.projet.blox.modele.pieces.ElementTest" time="0.0"/>
  <testcase name="testEqualNonEgalite(Element, Element)[2383]" classname="fr.eseo.e3.poo.projet.blox.modele.pieces.ElementTest" time="0.0"/>
  <testcase name="testEqualNonEgalite(Element, Element)[2384]" classname="fr.eseo.e3.poo.projet.blox.modele.pieces.ElementTest" time="0.0"/>
  <testcase name="testEqualNonEgalite(Element, Element)[2385]" classname="fr.eseo.e3.poo.projet.blox.modele.pieces.ElementTest" time="0.001"/>
  <testcase name="testEqualNonEgalite(Element, Element)[2386]" classname="fr.eseo.e3.poo.projet.blox.modele.pieces.ElementTest" time="0.0"/>
  <testcase name="testEqualNonEgalite(Element, Element)[2387]" classname="fr.eseo.e3.poo.projet.blox.modele.pieces.ElementTest" time="0.0"/>
  <testcase name="testEqualNonEgalite(Element, Element)[2388]" classname="fr.eseo.e3.poo.projet.blox.modele.pieces.ElementTest" time="0.0"/>
  <testcase name="testEqualNonEgalite(Element, Element)[2389]" classname="fr.eseo.e3.poo.projet.blox.modele.pieces.ElementTest" time="0.0"/>
  <testcase name="testEqualNonEgalite(Element, Element)[2390]" classname="fr.eseo.e3.poo.projet.blox.modele.pieces.ElementTest" time="0.0"/>
  <testcase name="testEqualNonEgalite(Element, Element)[2391]" classname="fr.eseo.e3.poo.projet.blox.modele.pieces.ElementTest" time="0.001"/>
  <testcase name="testEqualNonEgalite(Element, Element)[2392]" classname="fr.eseo.e3.poo.projet.blox.modele.pieces.ElementTest" time="0.0"/>
  <testcase name="testEqualNonEgalite(Element, Element)[2393]" classname="fr.eseo.e3.poo.projet.blox.modele.pieces.ElementTest" time="0.0"/>
  <testcase name="testEqualNonEgalite(Element, Element)[2394]" classname="fr.eseo.e3.poo.projet.blox.modele.pieces.ElementTest" time="0.0"/>
  <testcase name="testEqualNonEgalite(Element, Element)[2395]" classname="fr.eseo.e3.poo.projet.blox.modele.pieces.ElementTest" time="0.0"/>
  <testcase name="testEqualNonEgalite(Element, Element)[2396]" classname="fr.eseo.e3.poo.projet.blox.modele.pieces.ElementTest" time="0.0"/>
  <testcase name="testEqualNonEgalite(Element, Element)[2397]" classname="fr.eseo.e3.poo.projet.blox.modele.pieces.ElementTest" time="0.0"/>
  <testcase name="testEqualNonEgalite(Element, Element)[2398]" classname="fr.eseo.e3.poo.projet.blox.modele.pieces.ElementTest" time="0.0"/>
  <testcase name="testEqualNonEgalite(Element, Element)[2399]" classname="fr.eseo.e3.poo.projet.blox.modele.pieces.ElementTest" time="0.001"/>
  <testcase name="testEqualNonEgalite(Element, Element)[2400]" classname="fr.eseo.e3.poo.projet.blox.modele.pieces.ElementTest" time="0.0"/>
  <testcase name="testEqualNonEgalite(Element, Element)[2401]" classname="fr.eseo.e3.poo.projet.blox.modele.pieces.ElementTest" time="0.0"/>
  <testcase name="testEqualNonEgalite(Element, Element)[2402]" classname="fr.eseo.e3.poo.projet.blox.modele.pieces.ElementTest" time="0.001"/>
  <testcase name="testEqualNonEgalite(Element, Element)[2403]" classname="fr.eseo.e3.poo.projet.blox.modele.pieces.ElementTest" time="0.0"/>
  <testcase name="testEqualNonEgalite(Element, Element)[2404]" classname="fr.eseo.e3.poo.projet.blox.modele.pieces.ElementTest" time="0.001"/>
  <testcase name="testEqualNonEgalite(Element, Element)[2405]" classname="fr.eseo.e3.poo.projet.blox.modele.pieces.ElementTest" time="0.0"/>
  <testcase name="testEqualNonEgalite(Element, Element)[2406]" classname="fr.eseo.e3.poo.projet.blox.modele.pieces.ElementTest" time="0.0"/>
  <testcase name="testEqualNonEgalite(Element, Element)[2407]" classname="fr.eseo.e3.poo.projet.blox.modele.pieces.ElementTest" time="0.0"/>
  <testcase name="testEqualNonEgalite(Element, Element)[2408]" classname="fr.eseo.e3.poo.projet.blox.modele.pieces.ElementTest" time="0.0"/>
  <testcase name="testEqualNonEgalite(Element, Element)[2409]" classname="fr.eseo.e3.poo.projet.blox.modele.pieces.ElementTest" time="0.0"/>
  <testcase name="testEqualNonEgalite(Element, Element)[2410]" classname="fr.eseo.e3.poo.projet.blox.modele.pieces.ElementTest" time="0.0"/>
  <testcase name="testEqualNonEgalite(Element, Element)[2411]" classname="fr.eseo.e3.poo.projet.blox.modele.pieces.ElementTest" time="0.0"/>
  <testcase name="testEqualNonEgalite(Element, Element)[2412]" classname="fr.eseo.e3.poo.projet.blox.modele.pieces.ElementTest" time="0.0"/>
  <testcase name="testEqualNonEgalite(Element, Element)[2413]" classname="fr.eseo.e3.poo.projet.blox.modele.pieces.ElementTest" time="0.0"/>
  <testcase name="testEqualNonEgalite(Element, Element)[2414]" classname="fr.eseo.e3.poo.projet.blox.modele.pieces.ElementTest" time="0.001"/>
  <testcase name="testEqualNonEgalite(Element, Element)[2415]" classname="fr.eseo.e3.poo.projet.blox.modele.pieces.ElementTest" time="0.0"/>
  <testcase name="testEqualNonEgalite(Element, Element)[2416]" classname="fr.eseo.e3.poo.projet.blox.modele.pieces.ElementTest" time="0.0"/>
  <testcase name="testEqualNonEgalite(Element, Element)[2417]" classname="fr.eseo.e3.poo.projet.blox.modele.pieces.ElementTest" time="0.0"/>
  <testcase name="testEqualNonEgalite(Element, Element)[2418]" classname="fr.eseo.e3.poo.projet.blox.modele.pieces.ElementTest" time="0.001"/>
  <testcase name="testEqualNonEgalite(Element, Element)[2419]" classname="fr.eseo.e3.poo.projet.blox.modele.pieces.ElementTest" time="0.0"/>
  <testcase name="testEqualNonEgalite(Element, Element)[2420]" classname="fr.eseo.e3.poo.projet.blox.modele.pieces.ElementTest" time="0.0"/>
  <testcase name="testEqualNonEgalite(Element, Element)[2421]" classname="fr.eseo.e3.poo.projet.blox.modele.pieces.ElementTest" time="0.0"/>
  <testcase name="testEqualNonEgalite(Element, Element)[2422]" classname="fr.eseo.e3.poo.projet.blox.modele.pieces.ElementTest" time="0.0"/>
  <testcase name="testEqualNonEgalite(Element, Element)[2423]" classname="fr.eseo.e3.poo.projet.blox.modele.pieces.ElementTest" time="0.0"/>
  <testcase name="testEqualNonEgalite(Element, Element)[2424]" classname="fr.eseo.e3.poo.projet.blox.modele.pieces.ElementTest" time="0.0"/>
  <testcase name="testEqualNonEgalite(Element, Element)[2425]" classname="fr.eseo.e3.poo.projet.blox.modele.pieces.ElementTest" time="0.0"/>
  <testcase name="testEqualNonEgalite(Element, Element)[2426]" classname="fr.eseo.e3.poo.projet.blox.modele.pieces.ElementTest" time="0.001"/>
  <testcase name="testEqualNonEgalite(Element, Element)[2427]" classname="fr.eseo.e3.poo.projet.blox.modele.pieces.ElementTest" time="0.0"/>
  <testcase name="testEqualNonEgalite(Element, Element)[2428]" classname="fr.eseo.e3.poo.projet.blox.modele.pieces.ElementTest" time="0.0"/>
  <testcase name="testEqualNonEgalite(Element, Element)[2429]" classname="fr.eseo.e3.poo.projet.blox.modele.pieces.ElementTest" time="0.0"/>
  <testcase name="testEqualNonEgalite(Element, Element)[2430]" classname="fr.eseo.e3.poo.projet.blox.modele.pieces.ElementTest" time="0.0"/>
  <testcase name="testEqualNonEgalite(Element, Element)[2431]" classname="fr.eseo.e3.poo.projet.blox.modele.pieces.ElementTest" time="0.0"/>
  <testcase name="testEqualNonEgalite(Element, Element)[2432]" classname="fr.eseo.e3.poo.projet.blox.modele.pieces.ElementTest" time="0.0"/>
  <testcase name="testEqualNonEgalite(Element, Element)[2433]" classname="fr.eseo.e3.poo.projet.blox.modele.pieces.ElementTest" time="0.0"/>
  <testcase name="testEqualNonEgalite(Element, Element)[2434]" classname="fr.eseo.e3.poo.projet.blox.modele.pieces.ElementTest" time="0.0"/>
  <testcase name="testEqualNonEgalite(Element, Element)[2435]" classname="fr.eseo.e3.poo.projet.blox.modele.pieces.ElementTest" time="0.0"/>
  <testcase name="testEqualNonEgalite(Element, Element)[2436]" classname="fr.eseo.e3.poo.projet.blox.modele.pieces.ElementTest" time="0.001"/>
  <testcase name="testEqualNonEgalite(Element, Element)[2437]" classname="fr.eseo.e3.poo.projet.blox.modele.pieces.ElementTest" time="0.0"/>
  <testcase name="testEqualNonEgalite(Element, Element)[2438]" classname="fr.eseo.e3.poo.projet.blox.modele.pieces.ElementTest" time="0.001"/>
  <testcase name="testEqualNonEgalite(Element, Element)[2439]" classname="fr.eseo.e3.poo.projet.blox.modele.pieces.ElementTest" time="0.0"/>
  <testcase name="testEqualNonEgalite(Element, Element)[2440]" classname="fr.eseo.e3.poo.projet.blox.modele.pieces.ElementTest" time="0.001"/>
  <testcase name="testEqualNonEgalite(Element, Element)[2441]" classname="fr.eseo.e3.poo.projet.blox.modele.pieces.ElementTest" time="0.0"/>
  <testcase name="testEqualNonEgalite(Element, Element)[2442]" classname="fr.eseo.e3.poo.projet.blox.modele.pieces.ElementTest" time="0.0"/>
  <testcase name="testEqualNonEgalite(Element, Element)[2443]" classname="fr.eseo.e3.poo.projet.blox.modele.pieces.ElementTest" time="0.001"/>
  <testcase name="testEqualNonEgalite(Element, Element)[2444]" classname="fr.eseo.e3.poo.projet.blox.modele.pieces.ElementTest" time="0.0"/>
  <testcase name="testEqualNonEgalite(Element, Element)[2445]" classname="fr.eseo.e3.poo.projet.blox.modele.pieces.ElementTest" time="0.0"/>
  <testcase name="testEqualNonEgalite(Element, Element)[2446]" classname="fr.eseo.e3.poo.projet.blox.modele.pieces.ElementTest" time="0.001"/>
  <testcase name="testEqualNonEgalite(Element, Element)[2447]" classname="fr.eseo.e3.poo.projet.blox.modele.pieces.ElementTest" time="0.0"/>
  <testcase name="testEqualNonEgalite(Element, Element)[2448]" classname="fr.eseo.e3.poo.projet.blox.modele.pieces.ElementTest" time="0.0"/>
  <testcase name="testEqualNonEgalite(Element, Element)[2449]" classname="fr.eseo.e3.poo.projet.blox.modele.pieces.ElementTest" time="0.0"/>
  <testcase name="testEqualNonEgalite(Element, Element)[2450]" classname="fr.eseo.e3.poo.projet.blox.modele.pieces.ElementTest" time="0.0"/>
  <testcase name="testEqualNonEgalite(Element, Element)[2451]" classname="fr.eseo.e3.poo.projet.blox.modele.pieces.ElementTest" time="0.001"/>
  <testcase name="testEqualNonEgalite(Element, Element)[2452]" classname="fr.eseo.e3.poo.projet.blox.modele.pieces.ElementTest" time="0.0"/>
  <testcase name="testEqualNonEgalite(Element, Element)[2453]" classname="fr.eseo.e3.poo.projet.blox.modele.pieces.ElementTest" time="0.0"/>
  <testcase name="testEqualNonEgalite(Element, Element)[2454]" classname="fr.eseo.e3.poo.projet.blox.modele.pieces.ElementTest" time="0.0"/>
  <testcase name="testEqualNonEgalite(Element, Element)[2455]" classname="fr.eseo.e3.poo.projet.blox.modele.pieces.ElementTest" time="0.0"/>
  <testcase name="testEqualNonEgalite(Element, Element)[2456]" classname="fr.eseo.e3.poo.projet.blox.modele.pieces.ElementTest" time="0.0"/>
  <testcase name="testEqualNonEgalite(Element, Element)[2457]" classname="fr.eseo.e3.poo.projet.blox.modele.pieces.ElementTest" time="0.001"/>
  <testcase name="testEqualNonEgalite(Element, Element)[2458]" classname="fr.eseo.e3.poo.projet.blox.modele.pieces.ElementTest" time="0.0"/>
  <testcase name="testEqualNonEgalite(Element, Element)[2459]" classname="fr.eseo.e3.poo.projet.blox.modele.pieces.ElementTest" time="0.0"/>
  <testcase name="testEqualNonEgalite(Element, Element)[2460]" classname="fr.eseo.e3.poo.projet.blox.modele.pieces.ElementTest" time="0.0"/>
  <testcase name="testEqualNonEgalite(Element, Element)[2461]" classname="fr.eseo.e3.poo.projet.blox.modele.pieces.ElementTest" time="0.0"/>
  <testcase name="testEqualNonEgalite(Element, Element)[2462]" classname="fr.eseo.e3.poo.projet.blox.modele.pieces.ElementTest" time="0.0"/>
  <testcase name="testEqualNonEgalite(Element, Element)[2463]" classname="fr.eseo.e3.poo.projet.blox.modele.pieces.ElementTest" time="0.0"/>
  <testcase name="testEqualNonEgalite(Element, Element)[2464]" classname="fr.eseo.e3.poo.projet.blox.modele.pieces.ElementTest" time="0.0"/>
  <testcase name="testEqualNonEgalite(Element, Element)[2465]" classname="fr.eseo.e3.poo.projet.blox.modele.pieces.ElementTest" time="0.0"/>
  <testcase name="testEqualNonEgalite(Element, Element)[2466]" classname="fr.eseo.e3.poo.projet.blox.modele.pieces.ElementTest" time="0.001"/>
  <testcase name="testEqualNonEgalite(Element, Element)[2467]" classname="fr.eseo.e3.poo.projet.blox.modele.pieces.ElementTest" time="0.0"/>
  <testcase name="testEqualNonEgalite(Element, Element)[2468]" classname="fr.eseo.e3.poo.projet.blox.modele.pieces.ElementTest" time="0.0"/>
  <testcase name="testEqualNonEgalite(Element, Element)[2469]" classname="fr.eseo.e3.poo.projet.blox.modele.pieces.ElementTest" time="0.0"/>
  <testcase name="testEqualNonEgalite(Element, Element)[2470]" classname="fr.eseo.e3.poo.projet.blox.modele.pieces.ElementTest" time="0.0"/>
  <testcase name="testEqualNonEgalite(Element, Element)[2471]" classname="fr.eseo.e3.poo.projet.blox.modele.pieces.ElementTest" time="0.0"/>
  <testcase name="testEqualNonEgalite(Element, Element)[2472]" classname="fr.eseo.e3.poo.projet.blox.modele.pieces.ElementTest" time="0.0"/>
  <testcase name="testEqualNonEgalite(Element, Element)[2473]" classname="fr.eseo.e3.poo.projet.blox.modele.pieces.ElementTest" time="0.0"/>
  <testcase name="testEqualNonEgalite(Element, Element)[2474]" classname="fr.eseo.e3.poo.projet.blox.modele.pieces.ElementTest" time="0.0"/>
  <testcase name="testEqualNonEgalite(Element, Element)[2475]" classname="fr.eseo.e3.poo.projet.blox.modele.pieces.ElementTest" time="0.0"/>
  <testcase name="testEqualNonEgalite(Element, Element)[2476]" classname="fr.eseo.e3.poo.projet.blox.modele.pieces.ElementTest" time="0.0"/>
  <testcase name="testEqualNonEgalite(Element, Element)[2477]" classname="fr.eseo.e3.poo.projet.blox.modele.pieces.ElementTest" time="0.0"/>
  <testcase name="testEqualNonEgalite(Element, Element)[2478]" classname="fr.eseo.e3.poo.projet.blox.modele.pieces.ElementTest" time="0.0"/>
  <testcase name="testEqualNonEgalite(Element, Element)[2479]" classname="fr.eseo.e3.poo.projet.blox.modele.pieces.ElementTest" time="0.001"/>
  <testcase name="testEqualNonEgalite(Element, Element)[2480]" classname="fr.eseo.e3.poo.projet.blox.modele.pieces.ElementTest" time="0.0"/>
  <testcase name="testEqualNonEgalite(Element, Element)[2481]" classname="fr.eseo.e3.poo.projet.blox.modele.pieces.ElementTest" time="0.001"/>
  <testcase name="testEqualNonEgalite(Element, Element)[2482]" classname="fr.eseo.e3.poo.projet.blox.modele.pieces.ElementTest" time="0.0"/>
  <testcase name="testEqualNonEgalite(Element, Element)[2483]" classname="fr.eseo.e3.poo.projet.blox.modele.pieces.ElementTest" time="0.0"/>
  <testcase name="testEqualNonEgalite(Element, Element)[2484]" classname="fr.eseo.e3.poo.projet.blox.modele.pieces.ElementTest" time="0.0"/>
  <testcase name="testEqualNonEgalite(Element, Element)[2485]" classname="fr.eseo.e3.poo.projet.blox.modele.pieces.ElementTest" time="0.0"/>
  <testcase name="testEqualNonEgalite(Element, Element)[2486]" classname="fr.eseo.e3.poo.projet.blox.modele.pieces.ElementTest" time="0.0"/>
  <testcase name="testEqualNonEgalite(Element, Element)[2487]" classname="fr.eseo.e3.poo.projet.blox.modele.pieces.ElementTest" time="0.0"/>
  <testcase name="testEqualNonEgalite(Element, Element)[2488]" classname="fr.eseo.e3.poo.projet.blox.modele.pieces.ElementTest" time="0.0"/>
  <testcase name="testEqualNonEgalite(Element, Element)[2489]" classname="fr.eseo.e3.poo.projet.blox.modele.pieces.ElementTest" time="0.0"/>
  <testcase name="testEqualNonEgalite(Element, Element)[2490]" classname="fr.eseo.e3.poo.projet.blox.modele.pieces.ElementTest" time="0.001"/>
  <testcase name="testEqualNonEgalite(Element, Element)[2491]" classname="fr.eseo.e3.poo.projet.blox.modele.pieces.ElementTest" time="0.0"/>
  <testcase name="testEqualNonEgalite(Element, Element)[2492]" classname="fr.eseo.e3.poo.projet.blox.modele.pieces.ElementTest" time="0.0"/>
  <testcase name="testEqualNonEgalite(Element, Element)[2493]" classname="fr.eseo.e3.poo.projet.blox.modele.pieces.ElementTest" time="0.0"/>
  <testcase name="testEqualNonEgalite(Element, Element)[2494]" classname="fr.eseo.e3.poo.projet.blox.modele.pieces.ElementTest" time="0.001"/>
  <testcase name="testEqualNonEgalite(Element, Element)[2495]" classname="fr.eseo.e3.poo.projet.blox.modele.pieces.ElementTest" time="0.0"/>
  <testcase name="testEqualNonEgalite(Element, Element)[2496]" classname="fr.eseo.e3.poo.projet.blox.modele.pieces.ElementTest" time="0.0"/>
  <testcase name="testEqualNonEgalite(Element, Element)[2497]" classname="fr.eseo.e3.poo.projet.blox.modele.pieces.ElementTest" time="0.0"/>
  <testcase name="testEqualNonEgalite(Element, Element)[2498]" classname="fr.eseo.e3.poo.projet.blox.modele.pieces.ElementTest" time="0.001"/>
  <testcase name="testEqualNonEgalite(Element, Element)[2499]" classname="fr.eseo.e3.poo.projet.blox.modele.pieces.ElementTest" time="0.0"/>
  <testcase name="testEqualNonEgalite(Element, Element)[2500]" classname="fr.eseo.e3.poo.projet.blox.modele.pieces.ElementTest" time="0.0"/>
  <testcase name="testEqualNonEgalite(Element, Element)[2501]" classname="fr.eseo.e3.poo.projet.blox.modele.pieces.ElementTest" time="0.001"/>
  <testcase name="testEqualNonEgalite(Element, Element)[2502]" classname="fr.eseo.e3.poo.projet.blox.modele.pieces.ElementTest" time="0.0"/>
  <testcase name="testEqualNonEgalite(Element, Element)[2503]" classname="fr.eseo.e3.poo.projet.blox.modele.pieces.ElementTest" time="0.0"/>
  <testcase name="testEqualNonEgalite(Element, Element)[2504]" classname="fr.eseo.e3.poo.projet.blox.modele.pieces.ElementTest" time="0.0"/>
  <testcase name="testEqualNonEgalite(Element, Element)[2505]" classname="fr.eseo.e3.poo.projet.blox.modele.pieces.ElementTest" time="0.0"/>
  <testcase name="testEqualNonEgalite(Element, Element)[2506]" classname="fr.eseo.e3.poo.projet.blox.modele.pieces.ElementTest" time="0.0"/>
  <testcase name="testEqualNonEgalite(Element, Element)[2507]" classname="fr.eseo.e3.poo.projet.blox.modele.pieces.ElementTest" time="0.001"/>
  <testcase name="testEqualNonEgalite(Element, Element)[2508]" classname="fr.eseo.e3.poo.projet.blox.modele.pieces.ElementTest" time="0.0"/>
  <testcase name="testEqualNonEgalite(Element, Element)[2509]" classname="fr.eseo.e3.poo.projet.blox.modele.pieces.ElementTest" time="0.0"/>
  <testcase name="testEqualNonEgalite(Element, Element)[2510]" classname="fr.eseo.e3.poo.projet.blox.modele.pieces.ElementTest" time="0.001"/>
  <testcase name="testEqualNonEgalite(Element, Element)[2511]" classname="fr.eseo.e3.poo.projet.blox.modele.pieces.ElementTest" time="0.0"/>
  <testcase name="testEqualNonEgalite(Element, Element)[2512]" classname="fr.eseo.e3.poo.projet.blox.modele.pieces.ElementTest" time="0.0"/>
  <testcase name="testEqualNonEgalite(Element, Element)[2513]" classname="fr.eseo.e3.poo.projet.blox.modele.pieces.ElementTest" time="0.0"/>
  <testcase name="testEqualNonEgalite(Element, Element)[2514]" classname="fr.eseo.e3.poo.projet.blox.modele.pieces.ElementTest" time="0.0"/>
  <testcase name="testEqualNonEgalite(Element, Element)[2515]" classname="fr.eseo.e3.poo.projet.blox.modele.pieces.ElementTest" time="0.0"/>
  <testcase name="testEqualNonEgalite(Element, Element)[2516]" classname="fr.eseo.e3.poo.projet.blox.modele.pieces.ElementTest" time="0.0"/>
  <testcase name="testEqualNonEgalite(Element, Element)[2517]" classname="fr.eseo.e3.poo.projet.blox.modele.pieces.ElementTest" time="0.001"/>
  <testcase name="testEqualNonEgalite(Element, Element)[2518]" classname="fr.eseo.e3.poo.projet.blox.modele.pieces.ElementTest" time="0.0"/>
  <testcase name="testEqualNonEgalite(Element, Element)[2519]" classname="fr.eseo.e3.poo.projet.blox.modele.pieces.ElementTest" time="0.0"/>
  <testcase name="testEqualNonEgalite(Element, Element)[2520]" classname="fr.eseo.e3.poo.projet.blox.modele.pieces.ElementTest" time="0.0"/>
  <testcase name="testEqualNonEgalite(Element, Element)[2521]" classname="fr.eseo.e3.poo.projet.blox.modele.pieces.ElementTest" time="0.0"/>
  <testcase name="testEqualNonEgalite(Element, Element)[2522]" classname="fr.eseo.e3.poo.projet.blox.modele.pieces.ElementTest" time="0.0"/>
  <testcase name="testEqualNonEgalite(Element, Element)[2523]" classname="fr.eseo.e3.poo.projet.blox.modele.pieces.ElementTest" time="0.0"/>
  <testcase name="testEqualNonEgalite(Element, Element)[2524]" classname="fr.eseo.e3.poo.projet.blox.modele.pieces.ElementTest" time="0.0"/>
  <testcase name="testEqualNonEgalite(Element, Element)[2525]" classname="fr.eseo.e3.poo.projet.blox.modele.pieces.ElementTest" time="0.0"/>
  <testcase name="testEqualNonEgalite(Element, Element)[2526]" classname="fr.eseo.e3.poo.projet.blox.modele.pieces.ElementTest" time="0.0"/>
  <testcase name="testEqualNonEgalite(Element, Element)[2527]" classname="fr.eseo.e3.poo.projet.blox.modele.pieces.ElementTest" time="0.0"/>
  <testcase name="testEqualNonEgalite(Element, Element)[2528]" classname="fr.eseo.e3.poo.projet.blox.modele.pieces.ElementTest" time="0.0"/>
  <testcase name="testEqualNonEgalite(Element, Element)[2529]" classname="fr.eseo.e3.poo.projet.blox.modele.pieces.ElementTest" time="0.0"/>
  <testcase name="testEqualNonEgalite(Element, Element)[2530]" classname="fr.eseo.e3.poo.projet.blox.modele.pieces.ElementTest" time="0.0"/>
  <testcase name="testEqualNonEgalite(Element, Element)[2531]" classname="fr.eseo.e3.poo.projet.blox.modele.pieces.ElementTest" time="0.0"/>
  <testcase name="testEqualNonEgalite(Element, Element)[2532]" classname="fr.eseo.e3.poo.projet.blox.modele.pieces.ElementTest" time="0.001"/>
  <testcase name="testEqualNonEgalite(Element, Element)[2533]" classname="fr.eseo.e3.poo.projet.blox.modele.pieces.ElementTest" time="0.0"/>
  <testcase name="testEqualNonEgalite(Element, Element)[2534]" classname="fr.eseo.e3.poo.projet.blox.modele.pieces.ElementTest" time="0.0"/>
  <testcase name="testEqualNonEgalite(Element, Element)[2535]" classname="fr.eseo.e3.poo.projet.blox.modele.pieces.ElementTest" time="0.0"/>
  <testcase name="testEqualNonEgalite(Element, Element)[2536]" classname="fr.eseo.e3.poo.projet.blox.modele.pieces.ElementTest" time="0.0"/>
  <testcase name="testEqualNonEgalite(Element, Element)[2537]" classname="fr.eseo.e3.poo.projet.blox.modele.pieces.ElementTest" time="0.0"/>
  <testcase name="testEqualNonEgalite(Element, Element)[2538]" classname="fr.eseo.e3.poo.projet.blox.modele.pieces.ElementTest" time="0.0"/>
  <testcase name="testEqualNonEgalite(Element, Element)[2539]" classname="fr.eseo.e3.poo.projet.blox.modele.pieces.ElementTest" time="0.001"/>
  <testcase name="testEqualNonEgalite(Element, Element)[2540]" classname="fr.eseo.e3.poo.projet.blox.modele.pieces.ElementTest" time="0.001"/>
  <testcase name="testEqualNonEgalite(Element, Element)[2541]" classname="fr.eseo.e3.poo.projet.blox.modele.pieces.ElementTest" time="0.0"/>
  <testcase name="testEqualNonEgalite(Element, Element)[2542]" classname="fr.eseo.e3.poo.projet.blox.modele.pieces.ElementTest" time="0.0"/>
  <testcase name="testEqualNonEgalite(Element, Element)[2543]" classname="fr.eseo.e3.poo.projet.blox.modele.pieces.ElementTest" time="0.0"/>
  <testcase name="testEqualNonEgalite(Element, Element)[2544]" classname="fr.eseo.e3.poo.projet.blox.modele.pieces.ElementTest" time="0.0"/>
  <testcase name="testEqualNonEgalite(Element, Element)[2545]" classname="fr.eseo.e3.poo.projet.blox.modele.pieces.ElementTest" time="0.001"/>
  <testcase name="testEqualNonEgalite(Element, Element)[2546]" classname="fr.eseo.e3.poo.projet.blox.modele.pieces.ElementTest" time="0.0"/>
  <testcase name="testEqualNonEgalite(Element, Element)[2547]" classname="fr.eseo.e3.poo.projet.blox.modele.pieces.ElementTest" time="0.0"/>
  <testcase name="testEqualNonEgalite(Element, Element)[2548]" classname="fr.eseo.e3.poo.projet.blox.modele.pieces.ElementTest" time="0.0"/>
  <testcase name="testEqualNonEgalite(Element, Element)[2549]" classname="fr.eseo.e3.poo.projet.blox.modele.pieces.ElementTest" time="0.0"/>
  <testcase name="testEqualNonEgalite(Element, Element)[2550]" classname="fr.eseo.e3.poo.projet.blox.modele.pieces.ElementTest" time="0.0"/>
  <testcase name="testEqualNonEgalite(Element, Element)[2551]" classname="fr.eseo.e3.poo.projet.blox.modele.pieces.ElementTest" time="0.0"/>
  <testcase name="testEqualNonEgalite(Element, Element)[2552]" classname="fr.eseo.e3.poo.projet.blox.modele.pieces.ElementTest" time="0.0"/>
  <testcase name="testEqualNonEgalite(Element, Element)[2553]" classname="fr.eseo.e3.poo.projet.blox.modele.pieces.ElementTest" time="0.0"/>
  <testcase name="testEqualNonEgalite(Element, Element)[2554]" classname="fr.eseo.e3.poo.projet.blox.modele.pieces.ElementTest" time="0.0"/>
  <testcase name="testEqualNonEgalite(Element, Element)[2555]" classname="fr.eseo.e3.poo.projet.blox.modele.pieces.ElementTest" time="0.0"/>
  <testcase name="testEqualNonEgalite(Element, Element)[2556]" classname="fr.eseo.e3.poo.projet.blox.modele.pieces.ElementTest" time="0.0"/>
  <testcase name="testEqualNonEgalite(Element, Element)[2557]" classname="fr.eseo.e3.poo.projet.blox.modele.pieces.ElementTest" time="0.0"/>
  <testcase name="testEqualNonEgalite(Element, Element)[2558]" classname="fr.eseo.e3.poo.projet.blox.modele.pieces.ElementTest" time="0.0"/>
  <testcase name="testEqualNonEgalite(Element, Element)[2559]" classname="fr.eseo.e3.poo.projet.blox.modele.pieces.ElementTest" time="0.0"/>
  <testcase name="testEqualNonEgalite(Element, Element)[2560]" classname="fr.eseo.e3.poo.projet.blox.modele.pieces.ElementTest" time="0.0"/>
  <testcase name="testEqualNonEgalite(Element, Element)[2561]" classname="fr.eseo.e3.poo.projet.blox.modele.pieces.ElementTest" time="0.0"/>
  <testcase name="testEqualNonEgalite(Element, Element)[2562]" classname="fr.eseo.e3.poo.projet.blox.modele.pieces.ElementTest" time="0.0"/>
  <testcase name="testEqualNonEgalite(Element, Element)[2563]" classname="fr.eseo.e3.poo.projet.blox.modele.pieces.ElementTest" time="0.0"/>
  <testcase name="testEqualNonEgalite(Element, Element)[2564]" classname="fr.eseo.e3.poo.projet.blox.modele.pieces.ElementTest" time="0.0"/>
  <testcase name="testEqualNonEgalite(Element, Element)[2565]" classname="fr.eseo.e3.poo.projet.blox.modele.pieces.ElementTest" time="0.0"/>
  <testcase name="testEqualNonEgalite(Element, Element)[2566]" classname="fr.eseo.e3.poo.projet.blox.modele.pieces.ElementTest" time="0.0"/>
  <testcase name="testEqualNonEgalite(Element, Element)[2567]" classname="fr.eseo.e3.poo.projet.blox.modele.pieces.ElementTest" time="0.001"/>
  <testcase name="testEqualNonEgalite(Element, Element)[2568]" classname="fr.eseo.e3.poo.projet.blox.modele.pieces.ElementTest" time="0.0"/>
  <testcase name="testEqualNonEgalite(Element, Element)[2569]" classname="fr.eseo.e3.poo.projet.blox.modele.pieces.ElementTest" time="0.0"/>
  <testcase name="testEqualNonEgalite(Element, Element)[2570]" classname="fr.eseo.e3.poo.projet.blox.modele.pieces.ElementTest" time="0.001"/>
  <testcase name="testEqualNonEgalite(Element, Element)[2571]" classname="fr.eseo.e3.poo.projet.blox.modele.pieces.ElementTest" time="0.0"/>
  <testcase name="testEqualNonEgalite(Element, Element)[2572]" classname="fr.eseo.e3.poo.projet.blox.modele.pieces.ElementTest" time="0.0"/>
  <testcase name="testEqualNonEgalite(Element, Element)[2573]" classname="fr.eseo.e3.poo.projet.blox.modele.pieces.ElementTest" time="0.0"/>
  <testcase name="testEqualNonEgalite(Element, Element)[2574]" classname="fr.eseo.e3.poo.projet.blox.modele.pieces.ElementTest" time="0.0"/>
  <testcase name="testEqualNonEgalite(Element, Element)[2575]" classname="fr.eseo.e3.poo.projet.blox.modele.pieces.ElementTest" time="0.0"/>
  <testcase name="testEqualNonEgalite(Element, Element)[2576]" classname="fr.eseo.e3.poo.projet.blox.modele.pieces.ElementTest" time="0.0"/>
  <testcase name="testEqualNonEgalite(Element, Element)[2577]" classname="fr.eseo.e3.poo.projet.blox.modele.pieces.ElementTest" time="0.001"/>
  <testcase name="testEqualNonEgalite(Element, Element)[2578]" classname="fr.eseo.e3.poo.projet.blox.modele.pieces.ElementTest" time="0.0"/>
  <testcase name="testEqualNonEgalite(Element, Element)[2579]" classname="fr.eseo.e3.poo.projet.blox.modele.pieces.ElementTest" time="0.0"/>
  <testcase name="testEqualNonEgalite(Element, Element)[2580]" classname="fr.eseo.e3.poo.projet.blox.modele.pieces.ElementTest" time="0.0"/>
  <testcase name="testEqualNonEgalite(Element, Element)[2581]" classname="fr.eseo.e3.poo.projet.blox.modele.pieces.ElementTest" time="0.001"/>
  <testcase name="testEqualNonEgalite(Element, Element)[2582]" classname="fr.eseo.e3.poo.projet.blox.modele.pieces.ElementTest" time="0.0"/>
  <testcase name="testEqualNonEgalite(Element, Element)[2583]" classname="fr.eseo.e3.poo.projet.blox.modele.pieces.ElementTest" time="0.0"/>
  <testcase name="testEqualNonEgalite(Element, Element)[2584]" classname="fr.eseo.e3.poo.projet.blox.modele.pieces.ElementTest" time="0.0"/>
  <testcase name="testEqualNonEgalite(Element, Element)[2585]" classname="fr.eseo.e3.poo.projet.blox.modele.pieces.ElementTest" time="0.001"/>
  <testcase name="testEqualNonEgalite(Element, Element)[2586]" classname="fr.eseo.e3.poo.projet.blox.modele.pieces.ElementTest" time="0.0"/>
  <testcase name="testEqualNonEgalite(Element, Element)[2587]" classname="fr.eseo.e3.poo.projet.blox.modele.pieces.ElementTest" time="0.0"/>
  <testcase name="testEqualNonEgalite(Element, Element)[2588]" classname="fr.eseo.e3.poo.projet.blox.modele.pieces.ElementTest" time="0.001"/>
  <testcase name="testEqualNonEgalite(Element, Element)[2589]" classname="fr.eseo.e3.poo.projet.blox.modele.pieces.ElementTest" time="0.0"/>
  <testcase name="testEqualNonEgalite(Element, Element)[2590]" classname="fr.eseo.e3.poo.projet.blox.modele.pieces.ElementTest" time="0.0"/>
  <testcase name="testEqualNonEgalite(Element, Element)[2591]" classname="fr.eseo.e3.poo.projet.blox.modele.pieces.ElementTest" time="0.0"/>
  <testcase name="testEqualNonEgalite(Element, Element)[2592]" classname="fr.eseo.e3.poo.projet.blox.modele.pieces.ElementTest" time="0.0"/>
  <testcase name="testEqualNonEgalite(Element, Element)[2593]" classname="fr.eseo.e3.poo.projet.blox.modele.pieces.ElementTest" time="0.001"/>
  <testcase name="testEqualNonEgalite(Element, Element)[2594]" classname="fr.eseo.e3.poo.projet.blox.modele.pieces.ElementTest" time="0.0"/>
  <testcase name="testEqualNonEgalite(Element, Element)[2595]" classname="fr.eseo.e3.poo.projet.blox.modele.pieces.ElementTest" time="0.0"/>
  <testcase name="testEqualNonEgalite(Element, Element)[2596]" classname="fr.eseo.e3.poo.projet.blox.modele.pieces.ElementTest" time="0.0"/>
  <testcase name="testEqualNonEgalite(Element, Element)[2597]" classname="fr.eseo.e3.poo.projet.blox.modele.pieces.ElementTest" time="0.001"/>
  <testcase name="testEqualNonEgalite(Element, Element)[2598]" classname="fr.eseo.e3.poo.projet.blox.modele.pieces.ElementTest" time="0.0"/>
  <testcase name="testEqualNonEgalite(Element, Element)[2599]" classname="fr.eseo.e3.poo.projet.blox.modele.pieces.ElementTest" time="0.0"/>
  <testcase name="testEqualNonEgalite(Element, Element)[2600]" classname="fr.eseo.e3.poo.projet.blox.modele.pieces.ElementTest" time="0.0"/>
  <testcase name="testEqualNonEgalite(Element, Element)[2601]" classname="fr.eseo.e3.poo.projet.blox.modele.pieces.ElementTest" time="0.0"/>
  <testcase name="testEqualNonEgalite(Element, Element)[2602]" classname="fr.eseo.e3.poo.projet.blox.modele.pieces.ElementTest" time="0.001"/>
  <testcase name="testEqualNonEgalite(Element, Element)[2603]" classname="fr.eseo.e3.poo.projet.blox.modele.pieces.ElementTest" time="0.0"/>
  <testcase name="testEqualNonEgalite(Element, Element)[2604]" classname="fr.eseo.e3.poo.projet.blox.modele.pieces.ElementTest" time="0.0"/>
  <testcase name="testEqualNonEgalite(Element, Element)[2605]" classname="fr.eseo.e3.poo.projet.blox.modele.pieces.ElementTest" time="0.0"/>
  <testcase name="testEqualNonEgalite(Element, Element)[2606]" classname="fr.eseo.e3.poo.projet.blox.modele.pieces.ElementTest" time="0.0"/>
  <testcase name="testEqualNonEgalite(Element, Element)[2607]" classname="fr.eseo.e3.poo.projet.blox.modele.pieces.ElementTest" time="0.0"/>
  <testcase name="testEqualNonEgalite(Element, Element)[2608]" classname="fr.eseo.e3.poo.projet.blox.modele.pieces.ElementTest" time="0.0"/>
  <testcase name="testEqualNonEgalite(Element, Element)[2609]" classname="fr.eseo.e3.poo.projet.blox.modele.pieces.ElementTest" time="0.0"/>
  <testcase name="testEqualNonEgalite(Element, Element)[2610]" classname="fr.eseo.e3.poo.projet.blox.modele.pieces.ElementTest" time="0.001"/>
  <testcase name="testEqualNonEgalite(Element, Element)[2611]" classname="fr.eseo.e3.poo.projet.blox.modele.pieces.ElementTest" time="0.0"/>
  <testcase name="testEqualNonEgalite(Element, Element)[2612]" classname="fr.eseo.e3.poo.projet.blox.modele.pieces.ElementTest" time="0.0"/>
  <testcase name="testEqualNonEgalite(Element, Element)[2613]" classname="fr.eseo.e3.poo.projet.blox.modele.pieces.ElementTest" time="0.001"/>
  <testcase name="testEqualNonEgalite(Element, Element)[2614]" classname="fr.eseo.e3.poo.projet.blox.modele.pieces.ElementTest" time="0.0"/>
  <testcase name="testEqualNonEgalite(Element, Element)[2615]" classname="fr.eseo.e3.poo.projet.blox.modele.pieces.ElementTest" time="0.0"/>
  <testcase name="testEqualNonEgalite(Element, Element)[2616]" classname="fr.eseo.e3.poo.projet.blox.modele.pieces.ElementTest" time="0.0"/>
  <testcase name="testEqualNonEgalite(Element, Element)[2617]" classname="fr.eseo.e3.poo.projet.blox.modele.pieces.ElementTest" time="0.0"/>
  <testcase name="testEqualNonEgalite(Element, Element)[2618]" classname="fr.eseo.e3.poo.projet.blox.modele.pieces.ElementTest" time="0.0"/>
  <testcase name="testEqualNonEgalite(Element, Element)[2619]" classname="fr.eseo.e3.poo.projet.blox.modele.pieces.ElementTest" time="0.0"/>
  <testcase name="testEqualNonEgalite(Element, Element)[2620]" classname="fr.eseo.e3.poo.projet.blox.modele.pieces.ElementTest" time="0.0"/>
  <testcase name="testEqualNonEgalite(Element, Element)[2621]" classname="fr.eseo.e3.poo.projet.blox.modele.pieces.ElementTest" time="0.0"/>
  <testcase name="testEqualNonEgalite(Element, Element)[2622]" classname="fr.eseo.e3.poo.projet.blox.modele.pieces.ElementTest" time="0.0"/>
  <testcase name="testEqualNonEgalite(Element, Element)[2623]" classname="fr.eseo.e3.poo.projet.blox.modele.pieces.ElementTest" time="0.001"/>
  <testcase name="testEqualNonEgalite(Element, Element)[2624]" classname="fr.eseo.e3.poo.projet.blox.modele.pieces.ElementTest" time="0.0"/>
  <testcase name="testEqualNonEgalite(Element, Element)[2625]" classname="fr.eseo.e3.poo.projet.blox.modele.pieces.ElementTest" time="0.001"/>
  <testcase name="testEqualNonEgalite(Element, Element)[2626]" classname="fr.eseo.e3.poo.projet.blox.modele.pieces.ElementTest" time="0.0"/>
  <testcase name="testEqualNonEgalite(Element, Element)[2627]" classname="fr.eseo.e3.poo.projet.blox.modele.pieces.ElementTest" time="0.0"/>
  <testcase name="testEqualNonEgalite(Element, Element)[2628]" classname="fr.eseo.e3.poo.projet.blox.modele.pieces.ElementTest" time="0.0"/>
  <testcase name="testEqualNonEgalite(Element, Element)[2629]" classname="fr.eseo.e3.poo.projet.blox.modele.pieces.ElementTest" time="0.0"/>
  <testcase name="testEqualNonEgalite(Element, Element)[2630]" classname="fr.eseo.e3.poo.projet.blox.modele.pieces.ElementTest" time="0.0"/>
  <testcase name="testEqualNonEgalite(Element, Element)[2631]" classname="fr.eseo.e3.poo.projet.blox.modele.pieces.ElementTest" time="0.0"/>
  <testcase name="testEqualNonEgalite(Element, Element)[2632]" classname="fr.eseo.e3.poo.projet.blox.modele.pieces.ElementTest" time="0.0"/>
  <testcase name="testEqualNonEgalite(Element, Element)[2633]" classname="fr.eseo.e3.poo.projet.blox.modele.pieces.ElementTest" time="0.0"/>
  <testcase name="testEqualNonEgalite(Element, Element)[2634]" classname="fr.eseo.e3.poo.projet.blox.modele.pieces.ElementTest" time="0.0"/>
  <testcase name="testEqualNonEgalite(Element, Element)[2635]" classname="fr.eseo.e3.poo.projet.blox.modele.pieces.ElementTest" time="0.0"/>
  <testcase name="testEqualNonEgalite(Element, Element)[2636]" classname="fr.eseo.e3.poo.projet.blox.modele.pieces.ElementTest" time="0.001"/>
  <testcase name="testEqualNonEgalite(Element, Element)[2637]" classname="fr.eseo.e3.poo.projet.blox.modele.pieces.ElementTest" time="0.001"/>
  <testcase name="testEqualNonEgalite(Element, Element)[2638]" classname="fr.eseo.e3.poo.projet.blox.modele.pieces.ElementTest" time="0.0"/>
  <testcase name="testEqualNonEgalite(Element, Element)[2639]" classname="fr.eseo.e3.poo.projet.blox.modele.pieces.ElementTest" time="0.0"/>
  <testcase name="testEqualNonEgalite(Element, Element)[2640]" classname="fr.eseo.e3.poo.projet.blox.modele.pieces.ElementTest" time="0.0"/>
  <testcase name="testEqualNonEgalite(Element, Element)[2641]" classname="fr.eseo.e3.poo.projet.blox.modele.pieces.ElementTest" time="0.0"/>
  <testcase name="testEqualNonEgalite(Element, Element)[2642]" classname="fr.eseo.e3.poo.projet.blox.modele.pieces.ElementTest" time="0.0"/>
  <testcase name="testEqualNonEgalite(Element, Element)[2643]" classname="fr.eseo.e3.poo.projet.blox.modele.pieces.ElementTest" time="0.0"/>
  <testcase name="testEqualNonEgalite(Element, Element)[2644]" classname="fr.eseo.e3.poo.projet.blox.modele.pieces.ElementTest" time="0.0"/>
  <testcase name="testEqualNonEgalite(Element, Element)[2645]" classname="fr.eseo.e3.poo.projet.blox.modele.pieces.ElementTest" time="0.001"/>
  <testcase name="testEqualNonEgalite(Element, Element)[2646]" classname="fr.eseo.e3.poo.projet.blox.modele.pieces.ElementTest" time="0.0"/>
  <testcase name="testEqualNonEgalite(Element, Element)[2647]" classname="fr.eseo.e3.poo.projet.blox.modele.pieces.ElementTest" time="0.0"/>
  <testcase name="testEqualNonEgalite(Element, Element)[2648]" classname="fr.eseo.e3.poo.projet.blox.modele.pieces.ElementTest" time="0.001"/>
  <testcase name="testEqualNonEgalite(Element, Element)[2649]" classname="fr.eseo.e3.poo.projet.blox.modele.pieces.ElementTest" time="0.0"/>
  <testcase name="testEqualNonEgalite(Element, Element)[2650]" classname="fr.eseo.e3.poo.projet.blox.modele.pieces.ElementTest" time="0.0"/>
  <testcase name="testEqualNonEgalite(Element, Element)[2651]" classname="fr.eseo.e3.poo.projet.blox.modele.pieces.ElementTest" time="0.001"/>
  <testcase name="testEqualNonEgalite(Element, Element)[2652]" classname="fr.eseo.e3.poo.projet.blox.modele.pieces.ElementTest" time="0.0"/>
  <testcase name="testEqualNonEgalite(Element, Element)[2653]" classname="fr.eseo.e3.poo.projet.blox.modele.pieces.ElementTest" time="0.0"/>
  <testcase name="testEqualNonEgalite(Element, Element)[2654]" classname="fr.eseo.e3.poo.projet.blox.modele.pieces.ElementTest" time="0.0"/>
  <testcase name="testEqualNonEgalite(Element, Element)[2655]" classname="fr.eseo.e3.poo.projet.blox.modele.pieces.ElementTest" time="0.0"/>
  <testcase name="testEqualNonEgalite(Element, Element)[2656]" classname="fr.eseo.e3.poo.projet.blox.modele.pieces.ElementTest" time="0.0"/>
  <testcase name="testEqualNonEgalite(Element, Element)[2657]" classname="fr.eseo.e3.poo.projet.blox.modele.pieces.ElementTest" time="0.001"/>
  <testcase name="testEqualNonEgalite(Element, Element)[2658]" classname="fr.eseo.e3.poo.projet.blox.modele.pieces.ElementTest" time="0.0"/>
  <testcase name="testEqualNonEgalite(Element, Element)[2659]" classname="fr.eseo.e3.poo.projet.blox.modele.pieces.ElementTest" time="0.0"/>
  <testcase name="testEqualNonEgalite(Element, Element)[2660]" classname="fr.eseo.e3.poo.projet.blox.modele.pieces.ElementTest" time="0.0"/>
  <testcase name="testEqualNonEgalite(Element, Element)[2661]" classname="fr.eseo.e3.poo.projet.blox.modele.pieces.ElementTest" time="0.001"/>
  <testcase name="testEqualNonEgalite(Element, Element)[2662]" classname="fr.eseo.e3.poo.projet.blox.modele.pieces.ElementTest" time="0.0"/>
  <testcase name="testEqualNonEgalite(Element, Element)[2663]" classname="fr.eseo.e3.poo.projet.blox.modele.pieces.ElementTest" time="0.001"/>
  <testcase name="testEqualNonEgalite(Element, Element)[2664]" classname="fr.eseo.e3.poo.projet.blox.modele.pieces.ElementTest" time="0.0"/>
  <testcase name="testEqualNonEgalite(Element, Element)[2665]" classname="fr.eseo.e3.poo.projet.blox.modele.pieces.ElementTest" time="0.0"/>
  <testcase name="testEqualNonEgalite(Element, Element)[2666]" classname="fr.eseo.e3.poo.projet.blox.modele.pieces.ElementTest" time="0.0"/>
  <testcase name="testEqualNonEgalite(Element, Element)[2667]" classname="fr.eseo.e3.poo.projet.blox.modele.pieces.ElementTest" time="0.0"/>
  <testcase name="testEqualNonEgalite(Element, Element)[2668]" classname="fr.eseo.e3.poo.projet.blox.modele.pieces.ElementTest" time="0.0"/>
  <testcase name="testEqualNonEgalite(Element, Element)[2669]" classname="fr.eseo.e3.poo.projet.blox.modele.pieces.ElementTest" time="0.0"/>
  <testcase name="testEqualNonEgalite(Element, Element)[2670]" classname="fr.eseo.e3.poo.projet.blox.modele.pieces.ElementTest" time="0.0"/>
  <testcase name="testEqualNonEgalite(Element, Element)[2671]" classname="fr.eseo.e3.poo.projet.blox.modele.pieces.ElementTest" time="0.0"/>
  <testcase name="testEqualNonEgalite(Element, Element)[2672]" classname="fr.eseo.e3.poo.projet.blox.modele.pieces.ElementTest" time="0.0"/>
  <testcase name="testEqualNonEgalite(Element, Element)[2673]" classname="fr.eseo.e3.poo.projet.blox.modele.pieces.ElementTest" time="0.0"/>
  <testcase name="testEqualNonEgalite(Element, Element)[2674]" classname="fr.eseo.e3.poo.projet.blox.modele.pieces.ElementTest" time="0.0"/>
  <testcase name="testEqualNonEgalite(Element, Element)[2675]" classname="fr.eseo.e3.poo.projet.blox.modele.pieces.ElementTest" time="0.0"/>
  <testcase name="testEqualNonEgalite(Element, Element)[2676]" classname="fr.eseo.e3.poo.projet.blox.modele.pieces.ElementTest" time="0.0"/>
  <testcase name="testEqualNonEgalite(Element, Element)[2677]" classname="fr.eseo.e3.poo.projet.blox.modele.pieces.ElementTest" time="0.001"/>
  <testcase name="testEqualNonEgalite(Element, Element)[2678]" classname="fr.eseo.e3.poo.projet.blox.modele.pieces.ElementTest" time="0.0"/>
  <testcase name="testEqualNonEgalite(Element, Element)[2679]" classname="fr.eseo.e3.poo.projet.blox.modele.pieces.ElementTest" time="0.001"/>
  <testcase name="testEqualNonEgalite(Element, Element)[2680]" classname="fr.eseo.e3.poo.projet.blox.modele.pieces.ElementTest" time="0.0"/>
  <testcase name="testEqualNonEgalite(Element, Element)[2681]" classname="fr.eseo.e3.poo.projet.blox.modele.pieces.ElementTest" time="0.001"/>
  <testcase name="testEqualNonEgalite(Element, Element)[2682]" classname="fr.eseo.e3.poo.projet.blox.modele.pieces.ElementTest" time="0.0"/>
  <testcase name="testEqualNonEgalite(Element, Element)[2683]" classname="fr.eseo.e3.poo.projet.blox.modele.pieces.ElementTest" time="0.001"/>
  <testcase name="testEqualNonEgalite(Element, Element)[2684]" classname="fr.eseo.e3.poo.projet.blox.modele.pieces.ElementTest" time="0.0"/>
  <testcase name="testEqualNonEgalite(Element, Element)[2685]" classname="fr.eseo.e3.poo.projet.blox.modele.pieces.ElementTest" time="0.0"/>
  <testcase name="testEqualNonEgalite(Element, Element)[2686]" classname="fr.eseo.e3.poo.projet.blox.modele.pieces.ElementTest" time="0.0"/>
  <testcase name="testEqualNonEgalite(Element, Element)[2687]" classname="fr.eseo.e3.poo.projet.blox.modele.pieces.ElementTest" time="0.0"/>
  <testcase name="testEqualNonEgalite(Element, Element)[2688]" classname="fr.eseo.e3.poo.projet.blox.modele.pieces.ElementTest" time="0.0"/>
  <testcase name="testEqualNonEgalite(Element, Element)[2689]" classname="fr.eseo.e3.poo.projet.blox.modele.pieces.ElementTest" time="0.001"/>
  <testcase name="testEqualNonEgalite(Element, Element)[2690]" classname="fr.eseo.e3.poo.projet.blox.modele.pieces.ElementTest" time="0.0"/>
  <testcase name="testEqualNonEgalite(Element, Element)[2691]" classname="fr.eseo.e3.poo.projet.blox.modele.pieces.ElementTest" time="0.0"/>
  <testcase name="testEqualNonEgalite(Element, Element)[2692]" classname="fr.eseo.e3.poo.projet.blox.modele.pieces.ElementTest" time="0.0"/>
  <testcase name="testEqualNonEgalite(Element, Element)[2693]" classname="fr.eseo.e3.poo.projet.blox.modele.pieces.ElementTest" time="0.0"/>
  <testcase name="testEqualNonEgalite(Element, Element)[2694]" classname="fr.eseo.e3.poo.projet.blox.modele.pieces.ElementTest" time="0.0"/>
  <testcase name="testEqualNonEgalite(Element, Element)[2695]" classname="fr.eseo.e3.poo.projet.blox.modele.pieces.ElementTest" time="0.0"/>
  <testcase name="testEqualNonEgalite(Element, Element)[2696]" classname="fr.eseo.e3.poo.projet.blox.modele.pieces.ElementTest" time="0.0"/>
  <testcase name="testEqualNonEgalite(Element, Element)[2697]" classname="fr.eseo.e3.poo.projet.blox.modele.pieces.ElementTest" time="0.0"/>
  <testcase name="testEqualNonEgalite(Element, Element)[2698]" classname="fr.eseo.e3.poo.projet.blox.modele.pieces.ElementTest" time="0.0"/>
  <testcase name="testEqualNonEgalite(Element, Element)[2699]" classname="fr.eseo.e3.poo.projet.blox.modele.pieces.ElementTest" time="0.0"/>
  <testcase name="testEqualNonEgalite(Element, Element)[2700]" classname="fr.eseo.e3.poo.projet.blox.modele.pieces.ElementTest" time="0.0"/>
  <testcase name="testEqualNonEgalite(Element, Element)[2701]" classname="fr.eseo.e3.poo.projet.blox.modele.pieces.ElementTest" time="0.0"/>
  <testcase name="testEqualNonEgalite(Element, Element)[2702]" classname="fr.eseo.e3.poo.projet.blox.modele.pieces.ElementTest" time="0.0"/>
  <testcase name="testEqualNonEgalite(Element, Element)[2703]" classname="fr.eseo.e3.poo.projet.blox.modele.pieces.ElementTest" time="0.0"/>
  <testcase name="testEqualNonEgalite(Element, Element)[2704]" classname="fr.eseo.e3.poo.projet.blox.modele.pieces.ElementTest" time="0.0"/>
  <testcase name="testEqualNonEgalite(Element, Element)[2705]" classname="fr.eseo.e3.poo.projet.blox.modele.pieces.ElementTest" time="0.0"/>
  <testcase name="testEqualNonEgalite(Element, Element)[2706]" classname="fr.eseo.e3.poo.projet.blox.modele.pieces.ElementTest" time="0.0"/>
  <testcase name="testEqualNonEgalite(Element, Element)[2707]" classname="fr.eseo.e3.poo.projet.blox.modele.pieces.ElementTest" time="0.0"/>
  <testcase name="testEqualNonEgalite(Element, Element)[2708]" classname="fr.eseo.e3.poo.projet.blox.modele.pieces.ElementTest" time="0.0"/>
  <testcase name="testEqualNonEgalite(Element, Element)[2709]" classname="fr.eseo.e3.poo.projet.blox.modele.pieces.ElementTest" time="0.0"/>
  <testcase name="testEqualNonEgalite(Element, Element)[2710]" classname="fr.eseo.e3.poo.projet.blox.modele.pieces.ElementTest" time="0.0"/>
  <testcase name="testEqualNonEgalite(Element, Element)[2711]" classname="fr.eseo.e3.poo.projet.blox.modele.pieces.ElementTest" time="0.0"/>
  <testcase name="testEqualNonEgalite(Element, Element)[2712]" classname="fr.eseo.e3.poo.projet.blox.modele.pieces.ElementTest" time="0.001"/>
  <testcase name="testEqualNonEgalite(Element, Element)[2713]" classname="fr.eseo.e3.poo.projet.blox.modele.pieces.ElementTest" time="0.0"/>
  <testcase name="testEqualNonEgalite(Element, Element)[2714]" classname="fr.eseo.e3.poo.projet.blox.modele.pieces.ElementTest" time="0.0"/>
  <testcase name="testEqualNonEgalite(Element, Element)[2715]" classname="fr.eseo.e3.poo.projet.blox.modele.pieces.ElementTest" time="0.001"/>
  <testcase name="testEqualNonEgalite(Element, Element)[2716]" classname="fr.eseo.e3.poo.projet.blox.modele.pieces.ElementTest" time="0.0"/>
  <testcase name="testEqualNonEgalite(Element, Element)[2717]" classname="fr.eseo.e3.poo.projet.blox.modele.pieces.ElementTest" time="0.0"/>
  <testcase name="testEqualNonEgalite(Element, Element)[2718]" classname="fr.eseo.e3.poo.projet.blox.modele.pieces.ElementTest" time="0.0"/>
  <testcase name="testEqualNonEgalite(Element, Element)[2719]" classname="fr.eseo.e3.poo.projet.blox.modele.pieces.ElementTest" time="0.0"/>
  <testcase name="testEqualNonEgalite(Element, Element)[2720]" classname="fr.eseo.e3.poo.projet.blox.modele.pieces.ElementTest" time="0.0"/>
  <testcase name="testEqualNonEgalite(Element, Element)[2721]" classname="fr.eseo.e3.poo.projet.blox.modele.pieces.ElementTest" time="0.0"/>
  <testcase name="testEqualNonEgalite(Element, Element)[2722]" classname="fr.eseo.e3.poo.projet.blox.modele.pieces.ElementTest" time="0.001"/>
  <testcase name="testEqualNonEgalite(Element, Element)[2723]" classname="fr.eseo.e3.poo.projet.blox.modele.pieces.ElementTest" time="0.0"/>
  <testcase name="testEqualNonEgalite(Element, Element)[2724]" classname="fr.eseo.e3.poo.projet.blox.modele.pieces.ElementTest" time="0.0"/>
  <testcase name="testEqualNonEgalite(Element, Element)[2725]" classname="fr.eseo.e3.poo.projet.blox.modele.pieces.ElementTest" time="0.0"/>
  <testcase name="testEqualNonEgalite(Element, Element)[2726]" classname="fr.eseo.e3.poo.projet.blox.modele.pieces.ElementTest" time="0.001"/>
  <testcase name="testEqualNonEgalite(Element, Element)[2727]" classname="fr.eseo.e3.poo.projet.blox.modele.pieces.ElementTest" time="0.0"/>
  <testcase name="testEqualNonEgalite(Element, Element)[2728]" classname="fr.eseo.e3.poo.projet.blox.modele.pieces.ElementTest" time="0.0"/>
  <testcase name="testEqualNonEgalite(Element, Element)[2729]" classname="fr.eseo.e3.poo.projet.blox.modele.pieces.ElementTest" time="0.0"/>
  <testcase name="testEqualNonEgalite(Element, Element)[2730]" classname="fr.eseo.e3.poo.projet.blox.modele.pieces.ElementTest" time="0.0"/>
  <testcase name="testEqualNonEgalite(Element, Element)[2731]" classname="fr.eseo.e3.poo.projet.blox.modele.pieces.ElementTest" time="0.0"/>
  <testcase name="testEqualNonEgalite(Element, Element)[2732]" classname="fr.eseo.e3.poo.projet.blox.modele.pieces.ElementTest" time="0.0"/>
  <testcase name="testEqualNonEgalite(Element, Element)[2733]" classname="fr.eseo.e3.poo.projet.blox.modele.pieces.ElementTest" time="0.001"/>
  <testcase name="testEqualNonEgalite(Element, Element)[2734]" classname="fr.eseo.e3.poo.projet.blox.modele.pieces.ElementTest" time="0.0"/>
  <testcase name="testEqualNonEgalite(Element, Element)[2735]" classname="fr.eseo.e3.poo.projet.blox.modele.pieces.ElementTest" time="0.0"/>
  <testcase name="testEqualNonEgalite(Element, Element)[2736]" classname="fr.eseo.e3.poo.projet.blox.modele.pieces.ElementTest" time="0.0"/>
  <testcase name="testEqualNonEgalite(Element, Element)[2737]" classname="fr.eseo.e3.poo.projet.blox.modele.pieces.ElementTest" time="0.0"/>
  <testcase name="testEqualNonEgalite(Element, Element)[2738]" classname="fr.eseo.e3.poo.projet.blox.modele.pieces.ElementTest" time="0.0"/>
  <testcase name="testEqualNonEgalite(Element, Element)[2739]" classname="fr.eseo.e3.poo.projet.blox.modele.pieces.ElementTest" time="0.0"/>
  <testcase name="testEqualNonEgalite(Element, Element)[2740]" classname="fr.eseo.e3.poo.projet.blox.modele.pieces.ElementTest" time="0.0"/>
  <testcase name="testEqualNonEgalite(Element, Element)[2741]" classname="fr.eseo.e3.poo.projet.blox.modele.pieces.ElementTest" time="0.0"/>
  <testcase name="testEqualNonEgalite(Element, Element)[2742]" classname="fr.eseo.e3.poo.projet.blox.modele.pieces.ElementTest" time="0.0"/>
  <testcase name="testEqualNonEgalite(Element, Element)[2743]" classname="fr.eseo.e3.poo.projet.blox.modele.pieces.ElementTest" time="0.0"/>
  <testcase name="testEqualNonEgalite(Element, Element)[2744]" classname="fr.eseo.e3.poo.projet.blox.modele.pieces.ElementTest" time="0.0"/>
  <testcase name="testEqualNonEgalite(Element, Element)[2745]" classname="fr.eseo.e3.poo.projet.blox.modele.pieces.ElementTest" time="0.0"/>
  <testcase name="testEqualNonEgalite(Element, Element)[2746]" classname="fr.eseo.e3.poo.projet.blox.modele.pieces.ElementTest" time="0.0"/>
  <testcase name="testEqualNonEgalite(Element, Element)[2747]" classname="fr.eseo.e3.poo.projet.blox.modele.pieces.ElementTest" time="0.0"/>
  <testcase name="testEqualNonEgalite(Element, Element)[2748]" classname="fr.eseo.e3.poo.projet.blox.modele.pieces.ElementTest" time="0.0"/>
  <testcase name="testEqualNonEgalite(Element, Element)[2749]" classname="fr.eseo.e3.poo.projet.blox.modele.pieces.ElementTest" time="0.0"/>
  <testcase name="testEqualNonEgalite(Element, Element)[2750]" classname="fr.eseo.e3.poo.projet.blox.modele.pieces.ElementTest" time="0.0"/>
  <testcase name="testEqualNonEgalite(Element, Element)[2751]" classname="fr.eseo.e3.poo.projet.blox.modele.pieces.ElementTest" time="0.0"/>
  <testcase name="testEqualNonEgalite(Element, Element)[2752]" classname="fr.eseo.e3.poo.projet.blox.modele.pieces.ElementTest" time="0.0"/>
  <testcase name="testEqualNonEgalite(Element, Element)[2753]" classname="fr.eseo.e3.poo.projet.blox.modele.pieces.ElementTest" time="0.0"/>
  <testcase name="testEqualNonEgalite(Element, Element)[2754]" classname="fr.eseo.e3.poo.projet.blox.modele.pieces.ElementTest" time="0.0"/>
  <testcase name="testEqualNonEgalite(Element, Element)[2755]" classname="fr.eseo.e3.poo.projet.blox.modele.pieces.ElementTest" time="0.0"/>
  <testcase name="testEqualNonEgalite(Element, Element)[2756]" classname="fr.eseo.e3.poo.projet.blox.modele.pieces.ElementTest" time="0.0"/>
  <testcase name="testEqualNonEgalite(Element, Element)[2757]" classname="fr.eseo.e3.poo.projet.blox.modele.pieces.ElementTest" time="0.0"/>
  <testcase name="testEqualNonEgalite(Element, Element)[2758]" classname="fr.eseo.e3.poo.projet.blox.modele.pieces.ElementTest" time="0.0"/>
  <testcase name="testEqualNonEgalite(Element, Element)[2759]" classname="fr.eseo.e3.poo.projet.blox.modele.pieces.ElementTest" time="0.0"/>
  <testcase name="testEqualNonEgalite(Element, Element)[2760]" classname="fr.eseo.e3.poo.projet.blox.modele.pieces.ElementTest" time="0.0"/>
  <testcase name="testEqualNonEgalite(Element, Element)[2761]" classname="fr.eseo.e3.poo.projet.blox.modele.pieces.ElementTest" time="0.0"/>
  <testcase name="testEqualNonEgalite(Element, Element)[2762]" classname="fr.eseo.e3.poo.projet.blox.modele.pieces.ElementTest" time="0.0"/>
  <testcase name="testEqualNonEgalite(Element, Element)[2763]" classname="fr.eseo.e3.poo.projet.blox.modele.pieces.ElementTest" time="0.0"/>
  <testcase name="testEqualNonEgalite(Element, Element)[2764]" classname="fr.eseo.e3.poo.projet.blox.modele.pieces.ElementTest" time="0.0"/>
  <testcase name="testEqualNonEgalite(Element, Element)[2765]" classname="fr.eseo.e3.poo.projet.blox.modele.pieces.ElementTest" time="0.0"/>
  <testcase name="testEqualNonEgalite(Element, Element)[2766]" classname="fr.eseo.e3.poo.projet.blox.modele.pieces.ElementTest" time="0.0"/>
  <testcase name="testEqualNonEgalite(Element, Element)[2767]" classname="fr.eseo.e3.poo.projet.blox.modele.pieces.ElementTest" time="0.001"/>
  <testcase name="testEqualNonEgalite(Element, Element)[2768]" classname="fr.eseo.e3.poo.projet.blox.modele.pieces.ElementTest" time="0.0"/>
  <testcase name="testEqualNonEgalite(Element, Element)[2769]" classname="fr.eseo.e3.poo.projet.blox.modele.pieces.ElementTest" time="0.0"/>
  <testcase name="testEqualNonEgalite(Element, Element)[2770]" classname="fr.eseo.e3.poo.projet.blox.modele.pieces.ElementTest" time="0.0"/>
  <testcase name="testEqualNonEgalite(Element, Element)[2771]" classname="fr.eseo.e3.poo.projet.blox.modele.pieces.ElementTest" time="0.0"/>
  <testcase name="testEqualNonEgalite(Element, Element)[2772]" classname="fr.eseo.e3.poo.projet.blox.modele.pieces.ElementTest" time="0.0"/>
  <testcase name="testEqualNonEgalite(Element, Element)[2773]" classname="fr.eseo.e3.poo.projet.blox.modele.pieces.ElementTest" time="0.0"/>
  <testcase name="testEqualNonEgalite(Element, Element)[2774]" classname="fr.eseo.e3.poo.projet.blox.modele.pieces.ElementTest" time="0.0"/>
  <testcase name="testEqualNonEgalite(Element, Element)[2775]" classname="fr.eseo.e3.poo.projet.blox.modele.pieces.ElementTest" time="0.0"/>
  <testcase name="testEqualNonEgalite(Element, Element)[2776]" classname="fr.eseo.e3.poo.projet.blox.modele.pieces.ElementTest" time="0.0"/>
  <testcase name="testEqualNonEgalite(Element, Element)[2777]" classname="fr.eseo.e3.poo.projet.blox.modele.pieces.ElementTest" time="0.0"/>
  <testcase name="testEqualNonEgalite(Element, Element)[2778]" classname="fr.eseo.e3.poo.projet.blox.modele.pieces.ElementTest" time="0.0"/>
  <testcase name="testEqualNonEgalite(Element, Element)[2779]" classname="fr.eseo.e3.poo.projet.blox.modele.pieces.ElementTest" time="0.001"/>
  <testcase name="testEqualNonEgalite(Element, Element)[2780]" classname="fr.eseo.e3.poo.projet.blox.modele.pieces.ElementTest" time="0.0"/>
  <testcase name="testEqualNonEgalite(Element, Element)[2781]" classname="fr.eseo.e3.poo.projet.blox.modele.pieces.ElementTest" time="0.0"/>
  <testcase name="testEqualNonEgalite(Element, Element)[2782]" classname="fr.eseo.e3.poo.projet.blox.modele.pieces.ElementTest" time="0.0"/>
  <testcase name="testEqualNonEgalite(Element, Element)[2783]" classname="fr.eseo.e3.poo.projet.blox.modele.pieces.ElementTest" time="0.001"/>
  <testcase name="testEqualNonEgalite(Element, Element)[2784]" classname="fr.eseo.e3.poo.projet.blox.modele.pieces.ElementTest" time="0.0"/>
  <testcase name="testEqualNonEgalite(Element, Element)[2785]" classname="fr.eseo.e3.poo.projet.blox.modele.pieces.ElementTest" time="0.0"/>
  <testcase name="testEqualNonEgalite(Element, Element)[2786]" classname="fr.eseo.e3.poo.projet.blox.modele.pieces.ElementTest" time="0.0"/>
  <testcase name="testEqualNonEgalite(Element, Element)[2787]" classname="fr.eseo.e3.poo.projet.blox.modele.pieces.ElementTest" time="0.0"/>
  <testcase name="testEqualNonEgalite(Element, Element)[2788]" classname="fr.eseo.e3.poo.projet.blox.modele.pieces.ElementTest" time="0.0"/>
  <testcase name="testEqualNonEgalite(Element, Element)[2789]" classname="fr.eseo.e3.poo.projet.blox.modele.pieces.ElementTest" time="0.001"/>
  <testcase name="testEqualNonEgalite(Element, Element)[2790]" classname="fr.eseo.e3.poo.projet.blox.modele.pieces.ElementTest" time="0.0"/>
  <testcase name="testEqualNonEgalite(Element, Element)[2791]" classname="fr.eseo.e3.poo.projet.blox.modele.pieces.ElementTest" time="0.001"/>
  <testcase name="testEqualNonEgalite(Element, Element)[2792]" classname="fr.eseo.e3.poo.projet.blox.modele.pieces.ElementTest" time="0.0"/>
  <testcase name="testEqualNonEgalite(Element, Element)[2793]" classname="fr.eseo.e3.poo.projet.blox.modele.pieces.ElementTest" time="0.0"/>
  <testcase name="testEqualNonEgalite(Element, Element)[2794]" classname="fr.eseo.e3.poo.projet.blox.modele.pieces.ElementTest" time="0.001"/>
  <testcase name="testEqualNonEgalite(Element, Element)[2795]" classname="fr.eseo.e3.poo.projet.blox.modele.pieces.ElementTest" time="0.0"/>
  <testcase name="testEqualNonEgalite(Element, Element)[2796]" classname="fr.eseo.e3.poo.projet.blox.modele.pieces.ElementTest" time="0.0"/>
  <testcase name="testEqualNonEgalite(Element, Element)[2797]" classname="fr.eseo.e3.poo.projet.blox.modele.pieces.ElementTest" time="0.0"/>
  <testcase name="testEqualNonEgalite(Element, Element)[2798]" classname="fr.eseo.e3.poo.projet.blox.modele.pieces.ElementTest" time="0.0"/>
  <testcase name="testEqualNonEgalite(Element, Element)[2799]" classname="fr.eseo.e3.poo.projet.blox.modele.pieces.ElementTest" time="0.0"/>
  <testcase name="testEqualNonEgalite(Element, Element)[2800]" classname="fr.eseo.e3.poo.projet.blox.modele.pieces.ElementTest" time="0.001"/>
  <testcase name="testEqualNonEgalite(Element, Element)[2801]" classname="fr.eseo.e3.poo.projet.blox.modele.pieces.ElementTest" time="0.0"/>
  <testcase name="testEqualNonEgalite(Element, Element)[2802]" classname="fr.eseo.e3.poo.projet.blox.modele.pieces.ElementTest" time="0.0"/>
  <testcase name="testEqualNonEgalite(Element, Element)[2803]" classname="fr.eseo.e3.poo.projet.blox.modele.pieces.ElementTest" time="0.0"/>
  <testcase name="testEqualNonEgalite(Element, Element)[2804]" classname="fr.eseo.e3.poo.projet.blox.modele.pieces.ElementTest" time="0.0"/>
  <testcase name="testEqualNonEgalite(Element, Element)[2805]" classname="fr.eseo.e3.poo.projet.blox.modele.pieces.ElementTest" time="0.0"/>
  <testcase name="testEqualNonEgalite(Element, Element)[2806]" classname="fr.eseo.e3.poo.projet.blox.modele.pieces.ElementTest" time="0.0"/>
  <testcase name="testEqualNonEgalite(Element, Element)[2807]" classname="fr.eseo.e3.poo.projet.blox.modele.pieces.ElementTest" time="0.0"/>
  <testcase name="testEqualNonEgalite(Element, Element)[2808]" classname="fr.eseo.e3.poo.projet.blox.modele.pieces.ElementTest" time="0.0"/>
  <testcase name="testEqualNonEgalite(Element, Element)[2809]" classname="fr.eseo.e3.poo.projet.blox.modele.pieces.ElementTest" time="0.001"/>
  <testcase name="testEqualNonEgalite(Element, Element)[2810]" classname="fr.eseo.e3.poo.projet.blox.modele.pieces.ElementTest" time="0.0"/>
  <testcase name="testEqualNonEgalite(Element, Element)[2811]" classname="fr.eseo.e3.poo.projet.blox.modele.pieces.ElementTest" time="0.0"/>
  <testcase name="testEqualNonEgalite(Element, Element)[2812]" classname="fr.eseo.e3.poo.projet.blox.modele.pieces.ElementTest" time="0.0"/>
  <testcase name="testEqualNonEgalite(Element, Element)[2813]" classname="fr.eseo.e3.poo.projet.blox.modele.pieces.ElementTest" time="0.001"/>
  <testcase name="testEqualNonEgalite(Element, Element)[2814]" classname="fr.eseo.e3.poo.projet.blox.modele.pieces.ElementTest" time="0.0"/>
  <testcase name="testEqualNonEgalite(Element, Element)[2815]" classname="fr.eseo.e3.poo.projet.blox.modele.pieces.ElementTest" time="0.0"/>
  <testcase name="testEqualNonEgalite(Element, Element)[2816]" classname="fr.eseo.e3.poo.projet.blox.modele.pieces.ElementTest" time="0.0"/>
  <testcase name="testEqualNonEgalite(Element, Element)[2817]" classname="fr.eseo.e3.poo.projet.blox.modele.pieces.ElementTest" time="0.0"/>
  <testcase name="testEqualNonEgalite(Element, Element)[2818]" classname="fr.eseo.e3.poo.projet.blox.modele.pieces.ElementTest" time="0.0"/>
  <testcase name="testEqualNonEgalite(Element, Element)[2819]" classname="fr.eseo.e3.poo.projet.blox.modele.pieces.ElementTest" time="0.0"/>
  <testcase name="testEqualNonEgalite(Element, Element)[2820]" classname="fr.eseo.e3.poo.projet.blox.modele.pieces.ElementTest" time="0.0"/>
  <testcase name="testEqualNonEgalite(Element, Element)[2821]" classname="fr.eseo.e3.poo.projet.blox.modele.pieces.ElementTest" time="0.001"/>
  <testcase name="testEqualNonEgalite(Element, Element)[2822]" classname="fr.eseo.e3.poo.projet.blox.modele.pieces.ElementTest" time="0.0"/>
  <testcase name="testEqualNonEgalite(Element, Element)[2823]" classname="fr.eseo.e3.poo.projet.blox.modele.pieces.ElementTest" time="0.0"/>
  <testcase name="testEqualNonEgalite(Element, Element)[2824]" classname="fr.eseo.e3.poo.projet.blox.modele.pieces.ElementTest" time="0.001"/>
  <testcase name="testEqualNonEgalite(Element, Element)[2825]" classname="fr.eseo.e3.poo.projet.blox.modele.pieces.ElementTest" time="0.0"/>
  <testcase name="testEqualNonEgalite(Element, Element)[2826]" classname="fr.eseo.e3.poo.projet.blox.modele.pieces.ElementTest" time="0.0"/>
  <testcase name="testEqualNonEgalite(Element, Element)[2827]" classname="fr.eseo.e3.poo.projet.blox.modele.pieces.ElementTest" time="0.0"/>
  <testcase name="testEqualNonEgalite(Element, Element)[2828]" classname="fr.eseo.e3.poo.projet.blox.modele.pieces.ElementTest" time="0.0"/>
  <testcase name="testEqualNonEgalite(Element, Element)[2829]" classname="fr.eseo.e3.poo.projet.blox.modele.pieces.ElementTest" time="0.0"/>
  <testcase name="testEqualNonEgalite(Element, Element)[2830]" classname="fr.eseo.e3.poo.projet.blox.modele.pieces.ElementTest" time="0.001"/>
  <testcase name="testEqualNonEgalite(Element, Element)[2831]" classname="fr.eseo.e3.poo.projet.blox.modele.pieces.ElementTest" time="0.0"/>
  <testcase name="testEqualNonEgalite(Element, Element)[2832]" classname="fr.eseo.e3.poo.projet.blox.modele.pieces.ElementTest" time="0.0"/>
  <testcase name="testEqualNonEgalite(Element, Element)[2833]" classname="fr.eseo.e3.poo.projet.blox.modele.pieces.ElementTest" time="0.0"/>
  <testcase name="testEqualNonEgalite(Element, Element)[2834]" classname="fr.eseo.e3.poo.projet.blox.modele.pieces.ElementTest" time="0.0"/>
  <testcase name="testEqualNonEgalite(Element, Element)[2835]" classname="fr.eseo.e3.poo.projet.blox.modele.pieces.ElementTest" time="0.001"/>
  <testcase name="testEqualNonEgalite(Element, Element)[2836]" classname="fr.eseo.e3.poo.projet.blox.modele.pieces.ElementTest" time="0.0"/>
  <testcase name="testEqualNonEgalite(Element, Element)[2837]" classname="fr.eseo.e3.poo.projet.blox.modele.pieces.ElementTest" time="0.0"/>
  <testcase name="testEqualNonEgalite(Element, Element)[2838]" classname="fr.eseo.e3.poo.projet.blox.modele.pieces.ElementTest" time="0.0"/>
  <testcase name="testEqualNonEgalite(Element, Element)[2839]" classname="fr.eseo.e3.poo.projet.blox.modele.pieces.ElementTest" time="0.0"/>
  <testcase name="testEqualNonEgalite(Element, Element)[2840]" classname="fr.eseo.e3.poo.projet.blox.modele.pieces.ElementTest" time="0.0"/>
  <testcase name="testEqualNonEgalite(Element, Element)[2841]" classname="fr.eseo.e3.poo.projet.blox.modele.pieces.ElementTest" time="0.0"/>
  <testcase name="testEqualNonEgalite(Element, Element)[2842]" classname="fr.eseo.e3.poo.projet.blox.modele.pieces.ElementTest" time="0.001"/>
  <testcase name="testEqualNonEgalite(Element, Element)[2843]" classname="fr.eseo.e3.poo.projet.blox.modele.pieces.ElementTest" time="0.0"/>
  <testcase name="testEqualNonEgalite(Element, Element)[2844]" classname="fr.eseo.e3.poo.projet.blox.modele.pieces.ElementTest" time="0.0"/>
  <testcase name="testEqualNonEgalite(Element, Element)[2845]" classname="fr.eseo.e3.poo.projet.blox.modele.pieces.ElementTest" time="0.0"/>
  <testcase name="testEqualNonEgalite(Element, Element)[2846]" classname="fr.eseo.e3.poo.projet.blox.modele.pieces.ElementTest" time="0.0"/>
  <testcase name="testEqualNonEgalite(Element, Element)[2847]" classname="fr.eseo.e3.poo.projet.blox.modele.pieces.ElementTest" time="0.001"/>
  <testcase name="testEqualNonEgalite(Element, Element)[2848]" classname="fr.eseo.e3.poo.projet.blox.modele.pieces.ElementTest" time="0.0"/>
  <testcase name="testEqualNonEgalite(Element, Element)[2849]" classname="fr.eseo.e3.poo.projet.blox.modele.pieces.ElementTest" time="0.001"/>
  <testcase name="testEqualNonEgalite(Element, Element)[2850]" classname="fr.eseo.e3.poo.projet.blox.modele.pieces.ElementTest" time="0.0"/>
  <testcase name="testEqualNonEgalite(Element, Element)[2851]" classname="fr.eseo.e3.poo.projet.blox.modele.pieces.ElementTest" time="0.0"/>
  <testcase name="testEqualNonEgalite(Element, Element)[2852]" classname="fr.eseo.e3.poo.projet.blox.modele.pieces.ElementTest" time="0.0"/>
  <testcase name="testEqualNonEgalite(Element, Element)[2853]" classname="fr.eseo.e3.poo.projet.blox.modele.pieces.ElementTest" time="0.0"/>
  <testcase name="testEqualNonEgalite(Element, Element)[2854]" classname="fr.eseo.e3.poo.projet.blox.modele.pieces.ElementTest" time="0.0"/>
  <testcase name="testEqualNonEgalite(Element, Element)[2855]" classname="fr.eseo.e3.poo.projet.blox.modele.pieces.ElementTest" time="0.0"/>
  <testcase name="testEqualNonEgalite(Element, Element)[2856]" classname="fr.eseo.e3.poo.projet.blox.modele.pieces.ElementTest" time="0.0"/>
  <testcase name="testEqualNonEgalite(Element, Element)[2857]" classname="fr.eseo.e3.poo.projet.blox.modele.pieces.ElementTest" time="0.0"/>
  <testcase name="testEqualNonEgalite(Element, Element)[2858]" classname="fr.eseo.e3.poo.projet.blox.modele.pieces.ElementTest" time="0.001"/>
  <testcase name="testEqualNonEgalite(Element, Element)[2859]" classname="fr.eseo.e3.poo.projet.blox.modele.pieces.ElementTest" time="0.0"/>
  <testcase name="testEqualNonEgalite(Element, Element)[2860]" classname="fr.eseo.e3.poo.projet.blox.modele.pieces.ElementTest" time="0.0"/>
  <testcase name="testEqualNonEgalite(Element, Element)[2861]" classname="fr.eseo.e3.poo.projet.blox.modele.pieces.ElementTest" time="0.0"/>
  <testcase name="testEqualNonEgalite(Element, Element)[2862]" classname="fr.eseo.e3.poo.projet.blox.modele.pieces.ElementTest" time="0.0"/>
  <testcase name="testEqualNonEgalite(Element, Element)[2863]" classname="fr.eseo.e3.poo.projet.blox.modele.pieces.ElementTest" time="0.0"/>
  <testcase name="testEqualNonEgalite(Element, Element)[2864]" classname="fr.eseo.e3.poo.projet.blox.modele.pieces.ElementTest" time="0.0"/>
  <testcase name="testEqualNonEgalite(Element, Element)[2865]" classname="fr.eseo.e3.poo.projet.blox.modele.pieces.ElementTest" time="0.001"/>
  <testcase name="testEqualNonEgalite(Element, Element)[2866]" classname="fr.eseo.e3.poo.projet.blox.modele.pieces.ElementTest" time="0.0"/>
  <testcase name="testEqualNonEgalite(Element, Element)[2867]" classname="fr.eseo.e3.poo.projet.blox.modele.pieces.ElementTest" time="0.0"/>
  <testcase name="testEqualNonEgalite(Element, Element)[2868]" classname="fr.eseo.e3.poo.projet.blox.modele.pieces.ElementTest" time="0.001"/>
  <testcase name="testEqualNonEgalite(Element, Element)[2869]" classname="fr.eseo.e3.poo.projet.blox.modele.pieces.ElementTest" time="0.0"/>
  <testcase name="testEqualNonEgalite(Element, Element)[2870]" classname="fr.eseo.e3.poo.projet.blox.modele.pieces.ElementTest" time="0.0"/>
  <testcase name="testEqualNonEgalite(Element, Element)[2871]" classname="fr.eseo.e3.poo.projet.blox.modele.pieces.ElementTest" time="0.0"/>
  <testcase name="testEqualNonEgalite(Element, Element)[2872]" classname="fr.eseo.e3.poo.projet.blox.modele.pieces.ElementTest" time="0.0"/>
  <testcase name="testEqualNonEgalite(Element, Element)[2873]" classname="fr.eseo.e3.poo.projet.blox.modele.pieces.ElementTest" time="0.001"/>
  <testcase name="testEqualNonEgalite(Element, Element)[2874]" classname="fr.eseo.e3.poo.projet.blox.modele.pieces.ElementTest" time="0.0"/>
  <testcase name="testEqualNonEgalite(Element, Element)[2875]" classname="fr.eseo.e3.poo.projet.blox.modele.pieces.ElementTest" time="0.0"/>
  <testcase name="testEqualNonEgalite(Element, Element)[2876]" classname="fr.eseo.e3.poo.projet.blox.modele.pieces.ElementTest" time="0.0"/>
  <testcase name="testEqualNonEgalite(Element, Element)[2877]" classname="fr.eseo.e3.poo.projet.blox.modele.pieces.ElementTest" time="0.0"/>
  <testcase name="testEqualNonEgalite(Element, Element)[2878]" classname="fr.eseo.e3.poo.projet.blox.modele.pieces.ElementTest" time="0.0"/>
  <testcase name="testEqualNonEgalite(Element, Element)[2879]" classname="fr.eseo.e3.poo.projet.blox.modele.pieces.ElementTest" time="0.0"/>
  <testcase name="testEqualNonEgalite(Element, Element)[2880]" classname="fr.eseo.e3.poo.projet.blox.modele.pieces.ElementTest" time="0.0"/>
  <testcase name="testEqualNonEgalite(Element, Element)[2881]" classname="fr.eseo.e3.poo.projet.blox.modele.pieces.ElementTest" time="0.0"/>
  <testcase name="testEqualNonEgalite(Element, Element)[2882]" classname="fr.eseo.e3.poo.projet.blox.modele.pieces.ElementTest" time="0.0"/>
  <testcase name="testEqualNonEgalite(Element, Element)[2883]" classname="fr.eseo.e3.poo.projet.blox.modele.pieces.ElementTest" time="0.001"/>
  <testcase name="testEqualNonEgalite(Element, Element)[2884]" classname="fr.eseo.e3.poo.projet.blox.modele.pieces.ElementTest" time="0.0"/>
  <testcase name="testEqualNonEgalite(Element, Element)[2885]" classname="fr.eseo.e3.poo.projet.blox.modele.pieces.ElementTest" time="0.0"/>
  <testcase name="testEqualNonEgalite(Element, Element)[2886]" classname="fr.eseo.e3.poo.projet.blox.modele.pieces.ElementTest" time="0.0"/>
  <testcase name="testEqualNonEgalite(Element, Element)[2887]" classname="fr.eseo.e3.poo.projet.blox.modele.pieces.ElementTest" time="0.0"/>
  <testcase name="testEqualNonEgalite(Element, Element)[2888]" classname="fr.eseo.e3.poo.projet.blox.modele.pieces.ElementTest" time="0.0"/>
  <testcase name="testEqualNonEgalite(Element, Element)[2889]" classname="fr.eseo.e3.poo.projet.blox.modele.pieces.ElementTest" time="0.0"/>
  <testcase name="testEqualNonEgalite(Element, Element)[2890]" classname="fr.eseo.e3.poo.projet.blox.modele.pieces.ElementTest" time="0.0"/>
  <testcase name="testEqualNonEgalite(Element, Element)[2891]" classname="fr.eseo.e3.poo.projet.blox.modele.pieces.ElementTest" time="0.0"/>
  <testcase name="testEqualNonEgalite(Element, Element)[2892]" classname="fr.eseo.e3.poo.projet.blox.modele.pieces.ElementTest" time="0.0"/>
  <testcase name="testEqualNonEgalite(Element, Element)[2893]" classname="fr.eseo.e3.poo.projet.blox.modele.pieces.ElementTest" time="0.0"/>
  <testcase name="testEqualNonEgalite(Element, Element)[2894]" classname="fr.eseo.e3.poo.projet.blox.modele.pieces.ElementTest" time="0.0"/>
  <testcase name="testEqualNonEgalite(Element, Element)[2895]" classname="fr.eseo.e3.poo.projet.blox.modele.pieces.ElementTest" time="0.0"/>
  <testcase name="testEqualNonEgalite(Element, Element)[2896]" classname="fr.eseo.e3.poo.projet.blox.modele.pieces.ElementTest" time="0.0"/>
  <testcase name="testEqualNonEgalite(Element, Element)[2897]" classname="fr.eseo.e3.poo.projet.blox.modele.pieces.ElementTest" time="0.0"/>
  <testcase name="testEqualNonEgalite(Element, Element)[2898]" classname="fr.eseo.e3.poo.projet.blox.modele.pieces.ElementTest" time="0.0"/>
  <testcase name="testEqualNonEgalite(Element, Element)[2899]" classname="fr.eseo.e3.poo.projet.blox.modele.pieces.ElementTest" time="0.0"/>
  <testcase name="testEqualNonEgalite(Element, Element)[2900]" classname="fr.eseo.e3.poo.projet.blox.modele.pieces.ElementTest" time="0.0"/>
  <testcase name="testEqualNonEgalite(Element, Element)[2901]" classname="fr.eseo.e3.poo.projet.blox.modele.pieces.ElementTest" time="0.0"/>
  <testcase name="testEqualNonEgalite(Element, Element)[2902]" classname="fr.eseo.e3.poo.projet.blox.modele.pieces.ElementTest" time="0.0"/>
  <testcase name="testEqualNonEgalite(Element, Element)[2903]" classname="fr.eseo.e3.poo.projet.blox.modele.pieces.ElementTest" time="0.001"/>
  <testcase name="testEqualNonEgalite(Element, Element)[2904]" classname="fr.eseo.e3.poo.projet.blox.modele.pieces.ElementTest" time="0.0"/>
  <testcase name="testEqualNonEgalite(Element, Element)[2905]" classname="fr.eseo.e3.poo.projet.blox.modele.pieces.ElementTest" time="0.001"/>
  <testcase name="testEqualNonEgalite(Element, Element)[2906]" classname="fr.eseo.e3.poo.projet.blox.modele.pieces.ElementTest" time="0.0"/>
  <testcase name="testEqualNonEgalite(Element, Element)[2907]" classname="fr.eseo.e3.poo.projet.blox.modele.pieces.ElementTest" time="0.0"/>
  <testcase name="testEqualNonEgalite(Element, Element)[2908]" classname="fr.eseo.e3.poo.projet.blox.modele.pieces.ElementTest" time="0.0"/>
  <testcase name="testEqualNonEgalite(Element, Element)[2909]" classname="fr.eseo.e3.poo.projet.blox.modele.pieces.ElementTest" time="0.0"/>
  <testcase name="testEqualNonEgalite(Element, Element)[2910]" classname="fr.eseo.e3.poo.projet.blox.modele.pieces.ElementTest" time="0.0"/>
  <testcase name="testEqualNonEgalite(Element, Element)[2911]" classname="fr.eseo.e3.poo.projet.blox.modele.pieces.ElementTest" time="0.0"/>
  <testcase name="testEqualNonEgalite(Element, Element)[2912]" classname="fr.eseo.e3.poo.projet.blox.modele.pieces.ElementTest" time="0.0"/>
  <testcase name="testEqualNonEgalite(Element, Element)[2913]" classname="fr.eseo.e3.poo.projet.blox.modele.pieces.ElementTest" time="0.0"/>
  <testcase name="testEqualNonEgalite(Element, Element)[2914]" classname="fr.eseo.e3.poo.projet.blox.modele.pieces.ElementTest" time="0.0"/>
  <testcase name="testEqualNonEgalite(Element, Element)[2915]" classname="fr.eseo.e3.poo.projet.blox.modele.pieces.ElementTest" time="0.0"/>
  <testcase name="testEqualNonEgalite(Element, Element)[2916]" classname="fr.eseo.e3.poo.projet.blox.modele.pieces.ElementTest" time="0.0"/>
  <testcase name="testEqualNonEgalite(Element, Element)[2917]" classname="fr.eseo.e3.poo.projet.blox.modele.pieces.ElementTest" time="0.0"/>
  <testcase name="testEqualNonEgalite(Element, Element)[2918]" classname="fr.eseo.e3.poo.projet.blox.modele.pieces.ElementTest" time="0.0"/>
  <testcase name="testEqualNonEgalite(Element, Element)[2919]" classname="fr.eseo.e3.poo.projet.blox.modele.pieces.ElementTest" time="0.0"/>
  <testcase name="testEqualNonEgalite(Element, Element)[2920]" classname="fr.eseo.e3.poo.projet.blox.modele.pieces.ElementTest" time="0.0"/>
  <testcase name="testEqualNonEgalite(Element, Element)[2921]" classname="fr.eseo.e3.poo.projet.blox.modele.pieces.ElementTest" time="0.0"/>
  <testcase name="testEqualNonEgalite(Element, Element)[2922]" classname="fr.eseo.e3.poo.projet.blox.modele.pieces.ElementTest" time="0.0"/>
  <testcase name="testEqualNonEgalite(Element, Element)[2923]" classname="fr.eseo.e3.poo.projet.blox.modele.pieces.ElementTest" time="0.0"/>
  <testcase name="testEqualNonEgalite(Element, Element)[2924]" classname="fr.eseo.e3.poo.projet.blox.modele.pieces.ElementTest" time="0.0"/>
  <testcase name="testEqualNonEgalite(Element, Element)[2925]" classname="fr.eseo.e3.poo.projet.blox.modele.pieces.ElementTest" time="0.0"/>
  <testcase name="testEqualNonEgalite(Element, Element)[2926]" classname="fr.eseo.e3.poo.projet.blox.modele.pieces.ElementTest" time="0.0"/>
  <testcase name="testEqualNonEgalite(Element, Element)[2927]" classname="fr.eseo.e3.poo.projet.blox.modele.pieces.ElementTest" time="0.0"/>
  <testcase name="testEqualNonEgalite(Element, Element)[2928]" classname="fr.eseo.e3.poo.projet.blox.modele.pieces.ElementTest" time="0.0"/>
  <testcase name="testEqualNonEgalite(Element, Element)[2929]" classname="fr.eseo.e3.poo.projet.blox.modele.pieces.ElementTest" time="0.0"/>
  <testcase name="testEqualNonEgalite(Element, Element)[2930]" classname="fr.eseo.e3.poo.projet.blox.modele.pieces.ElementTest" time="0.001"/>
  <testcase name="testEqualNonEgalite(Element, Element)[2931]" classname="fr.eseo.e3.poo.projet.blox.modele.pieces.ElementTest" time="0.0"/>
  <testcase name="testEqualNonEgalite(Element, Element)[2932]" classname="fr.eseo.e3.poo.projet.blox.modele.pieces.ElementTest" time="0.0"/>
  <testcase name="testEqualNonEgalite(Element, Element)[2933]" classname="fr.eseo.e3.poo.projet.blox.modele.pieces.ElementTest" time="0.001"/>
  <testcase name="testEqualNonEgalite(Element, Element)[2934]" classname="fr.eseo.e3.poo.projet.blox.modele.pieces.ElementTest" time="0.0"/>
  <testcase name="testEqualNonEgalite(Element, Element)[2935]" classname="fr.eseo.e3.poo.projet.blox.modele.pieces.ElementTest" time="0.0"/>
  <testcase name="testEqualNonEgalite(Element, Element)[2936]" classname="fr.eseo.e3.poo.projet.blox.modele.pieces.ElementTest" time="0.0"/>
  <testcase name="testEqualNonEgalite(Element, Element)[2937]" classname="fr.eseo.e3.poo.projet.blox.modele.pieces.ElementTest" time="0.0"/>
  <testcase name="testEqualNonEgalite(Element, Element)[2938]" classname="fr.eseo.e3.poo.projet.blox.modele.pieces.ElementTest" time="0.0"/>
  <testcase name="testEqualNonEgalite(Element, Element)[2939]" classname="fr.eseo.e3.poo.projet.blox.modele.pieces.ElementTest" time="0.0"/>
  <testcase name="testEqualNonEgalite(Element, Element)[2940]" classname="fr.eseo.e3.poo.projet.blox.modele.pieces.ElementTest" time="0.0"/>
  <testcase name="testEqualNonEgalite(Element, Element)[2941]" classname="fr.eseo.e3.poo.projet.blox.modele.pieces.ElementTest" time="0.0"/>
  <testcase name="testEqualNonEgalite(Element, Element)[2942]" classname="fr.eseo.e3.poo.projet.blox.modele.pieces.ElementTest" time="0.0"/>
  <testcase name="testEqualNonEgalite(Element, Element)[2943]" classname="fr.eseo.e3.poo.projet.blox.modele.pieces.ElementTest" time="0.0"/>
  <testcase name="testEqualNonEgalite(Element, Element)[2944]" classname="fr.eseo.e3.poo.projet.blox.modele.pieces.ElementTest" time="0.001"/>
  <testcase name="testEqualNonEgalite(Element, Element)[2945]" classname="fr.eseo.e3.poo.projet.blox.modele.pieces.ElementTest" time="0.0"/>
  <testcase name="testEqualNonEgalite(Element, Element)[2946]" classname="fr.eseo.e3.poo.projet.blox.modele.pieces.ElementTest" time="0.0"/>
  <testcase name="testEqualNonEgalite(Element, Element)[2947]" classname="fr.eseo.e3.poo.projet.blox.modele.pieces.ElementTest" time="0.0"/>
  <testcase name="testEqualNonEgalite(Element, Element)[2948]" classname="fr.eseo.e3.poo.projet.blox.modele.pieces.ElementTest" time="0.001"/>
  <testcase name="testEqualNonEgalite(Element, Element)[2949]" classname="fr.eseo.e3.poo.projet.blox.modele.pieces.ElementTest" time="0.0"/>
  <testcase name="testEqualNonEgalite(Element, Element)[2950]" classname="fr.eseo.e3.poo.projet.blox.modele.pieces.ElementTest" time="0.0"/>
  <testcase name="testHashCodeConstant" classname="fr.eseo.e3.poo.projet.blox.modele.pieces.ElementTest" time="0.001"/>
  <testcase name="testDeplacerDe(int, int)[1]" classname="fr.eseo.e3.poo.projet.blox.modele.pieces.ElementTest" time="0.001"/>
  <testcase name="testDeplacerDe(int, int)[2]" classname="fr.eseo.e3.poo.projet.blox.modele.pieces.ElementTest" time="0.0"/>
  <testcase name="testDeplacerDe(int, int)[3]" classname="fr.eseo.e3.poo.projet.blox.modele.pieces.ElementTest" time="0.0"/>
  <testcase name="testDeplacerDe(int, int)[4]" classname="fr.eseo.e3.poo.projet.blox.modele.pieces.ElementTest" time="0.0"/>
  <testcase name="testDeplacerDe(int, int)[5]" classname="fr.eseo.e3.poo.projet.blox.modele.pieces.ElementTest" time="0.0"/>
  <testcase name="testDeplacerDe(int, int)[6]" classname="fr.eseo.e3.poo.projet.blox.modele.pieces.ElementTest" time="0.001"/>
  <testcase name="testConstructeurIntIntCouleur" classname="fr.eseo.e3.poo.projet.blox.modele.pieces.ElementTest" time="0.0"/>
  <testcase name="testEqualTransitivite" classname="fr.eseo.e3.poo.projet.blox.modele.pieces.ElementTest" time="0.001"/>
  <testcase name="testConstructeurIntInt_DefCouleur" classname="fr.eseo.e3.poo.projet.blox.modele.pieces.ElementTest" time="0.0"/>
</testsuite>